[0.090s] Invoking command in '/home/andrey/Documents/workspace/build/examples_rclcpp_multithreaded_executor': CMAKE_PREFIX_PATH=/opt/ros/iron /usr/bin/cmake /home/andrey/Documents/workspace/src/examples/rclcpp/executors/multithreaded_executor -DAMENT_CMAKE_SYMLINK_INSTALL=1 -DCMAKE_INSTALL_PREFIX=/home/andrey/Documents/workspace/install/examples_rclcpp_multithreaded_executor
[2.225s] -- The C compiler identification is GNU 11.4.0
[2.225s] -- The CXX compiler identification is GNU 11.4.0
[2.225s] -- Detecting C compiler ABI info
[2.225s] -- Detecting C compiler ABI info - done
[2.225s] -- Check for working C compiler: /usr/bin/cc - skipped
[2.225s] -- Detecting C compile features
[2.225s] -- Detecting C compile features - done
[2.225s] -- Detecting CXX compiler ABI info
[2.225s] -- Detecting CXX compiler ABI info - done
[2.225s] -- Check for working CXX compiler: /usr/bin/c++ - skipped
[2.225s] -- Detecting CXX compile features
[2.225s] -- Detecting CXX compile features - done
[2.226s] -- Found ament_cmake: 2.0.3 (/opt/ros/iron/share/ament_cmake/cmake)
[2.226s] -- Found Python3: /usr/bin/python3.10 (found version "3.10.12") found components: Interpreter 
[2.226s] -- Override CMake install command with custom implementation using symlinks instead of copying resources
[2.226s] -- Found rclcpp: 21.0.4 (/opt/ros/iron/share/rclcpp/cmake)
[2.226s] -- Found rosidl_generator_c: 4.0.1 (/opt/ros/iron/share/rosidl_generator_c/cmake)
[2.226s] -- Found rosidl_generator_cpp: 4.0.1 (/opt/ros/iron/share/rosidl_generator_cpp/cmake)
[2.226s] -- Using all available rosidl_typesupport_c: rosidl_typesupport_fastrtps_c;rosidl_typesupport_introspection_c
[2.226s] -- Using all available rosidl_typesupport_cpp: rosidl_typesupport_fastrtps_cpp;rosidl_typesupport_introspection_cpp
[2.226s] -- Found rmw_implementation_cmake: 7.1.0 (/opt/ros/iron/share/rmw_implementation_cmake/cmake)
[2.226s] -- Found rmw_fastrtps_cpp: 7.1.2 (/opt/ros/iron/share/rmw_fastrtps_cpp/cmake)
[2.226s] -- Found OpenSSL: /usr/lib/x86_64-linux-gnu/libcrypto.so (found version "3.0.2")  
[2.226s] -- Found FastRTPS: /opt/ros/iron/include  
[2.226s] -- Using RMW implementation 'rmw_fastrtps_cpp' as default
[2.227s] -- Found std_msgs: 5.0.0 (/opt/ros/iron/share/std_msgs/cmake)
[2.227s] -- Found ament_lint_auto: 0.14.2 (/opt/ros/iron/share/ament_lint_auto/cmake)
[2.227s] -- Added test 'copyright' to check source files copyright and LICENSE
[2.227s] -- Added test 'cppcheck' to perform static code analysis on C / C++ code
[2.227s] -- Configured cppcheck include dirs: 
[2.227s] -- Configured cppcheck exclude dirs and/or files: 
[2.227s] -- Added test 'cpplint' to check C / C++ code against the Google style
[2.227s] -- Configured cpplint exclude dirs and/or files: 
[2.227s] -- Added test 'lint_cmake' to check CMake code style
[2.227s] -- Added test 'uncrustify' to check C / C++ code style
[2.227s] -- Configured uncrustify additional arguments: 
[2.227s] -- Added test 'xmllint' to check XML markup files
[2.228s] -- Configuring done
[2.228s] -- Generating done
[2.228s] -- Build files have been written to: /home/andrey/Documents/workspace/build/examples_rclcpp_multithreaded_executor
[2.233s] Invoked command in '/home/andrey/Documents/workspace/build/examples_rclcpp_multithreaded_executor' returned '0': CMAKE_PREFIX_PATH=/opt/ros/iron /usr/bin/cmake /home/andrey/Documents/workspace/src/examples/rclcpp/executors/multithreaded_executor -DAMENT_CMAKE_SYMLINK_INSTALL=1 -DCMAKE_INSTALL_PREFIX=/home/andrey/Documents/workspace/install/examples_rclcpp_multithreaded_executor
[2.233s] Invoking command in '/home/andrey/Documents/workspace/build/examples_rclcpp_multithreaded_executor': CMAKE_PREFIX_PATH=/opt/ros/iron /usr/bin/cmake --build /home/andrey/Documents/workspace/build/examples_rclcpp_multithreaded_executor -- -j12 -l12
[2.402s] [ 50%] [32mBuilding CXX object CMakeFiles/multithreaded_executor.dir/multithreaded_executor.cpp.o[0m
[38.289s] [100%] [32m[1mLinking CXX executable multithreaded_executor[0m
[39.352s] [100%] Built target multithreaded_executor
[40.077s] Invoked command in '/home/andrey/Documents/workspace/build/examples_rclcpp_multithreaded_executor' returned '0': CMAKE_PREFIX_PATH=/opt/ros/iron /usr/bin/cmake --build /home/andrey/Documents/workspace/build/examples_rclcpp_multithreaded_executor -- -j12 -l12
[40.627s] Invoking command in '/home/andrey/Documents/workspace/build/examples_rclcpp_multithreaded_executor': CMAKE_PREFIX_PATH=/opt/ros/iron /usr/bin/cmake --install /home/andrey/Documents/workspace/build/examples_rclcpp_multithreaded_executor
[40.822s] -- Install configuration: ""
[40.831s] -- Execute custom install script
[40.831s] -- Symlinking: /home/andrey/Documents/workspace/install/examples_rclcpp_multithreaded_executor/lib/examples_rclcpp_multithreaded_executor/multithreaded_executor
[40.831s] -- Symlinking: /home/andrey/Documents/workspace/install/examples_rclcpp_multithreaded_executor/share/ament_index/resource_index/package_run_dependencies/examples_rclcpp_multithreaded_executor
[40.831s] -- Symlinking: /home/andrey/Documents/workspace/install/examples_rclcpp_multithreaded_executor/share/ament_index/resource_index/parent_prefix_path/examples_rclcpp_multithreaded_executor
[40.831s] -- Symlinking: /home/andrey/Documents/workspace/install/examples_rclcpp_multithreaded_executor/share/examples_rclcpp_multithreaded_executor/environment/ament_prefix_path.sh
[40.831s] -- Symlinking: /home/andrey/Documents/workspace/install/examples_rclcpp_multithreaded_executor/share/examples_rclcpp_multithreaded_executor/environment/ament_prefix_path.dsv
[40.832s] -- Symlinking: /home/andrey/Documents/workspace/install/examples_rclcpp_multithreaded_executor/share/examples_rclcpp_multithreaded_executor/environment/path.sh
[40.832s] -- Symlinking: /home/andrey/Documents/workspace/install/examples_rclcpp_multithreaded_executor/share/examples_rclcpp_multithreaded_executor/environment/path.dsv
[40.832s] -- Symlinking: /home/andrey/Documents/workspace/install/examples_rclcpp_multithreaded_executor/share/examples_rclcpp_multithreaded_executor/local_setup.bash
[40.832s] -- Symlinking: /home/andrey/Documents/workspace/install/examples_rclcpp_multithreaded_executor/share/examples_rclcpp_multithreaded_executor/local_setup.sh
[40.832s] -- Symlinking: /home/andrey/Documents/workspace/install/examples_rclcpp_multithreaded_executor/share/examples_rclcpp_multithreaded_executor/local_setup.zsh
[40.832s] -- Symlinking: /home/andrey/Documents/workspace/install/examples_rclcpp_multithreaded_executor/share/examples_rclcpp_multithreaded_executor/local_setup.dsv
[40.832s] -- Symlinking: /home/andrey/Documents/workspace/install/examples_rclcpp_multithreaded_executor/share/examples_rclcpp_multithreaded_executor/package.dsv
[40.832s] -- Symlinking: /home/andrey/Documents/workspace/install/examples_rclcpp_multithreaded_executor/share/ament_index/resource_index/packages/examples_rclcpp_multithreaded_executor
[40.833s] -- Symlinking: /home/andrey/Documents/workspace/install/examples_rclcpp_multithreaded_executor/share/examples_rclcpp_multithreaded_executor/cmake/examples_rclcpp_multithreaded_executorConfig.cmake
[40.837s] -- Symlinking: /home/andrey/Documents/workspace/install/examples_rclcpp_multithreaded_executor/share/examples_rclcpp_multithreaded_executor/cmake/examples_rclcpp_multithreaded_executorConfig-version.cmake
[40.851s] -- Symlinking: /home/andrey/Documents/workspace/install/examples_rclcpp_multithreaded_executor/share/examples_rclcpp_multithreaded_executor/package.xml
[41.469s] Invoked command in '/home/andrey/Documents/workspace/build/examples_rclcpp_multithreaded_executor' returned '0': CMAKE_PREFIX_PATH=/opt/ros/iron /usr/bin/cmake --install /home/andrey/Documents/workspace/build/examples_rclcpp_multithreaded_executor
