[0.522s] Invoking command in '/home/andrey/Documents/workspace/src/my_package': PYTHONPATH=/home/andrey/Documents/workspace/build/my_package/prefix_override:/home/andrey/Documents/workspace/install/my_package/lib/python3.10/site-packages:${PYTHONPATH} /usr/bin/python3 setup.py egg_info --egg-base ../../build/my_package build --build-base /home/andrey/Documents/workspace/build/my_package/build install --record /home/andrey/Documents/workspace/build/my_package/install.log --single-version-externally-managed
[0.697s] running egg_info
[0.697s] creating ../../build/my_package/my_package.egg-info
[0.697s] writing ../../build/my_package/my_package.egg-info/PKG-INFO
[0.697s] writing dependency_links to ../../build/my_package/my_package.egg-info/dependency_links.txt
[0.697s] writing entry points to ../../build/my_package/my_package.egg-info/entry_points.txt
[0.697s] writing requirements to ../../build/my_package/my_package.egg-info/requires.txt
[0.697s] writing top-level names to ../../build/my_package/my_package.egg-info/top_level.txt
[0.698s] writing manifest file '../../build/my_package/my_package.egg-info/SOURCES.txt'
[0.699s] reading manifest file '../../build/my_package/my_package.egg-info/SOURCES.txt'
[0.699s] adding license file 'LICENSE'
[0.699s] writing manifest file '../../build/my_package/my_package.egg-info/SOURCES.txt'
[0.699s] running build
[0.699s] running build_py
[0.700s] creating /home/andrey/Documents/workspace/build/my_package/build
[0.700s] creating /home/andrey/Documents/workspace/build/my_package/build/lib
[0.700s] creating /home/andrey/Documents/workspace/build/my_package/build/lib/my_package
[0.700s] copying my_package/__init__.py -> /home/andrey/Documents/workspace/build/my_package/build/lib/my_package
[0.700s] copying my_package/my_node.py -> /home/andrey/Documents/workspace/build/my_package/build/lib/my_package
[0.700s] running install
[0.700s] /usr/lib/python3/dist-packages/setuptools/command/install.py:34: SetuptoolsDeprecationWarning: setup.py install is deprecated. Use build and pip and other standards-based tools.
[0.700s]   warnings.warn(
[0.700s] running install_lib
[0.701s] creating /home/andrey/Documents/workspace/install/my_package/lib/python3.10/site-packages/my_package
[0.701s] copying /home/andrey/Documents/workspace/build/my_package/build/lib/my_package/__init__.py -> /home/andrey/Documents/workspace/install/my_package/lib/python3.10/site-packages/my_package
[0.701s] copying /home/andrey/Documents/workspace/build/my_package/build/lib/my_package/my_node.py -> /home/andrey/Documents/workspace/install/my_package/lib/python3.10/site-packages/my_package
[0.701s] byte-compiling /home/andrey/Documents/workspace/install/my_package/lib/python3.10/site-packages/my_package/__init__.py to __init__.cpython-310.pyc
[0.701s] byte-compiling /home/andrey/Documents/workspace/install/my_package/lib/python3.10/site-packages/my_package/my_node.py to my_node.cpython-310.pyc
[0.701s] running install_data
[0.702s] creating /home/andrey/Documents/workspace/install/my_package/share/ament_index
[0.702s] creating /home/andrey/Documents/workspace/install/my_package/share/ament_index/resource_index
[0.702s] creating /home/andrey/Documents/workspace/install/my_package/share/ament_index/resource_index/packages
[0.702s] copying resource/my_package -> /home/andrey/Documents/workspace/install/my_package/share/ament_index/resource_index/packages
[0.702s] copying package.xml -> /home/andrey/Documents/workspace/install/my_package/share/my_package
[0.702s] running install_egg_info
[0.703s] Copying ../../build/my_package/my_package.egg-info to /home/andrey/Documents/workspace/install/my_package/lib/python3.10/site-packages/my_package-0.0.0-py3.10.egg-info
[0.704s] running install_scripts
[0.718s] Installing my_node script to /home/andrey/Documents/workspace/install/my_package/lib/my_package
[0.719s] writing list of installed files to '/home/andrey/Documents/workspace/build/my_package/install.log'
[0.750s] Invoked command in '/home/andrey/Documents/workspace/src/my_package' returned '0': PYTHONPATH=/home/andrey/Documents/workspace/build/my_package/prefix_override:/home/andrey/Documents/workspace/install/my_package/lib/python3.10/site-packages:${PYTHONPATH} /usr/bin/python3 setup.py egg_info --egg-base ../../build/my_package build --build-base /home/andrey/Documents/workspace/build/my_package/build install --record /home/andrey/Documents/workspace/build/my_package/install.log --single-version-externally-managed
