[0.401s] Invoking command in '/home/andrey/Documents/workspace/build/examples_rclcpp_cbg_executor': CMAKE_PREFIX_PATH=/opt/ros/iron /usr/bin/cmake /home/andrey/Documents/workspace/src/examples/rclcpp/executors/cbg_executor -DCMAKE_INSTALL_PREFIX=/home/andrey/Documents/workspace/install/examples_rclcpp_cbg_executor
[0.423s] -- Found ament_cmake: 2.0.3 (/opt/ros/iron/share/ament_cmake/cmake)
[0.605s] -- Override CMake install command with custom implementation using symlinks instead of copying resources
[0.627s] -- Found rclcpp: 21.0.4 (/opt/ros/iron/share/rclcpp/cmake)
[0.651s] -- Found rosidl_generator_c: 4.0.1 (/opt/ros/iron/share/rosidl_generator_c/cmake)
[0.662s] -- Found rosidl_generator_cpp: 4.0.1 (/opt/ros/iron/share/rosidl_generator_cpp/cmake)
[0.678s] -- Using all available rosidl_typesupport_c: rosidl_typesupport_fastrtps_c;rosidl_typesupport_introspection_c
[0.699s] -- Using all available rosidl_typesupport_cpp: rosidl_typesupport_fastrtps_cpp;rosidl_typesupport_introspection_cpp
[0.916s] -- Found rmw_implementation_cmake: 7.1.0 (/opt/ros/iron/share/rmw_implementation_cmake/cmake)
[0.918s] -- Found rmw_fastrtps_cpp: 7.1.2 (/opt/ros/iron/share/rmw_fastrtps_cpp/cmake)
[1.129s] -- Using RMW implementation 'rmw_fastrtps_cpp' as default
[1.355s] -- Found std_msgs: 5.0.0 (/opt/ros/iron/share/std_msgs/cmake)
[1.418s] -- Found ament_lint_auto: 0.14.2 (/opt/ros/iron/share/ament_lint_auto/cmake)
[1.527s] -- Added test 'copyright' to check source files copyright and LICENSE
[1.530s] -- Added test 'cppcheck' to perform static code analysis on C / C++ code
[1.531s] -- Configured cppcheck include dirs: /home/andrey/Documents/workspace/src/examples/rclcpp/executors/cbg_executor/include
[1.531s] -- Configured cppcheck exclude dirs and/or files: 
[1.534s] -- Added test 'cpplint' to check C / C++ code against the Google style
[1.534s] -- Configured cpplint exclude dirs and/or files: 
[1.536s] -- Added test 'lint_cmake' to check CMake code style
[1.540s] -- Added test 'uncrustify' to check C / C++ code style
[1.540s] -- Configured uncrustify additional arguments: 
[1.541s] -- Added test 'xmllint' to check XML markup files
[1.551s] -- Configuring done
[1.591s] -- Generating done
[1.593s] -- Build files have been written to: /home/andrey/Documents/workspace/build/examples_rclcpp_cbg_executor
[1.609s] Invoked command in '/home/andrey/Documents/workspace/build/examples_rclcpp_cbg_executor' returned '0': CMAKE_PREFIX_PATH=/opt/ros/iron /usr/bin/cmake /home/andrey/Documents/workspace/src/examples/rclcpp/executors/cbg_executor -DCMAKE_INSTALL_PREFIX=/home/andrey/Documents/workspace/install/examples_rclcpp_cbg_executor
[1.610s] Invoking command in '/home/andrey/Documents/workspace/build/examples_rclcpp_cbg_executor': CMAKE_PREFIX_PATH=/opt/ros/iron /usr/bin/cmake --build /home/andrey/Documents/workspace/build/examples_rclcpp_cbg_executor -- -j12 -l12
[1.715s] [35m[1mConsolidate compiler generated dependencies of target ping[0m
[1.730s] [35m[1mConsolidate compiler generated dependencies of target pong[0m
[1.730s] [35m[1mConsolidate compiler generated dependencies of target ping_pong[0m
[1.733s] [ 30%] Built target ping
[1.762s] [ 60%] Built target pong
[1.797s] [100%] Built target ping_pong
[1.827s] Invoked command in '/home/andrey/Documents/workspace/build/examples_rclcpp_cbg_executor' returned '0': CMAKE_PREFIX_PATH=/opt/ros/iron /usr/bin/cmake --build /home/andrey/Documents/workspace/build/examples_rclcpp_cbg_executor -- -j12 -l12
[1.993s] Invoking command in '/home/andrey/Documents/workspace/build/examples_rclcpp_cbg_executor': CMAKE_PREFIX_PATH=/opt/ros/iron /usr/bin/cmake --install /home/andrey/Documents/workspace/build/examples_rclcpp_cbg_executor
[2.033s] -- Install configuration: ""
[2.034s] -- Execute custom install script
[2.034s] -- Up-to-date symlink: /home/andrey/Documents/workspace/install/examples_rclcpp_cbg_executor/lib/examples_rclcpp_cbg_executor/ping
[2.034s] -- Up-to-date symlink: /home/andrey/Documents/workspace/install/examples_rclcpp_cbg_executor/lib/examples_rclcpp_cbg_executor/pong
[2.034s] -- Up-to-date symlink: /home/andrey/Documents/workspace/install/examples_rclcpp_cbg_executor/lib/examples_rclcpp_cbg_executor/ping_pong
[2.034s] -- Up-to-date symlink: /home/andrey/Documents/workspace/install/examples_rclcpp_cbg_executor/include/examples_rclcpp_cbg_executor/ping_node.hpp
[2.034s] -- Up-to-date symlink: /home/andrey/Documents/workspace/install/examples_rclcpp_cbg_executor/include/examples_rclcpp_cbg_executor/pong_node.hpp
[2.034s] -- Up-to-date symlink: /home/andrey/Documents/workspace/install/examples_rclcpp_cbg_executor/share/ament_index/resource_index/package_run_dependencies/examples_rclcpp_cbg_executor
[2.034s] -- Up-to-date symlink: /home/andrey/Documents/workspace/install/examples_rclcpp_cbg_executor/share/ament_index/resource_index/parent_prefix_path/examples_rclcpp_cbg_executor
[2.034s] -- Up-to-date symlink: /home/andrey/Documents/workspace/install/examples_rclcpp_cbg_executor/share/examples_rclcpp_cbg_executor/environment/ament_prefix_path.sh
[2.035s] -- Up-to-date symlink: /home/andrey/Documents/workspace/install/examples_rclcpp_cbg_executor/share/examples_rclcpp_cbg_executor/environment/ament_prefix_path.dsv
[2.035s] -- Up-to-date symlink: /home/andrey/Documents/workspace/install/examples_rclcpp_cbg_executor/share/examples_rclcpp_cbg_executor/environment/path.sh
[2.035s] -- Up-to-date symlink: /home/andrey/Documents/workspace/install/examples_rclcpp_cbg_executor/share/examples_rclcpp_cbg_executor/environment/path.dsv
[2.035s] -- Up-to-date symlink: /home/andrey/Documents/workspace/install/examples_rclcpp_cbg_executor/share/examples_rclcpp_cbg_executor/local_setup.bash
[2.035s] -- Up-to-date symlink: /home/andrey/Documents/workspace/install/examples_rclcpp_cbg_executor/share/examples_rclcpp_cbg_executor/local_setup.sh
[2.035s] -- Up-to-date symlink: /home/andrey/Documents/workspace/install/examples_rclcpp_cbg_executor/share/examples_rclcpp_cbg_executor/local_setup.zsh
[2.036s] -- Up-to-date symlink: /home/andrey/Documents/workspace/install/examples_rclcpp_cbg_executor/share/examples_rclcpp_cbg_executor/local_setup.dsv
[2.037s] -- Symlinking: /home/andrey/Documents/workspace/install/examples_rclcpp_cbg_executor/share/examples_rclcpp_cbg_executor/package.dsv
[2.037s] -- Up-to-date symlink: /home/andrey/Documents/workspace/install/examples_rclcpp_cbg_executor/share/ament_index/resource_index/packages/examples_rclcpp_cbg_executor
[2.037s] -- Up-to-date symlink: /home/andrey/Documents/workspace/install/examples_rclcpp_cbg_executor/share/examples_rclcpp_cbg_executor/cmake/ament_cmake_export_dependencies-extras.cmake
[2.037s] -- Up-to-date symlink: /home/andrey/Documents/workspace/install/examples_rclcpp_cbg_executor/share/examples_rclcpp_cbg_executor/cmake/examples_rclcpp_cbg_executorConfig.cmake
[2.038s] -- Up-to-date symlink: /home/andrey/Documents/workspace/install/examples_rclcpp_cbg_executor/share/examples_rclcpp_cbg_executor/cmake/examples_rclcpp_cbg_executorConfig-version.cmake
[2.038s] -- Up-to-date symlink: /home/andrey/Documents/workspace/install/examples_rclcpp_cbg_executor/share/examples_rclcpp_cbg_executor/package.xml
[2.126s] Invoked command in '/home/andrey/Documents/workspace/build/examples_rclcpp_cbg_executor' returned '0': CMAKE_PREFIX_PATH=/opt/ros/iron /usr/bin/cmake --install /home/andrey/Documents/workspace/build/examples_rclcpp_cbg_executor
