[3.344s] Invoking command in '/home/andrey/Documents/workspace/build/examples_rclpy_minimal_publisher': PYTHONPATH=/home/andrey/Documents/workspace/build/examples_rclpy_minimal_publisher/prefix_override:/home/andrey/Documents/workspace/install/examples_rclpy_minimal_publisher/lib/python3.10/site-packages:${PYTHONPATH} /usr/bin/python3 setup.py develop --editable --build-directory /home/andrey/Documents/workspace/build/examples_rclpy_minimal_publisher/build --no-deps install_data
[3.590s] running develop
[3.591s] /usr/lib/python3/dist-packages/setuptools/command/easy_install.py:158: EasyInstallDeprecationWarning: easy_install command is deprecated. Use build and pip and other standards-based tools.
[3.591s]   warnings.warn(
[3.593s] /usr/lib/python3/dist-packages/setuptools/command/install.py:34: SetuptoolsDeprecationWarning: setup.py install is deprecated. Use build and pip and other standards-based tools.
[3.593s]   warnings.warn(
[3.753s] running egg_info
[3.753s] creating examples_rclpy_minimal_publisher.egg-info
[3.753s] writing examples_rclpy_minimal_publisher.egg-info/PKG-INFO
[3.753s] writing dependency_links to examples_rclpy_minimal_publisher.egg-info/dependency_links.txt
[3.754s] writing entry points to examples_rclpy_minimal_publisher.egg-info/entry_points.txt
[3.754s] writing requirements to examples_rclpy_minimal_publisher.egg-info/requires.txt
[3.754s] writing top-level names to examples_rclpy_minimal_publisher.egg-info/top_level.txt
[3.754s] writing manifest file 'examples_rclpy_minimal_publisher.egg-info/SOURCES.txt'
[3.756s] reading manifest file 'examples_rclpy_minimal_publisher.egg-info/SOURCES.txt'
[3.757s] writing manifest file 'examples_rclpy_minimal_publisher.egg-info/SOURCES.txt'
[3.758s] running build_ext
[3.758s] Creating /home/andrey/Documents/workspace/install/examples_rclpy_minimal_publisher/lib/python3.10/site-packages/examples-rclpy-minimal-publisher.egg-link (link to .)
[3.759s] Installing publisher_local_function script to /home/andrey/Documents/workspace/install/examples_rclpy_minimal_publisher/lib/examples_rclpy_minimal_publisher
[3.759s] Installing publisher_member_function script to /home/andrey/Documents/workspace/install/examples_rclpy_minimal_publisher/lib/examples_rclpy_minimal_publisher
[3.759s] Installing publisher_old_school script to /home/andrey/Documents/workspace/install/examples_rclpy_minimal_publisher/lib/examples_rclpy_minimal_publisher
[3.759s] 
[3.759s] Installed /home/andrey/Documents/workspace/build/examples_rclpy_minimal_publisher
[3.760s] running install_data
[3.760s] creating /home/andrey/Documents/workspace/install/examples_rclpy_minimal_publisher/share/ament_index
[3.760s] creating /home/andrey/Documents/workspace/install/examples_rclpy_minimal_publisher/share/ament_index/resource_index
[3.760s] creating /home/andrey/Documents/workspace/install/examples_rclpy_minimal_publisher/share/ament_index/resource_index/packages
[3.760s] copying resource/examples_rclpy_minimal_publisher -> /home/andrey/Documents/workspace/install/examples_rclpy_minimal_publisher/share/ament_index/resource_index/packages
[3.761s] copying package.xml -> /home/andrey/Documents/workspace/install/examples_rclpy_minimal_publisher/share/examples_rclpy_minimal_publisher
[4.007s] Invoked command in '/home/andrey/Documents/workspace/build/examples_rclpy_minimal_publisher' returned '0': PYTHONPATH=/home/andrey/Documents/workspace/build/examples_rclpy_minimal_publisher/prefix_override:/home/andrey/Documents/workspace/install/examples_rclpy_minimal_publisher/lib/python3.10/site-packages:${PYTHONPATH} /usr/bin/python3 setup.py develop --editable --build-directory /home/andrey/Documents/workspace/build/examples_rclpy_minimal_publisher/build --no-deps install_data
