[0.299s] Invoking command in '/home/andrey/Documents/workspace/build/examples_rclcpp_minimal_client': CMAKE_PREFIX_PATH=/opt/ros/iron /usr/bin/cmake /home/andrey/Documents/workspace/src/examples/rclcpp/services/minimal_client -DCMAKE_INSTALL_PREFIX=/home/andrey/Documents/workspace/install/examples_rclcpp_minimal_client
[0.320s] -- Found ament_cmake: 2.0.3 (/opt/ros/iron/share/ament_cmake/cmake)
[0.478s] -- Override CMake install command with custom implementation using symlinks instead of copying resources
[0.491s] -- Found example_interfaces: 0.10.2 (/opt/ros/iron/share/example_interfaces/cmake)
[0.534s] -- Found rosidl_generator_c: 4.0.1 (/opt/ros/iron/share/rosidl_generator_c/cmake)
[0.574s] -- Found rosidl_generator_cpp: 4.0.1 (/opt/ros/iron/share/rosidl_generator_cpp/cmake)
[0.590s] -- Using all available rosidl_typesupport_c: rosidl_typesupport_fastrtps_c;rosidl_typesupport_introspection_c
[0.611s] -- Using all available rosidl_typesupport_cpp: rosidl_typesupport_fastrtps_cpp;rosidl_typesupport_introspection_cpp
[0.975s] -- Found rclcpp: 21.0.4 (/opt/ros/iron/share/rclcpp/cmake)
[1.119s] -- Found rmw_implementation_cmake: 7.1.0 (/opt/ros/iron/share/rmw_implementation_cmake/cmake)
[1.121s] -- Found rmw_fastrtps_cpp: 7.1.2 (/opt/ros/iron/share/rmw_fastrtps_cpp/cmake)
[1.354s] -- Using RMW implementation 'rmw_fastrtps_cpp' as default
[1.623s] -- Found ament_lint_auto: 0.14.2 (/opt/ros/iron/share/ament_lint_auto/cmake)
[1.758s] -- Added test 'copyright' to check source files copyright and LICENSE
[1.758s] -- Added test 'cppcheck' to perform static code analysis on C / C++ code
[1.759s] -- Configured cppcheck include dirs: 
[1.759s] -- Configured cppcheck exclude dirs and/or files: 
[1.759s] -- Added test 'cpplint' to check C / C++ code against the Google style
[1.761s] -- Configured cpplint exclude dirs and/or files: 
[1.762s] -- Added test 'lint_cmake' to check CMake code style
[1.762s] -- Added test 'uncrustify' to check C / C++ code style
[1.762s] -- Configured uncrustify additional arguments: 
[1.763s] -- Added test 'xmllint' to check XML markup files
[1.766s] -- Configuring done
[1.792s] -- Generating done
[1.793s] -- Build files have been written to: /home/andrey/Documents/workspace/build/examples_rclcpp_minimal_client
[1.851s] Invoked command in '/home/andrey/Documents/workspace/build/examples_rclcpp_minimal_client' returned '0': CMAKE_PREFIX_PATH=/opt/ros/iron /usr/bin/cmake /home/andrey/Documents/workspace/src/examples/rclcpp/services/minimal_client -DCMAKE_INSTALL_PREFIX=/home/andrey/Documents/workspace/install/examples_rclcpp_minimal_client
[1.853s] Invoking command in '/home/andrey/Documents/workspace/build/examples_rclcpp_minimal_client': CMAKE_PREFIX_PATH=/opt/ros/iron /usr/bin/cmake --build /home/andrey/Documents/workspace/build/examples_rclcpp_minimal_client -- -j12 -l12
[1.921s] [35m[1mConsolidate compiler generated dependencies of target client_main[0m
[1.960s] [100%] Built target client_main
[2.078s] Invoked command in '/home/andrey/Documents/workspace/build/examples_rclcpp_minimal_client' returned '0': CMAKE_PREFIX_PATH=/opt/ros/iron /usr/bin/cmake --build /home/andrey/Documents/workspace/build/examples_rclcpp_minimal_client -- -j12 -l12
[2.371s] Invoking command in '/home/andrey/Documents/workspace/build/examples_rclcpp_minimal_client': CMAKE_PREFIX_PATH=/opt/ros/iron /usr/bin/cmake --install /home/andrey/Documents/workspace/build/examples_rclcpp_minimal_client
[2.721s] -- Install configuration: ""
[2.722s] -- Execute custom install script
[2.722s] -- Up-to-date symlink: /home/andrey/Documents/workspace/install/examples_rclcpp_minimal_client/lib/examples_rclcpp_minimal_client/client_main
[2.722s] -- Up-to-date symlink: /home/andrey/Documents/workspace/install/examples_rclcpp_minimal_client/share/ament_index/resource_index/package_run_dependencies/examples_rclcpp_minimal_client
[2.723s] -- Up-to-date symlink: /home/andrey/Documents/workspace/install/examples_rclcpp_minimal_client/share/ament_index/resource_index/parent_prefix_path/examples_rclcpp_minimal_client
[2.723s] -- Up-to-date symlink: /home/andrey/Documents/workspace/install/examples_rclcpp_minimal_client/share/examples_rclcpp_minimal_client/environment/ament_prefix_path.sh
[2.723s] -- Up-to-date symlink: /home/andrey/Documents/workspace/install/examples_rclcpp_minimal_client/share/examples_rclcpp_minimal_client/environment/ament_prefix_path.dsv
[2.723s] -- Up-to-date symlink: /home/andrey/Documents/workspace/install/examples_rclcpp_minimal_client/share/examples_rclcpp_minimal_client/environment/path.sh
[2.724s] -- Up-to-date symlink: /home/andrey/Documents/workspace/install/examples_rclcpp_minimal_client/share/examples_rclcpp_minimal_client/environment/path.dsv
[2.724s] -- Up-to-date symlink: /home/andrey/Documents/workspace/install/examples_rclcpp_minimal_client/share/examples_rclcpp_minimal_client/local_setup.bash
[2.724s] -- Up-to-date symlink: /home/andrey/Documents/workspace/install/examples_rclcpp_minimal_client/share/examples_rclcpp_minimal_client/local_setup.sh
[2.724s] -- Up-to-date symlink: /home/andrey/Documents/workspace/install/examples_rclcpp_minimal_client/share/examples_rclcpp_minimal_client/local_setup.zsh
[2.724s] -- Up-to-date symlink: /home/andrey/Documents/workspace/install/examples_rclcpp_minimal_client/share/examples_rclcpp_minimal_client/local_setup.dsv
[2.725s] -- Symlinking: /home/andrey/Documents/workspace/install/examples_rclcpp_minimal_client/share/examples_rclcpp_minimal_client/package.dsv
[2.725s] -- Up-to-date symlink: /home/andrey/Documents/workspace/install/examples_rclcpp_minimal_client/share/ament_index/resource_index/packages/examples_rclcpp_minimal_client
[2.725s] -- Up-to-date symlink: /home/andrey/Documents/workspace/install/examples_rclcpp_minimal_client/share/examples_rclcpp_minimal_client/cmake/examples_rclcpp_minimal_clientConfig.cmake
[2.725s] -- Up-to-date symlink: /home/andrey/Documents/workspace/install/examples_rclcpp_minimal_client/share/examples_rclcpp_minimal_client/cmake/examples_rclcpp_minimal_clientConfig-version.cmake
[2.726s] -- Up-to-date symlink: /home/andrey/Documents/workspace/install/examples_rclcpp_minimal_client/share/examples_rclcpp_minimal_client/package.xml
[3.109s] Invoked command in '/home/andrey/Documents/workspace/build/examples_rclcpp_minimal_client' returned '0': CMAKE_PREFIX_PATH=/opt/ros/iron /usr/bin/cmake --install /home/andrey/Documents/workspace/build/examples_rclcpp_minimal_client
