[3.918s] Invoking command in '/home/andrey/Documents/workspace/src/examples/rclpy/executors': PYTHONPATH=/home/andrey/Documents/workspace/build/examples_rclpy_executors/prefix_override:/home/andrey/Documents/workspace/install/examples_rclpy_executors/lib/python3.10/site-packages:${PYTHONPATH} /usr/bin/python3 setup.py egg_info --egg-base ../../../../build/examples_rclpy_executors build --build-base /home/andrey/Documents/workspace/build/examples_rclpy_executors/build install --record /home/andrey/Documents/workspace/build/examples_rclpy_executors/install.log --single-version-externally-managed
[4.227s] running egg_info
[4.228s] writing ../../../../build/examples_rclpy_executors/examples_rclpy_executors.egg-info/PKG-INFO
[4.228s] writing dependency_links to ../../../../build/examples_rclpy_executors/examples_rclpy_executors.egg-info/dependency_links.txt
[4.229s] writing entry points to ../../../../build/examples_rclpy_executors/examples_rclpy_executors.egg-info/entry_points.txt
[4.230s] writing requirements to ../../../../build/examples_rclpy_executors/examples_rclpy_executors.egg-info/requires.txt
[4.230s] writing top-level names to ../../../../build/examples_rclpy_executors/examples_rclpy_executors.egg-info/top_level.txt
[4.231s] reading manifest file '../../../../build/examples_rclpy_executors/examples_rclpy_executors.egg-info/SOURCES.txt'
[4.234s] writing manifest file '../../../../build/examples_rclpy_executors/examples_rclpy_executors.egg-info/SOURCES.txt'
[4.234s] running build
[4.234s] running build_py
[4.235s] running install
[4.235s] /usr/lib/python3/dist-packages/setuptools/command/install.py:34: SetuptoolsDeprecationWarning: setup.py install is deprecated. Use build and pip and other standards-based tools.
[4.235s]   warnings.warn(
[4.236s] running install_lib
[4.237s] running install_data
[4.238s] running install_egg_info
[4.240s] removing '/home/andrey/Documents/workspace/install/examples_rclpy_executors/lib/python3.10/site-packages/examples_rclpy_executors-0.18.0-py3.10.egg-info' (and everything under it)
[4.244s] Copying ../../../../build/examples_rclpy_executors/examples_rclpy_executors.egg-info to /home/andrey/Documents/workspace/install/examples_rclpy_executors/lib/python3.10/site-packages/examples_rclpy_executors-0.18.0-py3.10.egg-info
[4.244s] running install_scripts
[4.284s] Installing callback_group script to /home/andrey/Documents/workspace/install/examples_rclpy_executors/lib/examples_rclpy_executors
[4.284s] Installing composed script to /home/andrey/Documents/workspace/install/examples_rclpy_executors/lib/examples_rclpy_executors
[4.284s] Installing custom_callback_group script to /home/andrey/Documents/workspace/install/examples_rclpy_executors/lib/examples_rclpy_executors
[4.285s] Installing custom_executor script to /home/andrey/Documents/workspace/install/examples_rclpy_executors/lib/examples_rclpy_executors
[4.285s] Installing listener script to /home/andrey/Documents/workspace/install/examples_rclpy_executors/lib/examples_rclpy_executors
[4.285s] Installing talker script to /home/andrey/Documents/workspace/install/examples_rclpy_executors/lib/examples_rclpy_executors
[4.285s] writing list of installed files to '/home/andrey/Documents/workspace/build/examples_rclpy_executors/install.log'
[4.323s] Invoked command in '/home/andrey/Documents/workspace/src/examples/rclpy/executors' returned '0': PYTHONPATH=/home/andrey/Documents/workspace/build/examples_rclpy_executors/prefix_override:/home/andrey/Documents/workspace/install/examples_rclpy_executors/lib/python3.10/site-packages:${PYTHONPATH} /usr/bin/python3 setup.py egg_info --egg-base ../../../../build/examples_rclpy_executors build --build-base /home/andrey/Documents/workspace/build/examples_rclpy_executors/build install --record /home/andrey/Documents/workspace/build/examples_rclpy_executors/install.log --single-version-externally-managed
