[0.130s] Invoking command in '/home/andrey/Documents/workspace/build/examples_rclcpp_minimal_timer': CMAKE_PREFIX_PATH=/opt/ros/iron /usr/bin/cmake /home/andrey/Documents/workspace/src/examples/rclcpp/timers/minimal_timer -DCMAKE_INSTALL_PREFIX=/home/andrey/Documents/workspace/install/examples_rclcpp_minimal_timer
[1.373s] -- Found ament_cmake: 2.0.3 (/opt/ros/iron/share/ament_cmake/cmake)
[1.373s] -- Override CMake install command with custom implementation using symlinks instead of copying resources
[1.373s] -- Found rclcpp: 21.0.4 (/opt/ros/iron/share/rclcpp/cmake)
[1.373s] -- Found rosidl_generator_c: 4.0.1 (/opt/ros/iron/share/rosidl_generator_c/cmake)
[1.373s] -- Found rosidl_generator_cpp: 4.0.1 (/opt/ros/iron/share/rosidl_generator_cpp/cmake)
[1.374s] -- Using all available rosidl_typesupport_c: rosidl_typesupport_fastrtps_c;rosidl_typesupport_introspection_c
[1.374s] -- Using all available rosidl_typesupport_cpp: rosidl_typesupport_fastrtps_cpp;rosidl_typesupport_introspection_cpp
[1.374s] -- Found rmw_implementation_cmake: 7.1.0 (/opt/ros/iron/share/rmw_implementation_cmake/cmake)
[1.374s] -- Found rmw_fastrtps_cpp: 7.1.2 (/opt/ros/iron/share/rmw_fastrtps_cpp/cmake)
[1.374s] -- Using RMW implementation 'rmw_fastrtps_cpp' as default
[1.374s] -- Found ament_lint_auto: 0.14.2 (/opt/ros/iron/share/ament_lint_auto/cmake)
[1.374s] -- Added test 'copyright' to check source files copyright and LICENSE
[1.374s] -- Added test 'cppcheck' to perform static code analysis on C / C++ code
[1.374s] -- Configured cppcheck include dirs: 
[1.374s] -- Configured cppcheck exclude dirs and/or files: 
[1.375s] -- Added test 'cpplint' to check C / C++ code against the Google style
[1.375s] -- Configured cpplint exclude dirs and/or files: 
[1.375s] -- Added test 'lint_cmake' to check CMake code style
[1.375s] -- Added test 'uncrustify' to check C / C++ code style
[1.375s] -- Configured uncrustify additional arguments: 
[1.375s] -- Added test 'xmllint' to check XML markup files
[1.375s] -- Configuring done
[1.375s] -- Generating done
[1.375s] -- Build files have been written to: /home/andrey/Documents/workspace/build/examples_rclcpp_minimal_timer
[1.386s] Invoked command in '/home/andrey/Documents/workspace/build/examples_rclcpp_minimal_timer' returned '0': CMAKE_PREFIX_PATH=/opt/ros/iron /usr/bin/cmake /home/andrey/Documents/workspace/src/examples/rclcpp/timers/minimal_timer -DCMAKE_INSTALL_PREFIX=/home/andrey/Documents/workspace/install/examples_rclcpp_minimal_timer
[1.386s] Invoking command in '/home/andrey/Documents/workspace/build/examples_rclcpp_minimal_timer': CMAKE_PREFIX_PATH=/opt/ros/iron /usr/bin/cmake --build /home/andrey/Documents/workspace/build/examples_rclcpp_minimal_timer -- -j12 -l12
[1.532s] [35m[1mConsolidate compiler generated dependencies of target timer_lambda[0m
[1.532s] [35m[1mConsolidate compiler generated dependencies of target timer_member_function[0m
[1.541s] [ 50%] Built target timer_member_function
[1.544s] [100%] Built target timer_lambda
[1.569s] Invoked command in '/home/andrey/Documents/workspace/build/examples_rclcpp_minimal_timer' returned '0': CMAKE_PREFIX_PATH=/opt/ros/iron /usr/bin/cmake --build /home/andrey/Documents/workspace/build/examples_rclcpp_minimal_timer -- -j12 -l12
[1.697s] Invoking command in '/home/andrey/Documents/workspace/build/examples_rclcpp_minimal_timer': CMAKE_PREFIX_PATH=/opt/ros/iron /usr/bin/cmake --install /home/andrey/Documents/workspace/build/examples_rclcpp_minimal_timer
[1.706s] -- Install configuration: ""
[1.707s] -- Execute custom install script
[1.707s] -- Up-to-date symlink: /home/andrey/Documents/workspace/install/examples_rclcpp_minimal_timer/lib/examples_rclcpp_minimal_timer/timer_lambda
[1.707s] -- Up-to-date symlink: /home/andrey/Documents/workspace/install/examples_rclcpp_minimal_timer/lib/examples_rclcpp_minimal_timer/timer_member_function
[1.707s] -- Up-to-date symlink: /home/andrey/Documents/workspace/install/examples_rclcpp_minimal_timer/share/ament_index/resource_index/package_run_dependencies/examples_rclcpp_minimal_timer
[1.708s] -- Up-to-date symlink: /home/andrey/Documents/workspace/install/examples_rclcpp_minimal_timer/share/ament_index/resource_index/parent_prefix_path/examples_rclcpp_minimal_timer
[1.708s] -- Up-to-date symlink: /home/andrey/Documents/workspace/install/examples_rclcpp_minimal_timer/share/examples_rclcpp_minimal_timer/environment/ament_prefix_path.sh
[1.708s] -- Up-to-date symlink: /home/andrey/Documents/workspace/install/examples_rclcpp_minimal_timer/share/examples_rclcpp_minimal_timer/environment/ament_prefix_path.dsv
[1.709s] -- Up-to-date symlink: /home/andrey/Documents/workspace/install/examples_rclcpp_minimal_timer/share/examples_rclcpp_minimal_timer/environment/path.sh
[1.709s] -- Up-to-date symlink: /home/andrey/Documents/workspace/install/examples_rclcpp_minimal_timer/share/examples_rclcpp_minimal_timer/environment/path.dsv
[1.709s] -- Up-to-date symlink: /home/andrey/Documents/workspace/install/examples_rclcpp_minimal_timer/share/examples_rclcpp_minimal_timer/local_setup.bash
[1.709s] -- Up-to-date symlink: /home/andrey/Documents/workspace/install/examples_rclcpp_minimal_timer/share/examples_rclcpp_minimal_timer/local_setup.sh
[1.710s] -- Up-to-date symlink: /home/andrey/Documents/workspace/install/examples_rclcpp_minimal_timer/share/examples_rclcpp_minimal_timer/local_setup.zsh
[1.710s] -- Up-to-date symlink: /home/andrey/Documents/workspace/install/examples_rclcpp_minimal_timer/share/examples_rclcpp_minimal_timer/local_setup.dsv
[1.710s] -- Symlinking: /home/andrey/Documents/workspace/install/examples_rclcpp_minimal_timer/share/examples_rclcpp_minimal_timer/package.dsv
[1.722s] -- Up-to-date symlink: /home/andrey/Documents/workspace/install/examples_rclcpp_minimal_timer/share/ament_index/resource_index/packages/examples_rclcpp_minimal_timer
[1.722s] -- Up-to-date symlink: /home/andrey/Documents/workspace/install/examples_rclcpp_minimal_timer/share/examples_rclcpp_minimal_timer/cmake/examples_rclcpp_minimal_timerConfig.cmake
[1.723s] -- Up-to-date symlink: /home/andrey/Documents/workspace/install/examples_rclcpp_minimal_timer/share/examples_rclcpp_minimal_timer/cmake/examples_rclcpp_minimal_timerConfig-version.cmake
[1.723s] -- Up-to-date symlink: /home/andrey/Documents/workspace/install/examples_rclcpp_minimal_timer/share/examples_rclcpp_minimal_timer/package.xml
[1.767s] Invoked command in '/home/andrey/Documents/workspace/build/examples_rclcpp_minimal_timer' returned '0': CMAKE_PREFIX_PATH=/opt/ros/iron /usr/bin/cmake --install /home/andrey/Documents/workspace/build/examples_rclcpp_minimal_timer
