[3.530s] Invoking command in '/home/andrey/Documents/workspace/build/examples_rclpy_minimal_client': PYTHONPATH=/home/andrey/Documents/workspace/build/examples_rclpy_minimal_client/prefix_override:/home/andrey/Documents/workspace/install/examples_rclpy_minimal_client/lib/python3.10/site-packages:${PYTHONPATH} /usr/bin/python3 setup.py develop --editable --build-directory /home/andrey/Documents/workspace/build/examples_rclpy_minimal_client/build --no-deps install_data
[3.786s] running develop
[3.786s] /usr/lib/python3/dist-packages/setuptools/command/easy_install.py:158: EasyInstallDeprecationWarning: easy_install command is deprecated. Use build and pip and other standards-based tools.
[3.786s]   warnings.warn(
[3.789s] /usr/lib/python3/dist-packages/setuptools/command/install.py:34: SetuptoolsDeprecationWarning: setup.py install is deprecated. Use build and pip and other standards-based tools.
[3.789s]   warnings.warn(
[4.014s] running egg_info
[4.014s] creating examples_rclpy_minimal_client.egg-info
[4.014s] writing examples_rclpy_minimal_client.egg-info/PKG-INFO
[4.014s] writing dependency_links to examples_rclpy_minimal_client.egg-info/dependency_links.txt
[4.014s] writing entry points to examples_rclpy_minimal_client.egg-info/entry_points.txt
[4.014s] writing requirements to examples_rclpy_minimal_client.egg-info/requires.txt
[4.014s] writing top-level names to examples_rclpy_minimal_client.egg-info/top_level.txt
[4.015s] writing manifest file 'examples_rclpy_minimal_client.egg-info/SOURCES.txt'
[4.017s] reading manifest file 'examples_rclpy_minimal_client.egg-info/SOURCES.txt'
[4.018s] writing manifest file 'examples_rclpy_minimal_client.egg-info/SOURCES.txt'
[4.019s] running build_ext
[4.019s] Creating /home/andrey/Documents/workspace/install/examples_rclpy_minimal_client/lib/python3.10/site-packages/examples-rclpy-minimal-client.egg-link (link to .)
[4.020s] Installing client script to /home/andrey/Documents/workspace/install/examples_rclpy_minimal_client/lib/examples_rclpy_minimal_client
[4.021s] Installing client_async script to /home/andrey/Documents/workspace/install/examples_rclpy_minimal_client/lib/examples_rclpy_minimal_client
[4.021s] Installing client_async_callback script to /home/andrey/Documents/workspace/install/examples_rclpy_minimal_client/lib/examples_rclpy_minimal_client
[4.021s] Installing client_async_member_function script to /home/andrey/Documents/workspace/install/examples_rclpy_minimal_client/lib/examples_rclpy_minimal_client
[4.021s] 
[4.021s] Installed /home/andrey/Documents/workspace/build/examples_rclpy_minimal_client
[4.021s] running install_data
[4.021s] creating /home/andrey/Documents/workspace/install/examples_rclpy_minimal_client/share/ament_index
[4.021s] creating /home/andrey/Documents/workspace/install/examples_rclpy_minimal_client/share/ament_index/resource_index
[4.021s] creating /home/andrey/Documents/workspace/install/examples_rclpy_minimal_client/share/ament_index/resource_index/packages
[4.022s] copying resource/examples_rclpy_minimal_client -> /home/andrey/Documents/workspace/install/examples_rclpy_minimal_client/share/ament_index/resource_index/packages
[4.022s] copying package.xml -> /home/andrey/Documents/workspace/install/examples_rclpy_minimal_client/share/examples_rclpy_minimal_client
[4.246s] Invoked command in '/home/andrey/Documents/workspace/build/examples_rclpy_minimal_client' returned '0': PYTHONPATH=/home/andrey/Documents/workspace/build/examples_rclpy_minimal_client/prefix_override:/home/andrey/Documents/workspace/install/examples_rclpy_minimal_client/lib/python3.10/site-packages:${PYTHONPATH} /usr/bin/python3 setup.py develop --editable --build-directory /home/andrey/Documents/workspace/build/examples_rclpy_minimal_client/build --no-deps install_data
