[1.602s] Invoking command in '/home/andrey/Documents/workspace/build/examples_rclpy_pointcloud_publisher': PYTHONPATH=/home/andrey/Documents/workspace/build/examples_rclpy_pointcloud_publisher/prefix_override:/home/andrey/Documents/workspace/install/examples_rclpy_pointcloud_publisher/lib/python3.10/site-packages:${PYTHONPATH} /usr/bin/python3 setup.py develop --editable --build-directory /home/andrey/Documents/workspace/build/examples_rclpy_pointcloud_publisher/build --no-deps install_data
[1.821s] running develop
[1.821s] /usr/lib/python3/dist-packages/setuptools/command/easy_install.py:158: EasyInstallDeprecationWarning: easy_install command is deprecated. Use build and pip and other standards-based tools.
[1.822s]   warnings.warn(
[1.822s] /usr/lib/python3/dist-packages/setuptools/command/install.py:34: SetuptoolsDeprecationWarning: setup.py install is deprecated. Use build and pip and other standards-based tools.
[1.822s]   warnings.warn(
[1.963s] running egg_info
[1.963s] creating examples_rclpy_pointcloud_publisher.egg-info
[1.963s] writing examples_rclpy_pointcloud_publisher.egg-info/PKG-INFO
[1.963s] writing dependency_links to examples_rclpy_pointcloud_publisher.egg-info/dependency_links.txt
[1.964s] writing entry points to examples_rclpy_pointcloud_publisher.egg-info/entry_points.txt
[1.964s] writing requirements to examples_rclpy_pointcloud_publisher.egg-info/requires.txt
[1.964s] writing top-level names to examples_rclpy_pointcloud_publisher.egg-info/top_level.txt
[1.964s] writing manifest file 'examples_rclpy_pointcloud_publisher.egg-info/SOURCES.txt'
[1.965s] reading manifest file 'examples_rclpy_pointcloud_publisher.egg-info/SOURCES.txt'
[1.966s] writing manifest file 'examples_rclpy_pointcloud_publisher.egg-info/SOURCES.txt'
[1.967s] running build_ext
[1.967s] Creating /home/andrey/Documents/workspace/install/examples_rclpy_pointcloud_publisher/lib/python3.10/site-packages/examples-rclpy-pointcloud-publisher.egg-link (link to .)
[1.968s] Installing pointcloud_publisher script to /home/andrey/Documents/workspace/install/examples_rclpy_pointcloud_publisher/lib/examples_rclpy_pointcloud_publisher
[1.968s] 
[1.968s] Installed /home/andrey/Documents/workspace/build/examples_rclpy_pointcloud_publisher
[1.968s] running install_data
[1.968s] creating /home/andrey/Documents/workspace/install/examples_rclpy_pointcloud_publisher/share/ament_index
[1.969s] creating /home/andrey/Documents/workspace/install/examples_rclpy_pointcloud_publisher/share/ament_index/resource_index
[1.969s] creating /home/andrey/Documents/workspace/install/examples_rclpy_pointcloud_publisher/share/ament_index/resource_index/packages
[1.969s] copying resource/examples_rclpy_pointcloud_publisher -> /home/andrey/Documents/workspace/install/examples_rclpy_pointcloud_publisher/share/ament_index/resource_index/packages
[1.969s] copying package.xml -> /home/andrey/Documents/workspace/install/examples_rclpy_pointcloud_publisher/share/examples_rclpy_pointcloud_publisher
[2.002s] Invoked command in '/home/andrey/Documents/workspace/build/examples_rclpy_pointcloud_publisher' returned '0': PYTHONPATH=/home/andrey/Documents/workspace/build/examples_rclpy_pointcloud_publisher/prefix_override:/home/andrey/Documents/workspace/install/examples_rclpy_pointcloud_publisher/lib/python3.10/site-packages:${PYTHONPATH} /usr/bin/python3 setup.py develop --editable --build-directory /home/andrey/Documents/workspace/build/examples_rclpy_pointcloud_publisher/build --no-deps install_data
