[0.153s] Invoking command in '/home/andrey/Documents/workspace/build/examples_rclcpp_minimal_timer': CMAKE_PREFIX_PATH=/opt/ros/iron /usr/bin/cmake --build /home/andrey/Documents/workspace/build/examples_rclcpp_minimal_timer -- -j12 -l12
[0.296s] [ 50%] Built target timer_lambda
[0.307s] [100%] Built target timer_member_function
[0.340s] Invoked command in '/home/andrey/Documents/workspace/build/examples_rclcpp_minimal_timer' returned '0': CMAKE_PREFIX_PATH=/opt/ros/iron /usr/bin/cmake --build /home/andrey/Documents/workspace/build/examples_rclcpp_minimal_timer -- -j12 -l12
[0.404s] Invoking command in '/home/andrey/Documents/workspace/build/examples_rclcpp_minimal_timer': CMAKE_PREFIX_PATH=/opt/ros/iron /usr/bin/cmake --install /home/andrey/Documents/workspace/build/examples_rclcpp_minimal_timer
[0.412s] -- Install configuration: ""
[0.412s] -- Execute custom install script
[0.413s] -- Up-to-date symlink: /home/andrey/Documents/workspace/install/examples_rclcpp_minimal_timer/lib/examples_rclcpp_minimal_timer/timer_lambda
[0.413s] -- Up-to-date symlink: /home/andrey/Documents/workspace/install/examples_rclcpp_minimal_timer/lib/examples_rclcpp_minimal_timer/timer_member_function
[0.413s] -- Up-to-date symlink: /home/andrey/Documents/workspace/install/examples_rclcpp_minimal_timer/share/ament_index/resource_index/package_run_dependencies/examples_rclcpp_minimal_timer
[0.413s] -- Up-to-date symlink: /home/andrey/Documents/workspace/install/examples_rclcpp_minimal_timer/share/ament_index/resource_index/parent_prefix_path/examples_rclcpp_minimal_timer
[0.414s] -- Up-to-date symlink: /home/andrey/Documents/workspace/install/examples_rclcpp_minimal_timer/share/examples_rclcpp_minimal_timer/environment/ament_prefix_path.sh
[0.414s] -- Up-to-date symlink: /home/andrey/Documents/workspace/install/examples_rclcpp_minimal_timer/share/examples_rclcpp_minimal_timer/environment/ament_prefix_path.dsv
[0.414s] -- Up-to-date symlink: /home/andrey/Documents/workspace/install/examples_rclcpp_minimal_timer/share/examples_rclcpp_minimal_timer/environment/path.sh
[0.414s] -- Up-to-date symlink: /home/andrey/Documents/workspace/install/examples_rclcpp_minimal_timer/share/examples_rclcpp_minimal_timer/environment/path.dsv
[0.414s] -- Up-to-date symlink: /home/andrey/Documents/workspace/install/examples_rclcpp_minimal_timer/share/examples_rclcpp_minimal_timer/local_setup.bash
[0.415s] -- Up-to-date symlink: /home/andrey/Documents/workspace/install/examples_rclcpp_minimal_timer/share/examples_rclcpp_minimal_timer/local_setup.sh
[0.415s] -- Up-to-date symlink: /home/andrey/Documents/workspace/install/examples_rclcpp_minimal_timer/share/examples_rclcpp_minimal_timer/local_setup.zsh
[0.415s] -- Up-to-date symlink: /home/andrey/Documents/workspace/install/examples_rclcpp_minimal_timer/share/examples_rclcpp_minimal_timer/local_setup.dsv
[0.415s] -- Symlinking: /home/andrey/Documents/workspace/install/examples_rclcpp_minimal_timer/share/examples_rclcpp_minimal_timer/package.dsv
[0.417s] -- Up-to-date symlink: /home/andrey/Documents/workspace/install/examples_rclcpp_minimal_timer/share/ament_index/resource_index/packages/examples_rclcpp_minimal_timer
[0.417s] -- Up-to-date symlink: /home/andrey/Documents/workspace/install/examples_rclcpp_minimal_timer/share/examples_rclcpp_minimal_timer/cmake/examples_rclcpp_minimal_timerConfig.cmake
[0.418s] -- Up-to-date symlink: /home/andrey/Documents/workspace/install/examples_rclcpp_minimal_timer/share/examples_rclcpp_minimal_timer/cmake/examples_rclcpp_minimal_timerConfig-version.cmake
[0.418s] -- Up-to-date symlink: /home/andrey/Documents/workspace/install/examples_rclcpp_minimal_timer/share/examples_rclcpp_minimal_timer/package.xml
[0.616s] Invoked command in '/home/andrey/Documents/workspace/build/examples_rclcpp_minimal_timer' returned '0': CMAKE_PREFIX_PATH=/opt/ros/iron /usr/bin/cmake --install /home/andrey/Documents/workspace/build/examples_rclcpp_minimal_timer
