[0.087s] Invoking command in '/home/andrey/Documents/workspace/build/my_cpp_package': CMAKE_PREFIX_PATH=/opt/ros/iron /usr/bin/cmake /home/andrey/Documents/workspace/src/my_cpp_package -DCMAKE_INSTALL_PREFIX=/home/andrey/Documents/workspace/install/my_cpp_package
[0.133s] -- The C compiler identification is GNU 11.4.0
[0.176s] -- The CXX compiler identification is GNU 11.4.0
[0.181s] -- Detecting C compiler ABI info
[0.239s] -- Detecting C compiler ABI info - done
[0.244s] -- Check for working C compiler: /usr/bin/cc - skipped
[0.244s] -- Detecting C compile features
[0.244s] -- Detecting C compile features - done
[0.246s] -- Detecting CXX compiler ABI info
[0.311s] -- Detecting CXX compiler ABI info - done
[0.317s] -- Check for working CXX compiler: /usr/bin/c++ - skipped
[0.317s] -- Detecting CXX compile features
[0.317s] -- Detecting CXX compile features - done
[0.319s] -- Found ament_cmake: 2.0.3 (/opt/ros/iron/share/ament_cmake/cmake)
[0.447s] -- Found Python3: /usr/bin/python3.10 (found version "3.10.12") found components: Interpreter 
[0.523s] -- Found ament_lint_auto: 0.14.2 (/opt/ros/iron/share/ament_lint_auto/cmake)
[0.581s] -- Added test 'cppcheck' to perform static code analysis on C / C++ code
[0.581s] -- Configured cppcheck include dirs: $<BUILD_INTERFACE:/home/andrey/Documents/workspace/src/my_cpp_package/include>
[0.581s] -- Configured cppcheck exclude dirs and/or files: 
[0.581s] -- Added test 'lint_cmake' to check CMake code style
[0.582s] -- Added test 'uncrustify' to check C / C++ code style
[0.582s] -- Configured uncrustify additional arguments: 
[0.583s] -- Added test 'xmllint' to check XML markup files
[0.584s] -- Configuring done
[0.588s] -- Generating done
[0.589s] -- Build files have been written to: /home/andrey/Documents/workspace/build/my_cpp_package
[0.593s] Invoked command in '/home/andrey/Documents/workspace/build/my_cpp_package' returned '0': CMAKE_PREFIX_PATH=/opt/ros/iron /usr/bin/cmake /home/andrey/Documents/workspace/src/my_cpp_package -DCMAKE_INSTALL_PREFIX=/home/andrey/Documents/workspace/install/my_cpp_package
[0.594s] Invoking command in '/home/andrey/Documents/workspace/build/my_cpp_package': CMAKE_PREFIX_PATH=/opt/ros/iron /usr/bin/cmake --build /home/andrey/Documents/workspace/build/my_cpp_package -- -j12 -l12
[0.634s] [ 50%] [32mBuilding CXX object CMakeFiles/my_node.dir/src/my_node.cpp.o[0m
[0.658s] [100%] [32m[1mLinking CXX executable my_node[0m
[0.694s] [100%] Built target my_node
[0.703s] Invoked command in '/home/andrey/Documents/workspace/build/my_cpp_package' returned '0': CMAKE_PREFIX_PATH=/opt/ros/iron /usr/bin/cmake --build /home/andrey/Documents/workspace/build/my_cpp_package -- -j12 -l12
[0.733s] Invoking command in '/home/andrey/Documents/workspace/build/my_cpp_package': CMAKE_PREFIX_PATH=/opt/ros/iron /usr/bin/cmake --install /home/andrey/Documents/workspace/build/my_cpp_package
[0.741s] -- Install configuration: ""
[0.741s] -- Installing: /home/andrey/Documents/workspace/install/my_cpp_package/lib/my_cpp_package/my_node
[0.741s] -- Installing: /home/andrey/Documents/workspace/install/my_cpp_package/share/ament_index/resource_index/package_run_dependencies/my_cpp_package
[0.741s] -- Installing: /home/andrey/Documents/workspace/install/my_cpp_package/share/ament_index/resource_index/parent_prefix_path/my_cpp_package
[0.741s] -- Installing: /home/andrey/Documents/workspace/install/my_cpp_package/share/my_cpp_package/environment/ament_prefix_path.sh
[0.742s] -- Installing: /home/andrey/Documents/workspace/install/my_cpp_package/share/my_cpp_package/environment/ament_prefix_path.dsv
[0.742s] -- Installing: /home/andrey/Documents/workspace/install/my_cpp_package/share/my_cpp_package/environment/path.sh
[0.742s] -- Installing: /home/andrey/Documents/workspace/install/my_cpp_package/share/my_cpp_package/environment/path.dsv
[0.742s] -- Installing: /home/andrey/Documents/workspace/install/my_cpp_package/share/my_cpp_package/local_setup.bash
[0.742s] -- Installing: /home/andrey/Documents/workspace/install/my_cpp_package/share/my_cpp_package/local_setup.sh
[0.742s] -- Installing: /home/andrey/Documents/workspace/install/my_cpp_package/share/my_cpp_package/local_setup.zsh
[0.743s] -- Installing: /home/andrey/Documents/workspace/install/my_cpp_package/share/my_cpp_package/local_setup.dsv
[0.743s] -- Installing: /home/andrey/Documents/workspace/install/my_cpp_package/share/my_cpp_package/package.dsv
[0.743s] -- Installing: /home/andrey/Documents/workspace/install/my_cpp_package/share/ament_index/resource_index/packages/my_cpp_package
[0.743s] -- Installing: /home/andrey/Documents/workspace/install/my_cpp_package/share/my_cpp_package/cmake/my_cpp_packageConfig.cmake
[0.743s] -- Installing: /home/andrey/Documents/workspace/install/my_cpp_package/share/my_cpp_package/cmake/my_cpp_packageConfig-version.cmake
[0.743s] -- Installing: /home/andrey/Documents/workspace/install/my_cpp_package/share/my_cpp_package/package.xml
[0.745s] Invoked command in '/home/andrey/Documents/workspace/build/my_cpp_package' returned '0': CMAKE_PREFIX_PATH=/opt/ros/iron /usr/bin/cmake --install /home/andrey/Documents/workspace/build/my_cpp_package
