[0.332s] Invoking command in '/home/andrey/Documents/workspace/build/examples_rclcpp_minimal_action_server': CMAKE_PREFIX_PATH=/opt/ros/iron /usr/bin/cmake /home/andrey/Documents/workspace/src/examples/rclcpp/actions/minimal_action_server -DCMAKE_INSTALL_PREFIX=/home/andrey/Documents/workspace/install/examples_rclcpp_minimal_action_server
[0.354s] -- Found ament_cmake: 2.0.3 (/opt/ros/iron/share/ament_cmake/cmake)
[0.522s] -- Override CMake install command with custom implementation using symlinks instead of copying resources
[0.539s] -- Found example_interfaces: 0.10.2 (/opt/ros/iron/share/example_interfaces/cmake)
[0.575s] -- Found rosidl_generator_c: 4.0.1 (/opt/ros/iron/share/rosidl_generator_c/cmake)
[0.589s] -- Found rosidl_generator_cpp: 4.0.1 (/opt/ros/iron/share/rosidl_generator_cpp/cmake)
[0.607s] -- Using all available rosidl_typesupport_c: rosidl_typesupport_fastrtps_c;rosidl_typesupport_introspection_c
[0.628s] -- Using all available rosidl_typesupport_cpp: rosidl_typesupport_fastrtps_cpp;rosidl_typesupport_introspection_cpp
[0.988s] -- Found rclcpp: 21.0.4 (/opt/ros/iron/share/rclcpp/cmake)
[1.117s] -- Found rmw_implementation_cmake: 7.1.0 (/opt/ros/iron/share/rmw_implementation_cmake/cmake)
[1.120s] -- Found rmw_fastrtps_cpp: 7.1.2 (/opt/ros/iron/share/rmw_fastrtps_cpp/cmake)
[1.292s] -- Using RMW implementation 'rmw_fastrtps_cpp' as default
[1.530s] -- Found rclcpp_action: 21.0.4 (/opt/ros/iron/share/rclcpp_action/cmake)
[1.581s] -- Found ament_lint_auto: 0.14.2 (/opt/ros/iron/share/ament_lint_auto/cmake)
[1.680s] -- Added test 'copyright' to check source files copyright and LICENSE
[1.681s] -- Added test 'cppcheck' to perform static code analysis on C / C++ code
[1.681s] -- Configured cppcheck include dirs: 
[1.681s] -- Configured cppcheck exclude dirs and/or files: 
[1.682s] -- Added test 'cpplint' to check C / C++ code against the Google style
[1.682s] -- Configured cpplint exclude dirs and/or files: 
[1.683s] -- Added test 'lint_cmake' to check CMake code style
[1.684s] -- Added test 'uncrustify' to check C / C++ code style
[1.684s] -- Configured uncrustify additional arguments: 
[1.684s] -- Added test 'xmllint' to check XML markup files
[1.686s] -- Configuring done
[1.716s] -- Generating done
[1.719s] -- Build files have been written to: /home/andrey/Documents/workspace/build/examples_rclcpp_minimal_action_server
[1.742s] Invoked command in '/home/andrey/Documents/workspace/build/examples_rclcpp_minimal_action_server' returned '0': CMAKE_PREFIX_PATH=/opt/ros/iron /usr/bin/cmake /home/andrey/Documents/workspace/src/examples/rclcpp/actions/minimal_action_server -DCMAKE_INSTALL_PREFIX=/home/andrey/Documents/workspace/install/examples_rclcpp_minimal_action_server
[1.742s] Invoking command in '/home/andrey/Documents/workspace/build/examples_rclcpp_minimal_action_server': CMAKE_PREFIX_PATH=/opt/ros/iron /usr/bin/cmake --build /home/andrey/Documents/workspace/build/examples_rclcpp_minimal_action_server -- -j12 -l12
[1.828s] [35m[1mConsolidate compiler generated dependencies of target action_server_not_composable[0m
[1.832s] [35m[1mConsolidate compiler generated dependencies of target action_server_member_functions[0m
[1.877s] [ 75%] Built target action_server_not_composable
[1.877s] [100%] Built target action_server_member_functions
[1.966s] Invoked command in '/home/andrey/Documents/workspace/build/examples_rclcpp_minimal_action_server' returned '0': CMAKE_PREFIX_PATH=/opt/ros/iron /usr/bin/cmake --build /home/andrey/Documents/workspace/build/examples_rclcpp_minimal_action_server -- -j12 -l12
[2.171s] Invoking command in '/home/andrey/Documents/workspace/build/examples_rclcpp_minimal_action_server': CMAKE_PREFIX_PATH=/opt/ros/iron /usr/bin/cmake --install /home/andrey/Documents/workspace/build/examples_rclcpp_minimal_action_server
[2.264s] -- Install configuration: ""
[2.264s] -- Execute custom install script
[2.264s] -- Up-to-date symlink: /home/andrey/Documents/workspace/install/examples_rclcpp_minimal_action_server/lib/examples_rclcpp_minimal_action_server/action_server_not_composable
[2.264s] -- Up-to-date symlink: /home/andrey/Documents/workspace/install/examples_rclcpp_minimal_action_server/lib/examples_rclcpp_minimal_action_server/action_server_member_functions
[2.265s] -- Up-to-date symlink: /home/andrey/Documents/workspace/install/examples_rclcpp_minimal_action_server/share/ament_index/resource_index/package_run_dependencies/examples_rclcpp_minimal_action_server
[2.265s] -- Up-to-date symlink: /home/andrey/Documents/workspace/install/examples_rclcpp_minimal_action_server/share/ament_index/resource_index/parent_prefix_path/examples_rclcpp_minimal_action_server
[2.265s] -- Up-to-date symlink: /home/andrey/Documents/workspace/install/examples_rclcpp_minimal_action_server/share/examples_rclcpp_minimal_action_server/environment/ament_prefix_path.sh
[2.265s] -- Up-to-date symlink: /home/andrey/Documents/workspace/install/examples_rclcpp_minimal_action_server/share/examples_rclcpp_minimal_action_server/environment/ament_prefix_path.dsv
[2.265s] -- Up-to-date symlink: /home/andrey/Documents/workspace/install/examples_rclcpp_minimal_action_server/share/examples_rclcpp_minimal_action_server/environment/path.sh
[2.265s] -- Up-to-date symlink: /home/andrey/Documents/workspace/install/examples_rclcpp_minimal_action_server/share/examples_rclcpp_minimal_action_server/environment/path.dsv
[2.266s] -- Up-to-date symlink: /home/andrey/Documents/workspace/install/examples_rclcpp_minimal_action_server/share/examples_rclcpp_minimal_action_server/local_setup.bash
[2.267s] -- Up-to-date symlink: /home/andrey/Documents/workspace/install/examples_rclcpp_minimal_action_server/share/examples_rclcpp_minimal_action_server/local_setup.sh
[2.267s] -- Up-to-date symlink: /home/andrey/Documents/workspace/install/examples_rclcpp_minimal_action_server/share/examples_rclcpp_minimal_action_server/local_setup.zsh
[2.268s] -- Up-to-date symlink: /home/andrey/Documents/workspace/install/examples_rclcpp_minimal_action_server/share/examples_rclcpp_minimal_action_server/local_setup.dsv
[2.268s] -- Symlinking: /home/andrey/Documents/workspace/install/examples_rclcpp_minimal_action_server/share/examples_rclcpp_minimal_action_server/package.dsv
[2.268s] -- Up-to-date symlink: /home/andrey/Documents/workspace/install/examples_rclcpp_minimal_action_server/share/ament_index/resource_index/packages/examples_rclcpp_minimal_action_server
[2.268s] -- Up-to-date symlink: /home/andrey/Documents/workspace/install/examples_rclcpp_minimal_action_server/share/examples_rclcpp_minimal_action_server/cmake/examples_rclcpp_minimal_action_serverConfig.cmake
[2.268s] -- Up-to-date symlink: /home/andrey/Documents/workspace/install/examples_rclcpp_minimal_action_server/share/examples_rclcpp_minimal_action_server/cmake/examples_rclcpp_minimal_action_serverConfig-version.cmake
[2.268s] -- Up-to-date symlink: /home/andrey/Documents/workspace/install/examples_rclcpp_minimal_action_server/share/examples_rclcpp_minimal_action_server/package.xml
[2.593s] Invoked command in '/home/andrey/Documents/workspace/build/examples_rclcpp_minimal_action_server' returned '0': CMAKE_PREFIX_PATH=/opt/ros/iron /usr/bin/cmake --install /home/andrey/Documents/workspace/build/examples_rclcpp_minimal_action_server
