[0.301s] Invoking command in '/home/andrey/Documents/workspace/build/examples_rclcpp_minimal_client': CMAKE_PREFIX_PATH=/opt/ros/iron /usr/bin/cmake /home/andrey/Documents/workspace/src/examples/rclcpp/services/minimal_client -DAMENT_CMAKE_SYMLINK_INSTALL=1 -DCMAKE_INSTALL_PREFIX=/home/andrey/Documents/workspace/install/examples_rclcpp_minimal_client
[0.496s] -- The C compiler identification is GNU 11.4.0
[0.652s] -- The CXX compiler identification is GNU 11.4.0
[0.661s] -- Detecting C compiler ABI info
[0.760s] -- Detecting C compiler ABI info - done
[0.770s] -- Check for working C compiler: /usr/bin/cc - skipped
[0.770s] -- Detecting C compile features
[0.771s] -- Detecting C compile features - done
[0.775s] -- Detecting CXX compiler ABI info
[0.898s] -- Detecting CXX compiler ABI info - done
[0.907s] -- Check for working CXX compiler: /usr/bin/c++ - skipped
[0.907s] -- Detecting CXX compile features
[0.908s] -- Detecting CXX compile features - done
[0.911s] -- Found ament_cmake: 2.0.3 (/opt/ros/iron/share/ament_cmake/cmake)
[1.113s] -- Found Python3: /usr/bin/python3.10 (found version "3.10.12") found components: Interpreter 
[1.188s] -- Override CMake install command with custom implementation using symlinks instead of copying resources
[1.234s] -- Found example_interfaces: 0.10.2 (/opt/ros/iron/share/example_interfaces/cmake)
[1.296s] -- Found rosidl_generator_c: 4.0.1 (/opt/ros/iron/share/rosidl_generator_c/cmake)
[1.315s] -- Found rosidl_generator_cpp: 4.0.1 (/opt/ros/iron/share/rosidl_generator_cpp/cmake)
[1.344s] -- Using all available rosidl_typesupport_c: rosidl_typesupport_fastrtps_c;rosidl_typesupport_introspection_c
[1.371s] -- Using all available rosidl_typesupport_cpp: rosidl_typesupport_fastrtps_cpp;rosidl_typesupport_introspection_cpp
[1.761s] -- Found rclcpp: 21.0.4 (/opt/ros/iron/share/rclcpp/cmake)
[1.907s] -- Found rmw_implementation_cmake: 7.1.0 (/opt/ros/iron/share/rmw_implementation_cmake/cmake)
[1.911s] -- Found rmw_fastrtps_cpp: 7.1.2 (/opt/ros/iron/share/rmw_fastrtps_cpp/cmake)
[2.110s] -- Found OpenSSL: /usr/lib/x86_64-linux-gnu/libcrypto.so (found version "3.0.2")  
[2.148s] -- Found FastRTPS: /opt/ros/iron/include  
[2.220s] -- Using RMW implementation 'rmw_fastrtps_cpp' as default
[2.461s] -- Found ament_lint_auto: 0.14.2 (/opt/ros/iron/share/ament_lint_auto/cmake)
[2.593s] -- Added test 'copyright' to check source files copyright and LICENSE
[2.595s] -- Added test 'cppcheck' to perform static code analysis on C / C++ code
[2.595s] -- Configured cppcheck include dirs: 
[2.595s] -- Configured cppcheck exclude dirs and/or files: 
[2.596s] -- Added test 'cpplint' to check C / C++ code against the Google style
[2.597s] -- Configured cpplint exclude dirs and/or files: 
[2.598s] -- Added test 'lint_cmake' to check CMake code style
[2.599s] -- Added test 'uncrustify' to check C / C++ code style
[2.599s] -- Configured uncrustify additional arguments: 
[2.600s] -- Added test 'xmllint' to check XML markup files
[2.611s] -- Configuring done
[2.635s] -- Generating done
[2.637s] -- Build files have been written to: /home/andrey/Documents/workspace/build/examples_rclcpp_minimal_client
[2.655s] Invoked command in '/home/andrey/Documents/workspace/build/examples_rclcpp_minimal_client' returned '0': CMAKE_PREFIX_PATH=/opt/ros/iron /usr/bin/cmake /home/andrey/Documents/workspace/src/examples/rclcpp/services/minimal_client -DAMENT_CMAKE_SYMLINK_INSTALL=1 -DCMAKE_INSTALL_PREFIX=/home/andrey/Documents/workspace/install/examples_rclcpp_minimal_client
[2.655s] Invoking command in '/home/andrey/Documents/workspace/build/examples_rclcpp_minimal_client': CMAKE_PREFIX_PATH=/opt/ros/iron /usr/bin/cmake --build /home/andrey/Documents/workspace/build/examples_rclcpp_minimal_client -- -j12 -l12
[3.172s] [ 50%] [32mBuilding CXX object CMakeFiles/client_main.dir/main.cpp.o[0m
[25.479s] [100%] [32m[1mLinking CXX executable client_main[0m
[26.555s] [100%] Built target client_main
[26.676s] Invoked command in '/home/andrey/Documents/workspace/build/examples_rclcpp_minimal_client' returned '0': CMAKE_PREFIX_PATH=/opt/ros/iron /usr/bin/cmake --build /home/andrey/Documents/workspace/build/examples_rclcpp_minimal_client -- -j12 -l12
[27.096s] Invoking command in '/home/andrey/Documents/workspace/build/examples_rclcpp_minimal_client': CMAKE_PREFIX_PATH=/opt/ros/iron /usr/bin/cmake --install /home/andrey/Documents/workspace/build/examples_rclcpp_minimal_client
[29.208s] -- Install configuration: ""
[29.208s] -- Execute custom install script
[29.208s] -- Symlinking: /home/andrey/Documents/workspace/install/examples_rclcpp_minimal_client/lib/examples_rclcpp_minimal_client/client_main
[29.209s] -- Symlinking: /home/andrey/Documents/workspace/install/examples_rclcpp_minimal_client/share/ament_index/resource_index/package_run_dependencies/examples_rclcpp_minimal_client
[29.209s] -- Symlinking: /home/andrey/Documents/workspace/install/examples_rclcpp_minimal_client/share/ament_index/resource_index/parent_prefix_path/examples_rclcpp_minimal_client
[29.209s] -- Symlinking: /home/andrey/Documents/workspace/install/examples_rclcpp_minimal_client/share/examples_rclcpp_minimal_client/environment/ament_prefix_path.sh
[29.209s] -- Symlinking: /home/andrey/Documents/workspace/install/examples_rclcpp_minimal_client/share/examples_rclcpp_minimal_client/environment/ament_prefix_path.dsv
[29.209s] -- Symlinking: /home/andrey/Documents/workspace/install/examples_rclcpp_minimal_client/share/examples_rclcpp_minimal_client/environment/path.sh
[29.209s] -- Symlinking: /home/andrey/Documents/workspace/install/examples_rclcpp_minimal_client/share/examples_rclcpp_minimal_client/environment/path.dsv
[29.209s] -- Symlinking: /home/andrey/Documents/workspace/install/examples_rclcpp_minimal_client/share/examples_rclcpp_minimal_client/local_setup.bash
[29.209s] -- Symlinking: /home/andrey/Documents/workspace/install/examples_rclcpp_minimal_client/share/examples_rclcpp_minimal_client/local_setup.sh
[29.209s] -- Symlinking: /home/andrey/Documents/workspace/install/examples_rclcpp_minimal_client/share/examples_rclcpp_minimal_client/local_setup.zsh
[29.209s] -- Symlinking: /home/andrey/Documents/workspace/install/examples_rclcpp_minimal_client/share/examples_rclcpp_minimal_client/local_setup.dsv
[29.209s] -- Symlinking: /home/andrey/Documents/workspace/install/examples_rclcpp_minimal_client/share/examples_rclcpp_minimal_client/package.dsv
[29.209s] -- Symlinking: /home/andrey/Documents/workspace/install/examples_rclcpp_minimal_client/share/ament_index/resource_index/packages/examples_rclcpp_minimal_client
[29.209s] -- Symlinking: /home/andrey/Documents/workspace/install/examples_rclcpp_minimal_client/share/examples_rclcpp_minimal_client/cmake/examples_rclcpp_minimal_clientConfig.cmake
[29.209s] -- Symlinking: /home/andrey/Documents/workspace/install/examples_rclcpp_minimal_client/share/examples_rclcpp_minimal_client/cmake/examples_rclcpp_minimal_clientConfig-version.cmake
[29.210s] -- Symlinking: /home/andrey/Documents/workspace/install/examples_rclcpp_minimal_client/share/examples_rclcpp_minimal_client/package.xml
[30.137s] Invoked command in '/home/andrey/Documents/workspace/build/examples_rclcpp_minimal_client' returned '0': CMAKE_PREFIX_PATH=/opt/ros/iron /usr/bin/cmake --install /home/andrey/Documents/workspace/build/examples_rclcpp_minimal_client
