running egg_info
writing ../../build/my_package/my_package.egg-info/PKG-INFO
writing dependency_links to ../../build/my_package/my_package.egg-info/dependency_links.txt
writing entry points to ../../build/my_package/my_package.egg-info/entry_points.txt
writing requirements to ../../build/my_package/my_package.egg-info/requires.txt
writing top-level names to ../../build/my_package/my_package.egg-info/top_level.txt
reading manifest file '../../build/my_package/my_package.egg-info/SOURCES.txt'
adding license file 'LICENSE'
writing manifest file '../../build/my_package/my_package.egg-info/SOURCES.txt'
running build
running build_py
copying my_package/my_subscriber.py -> /home/andrey/Documents/workspace/build/my_package/build/lib/my_package
copying my_package/my_publisher.py -> /home/andrey/Documents/workspace/build/my_package/build/lib/my_package
running install
running install_lib
copying /home/andrey/Documents/workspace/build/my_package/build/lib/my_package/my_subscriber.py -> /home/andrey/Documents/workspace/install/my_package/lib/python3.10/site-packages/my_package
copying /home/andrey/Documents/workspace/build/my_package/build/lib/my_package/my_publisher.py -> /home/andrey/Documents/workspace/install/my_package/lib/python3.10/site-packages/my_package
byte-compiling /home/andrey/Documents/workspace/install/my_package/lib/python3.10/site-packages/my_package/my_subscriber.py to my_subscriber.cpython-310.pyc
byte-compiling /home/andrey/Documents/workspace/install/my_package/lib/python3.10/site-packages/my_package/my_publisher.py to my_publisher.cpython-310.pyc
running install_data
copying package.xml -> /home/andrey/Documents/workspace/install/my_package/share/my_package
running install_egg_info
removing '/home/andrey/Documents/workspace/install/my_package/lib/python3.10/site-packages/my_package-0.0.0-py3.10.egg-info' (and everything under it)
Copying ../../build/my_package/my_package.egg-info to /home/andrey/Documents/workspace/install/my_package/lib/python3.10/site-packages/my_package-0.0.0-py3.10.egg-info
running install_scripts
Installing listener script to /home/andrey/Documents/workspace/install/my_package/lib/my_package
Installing my_node script to /home/andrey/Documents/workspace/install/my_package/lib/my_package
Installing talker script to /home/andrey/Documents/workspace/install/my_package/lib/my_package
writing list of installed files to '/home/andrey/Documents/workspace/build/my_package/install.log'
