[3.501s] Invoking command in '/home/andrey/Documents/workspace/src/examples/rclpy/topics/minimal_publisher': PYTHONPATH=/home/andrey/Documents/workspace/build/examples_rclpy_minimal_publisher/prefix_override:/home/andrey/Documents/workspace/install/examples_rclpy_minimal_publisher/lib/python3.10/site-packages:${PYTHONPATH} /usr/bin/python3 setup.py egg_info --egg-base ../../../../../build/examples_rclpy_minimal_publisher build --build-base /home/andrey/Documents/workspace/build/examples_rclpy_minimal_publisher/build install --record /home/andrey/Documents/workspace/build/examples_rclpy_minimal_publisher/install.log --single-version-externally-managed
[3.717s] running egg_info
[3.718s] writing ../../../../../build/examples_rclpy_minimal_publisher/examples_rclpy_minimal_publisher.egg-info/PKG-INFO
[3.718s] writing dependency_links to ../../../../../build/examples_rclpy_minimal_publisher/examples_rclpy_minimal_publisher.egg-info/dependency_links.txt
[3.718s] writing entry points to ../../../../../build/examples_rclpy_minimal_publisher/examples_rclpy_minimal_publisher.egg-info/entry_points.txt
[3.718s] writing requirements to ../../../../../build/examples_rclpy_minimal_publisher/examples_rclpy_minimal_publisher.egg-info/requires.txt
[3.719s] writing top-level names to ../../../../../build/examples_rclpy_minimal_publisher/examples_rclpy_minimal_publisher.egg-info/top_level.txt
[3.720s] reading manifest file '../../../../../build/examples_rclpy_minimal_publisher/examples_rclpy_minimal_publisher.egg-info/SOURCES.txt'
[3.722s] writing manifest file '../../../../../build/examples_rclpy_minimal_publisher/examples_rclpy_minimal_publisher.egg-info/SOURCES.txt'
[3.722s] running build
[3.722s] running build_py
[3.722s] running install
[3.723s] /usr/lib/python3/dist-packages/setuptools/command/install.py:34: SetuptoolsDeprecationWarning: setup.py install is deprecated. Use build and pip and other standards-based tools.
[3.723s]   warnings.warn(
[3.723s] running install_lib
[3.724s] running install_data
[3.725s] running install_egg_info
[3.727s] removing '/home/andrey/Documents/workspace/install/examples_rclpy_minimal_publisher/lib/python3.10/site-packages/examples_rclpy_minimal_publisher-0.18.0-py3.10.egg-info' (and everything under it)
[3.727s] Copying ../../../../../build/examples_rclpy_minimal_publisher/examples_rclpy_minimal_publisher.egg-info to /home/andrey/Documents/workspace/install/examples_rclpy_minimal_publisher/lib/python3.10/site-packages/examples_rclpy_minimal_publisher-0.18.0-py3.10.egg-info
[3.729s] running install_scripts
[3.748s] Installing publisher_local_function script to /home/andrey/Documents/workspace/install/examples_rclpy_minimal_publisher/lib/examples_rclpy_minimal_publisher
[3.748s] Installing publisher_member_function script to /home/andrey/Documents/workspace/install/examples_rclpy_minimal_publisher/lib/examples_rclpy_minimal_publisher
[3.748s] Installing publisher_old_school script to /home/andrey/Documents/workspace/install/examples_rclpy_minimal_publisher/lib/examples_rclpy_minimal_publisher
[3.748s] writing list of installed files to '/home/andrey/Documents/workspace/build/examples_rclpy_minimal_publisher/install.log'
[3.769s] Invoked command in '/home/andrey/Documents/workspace/src/examples/rclpy/topics/minimal_publisher' returned '0': PYTHONPATH=/home/andrey/Documents/workspace/build/examples_rclpy_minimal_publisher/prefix_override:/home/andrey/Documents/workspace/install/examples_rclpy_minimal_publisher/lib/python3.10/site-packages:${PYTHONPATH} /usr/bin/python3 setup.py egg_info --egg-base ../../../../../build/examples_rclpy_minimal_publisher build --build-base /home/andrey/Documents/workspace/build/examples_rclpy_minimal_publisher/build install --record /home/andrey/Documents/workspace/build/examples_rclpy_minimal_publisher/install.log --single-version-externally-managed
