[0.402s] Invoking command in '/home/andrey/Documents/workspace/build/examples_rclcpp_cbg_executor': CMAKE_PREFIX_PATH=/opt/ros/iron /usr/bin/cmake /home/andrey/Documents/workspace/src/examples/rclcpp/executors/cbg_executor -DAMENT_CMAKE_SYMLINK_INSTALL=1 -DCMAKE_INSTALL_PREFIX=/home/andrey/Documents/workspace/install/examples_rclcpp_cbg_executor
[0.605s] -- The C compiler identification is GNU 11.4.0
[0.755s] -- The CXX compiler identification is GNU 11.4.0
[0.768s] -- Detecting C compiler ABI info
[0.872s] -- Detecting C compiler ABI info - done
[0.878s] -- Check for working C compiler: /usr/bin/cc - skipped
[0.878s] -- Detecting C compile features
[0.879s] -- Detecting C compile features - done
[0.882s] -- Detecting CXX compiler ABI info
[0.996s] -- Detecting CXX compiler ABI info - done
[1.006s] -- Check for working CXX compiler: /usr/bin/c++ - skipped
[1.006s] -- Detecting CXX compile features
[1.007s] -- Detecting CXX compile features - done
[1.010s] -- Found ament_cmake: 2.0.3 (/opt/ros/iron/share/ament_cmake/cmake)
[1.209s] -- Found Python3: /usr/bin/python3.10 (found version "3.10.12") found components: Interpreter 
[1.290s] -- Override CMake install command with custom implementation using symlinks instead of copying resources
[1.341s] -- Found rclcpp: 21.0.4 (/opt/ros/iron/share/rclcpp/cmake)
[1.403s] -- Found rosidl_generator_c: 4.0.1 (/opt/ros/iron/share/rosidl_generator_c/cmake)
[1.421s] -- Found rosidl_generator_cpp: 4.0.1 (/opt/ros/iron/share/rosidl_generator_cpp/cmake)
[1.451s] -- Using all available rosidl_typesupport_c: rosidl_typesupport_fastrtps_c;rosidl_typesupport_introspection_c
[1.478s] -- Using all available rosidl_typesupport_cpp: rosidl_typesupport_fastrtps_cpp;rosidl_typesupport_introspection_cpp
[1.727s] -- Found rmw_implementation_cmake: 7.1.0 (/opt/ros/iron/share/rmw_implementation_cmake/cmake)
[1.736s] -- Found rmw_fastrtps_cpp: 7.1.2 (/opt/ros/iron/share/rmw_fastrtps_cpp/cmake)
[1.930s] -- Found OpenSSL: /usr/lib/x86_64-linux-gnu/libcrypto.so (found version "3.0.2")  
[2.004s] -- Found FastRTPS: /opt/ros/iron/include  
[2.069s] -- Using RMW implementation 'rmw_fastrtps_cpp' as default
[2.317s] -- Found std_msgs: 5.0.0 (/opt/ros/iron/share/std_msgs/cmake)
[2.371s] -- Found ament_lint_auto: 0.14.2 (/opt/ros/iron/share/ament_lint_auto/cmake)
[2.463s] -- Added test 'copyright' to check source files copyright and LICENSE
[2.466s] -- Added test 'cppcheck' to perform static code analysis on C / C++ code
[2.467s] -- Configured cppcheck include dirs: /home/andrey/Documents/workspace/src/examples/rclcpp/executors/cbg_executor/include
[2.467s] -- Configured cppcheck exclude dirs and/or files: 
[2.470s] -- Added test 'cpplint' to check C / C++ code against the Google style
[2.470s] -- Configured cpplint exclude dirs and/or files: 
[2.472s] -- Added test 'lint_cmake' to check CMake code style
[2.475s] -- Added test 'uncrustify' to check C / C++ code style
[2.475s] -- Configured uncrustify additional arguments: 
[2.487s] -- Added test 'xmllint' to check XML markup files
[2.491s] -- Configuring done
[2.514s] -- Generating done
[2.516s] -- Build files have been written to: /home/andrey/Documents/workspace/build/examples_rclcpp_cbg_executor
[2.533s] Invoked command in '/home/andrey/Documents/workspace/build/examples_rclcpp_cbg_executor' returned '0': CMAKE_PREFIX_PATH=/opt/ros/iron /usr/bin/cmake /home/andrey/Documents/workspace/src/examples/rclcpp/executors/cbg_executor -DAMENT_CMAKE_SYMLINK_INSTALL=1 -DCMAKE_INSTALL_PREFIX=/home/andrey/Documents/workspace/install/examples_rclcpp_cbg_executor
[2.534s] Invoking command in '/home/andrey/Documents/workspace/build/examples_rclcpp_cbg_executor': CMAKE_PREFIX_PATH=/opt/ros/iron /usr/bin/cmake --build /home/andrey/Documents/workspace/build/examples_rclcpp_cbg_executor -- -j12 -l12
[2.655s] [ 10%] [32mBuilding CXX object CMakeFiles/ping.dir/src/ping.cpp.o[0m
[2.655s] [ 20%] [32mBuilding CXX object CMakeFiles/ping.dir/src/examples_rclcpp_cbg_executor/ping_node.cpp.o[0m
[2.672s] [ 30%] [32mBuilding CXX object CMakeFiles/pong.dir/src/examples_rclcpp_cbg_executor/pong_node.cpp.o[0m
[2.691s] [ 40%] [32mBuilding CXX object CMakeFiles/pong.dir/src/pong.cpp.o[0m
[2.718s] [ 50%] [32mBuilding CXX object CMakeFiles/ping_pong.dir/src/ping_pong.cpp.o[0m
[2.751s] [ 60%] [32mBuilding CXX object CMakeFiles/ping_pong.dir/src/examples_rclcpp_cbg_executor/ping_node.cpp.o[0m
[2.777s] [ 70%] [32mBuilding CXX object CMakeFiles/ping_pong.dir/src/examples_rclcpp_cbg_executor/pong_node.cpp.o[0m
[38.858s] [ 80%] [32m[1mLinking CXX executable pong[0m
[39.420s] [ 90%] [32m[1mLinking CXX executable ping[0m
[39.431s] [100%] [32m[1mLinking CXX executable ping_pong[0m
[40.045s] [100%] Built target pong
[40.191s] [100%] Built target ping
[40.284s] [100%] Built target ping_pong
[40.783s] Invoked command in '/home/andrey/Documents/workspace/build/examples_rclcpp_cbg_executor' returned '0': CMAKE_PREFIX_PATH=/opt/ros/iron /usr/bin/cmake --build /home/andrey/Documents/workspace/build/examples_rclcpp_cbg_executor -- -j12 -l12
[41.159s] Invoking command in '/home/andrey/Documents/workspace/build/examples_rclcpp_cbg_executor': CMAKE_PREFIX_PATH=/opt/ros/iron /usr/bin/cmake --install /home/andrey/Documents/workspace/build/examples_rclcpp_cbg_executor
[41.173s] -- Install configuration: ""
[41.174s] -- Execute custom install script
[41.175s] -- Symlinking: /home/andrey/Documents/workspace/install/examples_rclcpp_cbg_executor/lib/examples_rclcpp_cbg_executor/ping
[41.206s] -- Symlinking: /home/andrey/Documents/workspace/install/examples_rclcpp_cbg_executor/lib/examples_rclcpp_cbg_executor/pong
[41.220s] -- Symlinking: /home/andrey/Documents/workspace/install/examples_rclcpp_cbg_executor/lib/examples_rclcpp_cbg_executor/ping_pong
[41.234s] -- Symlinking: /home/andrey/Documents/workspace/install/examples_rclcpp_cbg_executor/include/examples_rclcpp_cbg_executor/ping_node.hpp
[41.247s] -- Symlinking: /home/andrey/Documents/workspace/install/examples_rclcpp_cbg_executor/include/examples_rclcpp_cbg_executor/pong_node.hpp
[41.261s] -- Symlinking: /home/andrey/Documents/workspace/install/examples_rclcpp_cbg_executor/share/ament_index/resource_index/package_run_dependencies/examples_rclcpp_cbg_executor
[41.275s] -- Symlinking: /home/andrey/Documents/workspace/install/examples_rclcpp_cbg_executor/share/ament_index/resource_index/parent_prefix_path/examples_rclcpp_cbg_executor
[41.288s] -- Symlinking: /home/andrey/Documents/workspace/install/examples_rclcpp_cbg_executor/share/examples_rclcpp_cbg_executor/environment/ament_prefix_path.sh
[41.302s] -- Symlinking: /home/andrey/Documents/workspace/install/examples_rclcpp_cbg_executor/share/examples_rclcpp_cbg_executor/environment/ament_prefix_path.dsv
[41.317s] -- Symlinking: /home/andrey/Documents/workspace/install/examples_rclcpp_cbg_executor/share/examples_rclcpp_cbg_executor/environment/path.sh
[41.329s] -- Symlinking: /home/andrey/Documents/workspace/install/examples_rclcpp_cbg_executor/share/examples_rclcpp_cbg_executor/environment/path.dsv
[41.344s] -- Symlinking: /home/andrey/Documents/workspace/install/examples_rclcpp_cbg_executor/share/examples_rclcpp_cbg_executor/local_setup.bash
[41.356s] -- Symlinking: /home/andrey/Documents/workspace/install/examples_rclcpp_cbg_executor/share/examples_rclcpp_cbg_executor/local_setup.sh
[41.370s] -- Symlinking: /home/andrey/Documents/workspace/install/examples_rclcpp_cbg_executor/share/examples_rclcpp_cbg_executor/local_setup.zsh
[41.379s] -- Symlinking: /home/andrey/Documents/workspace/install/examples_rclcpp_cbg_executor/share/examples_rclcpp_cbg_executor/local_setup.dsv
[41.388s] -- Symlinking: /home/andrey/Documents/workspace/install/examples_rclcpp_cbg_executor/share/examples_rclcpp_cbg_executor/package.dsv
[41.401s] -- Symlinking: /home/andrey/Documents/workspace/install/examples_rclcpp_cbg_executor/share/ament_index/resource_index/packages/examples_rclcpp_cbg_executor
[41.414s] -- Symlinking: /home/andrey/Documents/workspace/install/examples_rclcpp_cbg_executor/share/examples_rclcpp_cbg_executor/cmake/ament_cmake_export_dependencies-extras.cmake
[41.427s] -- Symlinking: /home/andrey/Documents/workspace/install/examples_rclcpp_cbg_executor/share/examples_rclcpp_cbg_executor/cmake/examples_rclcpp_cbg_executorConfig.cmake
[41.439s] -- Symlinking: /home/andrey/Documents/workspace/install/examples_rclcpp_cbg_executor/share/examples_rclcpp_cbg_executor/cmake/examples_rclcpp_cbg_executorConfig-version.cmake
[41.453s] -- Symlinking: /home/andrey/Documents/workspace/install/examples_rclcpp_cbg_executor/share/examples_rclcpp_cbg_executor/package.xml
[41.955s] Invoked command in '/home/andrey/Documents/workspace/build/examples_rclcpp_cbg_executor' returned '0': CMAKE_PREFIX_PATH=/opt/ros/iron /usr/bin/cmake --install /home/andrey/Documents/workspace/build/examples_rclcpp_cbg_executor
