[8.452s] Invoking command in '/home/andrey/Documents/workspace/build/examples_rclpy_guard_conditions': PYTHONPATH=/home/andrey/Documents/workspace/build/examples_rclpy_guard_conditions/prefix_override:/home/andrey/Documents/workspace/install/examples_rclpy_guard_conditions/lib/python3.10/site-packages:${PYTHONPATH} /usr/bin/python3 setup.py develop --editable --build-directory /home/andrey/Documents/workspace/build/examples_rclpy_guard_conditions/build --no-deps install_data
[9.005s] running develop
[9.005s] running egg_info
[9.005s] creating examples_rclpy_guard_conditions.egg-info
[9.005s] writing examples_rclpy_guard_conditions.egg-info/PKG-INFO
[9.005s] writing dependency_links to examples_rclpy_guard_conditions.egg-info/dependency_links.txt
[9.005s] writing entry points to examples_rclpy_guard_conditions.egg-info/entry_points.txt
[9.005s] writing requirements to examples_rclpy_guard_conditions.egg-info/requires.txt
[9.006s] writing top-level names to examples_rclpy_guard_conditions.egg-info/top_level.txt
[9.006s] writing manifest file 'examples_rclpy_guard_conditions.egg-info/SOURCES.txt'
[9.006s] reading manifest file 'examples_rclpy_guard_conditions.egg-info/SOURCES.txt'
[9.006s] /usr/lib/python3/dist-packages/setuptools/command/easy_install.py:158: EasyInstallDeprecationWarning: easy_install command is deprecated. Use build and pip and other standards-based tools.
[9.006s]   warnings.warn(
[9.006s] /usr/lib/python3/dist-packages/setuptools/command/install.py:34: SetuptoolsDeprecationWarning: setup.py install is deprecated. Use build and pip and other standards-based tools.
[9.006s]   warnings.warn(
[9.006s] writing manifest file 'examples_rclpy_guard_conditions.egg-info/SOURCES.txt'
[9.007s] running build_ext
[9.007s] Creating /home/andrey/Documents/workspace/install/examples_rclpy_guard_conditions/lib/python3.10/site-packages/examples-rclpy-guard-conditions.egg-link (link to .)
[9.007s] Installing trigger_guard_condition script to /home/andrey/Documents/workspace/install/examples_rclpy_guard_conditions/lib/examples_rclpy_guard_conditions
[9.007s] 
[9.007s] Installed /home/andrey/Documents/workspace/build/examples_rclpy_guard_conditions
[9.007s] running install_data
[9.008s] creating /home/andrey/Documents/workspace/install/examples_rclpy_guard_conditions/share/ament_index
[9.008s] creating /home/andrey/Documents/workspace/install/examples_rclpy_guard_conditions/share/ament_index/resource_index
[9.008s] creating /home/andrey/Documents/workspace/install/examples_rclpy_guard_conditions/share/ament_index/resource_index/packages
[9.008s] copying resource/examples_rclpy_guard_conditions -> /home/andrey/Documents/workspace/install/examples_rclpy_guard_conditions/share/ament_index/resource_index/packages
[9.008s] copying package.xml -> /home/andrey/Documents/workspace/install/examples_rclpy_guard_conditions/share/examples_rclpy_guard_conditions
[9.391s] Invoked command in '/home/andrey/Documents/workspace/build/examples_rclpy_guard_conditions' returned '0': PYTHONPATH=/home/andrey/Documents/workspace/build/examples_rclpy_guard_conditions/prefix_override:/home/andrey/Documents/workspace/install/examples_rclpy_guard_conditions/lib/python3.10/site-packages:${PYTHONPATH} /usr/bin/python3 setup.py develop --editable --build-directory /home/andrey/Documents/workspace/build/examples_rclpy_guard_conditions/build --no-deps install_data
