[0.123s] Invoking command in '/home/andrey/Documents/workspace/build/my_cpp_package': CMAKE_PREFIX_PATH=/opt/ros/iron /usr/bin/cmake --build /home/andrey/Documents/workspace/build/my_cpp_package -- -j12 -l12
[0.346s] [35m[1mConsolidate compiler generated dependencies of target my_node[0m
[0.347s] [100%] Built target my_node
[0.350s] Invoked command in '/home/andrey/Documents/workspace/build/my_cpp_package' returned '0': CMAKE_PREFIX_PATH=/opt/ros/iron /usr/bin/cmake --build /home/andrey/Documents/workspace/build/my_cpp_package -- -j12 -l12
[0.377s] Invoking command in '/home/andrey/Documents/workspace/build/my_cpp_package': CMAKE_PREFIX_PATH=/opt/ros/iron /usr/bin/cmake --install /home/andrey/Documents/workspace/build/my_cpp_package
[0.383s] -- Install configuration: ""
[0.383s] -- Up-to-date: /home/andrey/Documents/workspace/install/my_cpp_package/lib/my_cpp_package/my_node
[0.383s] -- Up-to-date: /home/andrey/Documents/workspace/install/my_cpp_package/share/ament_index/resource_index/package_run_dependencies/my_cpp_package
[0.383s] -- Up-to-date: /home/andrey/Documents/workspace/install/my_cpp_package/share/ament_index/resource_index/parent_prefix_path/my_cpp_package
[0.383s] -- Up-to-date: /home/andrey/Documents/workspace/install/my_cpp_package/share/my_cpp_package/environment/ament_prefix_path.sh
[0.383s] -- Up-to-date: /home/andrey/Documents/workspace/install/my_cpp_package/share/my_cpp_package/environment/ament_prefix_path.dsv
[0.383s] -- Up-to-date: /home/andrey/Documents/workspace/install/my_cpp_package/share/my_cpp_package/environment/path.sh
[0.383s] -- Up-to-date: /home/andrey/Documents/workspace/install/my_cpp_package/share/my_cpp_package/environment/path.dsv
[0.383s] -- Up-to-date: /home/andrey/Documents/workspace/install/my_cpp_package/share/my_cpp_package/local_setup.bash
[0.384s] -- Up-to-date: /home/andrey/Documents/workspace/install/my_cpp_package/share/my_cpp_package/local_setup.sh
[0.384s] -- Up-to-date: /home/andrey/Documents/workspace/install/my_cpp_package/share/my_cpp_package/local_setup.zsh
[0.384s] -- Up-to-date: /home/andrey/Documents/workspace/install/my_cpp_package/share/my_cpp_package/local_setup.dsv
[0.384s] -- Up-to-date: /home/andrey/Documents/workspace/install/my_cpp_package/share/my_cpp_package/package.dsv
[0.384s] -- Up-to-date: /home/andrey/Documents/workspace/install/my_cpp_package/share/ament_index/resource_index/packages/my_cpp_package
[0.384s] -- Up-to-date: /home/andrey/Documents/workspace/install/my_cpp_package/share/my_cpp_package/cmake/my_cpp_packageConfig.cmake
[0.384s] -- Up-to-date: /home/andrey/Documents/workspace/install/my_cpp_package/share/my_cpp_package/cmake/my_cpp_packageConfig-version.cmake
[0.384s] -- Up-to-date: /home/andrey/Documents/workspace/install/my_cpp_package/share/my_cpp_package/package.xml
[0.385s] Invoked command in '/home/andrey/Documents/workspace/build/my_cpp_package' returned '0': CMAKE_PREFIX_PATH=/opt/ros/iron /usr/bin/cmake --install /home/andrey/Documents/workspace/build/my_cpp_package
