[2.989s] Invoking command in '/home/andrey/Documents/workspace/build/examples_rclpy_minimal_action_server': PYTHONPATH=/home/andrey/Documents/workspace/build/examples_rclpy_minimal_action_server/prefix_override:/home/andrey/Documents/workspace/install/examples_rclpy_minimal_action_server/lib/python3.10/site-packages:${PYTHONPATH} /usr/bin/python3 setup.py develop --uninstall --editable --build-directory /home/andrey/Documents/workspace/build/examples_rclpy_minimal_action_server/build
[3.333s] running develop
[3.333s] /usr/lib/python3/dist-packages/setuptools/command/easy_install.py:158: EasyInstallDeprecationWarning: easy_install command is deprecated. Use build and pip and other standards-based tools.
[3.333s]   warnings.warn(
[3.334s] /usr/lib/python3/dist-packages/setuptools/command/install.py:34: SetuptoolsDeprecationWarning: setup.py install is deprecated. Use build and pip and other standards-based tools.
[3.335s]   warnings.warn(
[3.602s] Removing /home/andrey/Documents/workspace/install/examples_rclpy_minimal_action_server/lib/python3.10/site-packages/examples-rclpy-minimal-action-server.egg-link (link to .)
[3.658s] Invoked command in '/home/andrey/Documents/workspace/build/examples_rclpy_minimal_action_server' returned '0': PYTHONPATH=/home/andrey/Documents/workspace/build/examples_rclpy_minimal_action_server/prefix_override:/home/andrey/Documents/workspace/install/examples_rclpy_minimal_action_server/lib/python3.10/site-packages:${PYTHONPATH} /usr/bin/python3 setup.py develop --uninstall --editable --build-directory /home/andrey/Documents/workspace/build/examples_rclpy_minimal_action_server/build
[3.659s] Invoking command in '/home/andrey/Documents/workspace/src/examples/rclpy/actions/minimal_action_server': PYTHONPATH=/home/andrey/Documents/workspace/build/examples_rclpy_minimal_action_server/prefix_override:/home/andrey/Documents/workspace/install/examples_rclpy_minimal_action_server/lib/python3.10/site-packages:${PYTHONPATH} /usr/bin/python3 setup.py egg_info --egg-base ../../../../../build/examples_rclpy_minimal_action_server build --build-base /home/andrey/Documents/workspace/build/examples_rclpy_minimal_action_server/build install --record /home/andrey/Documents/workspace/build/examples_rclpy_minimal_action_server/install.log --single-version-externally-managed
[4.089s] running egg_info
[4.091s] writing ../../../../../build/examples_rclpy_minimal_action_server/examples_rclpy_minimal_action_server.egg-info/PKG-INFO
[4.096s] writing dependency_links to ../../../../../build/examples_rclpy_minimal_action_server/examples_rclpy_minimal_action_server.egg-info/dependency_links.txt
[4.097s] writing entry points to ../../../../../build/examples_rclpy_minimal_action_server/examples_rclpy_minimal_action_server.egg-info/entry_points.txt
[4.109s] writing requirements to ../../../../../build/examples_rclpy_minimal_action_server/examples_rclpy_minimal_action_server.egg-info/requires.txt
[4.120s] writing top-level names to ../../../../../build/examples_rclpy_minimal_action_server/examples_rclpy_minimal_action_server.egg-info/top_level.txt
[4.122s] reading manifest file '../../../../../build/examples_rclpy_minimal_action_server/examples_rclpy_minimal_action_server.egg-info/SOURCES.txt'
[4.123s] writing manifest file '../../../../../build/examples_rclpy_minimal_action_server/examples_rclpy_minimal_action_server.egg-info/SOURCES.txt'
[4.124s] running build
[4.124s] running build_py
[4.124s] creating /home/andrey/Documents/workspace/build/examples_rclpy_minimal_action_server/build
[4.124s] creating /home/andrey/Documents/workspace/build/examples_rclpy_minimal_action_server/build/lib
[4.124s] creating /home/andrey/Documents/workspace/build/examples_rclpy_minimal_action_server/build/lib/examples_rclpy_minimal_action_server
[4.124s] copying examples_rclpy_minimal_action_server/server_not_composable.py -> /home/andrey/Documents/workspace/build/examples_rclpy_minimal_action_server/build/lib/examples_rclpy_minimal_action_server
[4.124s] copying examples_rclpy_minimal_action_server/server_defer.py -> /home/andrey/Documents/workspace/build/examples_rclpy_minimal_action_server/build/lib/examples_rclpy_minimal_action_server
[4.124s] copying examples_rclpy_minimal_action_server/__init__.py -> /home/andrey/Documents/workspace/build/examples_rclpy_minimal_action_server/build/lib/examples_rclpy_minimal_action_server
[4.125s] copying examples_rclpy_minimal_action_server/server.py -> /home/andrey/Documents/workspace/build/examples_rclpy_minimal_action_server/build/lib/examples_rclpy_minimal_action_server
[4.125s] copying examples_rclpy_minimal_action_server/server_single_goal.py -> /home/andrey/Documents/workspace/build/examples_rclpy_minimal_action_server/build/lib/examples_rclpy_minimal_action_server
[4.125s] copying examples_rclpy_minimal_action_server/server_queue_goals.py -> /home/andrey/Documents/workspace/build/examples_rclpy_minimal_action_server/build/lib/examples_rclpy_minimal_action_server
[4.125s] running install
[4.125s] /usr/lib/python3/dist-packages/setuptools/command/install.py:34: SetuptoolsDeprecationWarning: setup.py install is deprecated. Use build and pip and other standards-based tools.
[4.125s]   warnings.warn(
[4.125s] running install_lib
[4.126s] creating /home/andrey/Documents/workspace/install/examples_rclpy_minimal_action_server/lib/python3.10/site-packages/examples_rclpy_minimal_action_server
[4.126s] copying /home/andrey/Documents/workspace/build/examples_rclpy_minimal_action_server/build/lib/examples_rclpy_minimal_action_server/server_not_composable.py -> /home/andrey/Documents/workspace/install/examples_rclpy_minimal_action_server/lib/python3.10/site-packages/examples_rclpy_minimal_action_server
[4.127s] copying /home/andrey/Documents/workspace/build/examples_rclpy_minimal_action_server/build/lib/examples_rclpy_minimal_action_server/server_defer.py -> /home/andrey/Documents/workspace/install/examples_rclpy_minimal_action_server/lib/python3.10/site-packages/examples_rclpy_minimal_action_server
[4.127s] copying /home/andrey/Documents/workspace/build/examples_rclpy_minimal_action_server/build/lib/examples_rclpy_minimal_action_server/__init__.py -> /home/andrey/Documents/workspace/install/examples_rclpy_minimal_action_server/lib/python3.10/site-packages/examples_rclpy_minimal_action_server
[4.127s] copying /home/andrey/Documents/workspace/build/examples_rclpy_minimal_action_server/build/lib/examples_rclpy_minimal_action_server/server.py -> /home/andrey/Documents/workspace/install/examples_rclpy_minimal_action_server/lib/python3.10/site-packages/examples_rclpy_minimal_action_server
[4.127s] copying /home/andrey/Documents/workspace/build/examples_rclpy_minimal_action_server/build/lib/examples_rclpy_minimal_action_server/server_single_goal.py -> /home/andrey/Documents/workspace/install/examples_rclpy_minimal_action_server/lib/python3.10/site-packages/examples_rclpy_minimal_action_server
[4.127s] copying /home/andrey/Documents/workspace/build/examples_rclpy_minimal_action_server/build/lib/examples_rclpy_minimal_action_server/server_queue_goals.py -> /home/andrey/Documents/workspace/install/examples_rclpy_minimal_action_server/lib/python3.10/site-packages/examples_rclpy_minimal_action_server
[4.128s] byte-compiling /home/andrey/Documents/workspace/install/examples_rclpy_minimal_action_server/lib/python3.10/site-packages/examples_rclpy_minimal_action_server/server_not_composable.py to server_not_composable.cpython-310.pyc
[4.128s] byte-compiling /home/andrey/Documents/workspace/install/examples_rclpy_minimal_action_server/lib/python3.10/site-packages/examples_rclpy_minimal_action_server/server_defer.py to server_defer.cpython-310.pyc
[4.129s] byte-compiling /home/andrey/Documents/workspace/install/examples_rclpy_minimal_action_server/lib/python3.10/site-packages/examples_rclpy_minimal_action_server/__init__.py to __init__.cpython-310.pyc
[4.129s] byte-compiling /home/andrey/Documents/workspace/install/examples_rclpy_minimal_action_server/lib/python3.10/site-packages/examples_rclpy_minimal_action_server/server.py to server.cpython-310.pyc
[4.137s] byte-compiling /home/andrey/Documents/workspace/install/examples_rclpy_minimal_action_server/lib/python3.10/site-packages/examples_rclpy_minimal_action_server/server_single_goal.py to server_single_goal.cpython-310.pyc
[4.137s] byte-compiling /home/andrey/Documents/workspace/install/examples_rclpy_minimal_action_server/lib/python3.10/site-packages/examples_rclpy_minimal_action_server/server_queue_goals.py to server_queue_goals.cpython-310.pyc
[4.137s] running install_data
[4.137s] running install_egg_info
[4.137s] Copying ../../../../../build/examples_rclpy_minimal_action_server/examples_rclpy_minimal_action_server.egg-info to /home/andrey/Documents/workspace/install/examples_rclpy_minimal_action_server/lib/python3.10/site-packages/examples_rclpy_minimal_action_server-0.18.0-py3.10.egg-info
[4.137s] running install_scripts
[4.164s] Installing server script to /home/andrey/Documents/workspace/install/examples_rclpy_minimal_action_server/lib/examples_rclpy_minimal_action_server
[4.165s] Installing server_defer script to /home/andrey/Documents/workspace/install/examples_rclpy_minimal_action_server/lib/examples_rclpy_minimal_action_server
[4.165s] Installing server_not_composable script to /home/andrey/Documents/workspace/install/examples_rclpy_minimal_action_server/lib/examples_rclpy_minimal_action_server
[4.165s] Installing server_queue_goals script to /home/andrey/Documents/workspace/install/examples_rclpy_minimal_action_server/lib/examples_rclpy_minimal_action_server
[4.165s] Installing server_single_goal script to /home/andrey/Documents/workspace/install/examples_rclpy_minimal_action_server/lib/examples_rclpy_minimal_action_server
[4.166s] writing list of installed files to '/home/andrey/Documents/workspace/build/examples_rclpy_minimal_action_server/install.log'
[4.224s] Invoked command in '/home/andrey/Documents/workspace/src/examples/rclpy/actions/minimal_action_server' returned '0': PYTHONPATH=/home/andrey/Documents/workspace/build/examples_rclpy_minimal_action_server/prefix_override:/home/andrey/Documents/workspace/install/examples_rclpy_minimal_action_server/lib/python3.10/site-packages:${PYTHONPATH} /usr/bin/python3 setup.py egg_info --egg-base ../../../../../build/examples_rclpy_minimal_action_server build --build-base /home/andrey/Documents/workspace/build/examples_rclpy_minimal_action_server/build install --record /home/andrey/Documents/workspace/build/examples_rclpy_minimal_action_server/install.log --single-version-externally-managed
