[0.124s] Invoking command in '/home/andrey/Documents/workspace/build/examples_rclcpp_minimal_timer': CMAKE_PREFIX_PATH=/opt/ros/iron /usr/bin/cmake /home/andrey/Documents/workspace/src/examples/rclcpp/timers/minimal_timer -DAMENT_CMAKE_SYMLINK_INSTALL=1 -DCMAKE_INSTALL_PREFIX=/home/andrey/Documents/workspace/install/examples_rclcpp_minimal_timer
[2.256s] -- The C compiler identification is GNU 11.4.0
[2.258s] -- The CXX compiler identification is GNU 11.4.0
[2.258s] -- Detecting C compiler ABI info
[2.258s] -- Detecting C compiler ABI info - done
[2.258s] -- Check for working C compiler: /usr/bin/cc - skipped
[2.258s] -- Detecting C compile features
[2.258s] -- Detecting C compile features - done
[2.258s] -- Detecting CXX compiler ABI info
[2.258s] -- Detecting CXX compiler ABI info - done
[2.258s] -- Check for working CXX compiler: /usr/bin/c++ - skipped
[2.258s] -- Detecting CXX compile features
[2.259s] -- Detecting CXX compile features - done
[2.259s] -- Found ament_cmake: 2.0.3 (/opt/ros/iron/share/ament_cmake/cmake)
[2.259s] -- Found Python3: /usr/bin/python3.10 (found version "3.10.12") found components: Interpreter 
[2.259s] -- Override CMake install command with custom implementation using symlinks instead of copying resources
[2.259s] -- Found rclcpp: 21.0.4 (/opt/ros/iron/share/rclcpp/cmake)
[2.259s] -- Found rosidl_generator_c: 4.0.1 (/opt/ros/iron/share/rosidl_generator_c/cmake)
[2.259s] -- Found rosidl_generator_cpp: 4.0.1 (/opt/ros/iron/share/rosidl_generator_cpp/cmake)
[2.259s] -- Using all available rosidl_typesupport_c: rosidl_typesupport_fastrtps_c;rosidl_typesupport_introspection_c
[2.259s] -- Using all available rosidl_typesupport_cpp: rosidl_typesupport_fastrtps_cpp;rosidl_typesupport_introspection_cpp
[2.259s] -- Found rmw_implementation_cmake: 7.1.0 (/opt/ros/iron/share/rmw_implementation_cmake/cmake)
[2.259s] -- Found rmw_fastrtps_cpp: 7.1.2 (/opt/ros/iron/share/rmw_fastrtps_cpp/cmake)
[2.259s] -- Found OpenSSL: /usr/lib/x86_64-linux-gnu/libcrypto.so (found version "3.0.2")  
[2.260s] -- Found FastRTPS: /opt/ros/iron/include  
[2.260s] -- Using RMW implementation 'rmw_fastrtps_cpp' as default
[2.260s] -- Found ament_lint_auto: 0.14.2 (/opt/ros/iron/share/ament_lint_auto/cmake)
[2.260s] -- Added test 'copyright' to check source files copyright and LICENSE
[2.260s] -- Added test 'cppcheck' to perform static code analysis on C / C++ code
[2.260s] -- Configured cppcheck include dirs: 
[2.260s] -- Configured cppcheck exclude dirs and/or files: 
[2.260s] -- Added test 'cpplint' to check C / C++ code against the Google style
[2.260s] -- Configured cpplint exclude dirs and/or files: 
[2.260s] -- Added test 'lint_cmake' to check CMake code style
[2.260s] -- Added test 'uncrustify' to check C / C++ code style
[2.260s] -- Configured uncrustify additional arguments: 
[2.260s] -- Added test 'xmllint' to check XML markup files
[2.261s] -- Configuring done
[2.261s] -- Generating done
[2.261s] -- Build files have been written to: /home/andrey/Documents/workspace/build/examples_rclcpp_minimal_timer
[2.277s] Invoked command in '/home/andrey/Documents/workspace/build/examples_rclcpp_minimal_timer' returned '0': CMAKE_PREFIX_PATH=/opt/ros/iron /usr/bin/cmake /home/andrey/Documents/workspace/src/examples/rclcpp/timers/minimal_timer -DAMENT_CMAKE_SYMLINK_INSTALL=1 -DCMAKE_INSTALL_PREFIX=/home/andrey/Documents/workspace/install/examples_rclcpp_minimal_timer
[2.278s] Invoking command in '/home/andrey/Documents/workspace/build/examples_rclcpp_minimal_timer': CMAKE_PREFIX_PATH=/opt/ros/iron /usr/bin/cmake --build /home/andrey/Documents/workspace/build/examples_rclcpp_minimal_timer -- -j12 -l12
[2.470s] [ 25%] [32mBuilding CXX object CMakeFiles/timer_member_function.dir/member_function.cpp.o[0m
[2.470s] [ 50%] [32mBuilding CXX object CMakeFiles/timer_lambda.dir/lambda.cpp.o[0m
[22.134s] [ 75%] [32m[1mLinking CXX executable timer_lambda[0m
[22.889s] [ 75%] Built target timer_lambda
[24.508s] [100%] [32m[1mLinking CXX executable timer_member_function[0m
[24.959s] [100%] Built target timer_member_function
[24.991s] Invoked command in '/home/andrey/Documents/workspace/build/examples_rclcpp_minimal_timer' returned '0': CMAKE_PREFIX_PATH=/opt/ros/iron /usr/bin/cmake --build /home/andrey/Documents/workspace/build/examples_rclcpp_minimal_timer -- -j12 -l12
[25.130s] Invoking command in '/home/andrey/Documents/workspace/build/examples_rclcpp_minimal_timer': CMAKE_PREFIX_PATH=/opt/ros/iron /usr/bin/cmake --install /home/andrey/Documents/workspace/build/examples_rclcpp_minimal_timer
[28.999s] -- Install configuration: ""
[28.999s] -- Execute custom install script
[28.999s] -- Symlinking: /home/andrey/Documents/workspace/install/examples_rclcpp_minimal_timer/lib/examples_rclcpp_minimal_timer/timer_lambda
[28.999s] -- Symlinking: /home/andrey/Documents/workspace/install/examples_rclcpp_minimal_timer/lib/examples_rclcpp_minimal_timer/timer_member_function
[28.999s] -- Symlinking: /home/andrey/Documents/workspace/install/examples_rclcpp_minimal_timer/share/ament_index/resource_index/package_run_dependencies/examples_rclcpp_minimal_timer
[28.999s] -- Symlinking: /home/andrey/Documents/workspace/install/examples_rclcpp_minimal_timer/share/ament_index/resource_index/parent_prefix_path/examples_rclcpp_minimal_timer
[28.999s] -- Symlinking: /home/andrey/Documents/workspace/install/examples_rclcpp_minimal_timer/share/examples_rclcpp_minimal_timer/environment/ament_prefix_path.sh
[28.999s] -- Symlinking: /home/andrey/Documents/workspace/install/examples_rclcpp_minimal_timer/share/examples_rclcpp_minimal_timer/environment/ament_prefix_path.dsv
[29.000s] -- Symlinking: /home/andrey/Documents/workspace/install/examples_rclcpp_minimal_timer/share/examples_rclcpp_minimal_timer/environment/path.sh
[29.000s] -- Symlinking: /home/andrey/Documents/workspace/install/examples_rclcpp_minimal_timer/share/examples_rclcpp_minimal_timer/environment/path.dsv
[29.000s] -- Symlinking: /home/andrey/Documents/workspace/install/examples_rclcpp_minimal_timer/share/examples_rclcpp_minimal_timer/local_setup.bash
[29.000s] -- Symlinking: /home/andrey/Documents/workspace/install/examples_rclcpp_minimal_timer/share/examples_rclcpp_minimal_timer/local_setup.sh
[29.000s] -- Symlinking: /home/andrey/Documents/workspace/install/examples_rclcpp_minimal_timer/share/examples_rclcpp_minimal_timer/local_setup.zsh
[29.000s] -- Symlinking: /home/andrey/Documents/workspace/install/examples_rclcpp_minimal_timer/share/examples_rclcpp_minimal_timer/local_setup.dsv
[29.000s] -- Symlinking: /home/andrey/Documents/workspace/install/examples_rclcpp_minimal_timer/share/examples_rclcpp_minimal_timer/package.dsv
[29.000s] -- Symlinking: /home/andrey/Documents/workspace/install/examples_rclcpp_minimal_timer/share/ament_index/resource_index/packages/examples_rclcpp_minimal_timer
[29.000s] -- Symlinking: /home/andrey/Documents/workspace/install/examples_rclcpp_minimal_timer/share/examples_rclcpp_minimal_timer/cmake/examples_rclcpp_minimal_timerConfig.cmake
[29.000s] -- Symlinking: /home/andrey/Documents/workspace/install/examples_rclcpp_minimal_timer/share/examples_rclcpp_minimal_timer/cmake/examples_rclcpp_minimal_timerConfig-version.cmake
[29.000s] -- Symlinking: /home/andrey/Documents/workspace/install/examples_rclcpp_minimal_timer/share/examples_rclcpp_minimal_timer/package.xml
[29.043s] Invoked command in '/home/andrey/Documents/workspace/build/examples_rclcpp_minimal_timer' returned '0': CMAKE_PREFIX_PATH=/opt/ros/iron /usr/bin/cmake --install /home/andrey/Documents/workspace/build/examples_rclcpp_minimal_timer
