[0.248s] Invoking command in '/home/andrey/Documents/workspace/build/examples_rclcpp_minimal_publisher': CMAKE_PREFIX_PATH=/opt/ros/iron /usr/bin/cmake --build /home/andrey/Documents/workspace/build/examples_rclcpp_minimal_publisher -- -j12 -l12
[0.356s] [ 16%] Built target publisher_lambda
[0.395s] [ 33%] Built target publisher_member_function
[0.396s] [ 50%] Built target publisher_wait_for_all_acked
[0.402s] [ 66%] Built target publisher_member_function_with_type_adapter
[0.408s] [ 83%] Built target publisher_member_function_with_unique_network_flow_endpoints
[0.420s] [100%] Built target publisher_not_composable
[0.445s] Invoked command in '/home/andrey/Documents/workspace/build/examples_rclcpp_minimal_publisher' returned '0': CMAKE_PREFIX_PATH=/opt/ros/iron /usr/bin/cmake --build /home/andrey/Documents/workspace/build/examples_rclcpp_minimal_publisher -- -j12 -l12
[0.776s] Invoking command in '/home/andrey/Documents/workspace/build/examples_rclcpp_minimal_publisher': CMAKE_PREFIX_PATH=/opt/ros/iron /usr/bin/cmake --install /home/andrey/Documents/workspace/build/examples_rclcpp_minimal_publisher
[0.849s] -- Install configuration: ""
[0.849s] -- Execute custom install script
[0.849s] -- Up-to-date symlink: /home/andrey/Documents/workspace/install/examples_rclcpp_minimal_publisher/lib/examples_rclcpp_minimal_publisher/publisher_lambda
[0.849s] -- Up-to-date symlink: /home/andrey/Documents/workspace/install/examples_rclcpp_minimal_publisher/lib/examples_rclcpp_minimal_publisher/publisher_member_function
[0.850s] -- Up-to-date symlink: /home/andrey/Documents/workspace/install/examples_rclcpp_minimal_publisher/lib/examples_rclcpp_minimal_publisher/publisher_member_function_with_type_adapter
[0.850s] -- Up-to-date symlink: /home/andrey/Documents/workspace/install/examples_rclcpp_minimal_publisher/lib/examples_rclcpp_minimal_publisher/publisher_member_function_with_unique_network_flow_endpoints
[0.850s] -- Up-to-date symlink: /home/andrey/Documents/workspace/install/examples_rclcpp_minimal_publisher/lib/examples_rclcpp_minimal_publisher/publisher_wait_for_all_acked
[0.850s] -- Up-to-date symlink: /home/andrey/Documents/workspace/install/examples_rclcpp_minimal_publisher/lib/examples_rclcpp_minimal_publisher/publisher_not_composable
[0.850s] -- Up-to-date symlink: /home/andrey/Documents/workspace/install/examples_rclcpp_minimal_publisher/share/ament_index/resource_index/package_run_dependencies/examples_rclcpp_minimal_publisher
[0.851s] -- Up-to-date symlink: /home/andrey/Documents/workspace/install/examples_rclcpp_minimal_publisher/share/ament_index/resource_index/parent_prefix_path/examples_rclcpp_minimal_publisher
[0.851s] -- Up-to-date symlink: /home/andrey/Documents/workspace/install/examples_rclcpp_minimal_publisher/share/examples_rclcpp_minimal_publisher/environment/ament_prefix_path.sh
[0.851s] -- Up-to-date symlink: /home/andrey/Documents/workspace/install/examples_rclcpp_minimal_publisher/share/examples_rclcpp_minimal_publisher/environment/ament_prefix_path.dsv
[0.851s] -- Up-to-date symlink: /home/andrey/Documents/workspace/install/examples_rclcpp_minimal_publisher/share/examples_rclcpp_minimal_publisher/environment/path.sh
[0.851s] -- Up-to-date symlink: /home/andrey/Documents/workspace/install/examples_rclcpp_minimal_publisher/share/examples_rclcpp_minimal_publisher/environment/path.dsv
[0.851s] -- Up-to-date symlink: /home/andrey/Documents/workspace/install/examples_rclcpp_minimal_publisher/share/examples_rclcpp_minimal_publisher/local_setup.bash
[0.851s] -- Up-to-date symlink: /home/andrey/Documents/workspace/install/examples_rclcpp_minimal_publisher/share/examples_rclcpp_minimal_publisher/local_setup.sh
[0.852s] -- Up-to-date symlink: /home/andrey/Documents/workspace/install/examples_rclcpp_minimal_publisher/share/examples_rclcpp_minimal_publisher/local_setup.zsh
[0.852s] -- Up-to-date symlink: /home/andrey/Documents/workspace/install/examples_rclcpp_minimal_publisher/share/examples_rclcpp_minimal_publisher/local_setup.dsv
[0.852s] -- Symlinking: /home/andrey/Documents/workspace/install/examples_rclcpp_minimal_publisher/share/examples_rclcpp_minimal_publisher/package.dsv
[0.852s] -- Up-to-date symlink: /home/andrey/Documents/workspace/install/examples_rclcpp_minimal_publisher/share/ament_index/resource_index/packages/examples_rclcpp_minimal_publisher
[0.852s] -- Up-to-date symlink: /home/andrey/Documents/workspace/install/examples_rclcpp_minimal_publisher/share/examples_rclcpp_minimal_publisher/cmake/examples_rclcpp_minimal_publisherConfig.cmake
[0.852s] -- Up-to-date symlink: /home/andrey/Documents/workspace/install/examples_rclcpp_minimal_publisher/share/examples_rclcpp_minimal_publisher/cmake/examples_rclcpp_minimal_publisherConfig-version.cmake
[0.853s] -- Up-to-date symlink: /home/andrey/Documents/workspace/install/examples_rclcpp_minimal_publisher/share/examples_rclcpp_minimal_publisher/package.xml
[1.155s] Invoked command in '/home/andrey/Documents/workspace/build/examples_rclcpp_minimal_publisher' returned '0': CMAKE_PREFIX_PATH=/opt/ros/iron /usr/bin/cmake --install /home/andrey/Documents/workspace/build/examples_rclcpp_minimal_publisher
