[0.266s] Invoking command in '/home/andrey/Documents/workspace/build/examples_rclcpp_minimal_composition': CMAKE_PREFIX_PATH=/opt/ros/iron /usr/bin/cmake /home/andrey/Documents/workspace/src/examples/rclcpp/composition/minimal_composition -DAMENT_CMAKE_SYMLINK_INSTALL=1 -DCMAKE_INSTALL_PREFIX=/home/andrey/Documents/workspace/install/examples_rclcpp_minimal_composition
[0.458s] -- The C compiler identification is GNU 11.4.0
[0.616s] -- The CXX compiler identification is GNU 11.4.0
[0.624s] -- Detecting C compiler ABI info
[0.719s] -- Detecting C compiler ABI info - done
[0.729s] -- Check for working C compiler: /usr/bin/cc - skipped
[0.730s] -- Detecting C compile features
[0.730s] -- Detecting C compile features - done
[0.735s] -- Detecting CXX compiler ABI info
[0.839s] -- Detecting CXX compiler ABI info - done
[0.848s] -- Check for working CXX compiler: /usr/bin/c++ - skipped
[0.849s] -- Detecting CXX compile features
[0.849s] -- Detecting CXX compile features - done
[0.856s] -- Found ament_cmake: 2.0.3 (/opt/ros/iron/share/ament_cmake/cmake)
[1.100s] -- Found Python3: /usr/bin/python3.10 (found version "3.10.12") found components: Interpreter 
[1.175s] -- Override CMake install command with custom implementation using symlinks instead of copying resources
[1.210s] -- Found rclcpp: 21.0.4 (/opt/ros/iron/share/rclcpp/cmake)
[1.265s] -- Found rosidl_generator_c: 4.0.1 (/opt/ros/iron/share/rosidl_generator_c/cmake)
[1.280s] -- Found rosidl_generator_cpp: 4.0.1 (/opt/ros/iron/share/rosidl_generator_cpp/cmake)
[1.308s] -- Using all available rosidl_typesupport_c: rosidl_typesupport_fastrtps_c;rosidl_typesupport_introspection_c
[1.335s] -- Using all available rosidl_typesupport_cpp: rosidl_typesupport_fastrtps_cpp;rosidl_typesupport_introspection_cpp
[1.582s] -- Found rmw_implementation_cmake: 7.1.0 (/opt/ros/iron/share/rmw_implementation_cmake/cmake)
[1.587s] -- Found rmw_fastrtps_cpp: 7.1.2 (/opt/ros/iron/share/rmw_fastrtps_cpp/cmake)
[1.795s] -- Found OpenSSL: /usr/lib/x86_64-linux-gnu/libcrypto.so (found version "3.0.2")  
[1.836s] -- Found FastRTPS: /opt/ros/iron/include  
[1.900s] -- Using RMW implementation 'rmw_fastrtps_cpp' as default
[2.174s] -- Found rclcpp_components: 21.0.4 (/opt/ros/iron/share/rclcpp_components/cmake)
[2.331s] -- Found std_msgs: 5.0.0 (/opt/ros/iron/share/std_msgs/cmake)
[2.381s] -- Found ament_lint_auto: 0.14.2 (/opt/ros/iron/share/ament_lint_auto/cmake)
[2.479s] -- Added test 'copyright' to check source files copyright and LICENSE
[2.482s] -- Added test 'cppcheck' to perform static code analysis on C / C++ code
[2.482s] -- Configured cppcheck include dirs: /home/andrey/Documents/workspace/src/examples/rclcpp/composition/minimal_composition/include
[2.482s] -- Configured cppcheck exclude dirs and/or files: 
[2.485s] -- Added test 'cpplint' to check C / C++ code against the Google style
[2.485s] -- Configured cpplint exclude dirs and/or files: 
[2.486s] -- Added test 'lint_cmake' to check CMake code style
[2.488s] -- Added test 'uncrustify' to check C / C++ code style
[2.488s] -- Configured uncrustify additional arguments: 
[2.489s] -- Added test 'xmllint' to check XML markup files
[2.496s] -- Configuring done
[2.542s] -- Generating done
[2.550s] -- Build files have been written to: /home/andrey/Documents/workspace/build/examples_rclcpp_minimal_composition
[2.593s] Invoked command in '/home/andrey/Documents/workspace/build/examples_rclcpp_minimal_composition' returned '0': CMAKE_PREFIX_PATH=/opt/ros/iron /usr/bin/cmake /home/andrey/Documents/workspace/src/examples/rclcpp/composition/minimal_composition -DAMENT_CMAKE_SYMLINK_INSTALL=1 -DCMAKE_INSTALL_PREFIX=/home/andrey/Documents/workspace/install/examples_rclcpp_minimal_composition
[2.594s] Invoking command in '/home/andrey/Documents/workspace/build/examples_rclcpp_minimal_composition': CMAKE_PREFIX_PATH=/opt/ros/iron /usr/bin/cmake --build /home/andrey/Documents/workspace/build/examples_rclcpp_minimal_composition -- -j12 -l12
[2.895s] [ 11%] [32mBuilding CXX object CMakeFiles/composition_nodes.dir/src/publisher_node.cpp.o[0m
[2.913s] [ 22%] [32mBuilding CXX object CMakeFiles/composition_nodes.dir/src/subscriber_node.cpp.o[0m
[35.525s] [ 33%] [32m[1mLinking CXX shared library libcomposition_nodes.so[0m
[37.702s] [ 33%] Built target composition_nodes
[37.733s] [ 44%] [32mBuilding CXX object CMakeFiles/composition_publisher.dir/src/standalone_publisher.cpp.o[0m
[42.856s] [ 55%] [32m[1mLinking CXX executable composition_publisher[0m
[43.010s] [ 55%] Built target composition_publisher
[43.041s] [ 66%] [32mBuilding CXX object CMakeFiles/composition_composed.dir/src/composed.cpp.o[0m
[45.664s] [ 77%] [32m[1mLinking CXX executable composition_composed[0m
[45.797s] [ 77%] Built target composition_composed
[45.816s] [ 88%] [32mBuilding CXX object CMakeFiles/composition_subscriber.dir/src/standalone_subscriber.cpp.o[0m
[48.416s] [100%] [32m[1mLinking CXX executable composition_subscriber[0m
[48.693s] [100%] Built target composition_subscriber
[48.905s] Invoked command in '/home/andrey/Documents/workspace/build/examples_rclcpp_minimal_composition' returned '0': CMAKE_PREFIX_PATH=/opt/ros/iron /usr/bin/cmake --build /home/andrey/Documents/workspace/build/examples_rclcpp_minimal_composition -- -j12 -l12
[49.050s] Invoking command in '/home/andrey/Documents/workspace/build/examples_rclcpp_minimal_composition': CMAKE_PREFIX_PATH=/opt/ros/iron /usr/bin/cmake --install /home/andrey/Documents/workspace/build/examples_rclcpp_minimal_composition
[49.163s] -- Install configuration: ""
[49.164s] -- Execute custom install script
[49.164s] -- Symlinking: /home/andrey/Documents/workspace/install/examples_rclcpp_minimal_composition/share/examples_rclcpp_minimal_composition/environment/library_path.sh
[49.172s] -- Symlinking: /home/andrey/Documents/workspace/install/examples_rclcpp_minimal_composition/share/examples_rclcpp_minimal_composition/environment/library_path.dsv
[49.180s] -- Symlinking: /home/andrey/Documents/workspace/install/examples_rclcpp_minimal_composition/lib/libcomposition_nodes.so
[49.187s] -- Symlinking: /home/andrey/Documents/workspace/install/examples_rclcpp_minimal_composition/lib/examples_rclcpp_minimal_composition/composition_publisher
[49.194s] -- Symlinking: /home/andrey/Documents/workspace/install/examples_rclcpp_minimal_composition/lib/examples_rclcpp_minimal_composition/composition_subscriber
[49.201s] -- Symlinking: /home/andrey/Documents/workspace/install/examples_rclcpp_minimal_composition/lib/examples_rclcpp_minimal_composition/composition_composed
[49.208s] -- Symlinking: /home/andrey/Documents/workspace/install/examples_rclcpp_minimal_composition/share/ament_index/resource_index/package_run_dependencies/examples_rclcpp_minimal_composition
[49.215s] -- Symlinking: /home/andrey/Documents/workspace/install/examples_rclcpp_minimal_composition/share/ament_index/resource_index/parent_prefix_path/examples_rclcpp_minimal_composition
[49.224s] -- Symlinking: /home/andrey/Documents/workspace/install/examples_rclcpp_minimal_composition/share/examples_rclcpp_minimal_composition/environment/ament_prefix_path.sh
[49.233s] -- Symlinking: /home/andrey/Documents/workspace/install/examples_rclcpp_minimal_composition/share/examples_rclcpp_minimal_composition/environment/ament_prefix_path.dsv
[49.241s] -- Symlinking: /home/andrey/Documents/workspace/install/examples_rclcpp_minimal_composition/share/examples_rclcpp_minimal_composition/environment/path.sh
[49.248s] -- Symlinking: /home/andrey/Documents/workspace/install/examples_rclcpp_minimal_composition/share/examples_rclcpp_minimal_composition/environment/path.dsv
[49.255s] -- Symlinking: /home/andrey/Documents/workspace/install/examples_rclcpp_minimal_composition/share/examples_rclcpp_minimal_composition/local_setup.bash
[49.262s] -- Symlinking: /home/andrey/Documents/workspace/install/examples_rclcpp_minimal_composition/share/examples_rclcpp_minimal_composition/local_setup.sh
[49.268s] -- Symlinking: /home/andrey/Documents/workspace/install/examples_rclcpp_minimal_composition/share/examples_rclcpp_minimal_composition/local_setup.zsh
[49.275s] -- Symlinking: /home/andrey/Documents/workspace/install/examples_rclcpp_minimal_composition/share/examples_rclcpp_minimal_composition/local_setup.dsv
[49.283s] -- Symlinking: /home/andrey/Documents/workspace/install/examples_rclcpp_minimal_composition/share/examples_rclcpp_minimal_composition/package.dsv
[49.291s] -- Symlinking: /home/andrey/Documents/workspace/install/examples_rclcpp_minimal_composition/share/ament_index/resource_index/packages/examples_rclcpp_minimal_composition
[49.298s] -- Symlinking: /home/andrey/Documents/workspace/install/examples_rclcpp_minimal_composition/share/examples_rclcpp_minimal_composition/cmake/examples_rclcpp_minimal_compositionConfig.cmake
[49.305s] -- Symlinking: /home/andrey/Documents/workspace/install/examples_rclcpp_minimal_composition/share/examples_rclcpp_minimal_composition/cmake/examples_rclcpp_minimal_compositionConfig-version.cmake
[49.312s] -- Symlinking: /home/andrey/Documents/workspace/install/examples_rclcpp_minimal_composition/share/examples_rclcpp_minimal_composition/package.xml
[49.320s] Invoked command in '/home/andrey/Documents/workspace/build/examples_rclcpp_minimal_composition' returned '0': CMAKE_PREFIX_PATH=/opt/ros/iron /usr/bin/cmake --install /home/andrey/Documents/workspace/build/examples_rclcpp_minimal_composition
