[3.263s] Invoking command in '/home/andrey/Documents/workspace/src/examples/rclpy/services/minimal_client': PYTHONPATH=/home/andrey/Documents/workspace/build/examples_rclpy_minimal_client/prefix_override:/home/andrey/Documents/workspace/install/examples_rclpy_minimal_client/lib/python3.10/site-packages:${PYTHONPATH} /usr/bin/python3 setup.py egg_info --egg-base ../../../../../build/examples_rclpy_minimal_client build --build-base /home/andrey/Documents/workspace/build/examples_rclpy_minimal_client/build install --record /home/andrey/Documents/workspace/build/examples_rclpy_minimal_client/install.log --single-version-externally-managed
[3.732s] running egg_info
[3.733s] writing ../../../../../build/examples_rclpy_minimal_client/examples_rclpy_minimal_client.egg-info/PKG-INFO
[3.733s] writing dependency_links to ../../../../../build/examples_rclpy_minimal_client/examples_rclpy_minimal_client.egg-info/dependency_links.txt
[3.733s] writing entry points to ../../../../../build/examples_rclpy_minimal_client/examples_rclpy_minimal_client.egg-info/entry_points.txt
[3.734s] writing requirements to ../../../../../build/examples_rclpy_minimal_client/examples_rclpy_minimal_client.egg-info/requires.txt
[3.734s] writing top-level names to ../../../../../build/examples_rclpy_minimal_client/examples_rclpy_minimal_client.egg-info/top_level.txt
[3.748s] reading manifest file '../../../../../build/examples_rclpy_minimal_client/examples_rclpy_minimal_client.egg-info/SOURCES.txt'
[3.749s] writing manifest file '../../../../../build/examples_rclpy_minimal_client/examples_rclpy_minimal_client.egg-info/SOURCES.txt'
[3.749s] running build
[3.749s] running build_py
[3.749s] running install
[3.749s] /usr/lib/python3/dist-packages/setuptools/command/install.py:34: SetuptoolsDeprecationWarning: setup.py install is deprecated. Use build and pip and other standards-based tools.
[3.749s] running install_lib
[3.749s] running install_data
[3.749s] running install_egg_info
[3.749s]   warnings.warn(
[3.751s] removing '/home/andrey/Documents/workspace/install/examples_rclpy_minimal_client/lib/python3.10/site-packages/examples_rclpy_minimal_client-0.18.0-py3.10.egg-info' (and everything under it)
[3.751s] Copying ../../../../../build/examples_rclpy_minimal_client/examples_rclpy_minimal_client.egg-info to /home/andrey/Documents/workspace/install/examples_rclpy_minimal_client/lib/python3.10/site-packages/examples_rclpy_minimal_client-0.18.0-py3.10.egg-info
[3.751s] running install_scripts
[3.772s] Installing client script to /home/andrey/Documents/workspace/install/examples_rclpy_minimal_client/lib/examples_rclpy_minimal_client
[3.772s] Installing client_async script to /home/andrey/Documents/workspace/install/examples_rclpy_minimal_client/lib/examples_rclpy_minimal_client
[3.772s] Installing client_async_callback script to /home/andrey/Documents/workspace/install/examples_rclpy_minimal_client/lib/examples_rclpy_minimal_client
[3.773s] Installing client_async_member_function script to /home/andrey/Documents/workspace/install/examples_rclpy_minimal_client/lib/examples_rclpy_minimal_client
[3.773s] writing list of installed files to '/home/andrey/Documents/workspace/build/examples_rclpy_minimal_client/install.log'
[3.941s] Invoked command in '/home/andrey/Documents/workspace/src/examples/rclpy/services/minimal_client' returned '0': PYTHONPATH=/home/andrey/Documents/workspace/build/examples_rclpy_minimal_client/prefix_override:/home/andrey/Documents/workspace/install/examples_rclpy_minimal_client/lib/python3.10/site-packages:${PYTHONPATH} /usr/bin/python3 setup.py egg_info --egg-base ../../../../../build/examples_rclpy_minimal_client build --build-base /home/andrey/Documents/workspace/build/examples_rclpy_minimal_client/build install --record /home/andrey/Documents/workspace/build/examples_rclpy_minimal_client/install.log --single-version-externally-managed
