[2.841s] Invoking command in '/home/andrey/Documents/workspace/build/examples_rclpy_minimal_service': PYTHONPATH=/home/andrey/Documents/workspace/build/examples_rclpy_minimal_service/prefix_override:/home/andrey/Documents/workspace/install/examples_rclpy_minimal_service/lib/python3.10/site-packages:${PYTHONPATH} /usr/bin/python3 setup.py develop --uninstall --editable --build-directory /home/andrey/Documents/workspace/build/examples_rclpy_minimal_service/build
[3.190s] running develop
[3.191s] /usr/lib/python3/dist-packages/setuptools/command/easy_install.py:158: EasyInstallDeprecationWarning: easy_install command is deprecated. Use build and pip and other standards-based tools.
[3.191s]   warnings.warn(
[3.193s] /usr/lib/python3/dist-packages/setuptools/command/install.py:34: SetuptoolsDeprecationWarning: setup.py install is deprecated. Use build and pip and other standards-based tools.
[3.193s]   warnings.warn(
[3.437s] Removing /home/andrey/Documents/workspace/install/examples_rclpy_minimal_service/lib/python3.10/site-packages/examples-rclpy-minimal-service.egg-link (link to .)
[3.477s] Invoked command in '/home/andrey/Documents/workspace/build/examples_rclpy_minimal_service' returned '0': PYTHONPATH=/home/andrey/Documents/workspace/build/examples_rclpy_minimal_service/prefix_override:/home/andrey/Documents/workspace/install/examples_rclpy_minimal_service/lib/python3.10/site-packages:${PYTHONPATH} /usr/bin/python3 setup.py develop --uninstall --editable --build-directory /home/andrey/Documents/workspace/build/examples_rclpy_minimal_service/build
[3.477s] Invoking command in '/home/andrey/Documents/workspace/src/examples/rclpy/services/minimal_service': PYTHONPATH=/home/andrey/Documents/workspace/build/examples_rclpy_minimal_service/prefix_override:/home/andrey/Documents/workspace/install/examples_rclpy_minimal_service/lib/python3.10/site-packages:${PYTHONPATH} /usr/bin/python3 setup.py egg_info --egg-base ../../../../../build/examples_rclpy_minimal_service build --build-base /home/andrey/Documents/workspace/build/examples_rclpy_minimal_service/build install --record /home/andrey/Documents/workspace/build/examples_rclpy_minimal_service/install.log --single-version-externally-managed
[3.919s] running egg_info
[3.920s] writing ../../../../../build/examples_rclpy_minimal_service/examples_rclpy_minimal_service.egg-info/PKG-INFO
[3.921s] writing dependency_links to ../../../../../build/examples_rclpy_minimal_service/examples_rclpy_minimal_service.egg-info/dependency_links.txt
[3.921s] writing entry points to ../../../../../build/examples_rclpy_minimal_service/examples_rclpy_minimal_service.egg-info/entry_points.txt
[3.921s] writing requirements to ../../../../../build/examples_rclpy_minimal_service/examples_rclpy_minimal_service.egg-info/requires.txt
[3.921s] writing top-level names to ../../../../../build/examples_rclpy_minimal_service/examples_rclpy_minimal_service.egg-info/top_level.txt
[3.925s] reading manifest file '../../../../../build/examples_rclpy_minimal_service/examples_rclpy_minimal_service.egg-info/SOURCES.txt'
[3.935s] writing manifest file '../../../../../build/examples_rclpy_minimal_service/examples_rclpy_minimal_service.egg-info/SOURCES.txt'
[3.943s] running build
[3.943s] running build_py
[3.943s] creating /home/andrey/Documents/workspace/build/examples_rclpy_minimal_service/build
[3.943s] creating /home/andrey/Documents/workspace/build/examples_rclpy_minimal_service/build/lib
[3.943s] creating /home/andrey/Documents/workspace/build/examples_rclpy_minimal_service/build/lib/examples_rclpy_minimal_service
[3.944s] copying examples_rclpy_minimal_service/__init__.py -> /home/andrey/Documents/workspace/build/examples_rclpy_minimal_service/build/lib/examples_rclpy_minimal_service
[3.944s] copying examples_rclpy_minimal_service/service.py -> /home/andrey/Documents/workspace/build/examples_rclpy_minimal_service/build/lib/examples_rclpy_minimal_service
[3.944s] copying examples_rclpy_minimal_service/service_member_function.py -> /home/andrey/Documents/workspace/build/examples_rclpy_minimal_service/build/lib/examples_rclpy_minimal_service
[3.946s] /usr/lib/python3/dist-packages/setuptools/command/install.py:34: SetuptoolsDeprecationWarning: setup.py install is deprecated. Use build and pip and other standards-based tools.
[3.946s]   warnings.warn(
[3.958s] running install
[3.958s] running install_lib
[3.958s] creating /home/andrey/Documents/workspace/install/examples_rclpy_minimal_service/lib/python3.10/site-packages/examples_rclpy_minimal_service
[3.958s] copying /home/andrey/Documents/workspace/build/examples_rclpy_minimal_service/build/lib/examples_rclpy_minimal_service/__init__.py -> /home/andrey/Documents/workspace/install/examples_rclpy_minimal_service/lib/python3.10/site-packages/examples_rclpy_minimal_service
[3.958s] copying /home/andrey/Documents/workspace/build/examples_rclpy_minimal_service/build/lib/examples_rclpy_minimal_service/service.py -> /home/andrey/Documents/workspace/install/examples_rclpy_minimal_service/lib/python3.10/site-packages/examples_rclpy_minimal_service
[3.958s] copying /home/andrey/Documents/workspace/build/examples_rclpy_minimal_service/build/lib/examples_rclpy_minimal_service/service_member_function.py -> /home/andrey/Documents/workspace/install/examples_rclpy_minimal_service/lib/python3.10/site-packages/examples_rclpy_minimal_service
[3.958s] byte-compiling /home/andrey/Documents/workspace/install/examples_rclpy_minimal_service/lib/python3.10/site-packages/examples_rclpy_minimal_service/__init__.py to __init__.cpython-310.pyc
[3.959s] byte-compiling /home/andrey/Documents/workspace/install/examples_rclpy_minimal_service/lib/python3.10/site-packages/examples_rclpy_minimal_service/service.py to service.cpython-310.pyc
[3.959s] byte-compiling /home/andrey/Documents/workspace/install/examples_rclpy_minimal_service/lib/python3.10/site-packages/examples_rclpy_minimal_service/service_member_function.py to service_member_function.cpython-310.pyc
[3.959s] running install_data
[3.959s] running install_egg_info
[3.959s] Copying ../../../../../build/examples_rclpy_minimal_service/examples_rclpy_minimal_service.egg-info to /home/andrey/Documents/workspace/install/examples_rclpy_minimal_service/lib/python3.10/site-packages/examples_rclpy_minimal_service-0.18.0-py3.10.egg-info
[3.959s] running install_scripts
[3.988s] Installing service script to /home/andrey/Documents/workspace/install/examples_rclpy_minimal_service/lib/examples_rclpy_minimal_service
[3.989s] Installing service_member_function script to /home/andrey/Documents/workspace/install/examples_rclpy_minimal_service/lib/examples_rclpy_minimal_service
[3.989s] writing list of installed files to '/home/andrey/Documents/workspace/build/examples_rclpy_minimal_service/install.log'
[4.135s] Invoked command in '/home/andrey/Documents/workspace/src/examples/rclpy/services/minimal_service' returned '0': PYTHONPATH=/home/andrey/Documents/workspace/build/examples_rclpy_minimal_service/prefix_override:/home/andrey/Documents/workspace/install/examples_rclpy_minimal_service/lib/python3.10/site-packages:${PYTHONPATH} /usr/bin/python3 setup.py egg_info --egg-base ../../../../../build/examples_rclpy_minimal_service build --build-base /home/andrey/Documents/workspace/build/examples_rclpy_minimal_service/build install --record /home/andrey/Documents/workspace/build/examples_rclpy_minimal_service/install.log --single-version-externally-managed
