[0.352s] Invoking command in '/home/andrey/Documents/workspace/build/examples_rclcpp_minimal_action_server': CMAKE_PREFIX_PATH=/opt/ros/iron /usr/bin/cmake --build /home/andrey/Documents/workspace/build/examples_rclcpp_minimal_action_server -- -j12 -l12
[0.463s] [ 50%] Built target action_server_not_composable
[0.481s] [100%] Built target action_server_member_functions
[0.522s] Invoked command in '/home/andrey/Documents/workspace/build/examples_rclcpp_minimal_action_server' returned '0': CMAKE_PREFIX_PATH=/opt/ros/iron /usr/bin/cmake --build /home/andrey/Documents/workspace/build/examples_rclcpp_minimal_action_server -- -j12 -l12
[0.604s] Invoking command in '/home/andrey/Documents/workspace/build/examples_rclcpp_minimal_action_server': CMAKE_PREFIX_PATH=/opt/ros/iron /usr/bin/cmake --install /home/andrey/Documents/workspace/build/examples_rclcpp_minimal_action_server
[0.608s] -- Install configuration: ""
[0.608s] -- Execute custom install script
[0.608s] -- Up-to-date symlink: /home/andrey/Documents/workspace/install/examples_rclcpp_minimal_action_server/lib/examples_rclcpp_minimal_action_server/action_server_not_composable
[0.621s] -- Up-to-date symlink: /home/andrey/Documents/workspace/install/examples_rclcpp_minimal_action_server/lib/examples_rclcpp_minimal_action_server/action_server_member_functions
[0.622s] -- Up-to-date symlink: /home/andrey/Documents/workspace/install/examples_rclcpp_minimal_action_server/share/ament_index/resource_index/package_run_dependencies/examples_rclcpp_minimal_action_server
[0.622s] -- Up-to-date symlink: /home/andrey/Documents/workspace/install/examples_rclcpp_minimal_action_server/share/ament_index/resource_index/parent_prefix_path/examples_rclcpp_minimal_action_server
[0.622s] -- Up-to-date symlink: /home/andrey/Documents/workspace/install/examples_rclcpp_minimal_action_server/share/examples_rclcpp_minimal_action_server/environment/ament_prefix_path.sh
[0.622s] -- Up-to-date symlink: /home/andrey/Documents/workspace/install/examples_rclcpp_minimal_action_server/share/examples_rclcpp_minimal_action_server/environment/ament_prefix_path.dsv
[0.622s] -- Up-to-date symlink: /home/andrey/Documents/workspace/install/examples_rclcpp_minimal_action_server/share/examples_rclcpp_minimal_action_server/environment/path.sh
[0.622s] -- Up-to-date symlink: /home/andrey/Documents/workspace/install/examples_rclcpp_minimal_action_server/share/examples_rclcpp_minimal_action_server/environment/path.dsv
[0.622s] -- Up-to-date symlink: /home/andrey/Documents/workspace/install/examples_rclcpp_minimal_action_server/share/examples_rclcpp_minimal_action_server/local_setup.bash
[0.623s] -- Up-to-date symlink: /home/andrey/Documents/workspace/install/examples_rclcpp_minimal_action_server/share/examples_rclcpp_minimal_action_server/local_setup.sh
[0.623s] -- Up-to-date symlink: /home/andrey/Documents/workspace/install/examples_rclcpp_minimal_action_server/share/examples_rclcpp_minimal_action_server/local_setup.zsh
[0.623s] -- Up-to-date symlink: /home/andrey/Documents/workspace/install/examples_rclcpp_minimal_action_server/share/examples_rclcpp_minimal_action_server/local_setup.dsv
[0.623s] -- Symlinking: /home/andrey/Documents/workspace/install/examples_rclcpp_minimal_action_server/share/examples_rclcpp_minimal_action_server/package.dsv
[0.627s] -- Up-to-date symlink: /home/andrey/Documents/workspace/install/examples_rclcpp_minimal_action_server/share/ament_index/resource_index/packages/examples_rclcpp_minimal_action_server
[0.628s] -- Up-to-date symlink: /home/andrey/Documents/workspace/install/examples_rclcpp_minimal_action_server/share/examples_rclcpp_minimal_action_server/cmake/examples_rclcpp_minimal_action_serverConfig.cmake
[0.628s] -- Up-to-date symlink: /home/andrey/Documents/workspace/install/examples_rclcpp_minimal_action_server/share/examples_rclcpp_minimal_action_server/cmake/examples_rclcpp_minimal_action_serverConfig-version.cmake
[0.628s] -- Up-to-date symlink: /home/andrey/Documents/workspace/install/examples_rclcpp_minimal_action_server/share/examples_rclcpp_minimal_action_server/package.xml
[0.748s] Invoked command in '/home/andrey/Documents/workspace/build/examples_rclcpp_minimal_action_server' returned '0': CMAKE_PREFIX_PATH=/opt/ros/iron /usr/bin/cmake --install /home/andrey/Documents/workspace/build/examples_rclcpp_minimal_action_server
