[0.576s] Invoking command in '/home/andrey/Documents/workspace/src/my_package': PYTHONPATH=/home/andrey/Documents/workspace/build/my_package/prefix_override:/home/andrey/Documents/workspace/install/my_package/lib/python3.10/site-packages:${PYTHONPATH} /usr/bin/python3 setup.py egg_info --egg-base ../../build/my_package build --build-base /home/andrey/Documents/workspace/build/my_package/build install --record /home/andrey/Documents/workspace/build/my_package/install.log --single-version-externally-managed
[0.783s] running egg_info
[0.784s] writing ../../build/my_package/my_package.egg-info/PKG-INFO
[0.784s] writing dependency_links to ../../build/my_package/my_package.egg-info/dependency_links.txt
[0.784s] writing entry points to ../../build/my_package/my_package.egg-info/entry_points.txt
[0.784s] writing requirements to ../../build/my_package/my_package.egg-info/requires.txt
[0.784s] writing top-level names to ../../build/my_package/my_package.egg-info/top_level.txt
[0.785s] reading manifest file '../../build/my_package/my_package.egg-info/SOURCES.txt'
[0.786s] adding license file 'LICENSE'
[0.787s] writing manifest file '../../build/my_package/my_package.egg-info/SOURCES.txt'
[0.787s] running build
[0.787s] running build_py
[0.787s] running install
[0.787s] /usr/lib/python3/dist-packages/setuptools/command/install.py:34: SetuptoolsDeprecationWarning: setup.py install is deprecated. Use build and pip and other standards-based tools.
[0.787s]   warnings.warn(
[0.787s] running install_lib
[0.788s] running install_data
[0.788s] copying package.xml -> /home/andrey/Documents/workspace/install/my_package/share/my_package
[0.789s] running install_egg_info
[0.790s] removing '/home/andrey/Documents/workspace/install/my_package/lib/python3.10/site-packages/my_package-0.0.0-py3.10.egg-info' (and everything under it)
[0.790s] Copying ../../build/my_package/my_package.egg-info to /home/andrey/Documents/workspace/install/my_package/lib/python3.10/site-packages/my_package-0.0.0-py3.10.egg-info
[0.791s] running install_scripts
[0.806s] Installing my_node script to /home/andrey/Documents/workspace/install/my_package/lib/my_package
[0.806s] writing list of installed files to '/home/andrey/Documents/workspace/build/my_package/install.log'
[0.821s] Invoked command in '/home/andrey/Documents/workspace/src/my_package' returned '0': PYTHONPATH=/home/andrey/Documents/workspace/build/my_package/prefix_override:/home/andrey/Documents/workspace/install/my_package/lib/python3.10/site-packages:${PYTHONPATH} /usr/bin/python3 setup.py egg_info --egg-base ../../build/my_package build --build-base /home/andrey/Documents/workspace/build/my_package/build install --record /home/andrey/Documents/workspace/build/my_package/install.log --single-version-externally-managed
