[0.128s] Invoking command in '/home/andrey/Documents/workspace/build/examples_rclcpp_wait_set': CMAKE_PREFIX_PATH=/opt/ros/iron /usr/bin/cmake /home/andrey/Documents/workspace/src/examples/rclcpp/wait_set -DCMAKE_INSTALL_PREFIX=/home/andrey/Documents/workspace/install/examples_rclcpp_wait_set
[1.309s] -- Found ament_cmake: 2.0.3 (/opt/ros/iron/share/ament_cmake/cmake)
[1.310s] -- Override CMake install command with custom implementation using symlinks instead of copying resources
[1.310s] -- Found example_interfaces: 0.10.2 (/opt/ros/iron/share/example_interfaces/cmake)
[1.310s] -- Found rosidl_generator_c: 4.0.1 (/opt/ros/iron/share/rosidl_generator_c/cmake)
[1.310s] -- Found rosidl_generator_cpp: 4.0.1 (/opt/ros/iron/share/rosidl_generator_cpp/cmake)
[1.310s] -- Using all available rosidl_typesupport_c: rosidl_typesupport_fastrtps_c;rosidl_typesupport_introspection_c
[1.310s] -- Using all available rosidl_typesupport_cpp: rosidl_typesupport_fastrtps_cpp;rosidl_typesupport_introspection_cpp
[1.310s] -- Found rclcpp: 21.0.4 (/opt/ros/iron/share/rclcpp/cmake)
[1.310s] -- Found rmw_implementation_cmake: 7.1.0 (/opt/ros/iron/share/rmw_implementation_cmake/cmake)
[1.310s] -- Found rmw_fastrtps_cpp: 7.1.2 (/opt/ros/iron/share/rmw_fastrtps_cpp/cmake)
[1.311s] -- Using RMW implementation 'rmw_fastrtps_cpp' as default
[1.372s] -- Found rclcpp_components: 21.0.4 (/opt/ros/iron/share/rclcpp_components/cmake)
[1.495s] -- Found std_msgs: 5.0.0 (/opt/ros/iron/share/std_msgs/cmake)
[1.553s] -- Found ament_lint_auto: 0.14.2 (/opt/ros/iron/share/ament_lint_auto/cmake)
[1.642s] -- Added test 'copyright' to check source files copyright and LICENSE
[1.645s] -- Added test 'cppcheck' to perform static code analysis on C / C++ code
[1.646s] -- Configured cppcheck include dirs: /home/andrey/Documents/workspace/src/examples/rclcpp/wait_set/include
[1.646s] -- Configured cppcheck exclude dirs and/or files: 
[1.651s] -- Added test 'cpplint' to check C / C++ code against the Google style
[1.651s] -- Configured cpplint exclude dirs and/or files: 
[1.651s] -- Added test 'lint_cmake' to check CMake code style
[1.655s] -- Added test 'uncrustify' to check C / C++ code style
[1.656s] -- Configured uncrustify additional arguments: 
[1.656s] -- Added test 'xmllint' to check XML markup files
[1.656s] -- Configuring done
[1.748s] -- Generating done
[1.752s] -- Build files have been written to: /home/andrey/Documents/workspace/build/examples_rclcpp_wait_set
[1.878s] Invoked command in '/home/andrey/Documents/workspace/build/examples_rclcpp_wait_set' returned '0': CMAKE_PREFIX_PATH=/opt/ros/iron /usr/bin/cmake /home/andrey/Documents/workspace/src/examples/rclcpp/wait_set -DCMAKE_INSTALL_PREFIX=/home/andrey/Documents/workspace/install/examples_rclcpp_wait_set
[1.879s] Invoking command in '/home/andrey/Documents/workspace/build/examples_rclcpp_wait_set': CMAKE_PREFIX_PATH=/opt/ros/iron /usr/bin/cmake --build /home/andrey/Documents/workspace/build/examples_rclcpp_wait_set -- -j12 -l12
[1.926s] [35m[1mConsolidate compiler generated dependencies of target talker[0m
[1.927s] [35m[1mConsolidate compiler generated dependencies of target listener[0m
[1.927s] [35m[1mConsolidate compiler generated dependencies of target wait_set_talker[0m
[1.927s] [35m[1mConsolidate compiler generated dependencies of target wait_set[0m
[1.927s] [35m[1mConsolidate compiler generated dependencies of target wait_set_random_order[0m
[1.927s] [35m[1mConsolidate compiler generated dependencies of target wait_set_listener[0m
[1.932s] [35m[1mConsolidate compiler generated dependencies of target executor_random_order[0m
[1.946s] [35m[1mConsolidate compiler generated dependencies of target static_wait_set[0m
[1.946s] [35m[1mConsolidate compiler generated dependencies of target thread_safe_wait_set[0m
[1.949s] [35m[1mConsolidate compiler generated dependencies of target wait_set_topics_and_timer[0m
[1.955s] [35m[1mConsolidate compiler generated dependencies of target wait_set_topics_with_different_rates[0m
[1.987s] [  8%] Built target wait_set_talker
[1.988s] [ 16%] Built target wait_set
[1.988s] [ 25%] Built target wait_set_listener
[1.988s] [ 33%] Built target listener
[1.989s] [ 41%] Built target wait_set_random_order
[1.989s] [ 50%] Built target talker
[1.989s] [ 58%] Built target static_wait_set
[1.989s] [ 66%] Built target executor_random_order
[1.989s] [ 75%] Built target thread_safe_wait_set
[1.992s] [35m[1mConsolidate compiler generated dependencies of target wait_set_composed[0m
[1.994s] [ 83%] Built target wait_set_topics_with_different_rates
[2.006s] [ 91%] Built target wait_set_topics_and_timer
[2.025s] [100%] Built target wait_set_composed
[2.463s] Invoked command in '/home/andrey/Documents/workspace/build/examples_rclcpp_wait_set' returned '0': CMAKE_PREFIX_PATH=/opt/ros/iron /usr/bin/cmake --build /home/andrey/Documents/workspace/build/examples_rclcpp_wait_set -- -j12 -l12
[3.608s] Invoking command in '/home/andrey/Documents/workspace/build/examples_rclcpp_wait_set': CMAKE_PREFIX_PATH=/opt/ros/iron /usr/bin/cmake --install /home/andrey/Documents/workspace/build/examples_rclcpp_wait_set
[3.842s] -- Install configuration: ""
[3.842s] -- Execute custom install script
[3.842s] -- Up-to-date symlink: /home/andrey/Documents/workspace/install/examples_rclcpp_wait_set/lib/examples_rclcpp_wait_set/wait_set_talker
[3.843s] -- Up-to-date symlink: /home/andrey/Documents/workspace/install/examples_rclcpp_wait_set/lib/examples_rclcpp_wait_set/wait_set_listener
[3.843s] -- Up-to-date symlink: /home/andrey/Documents/workspace/install/examples_rclcpp_wait_set/lib/libtalker.so
[3.843s] -- Up-to-date symlink: /home/andrey/Documents/workspace/install/examples_rclcpp_wait_set/lib/liblistener.so
[3.844s] -- Up-to-date symlink: /home/andrey/Documents/workspace/install/examples_rclcpp_wait_set/lib/examples_rclcpp_wait_set/wait_set
[3.844s] -- Up-to-date symlink: /home/andrey/Documents/workspace/install/examples_rclcpp_wait_set/lib/examples_rclcpp_wait_set/static_wait_set
[3.844s] -- Up-to-date symlink: /home/andrey/Documents/workspace/install/examples_rclcpp_wait_set/lib/examples_rclcpp_wait_set/thread_safe_wait_set
[3.844s] -- Up-to-date symlink: /home/andrey/Documents/workspace/install/examples_rclcpp_wait_set/lib/examples_rclcpp_wait_set/wait_set_topics_and_timer
[3.844s] -- Up-to-date symlink: /home/andrey/Documents/workspace/install/examples_rclcpp_wait_set/lib/examples_rclcpp_wait_set/wait_set_random_order
[3.844s] -- Up-to-date symlink: /home/andrey/Documents/workspace/install/examples_rclcpp_wait_set/lib/examples_rclcpp_wait_set/executor_random_order
[3.845s] -- Up-to-date symlink: /home/andrey/Documents/workspace/install/examples_rclcpp_wait_set/lib/examples_rclcpp_wait_set/wait_set_topics_with_different_rates
[3.845s] -- Up-to-date symlink: /home/andrey/Documents/workspace/install/examples_rclcpp_wait_set/lib/examples_rclcpp_wait_set/wait_set_composed
[3.845s] -- Up-to-date symlink: /home/andrey/Documents/workspace/install/examples_rclcpp_wait_set/share/ament_index/resource_index/package_run_dependencies/examples_rclcpp_wait_set
[3.845s] -- Up-to-date symlink: /home/andrey/Documents/workspace/install/examples_rclcpp_wait_set/share/ament_index/resource_index/parent_prefix_path/examples_rclcpp_wait_set
[3.845s] -- Up-to-date symlink: /home/andrey/Documents/workspace/install/examples_rclcpp_wait_set/share/examples_rclcpp_wait_set/environment/ament_prefix_path.sh
[3.846s] -- Up-to-date symlink: /home/andrey/Documents/workspace/install/examples_rclcpp_wait_set/share/examples_rclcpp_wait_set/environment/ament_prefix_path.dsv
[3.846s] -- Up-to-date symlink: /home/andrey/Documents/workspace/install/examples_rclcpp_wait_set/share/examples_rclcpp_wait_set/environment/path.sh
[3.846s] -- Up-to-date symlink: /home/andrey/Documents/workspace/install/examples_rclcpp_wait_set/share/examples_rclcpp_wait_set/environment/path.dsv
[3.846s] -- Up-to-date symlink: /home/andrey/Documents/workspace/install/examples_rclcpp_wait_set/share/examples_rclcpp_wait_set/local_setup.bash
[3.847s] -- Up-to-date symlink: /home/andrey/Documents/workspace/install/examples_rclcpp_wait_set/share/examples_rclcpp_wait_set/local_setup.sh
[3.847s] -- Up-to-date symlink: /home/andrey/Documents/workspace/install/examples_rclcpp_wait_set/share/examples_rclcpp_wait_set/local_setup.zsh
[3.847s] -- Up-to-date symlink: /home/andrey/Documents/workspace/install/examples_rclcpp_wait_set/share/examples_rclcpp_wait_set/local_setup.dsv
[3.847s] -- Symlinking: /home/andrey/Documents/workspace/install/examples_rclcpp_wait_set/share/examples_rclcpp_wait_set/package.dsv
[3.847s] -- Up-to-date symlink: /home/andrey/Documents/workspace/install/examples_rclcpp_wait_set/share/ament_index/resource_index/packages/examples_rclcpp_wait_set
[3.847s] -- Up-to-date symlink: /home/andrey/Documents/workspace/install/examples_rclcpp_wait_set/share/ament_index/resource_index/rclcpp_components/examples_rclcpp_wait_set
[3.848s] -- Up-to-date symlink: /home/andrey/Documents/workspace/install/examples_rclcpp_wait_set/share/examples_rclcpp_wait_set/cmake/examples_rclcpp_wait_setConfig.cmake
[3.848s] -- Up-to-date symlink: /home/andrey/Documents/workspace/install/examples_rclcpp_wait_set/share/examples_rclcpp_wait_set/cmake/examples_rclcpp_wait_setConfig-version.cmake
[3.848s] -- Up-to-date symlink: /home/andrey/Documents/workspace/install/examples_rclcpp_wait_set/share/examples_rclcpp_wait_set/package.xml
[4.188s] Invoked command in '/home/andrey/Documents/workspace/build/examples_rclcpp_wait_set' returned '0': CMAKE_PREFIX_PATH=/opt/ros/iron /usr/bin/cmake --install /home/andrey/Documents/workspace/build/examples_rclcpp_wait_set
