[0.438s] Invoking command in '/home/andrey/Documents/workspace/build/examples_rclcpp_async_client': CMAKE_PREFIX_PATH=/opt/ros/iron /usr/bin/cmake /home/andrey/Documents/workspace/src/examples/rclcpp/services/async_client -DAMENT_CMAKE_SYMLINK_INSTALL=1 -DCMAKE_INSTALL_PREFIX=/home/andrey/Documents/workspace/install/examples_rclcpp_async_client
[0.639s] -- The C compiler identification is GNU 11.4.0
[0.793s] -- The CXX compiler identification is GNU 11.4.0
[0.806s] -- Detecting C compiler ABI info
[0.902s] -- Detecting C compiler ABI info - done
[0.912s] -- Check for working C compiler: /usr/bin/cc - skipped
[0.913s] -- Detecting C compile features
[0.914s] -- Detecting C compile features - done
[0.920s] -- Detecting CXX compiler ABI info
[1.039s] -- Detecting CXX compiler ABI info - done
[1.049s] -- Check for working CXX compiler: /usr/bin/c++ - skipped
[1.049s] -- Detecting CXX compile features
[1.050s] -- Detecting CXX compile features - done
[1.053s] -- Found ament_cmake: 2.0.3 (/opt/ros/iron/share/ament_cmake/cmake)
[1.285s] -- Found Python3: /usr/bin/python3.10 (found version "3.10.12") found components: Interpreter 
[1.377s] -- Override CMake install command with custom implementation using symlinks instead of copying resources
[1.411s] -- Found example_interfaces: 0.10.2 (/opt/ros/iron/share/example_interfaces/cmake)
[1.458s] -- Found rosidl_generator_c: 4.0.1 (/opt/ros/iron/share/rosidl_generator_c/cmake)
[1.475s] -- Found rosidl_generator_cpp: 4.0.1 (/opt/ros/iron/share/rosidl_generator_cpp/cmake)
[1.496s] -- Using all available rosidl_typesupport_c: rosidl_typesupport_fastrtps_c;rosidl_typesupport_introspection_c
[1.519s] -- Using all available rosidl_typesupport_cpp: rosidl_typesupport_fastrtps_cpp;rosidl_typesupport_introspection_cpp
[1.889s] -- Found rclcpp: 21.0.4 (/opt/ros/iron/share/rclcpp/cmake)
[2.042s] -- Found rmw_implementation_cmake: 7.1.0 (/opt/ros/iron/share/rmw_implementation_cmake/cmake)
[2.042s] -- Found rmw_fastrtps_cpp: 7.1.2 (/opt/ros/iron/share/rmw_fastrtps_cpp/cmake)
[2.211s] -- Found OpenSSL: /usr/lib/x86_64-linux-gnu/libcrypto.so (found version "3.0.2")  
[2.258s] -- Found FastRTPS: /opt/ros/iron/include  
[2.338s] -- Using RMW implementation 'rmw_fastrtps_cpp' as default
[2.575s] -- Found ament_lint_auto: 0.14.2 (/opt/ros/iron/share/ament_lint_auto/cmake)
[2.710s] -- Added test 'copyright' to check source files copyright and LICENSE
[2.710s] -- Added test 'cppcheck' to perform static code analysis on C / C++ code
[2.710s] -- Configured cppcheck include dirs: 
[2.711s] -- Configured cppcheck exclude dirs and/or files: 
[2.711s] -- Added test 'cpplint' to check C / C++ code against the Google style
[2.711s] -- Configured cpplint exclude dirs and/or files: 
[2.711s] -- Added test 'lint_cmake' to check CMake code style
[2.711s] -- Added test 'uncrustify' to check C / C++ code style
[2.711s] -- Configured uncrustify additional arguments: 
[2.711s] -- Added test 'xmllint' to check XML markup files
[2.711s] -- Configuring done
[2.730s] -- Generating done
[2.733s] -- Build files have been written to: /home/andrey/Documents/workspace/build/examples_rclcpp_async_client
[2.755s] Invoked command in '/home/andrey/Documents/workspace/build/examples_rclcpp_async_client' returned '0': CMAKE_PREFIX_PATH=/opt/ros/iron /usr/bin/cmake /home/andrey/Documents/workspace/src/examples/rclcpp/services/async_client -DAMENT_CMAKE_SYMLINK_INSTALL=1 -DCMAKE_INSTALL_PREFIX=/home/andrey/Documents/workspace/install/examples_rclcpp_async_client
[2.755s] Invoking command in '/home/andrey/Documents/workspace/build/examples_rclcpp_async_client': CMAKE_PREFIX_PATH=/opt/ros/iron /usr/bin/cmake --build /home/andrey/Documents/workspace/build/examples_rclcpp_async_client -- -j12 -l12
[2.991s] [ 50%] [32mBuilding CXX object CMakeFiles/client_main.dir/main.cpp.o[0m
[27.448s] [100%] [32m[1mLinking CXX executable client_main[0m
[28.629s] [100%] Built target client_main
[28.706s] Invoked command in '/home/andrey/Documents/workspace/build/examples_rclcpp_async_client' returned '0': CMAKE_PREFIX_PATH=/opt/ros/iron /usr/bin/cmake --build /home/andrey/Documents/workspace/build/examples_rclcpp_async_client -- -j12 -l12
[29.243s] Invoking command in '/home/andrey/Documents/workspace/build/examples_rclcpp_async_client': CMAKE_PREFIX_PATH=/opt/ros/iron /usr/bin/cmake --install /home/andrey/Documents/workspace/build/examples_rclcpp_async_client
[29.354s] -- Install configuration: ""
[29.354s] -- Execute custom install script
[29.354s] -- Symlinking: /home/andrey/Documents/workspace/install/examples_rclcpp_async_client/lib/examples_rclcpp_async_client/client_main
[29.354s] -- Symlinking: /home/andrey/Documents/workspace/install/examples_rclcpp_async_client/share/ament_index/resource_index/package_run_dependencies/examples_rclcpp_async_client
[29.387s] -- Symlinking: /home/andrey/Documents/workspace/install/examples_rclcpp_async_client/share/ament_index/resource_index/parent_prefix_path/examples_rclcpp_async_client
[29.420s] -- Symlinking: /home/andrey/Documents/workspace/install/examples_rclcpp_async_client/share/examples_rclcpp_async_client/environment/ament_prefix_path.sh
[29.488s] -- Symlinking: /home/andrey/Documents/workspace/install/examples_rclcpp_async_client/share/examples_rclcpp_async_client/environment/ament_prefix_path.dsv
[29.523s] -- Symlinking: /home/andrey/Documents/workspace/install/examples_rclcpp_async_client/share/examples_rclcpp_async_client/environment/path.sh
[29.531s] -- Symlinking: /home/andrey/Documents/workspace/install/examples_rclcpp_async_client/share/examples_rclcpp_async_client/environment/path.dsv
[29.546s] -- Symlinking: /home/andrey/Documents/workspace/install/examples_rclcpp_async_client/share/examples_rclcpp_async_client/local_setup.bash
[29.573s] -- Symlinking: /home/andrey/Documents/workspace/install/examples_rclcpp_async_client/share/examples_rclcpp_async_client/local_setup.sh
[29.605s] -- Symlinking: /home/andrey/Documents/workspace/install/examples_rclcpp_async_client/share/examples_rclcpp_async_client/local_setup.zsh
[29.701s] -- Symlinking: /home/andrey/Documents/workspace/install/examples_rclcpp_async_client/share/examples_rclcpp_async_client/local_setup.dsv
[29.740s] -- Symlinking: /home/andrey/Documents/workspace/install/examples_rclcpp_async_client/share/examples_rclcpp_async_client/package.dsv
[30.312s] -- Symlinking: /home/andrey/Documents/workspace/install/examples_rclcpp_async_client/share/ament_index/resource_index/packages/examples_rclcpp_async_client
[30.333s] -- Symlinking: /home/andrey/Documents/workspace/install/examples_rclcpp_async_client/share/examples_rclcpp_async_client/cmake/examples_rclcpp_async_clientConfig.cmake
[30.367s] -- Symlinking: /home/andrey/Documents/workspace/install/examples_rclcpp_async_client/share/examples_rclcpp_async_client/cmake/examples_rclcpp_async_clientConfig-version.cmake
[30.418s] -- Symlinking: /home/andrey/Documents/workspace/install/examples_rclcpp_async_client/share/examples_rclcpp_async_client/package.xml
[30.553s] Invoked command in '/home/andrey/Documents/workspace/build/examples_rclcpp_async_client' returned '0': CMAKE_PREFIX_PATH=/opt/ros/iron /usr/bin/cmake --install /home/andrey/Documents/workspace/build/examples_rclcpp_async_client
