[0.367s] Invoking command in '/home/andrey/Documents/workspace/build/examples_rclcpp_minimal_action_client': CMAKE_PREFIX_PATH=/opt/ros/iron /usr/bin/cmake /home/andrey/Documents/workspace/src/examples/rclcpp/actions/minimal_action_client -DCMAKE_INSTALL_PREFIX=/home/andrey/Documents/workspace/install/examples_rclcpp_minimal_action_client
[0.388s] -- Found ament_cmake: 2.0.3 (/opt/ros/iron/share/ament_cmake/cmake)
[0.562s] -- Override CMake install command with custom implementation using symlinks instead of copying resources
[0.571s] -- Found example_interfaces: 0.10.2 (/opt/ros/iron/share/example_interfaces/cmake)
[0.627s] -- Found rosidl_generator_c: 4.0.1 (/opt/ros/iron/share/rosidl_generator_c/cmake)
[0.649s] -- Found rosidl_generator_cpp: 4.0.1 (/opt/ros/iron/share/rosidl_generator_cpp/cmake)
[0.672s] -- Using all available rosidl_typesupport_c: rosidl_typesupport_fastrtps_c;rosidl_typesupport_introspection_c
[0.693s] -- Using all available rosidl_typesupport_cpp: rosidl_typesupport_fastrtps_cpp;rosidl_typesupport_introspection_cpp
[1.035s] -- Found rclcpp: 21.0.4 (/opt/ros/iron/share/rclcpp/cmake)
[1.166s] -- Found rmw_implementation_cmake: 7.1.0 (/opt/ros/iron/share/rmw_implementation_cmake/cmake)
[1.168s] -- Found rmw_fastrtps_cpp: 7.1.2 (/opt/ros/iron/share/rmw_fastrtps_cpp/cmake)
[1.340s] -- Using RMW implementation 'rmw_fastrtps_cpp' as default
[1.576s] -- Found rclcpp_action: 21.0.4 (/opt/ros/iron/share/rclcpp_action/cmake)
[1.634s] -- Found ament_lint_auto: 0.14.2 (/opt/ros/iron/share/ament_lint_auto/cmake)
[1.734s] -- Added test 'copyright' to check source files copyright and LICENSE
[1.737s] -- Added test 'cppcheck' to perform static code analysis on C / C++ code
[1.738s] -- Configured cppcheck include dirs: 
[1.738s] -- Configured cppcheck exclude dirs and/or files: 
[1.741s] -- Added test 'cpplint' to check C / C++ code against the Google style
[1.741s] -- Configured cpplint exclude dirs and/or files: 
[1.742s] -- Added test 'lint_cmake' to check CMake code style
[1.743s] -- Added test 'uncrustify' to check C / C++ code style
[1.743s] -- Configured uncrustify additional arguments: 
[1.744s] -- Added test 'xmllint' to check XML markup files
[1.745s] -- Configuring done
[1.828s] -- Generating done
[1.829s] -- Build files have been written to: /home/andrey/Documents/workspace/build/examples_rclcpp_minimal_action_client
[1.851s] Invoked command in '/home/andrey/Documents/workspace/build/examples_rclcpp_minimal_action_client' returned '0': CMAKE_PREFIX_PATH=/opt/ros/iron /usr/bin/cmake /home/andrey/Documents/workspace/src/examples/rclcpp/actions/minimal_action_client -DCMAKE_INSTALL_PREFIX=/home/andrey/Documents/workspace/install/examples_rclcpp_minimal_action_client
[1.863s] Invoking command in '/home/andrey/Documents/workspace/build/examples_rclcpp_minimal_action_client': CMAKE_PREFIX_PATH=/opt/ros/iron /usr/bin/cmake --build /home/andrey/Documents/workspace/build/examples_rclcpp_minimal_action_client -- -j12 -l12
[1.922s] [35m[1mConsolidate compiler generated dependencies of target action_client_member_functions[0m
[1.930s] [35m[1mConsolidate compiler generated dependencies of target action_client_not_composable[0m
[1.949s] [35m[1mConsolidate compiler generated dependencies of target action_client_not_composable_with_cancel[0m
[1.958s] [35m[1mConsolidate compiler generated dependencies of target action_client_not_composable_with_feedback[0m
[1.961s] [ 25%] Built target action_client_member_functions
[1.973s] [ 50%] Built target action_client_not_composable
[1.979s] [ 75%] Built target action_client_not_composable_with_cancel
[1.995s] [100%] Built target action_client_not_composable_with_feedback
[2.147s] Invoked command in '/home/andrey/Documents/workspace/build/examples_rclcpp_minimal_action_client' returned '0': CMAKE_PREFIX_PATH=/opt/ros/iron /usr/bin/cmake --build /home/andrey/Documents/workspace/build/examples_rclcpp_minimal_action_client -- -j12 -l12
[2.441s] Invoking command in '/home/andrey/Documents/workspace/build/examples_rclcpp_minimal_action_client': CMAKE_PREFIX_PATH=/opt/ros/iron /usr/bin/cmake --install /home/andrey/Documents/workspace/build/examples_rclcpp_minimal_action_client
[2.790s] -- Install configuration: ""
[2.790s] -- Execute custom install script
[2.790s] -- Up-to-date symlink: /home/andrey/Documents/workspace/install/examples_rclcpp_minimal_action_client/lib/examples_rclcpp_minimal_action_client/action_client_member_functions
[2.790s] -- Up-to-date symlink: /home/andrey/Documents/workspace/install/examples_rclcpp_minimal_action_client/lib/examples_rclcpp_minimal_action_client/action_client_not_composable
[2.790s] -- Up-to-date symlink: /home/andrey/Documents/workspace/install/examples_rclcpp_minimal_action_client/lib/examples_rclcpp_minimal_action_client/action_client_not_composable_with_cancel
[2.791s] -- Up-to-date symlink: /home/andrey/Documents/workspace/install/examples_rclcpp_minimal_action_client/lib/examples_rclcpp_minimal_action_client/action_client_not_composable_with_feedback
[2.791s] -- Up-to-date symlink: /home/andrey/Documents/workspace/install/examples_rclcpp_minimal_action_client/share/ament_index/resource_index/package_run_dependencies/examples_rclcpp_minimal_action_client
[2.791s] -- Up-to-date symlink: /home/andrey/Documents/workspace/install/examples_rclcpp_minimal_action_client/share/ament_index/resource_index/parent_prefix_path/examples_rclcpp_minimal_action_client
[2.791s] -- Up-to-date symlink: /home/andrey/Documents/workspace/install/examples_rclcpp_minimal_action_client/share/examples_rclcpp_minimal_action_client/environment/ament_prefix_path.sh
[2.791s] -- Up-to-date symlink: /home/andrey/Documents/workspace/install/examples_rclcpp_minimal_action_client/share/examples_rclcpp_minimal_action_client/environment/ament_prefix_path.dsv
[2.791s] -- Up-to-date symlink: /home/andrey/Documents/workspace/install/examples_rclcpp_minimal_action_client/share/examples_rclcpp_minimal_action_client/environment/path.sh
[2.792s] -- Up-to-date symlink: /home/andrey/Documents/workspace/install/examples_rclcpp_minimal_action_client/share/examples_rclcpp_minimal_action_client/environment/path.dsv
[2.792s] -- Up-to-date symlink: /home/andrey/Documents/workspace/install/examples_rclcpp_minimal_action_client/share/examples_rclcpp_minimal_action_client/local_setup.bash
[2.792s] -- Up-to-date symlink: /home/andrey/Documents/workspace/install/examples_rclcpp_minimal_action_client/share/examples_rclcpp_minimal_action_client/local_setup.sh
[2.792s] -- Up-to-date symlink: /home/andrey/Documents/workspace/install/examples_rclcpp_minimal_action_client/share/examples_rclcpp_minimal_action_client/local_setup.zsh
[2.792s] -- Up-to-date symlink: /home/andrey/Documents/workspace/install/examples_rclcpp_minimal_action_client/share/examples_rclcpp_minimal_action_client/local_setup.dsv
[2.792s] -- Symlinking: /home/andrey/Documents/workspace/install/examples_rclcpp_minimal_action_client/share/examples_rclcpp_minimal_action_client/package.dsv
[2.792s] -- Up-to-date symlink: /home/andrey/Documents/workspace/install/examples_rclcpp_minimal_action_client/share/ament_index/resource_index/packages/examples_rclcpp_minimal_action_client
[2.793s] -- Up-to-date symlink: /home/andrey/Documents/workspace/install/examples_rclcpp_minimal_action_client/share/examples_rclcpp_minimal_action_client/cmake/examples_rclcpp_minimal_action_clientConfig.cmake
[2.793s] -- Up-to-date symlink: /home/andrey/Documents/workspace/install/examples_rclcpp_minimal_action_client/share/examples_rclcpp_minimal_action_client/cmake/examples_rclcpp_minimal_action_clientConfig-version.cmake
[2.793s] -- Up-to-date symlink: /home/andrey/Documents/workspace/install/examples_rclcpp_minimal_action_client/share/examples_rclcpp_minimal_action_client/package.xml
[3.090s] Invoked command in '/home/andrey/Documents/workspace/build/examples_rclcpp_minimal_action_client' returned '0': CMAKE_PREFIX_PATH=/opt/ros/iron /usr/bin/cmake --install /home/andrey/Documents/workspace/build/examples_rclcpp_minimal_action_client
