[0.456s] Invoking command in '/home/andrey/Documents/workspace/build/examples_rclcpp_async_client': CMAKE_PREFIX_PATH=/opt/ros/iron /usr/bin/cmake --build /home/andrey/Documents/workspace/build/examples_rclcpp_async_client -- -j12 -l12
[0.540s] [100%] Built target client_main
[0.567s] Invoked command in '/home/andrey/Documents/workspace/build/examples_rclcpp_async_client' returned '0': CMAKE_PREFIX_PATH=/opt/ros/iron /usr/bin/cmake --build /home/andrey/Documents/workspace/build/examples_rclcpp_async_client -- -j12 -l12
[0.693s] Invoking command in '/home/andrey/Documents/workspace/build/examples_rclcpp_async_client': CMAKE_PREFIX_PATH=/opt/ros/iron /usr/bin/cmake --install /home/andrey/Documents/workspace/build/examples_rclcpp_async_client
[0.708s] -- Install configuration: ""
[0.709s] -- Execute custom install script
[0.709s] -- Up-to-date symlink: /home/andrey/Documents/workspace/install/examples_rclcpp_async_client/lib/examples_rclcpp_async_client/client_main
[0.716s] -- Up-to-date symlink: /home/andrey/Documents/workspace/install/examples_rclcpp_async_client/share/ament_index/resource_index/package_run_dependencies/examples_rclcpp_async_client
[0.716s] -- Up-to-date symlink: /home/andrey/Documents/workspace/install/examples_rclcpp_async_client/share/ament_index/resource_index/parent_prefix_path/examples_rclcpp_async_client
[0.716s] -- Up-to-date symlink: /home/andrey/Documents/workspace/install/examples_rclcpp_async_client/share/examples_rclcpp_async_client/environment/ament_prefix_path.sh
[0.716s] -- Up-to-date symlink: /home/andrey/Documents/workspace/install/examples_rclcpp_async_client/share/examples_rclcpp_async_client/environment/ament_prefix_path.dsv
[0.716s] -- Up-to-date symlink: /home/andrey/Documents/workspace/install/examples_rclcpp_async_client/share/examples_rclcpp_async_client/environment/path.sh
[0.717s] -- Up-to-date symlink: /home/andrey/Documents/workspace/install/examples_rclcpp_async_client/share/examples_rclcpp_async_client/environment/path.dsv
[0.717s] -- Up-to-date symlink: /home/andrey/Documents/workspace/install/examples_rclcpp_async_client/share/examples_rclcpp_async_client/local_setup.bash
[0.717s] -- Up-to-date symlink: /home/andrey/Documents/workspace/install/examples_rclcpp_async_client/share/examples_rclcpp_async_client/local_setup.sh
[0.717s] -- Up-to-date symlink: /home/andrey/Documents/workspace/install/examples_rclcpp_async_client/share/examples_rclcpp_async_client/local_setup.zsh
[0.717s] -- Up-to-date symlink: /home/andrey/Documents/workspace/install/examples_rclcpp_async_client/share/examples_rclcpp_async_client/local_setup.dsv
[0.717s] -- Symlinking: /home/andrey/Documents/workspace/install/examples_rclcpp_async_client/share/examples_rclcpp_async_client/package.dsv
[0.737s] -- Up-to-date symlink: /home/andrey/Documents/workspace/install/examples_rclcpp_async_client/share/ament_index/resource_index/packages/examples_rclcpp_async_client
[0.737s] -- Up-to-date symlink: /home/andrey/Documents/workspace/install/examples_rclcpp_async_client/share/examples_rclcpp_async_client/cmake/examples_rclcpp_async_clientConfig.cmake
[0.737s] -- Up-to-date symlink: /home/andrey/Documents/workspace/install/examples_rclcpp_async_client/share/examples_rclcpp_async_client/cmake/examples_rclcpp_async_clientConfig-version.cmake
[0.737s] -- Up-to-date symlink: /home/andrey/Documents/workspace/install/examples_rclcpp_async_client/share/examples_rclcpp_async_client/package.xml
[0.792s] Invoked command in '/home/andrey/Documents/workspace/build/examples_rclcpp_async_client' returned '0': CMAKE_PREFIX_PATH=/opt/ros/iron /usr/bin/cmake --install /home/andrey/Documents/workspace/build/examples_rclcpp_async_client
