[0.367s] Invoking command in '/home/andrey/Documents/workspace/build/examples_rclcpp_minimal_action_client': CMAKE_PREFIX_PATH=/opt/ros/iron /usr/bin/cmake /home/andrey/Documents/workspace/src/examples/rclcpp/actions/minimal_action_client -DAMENT_CMAKE_SYMLINK_INSTALL=1 -DCMAKE_INSTALL_PREFIX=/home/andrey/Documents/workspace/install/examples_rclcpp_minimal_action_client
[0.566s] -- The C compiler identification is GNU 11.4.0
[0.724s] -- The CXX compiler identification is GNU 11.4.0
[0.732s] -- Detecting C compiler ABI info
[0.837s] -- Detecting C compiler ABI info - done
[0.847s] -- Check for working C compiler: /usr/bin/cc - skipped
[0.847s] -- Detecting C compile features
[0.848s] -- Detecting C compile features - done
[0.852s] -- Detecting CXX compiler ABI info
[0.954s] -- Detecting CXX compiler ABI info - done
[0.964s] -- Check for working CXX compiler: /usr/bin/c++ - skipped
[0.964s] -- Detecting CXX compile features
[0.965s] -- Detecting CXX compile features - done
[0.969s] -- Found ament_cmake: 2.0.3 (/opt/ros/iron/share/ament_cmake/cmake)
[1.190s] -- Found Python3: /usr/bin/python3.10 (found version "3.10.12") found components: Interpreter 
[1.264s] -- Override CMake install command with custom implementation using symlinks instead of copying resources
[1.306s] -- Found example_interfaces: 0.10.2 (/opt/ros/iron/share/example_interfaces/cmake)
[1.366s] -- Found rosidl_generator_c: 4.0.1 (/opt/ros/iron/share/rosidl_generator_c/cmake)
[1.385s] -- Found rosidl_generator_cpp: 4.0.1 (/opt/ros/iron/share/rosidl_generator_cpp/cmake)
[1.414s] -- Using all available rosidl_typesupport_c: rosidl_typesupport_fastrtps_c;rosidl_typesupport_introspection_c
[1.444s] -- Using all available rosidl_typesupport_cpp: rosidl_typesupport_fastrtps_cpp;rosidl_typesupport_introspection_cpp
[1.831s] -- Found rclcpp: 21.0.4 (/opt/ros/iron/share/rclcpp/cmake)
[1.977s] -- Found rmw_implementation_cmake: 7.1.0 (/opt/ros/iron/share/rmw_implementation_cmake/cmake)
[1.980s] -- Found rmw_fastrtps_cpp: 7.1.2 (/opt/ros/iron/share/rmw_fastrtps_cpp/cmake)
[2.145s] -- Found OpenSSL: /usr/lib/x86_64-linux-gnu/libcrypto.so (found version "3.0.2")  
[2.184s] -- Found FastRTPS: /opt/ros/iron/include  
[2.253s] -- Using RMW implementation 'rmw_fastrtps_cpp' as default
[2.503s] -- Found rclcpp_action: 21.0.4 (/opt/ros/iron/share/rclcpp_action/cmake)
[2.568s] -- Found ament_lint_auto: 0.14.2 (/opt/ros/iron/share/ament_lint_auto/cmake)
[2.729s] -- Added test 'copyright' to check source files copyright and LICENSE
[2.730s] -- Added test 'cppcheck' to perform static code analysis on C / C++ code
[2.731s] -- Configured cppcheck include dirs: 
[2.731s] -- Configured cppcheck exclude dirs and/or files: 
[2.732s] -- Added test 'cpplint' to check C / C++ code against the Google style
[2.733s] -- Configured cpplint exclude dirs and/or files: 
[2.734s] -- Added test 'lint_cmake' to check CMake code style
[2.736s] -- Added test 'uncrustify' to check C / C++ code style
[2.736s] -- Configured uncrustify additional arguments: 
[2.737s] -- Added test 'xmllint' to check XML markup files
[2.745s] -- Configuring done
[2.820s] -- Generating done
[2.822s] -- Build files have been written to: /home/andrey/Documents/workspace/build/examples_rclcpp_minimal_action_client
[2.871s] Invoked command in '/home/andrey/Documents/workspace/build/examples_rclcpp_minimal_action_client' returned '0': CMAKE_PREFIX_PATH=/opt/ros/iron /usr/bin/cmake /home/andrey/Documents/workspace/src/examples/rclcpp/actions/minimal_action_client -DAMENT_CMAKE_SYMLINK_INSTALL=1 -DCMAKE_INSTALL_PREFIX=/home/andrey/Documents/workspace/install/examples_rclcpp_minimal_action_client
[2.872s] Invoking command in '/home/andrey/Documents/workspace/build/examples_rclcpp_minimal_action_client': CMAKE_PREFIX_PATH=/opt/ros/iron /usr/bin/cmake --build /home/andrey/Documents/workspace/build/examples_rclcpp_minimal_action_client -- -j12 -l12
[26.745s] [ 12%] [32mBuilding CXX object CMakeFiles/action_client_not_composable.dir/not_composable.cpp.o[0m
[26.745s] [ 37%] [32mBuilding CXX object CMakeFiles/action_client_member_functions.dir/member_functions.cpp.o[0m
[26.745s] [ 37%] [32mBuilding CXX object CMakeFiles/action_client_not_composable_with_cancel.dir/not_composable_with_cancel.cpp.o[0m
[26.745s] [ 50%] [32mBuilding CXX object CMakeFiles/action_client_not_composable_with_feedback.dir/not_composable_with_feedback.cpp.o[0m
[28.117s] [ 62%] [32m[1mLinking CXX executable action_client_not_composable_with_feedback[0m
[28.609s] [ 75%] [32m[1mLinking CXX executable action_client_not_composable_with_cancel[0m
[28.679s] [ 87%] [32m[1mLinking CXX executable action_client_not_composable[0m
[29.137s] [ 87%] Built target action_client_not_composable_with_feedback
[29.242s] [100%] [32m[1mLinking CXX executable action_client_member_functions[0m
[30.207s] [100%] Built target action_client_not_composable_with_cancel
[30.261s] [100%] Built target action_client_not_composable
[30.344s] [100%] Built target action_client_member_functions
[30.679s] Invoked command in '/home/andrey/Documents/workspace/build/examples_rclcpp_minimal_action_client' returned '0': CMAKE_PREFIX_PATH=/opt/ros/iron /usr/bin/cmake --build /home/andrey/Documents/workspace/build/examples_rclcpp_minimal_action_client -- -j12 -l12
[32.612s] Invoking command in '/home/andrey/Documents/workspace/build/examples_rclcpp_minimal_action_client': CMAKE_PREFIX_PATH=/opt/ros/iron /usr/bin/cmake --install /home/andrey/Documents/workspace/build/examples_rclcpp_minimal_action_client
[34.391s] -- Install configuration: ""
[34.391s] -- Execute custom install script
[34.391s] -- Symlinking: /home/andrey/Documents/workspace/install/examples_rclcpp_minimal_action_client/lib/examples_rclcpp_minimal_action_client/action_client_member_functions
[34.391s] -- Symlinking: /home/andrey/Documents/workspace/install/examples_rclcpp_minimal_action_client/lib/examples_rclcpp_minimal_action_client/action_client_not_composable
[34.391s] -- Symlinking: /home/andrey/Documents/workspace/install/examples_rclcpp_minimal_action_client/lib/examples_rclcpp_minimal_action_client/action_client_not_composable_with_cancel
[34.392s] -- Symlinking: /home/andrey/Documents/workspace/install/examples_rclcpp_minimal_action_client/lib/examples_rclcpp_minimal_action_client/action_client_not_composable_with_feedback
[34.392s] -- Symlinking: /home/andrey/Documents/workspace/install/examples_rclcpp_minimal_action_client/share/ament_index/resource_index/package_run_dependencies/examples_rclcpp_minimal_action_client
[34.392s] -- Symlinking: /home/andrey/Documents/workspace/install/examples_rclcpp_minimal_action_client/share/ament_index/resource_index/parent_prefix_path/examples_rclcpp_minimal_action_client
[34.392s] -- Symlinking: /home/andrey/Documents/workspace/install/examples_rclcpp_minimal_action_client/share/examples_rclcpp_minimal_action_client/environment/ament_prefix_path.sh
[34.392s] -- Symlinking: /home/andrey/Documents/workspace/install/examples_rclcpp_minimal_action_client/share/examples_rclcpp_minimal_action_client/environment/ament_prefix_path.dsv
[34.392s] -- Symlinking: /home/andrey/Documents/workspace/install/examples_rclcpp_minimal_action_client/share/examples_rclcpp_minimal_action_client/environment/path.sh
[34.392s] -- Symlinking: /home/andrey/Documents/workspace/install/examples_rclcpp_minimal_action_client/share/examples_rclcpp_minimal_action_client/environment/path.dsv
[34.392s] -- Symlinking: /home/andrey/Documents/workspace/install/examples_rclcpp_minimal_action_client/share/examples_rclcpp_minimal_action_client/local_setup.bash
[34.392s] -- Symlinking: /home/andrey/Documents/workspace/install/examples_rclcpp_minimal_action_client/share/examples_rclcpp_minimal_action_client/local_setup.sh
[34.392s] -- Symlinking: /home/andrey/Documents/workspace/install/examples_rclcpp_minimal_action_client/share/examples_rclcpp_minimal_action_client/local_setup.zsh
[34.393s] -- Symlinking: /home/andrey/Documents/workspace/install/examples_rclcpp_minimal_action_client/share/examples_rclcpp_minimal_action_client/local_setup.dsv
[34.393s] -- Symlinking: /home/andrey/Documents/workspace/install/examples_rclcpp_minimal_action_client/share/examples_rclcpp_minimal_action_client/package.dsv
[34.393s] -- Symlinking: /home/andrey/Documents/workspace/install/examples_rclcpp_minimal_action_client/share/ament_index/resource_index/packages/examples_rclcpp_minimal_action_client
[34.393s] -- Symlinking: /home/andrey/Documents/workspace/install/examples_rclcpp_minimal_action_client/share/examples_rclcpp_minimal_action_client/cmake/examples_rclcpp_minimal_action_clientConfig.cmake
[34.393s] -- Symlinking: /home/andrey/Documents/workspace/install/examples_rclcpp_minimal_action_client/share/examples_rclcpp_minimal_action_client/cmake/examples_rclcpp_minimal_action_clientConfig-version.cmake
[34.393s] -- Symlinking: /home/andrey/Documents/workspace/install/examples_rclcpp_minimal_action_client/share/examples_rclcpp_minimal_action_client/package.xml
[37.776s] Invoked command in '/home/andrey/Documents/workspace/build/examples_rclcpp_minimal_action_client' returned '0': CMAKE_PREFIX_PATH=/opt/ros/iron /usr/bin/cmake --install /home/andrey/Documents/workspace/build/examples_rclcpp_minimal_action_client
