[2.928s] Invoking command in '/home/andrey/Documents/workspace/build/examples_rclpy_minimal_publisher': PYTHONPATH=/home/andrey/Documents/workspace/build/examples_rclpy_minimal_publisher/prefix_override:/home/andrey/Documents/workspace/install/examples_rclpy_minimal_publisher/lib/python3.10/site-packages:${PYTHONPATH} /usr/bin/python3 setup.py develop --uninstall --editable --build-directory /home/andrey/Documents/workspace/build/examples_rclpy_minimal_publisher/build
[3.281s] running develop
[3.281s] /usr/lib/python3/dist-packages/setuptools/command/easy_install.py:158: EasyInstallDeprecationWarning: easy_install command is deprecated. Use build and pip and other standards-based tools.
[3.282s]   warnings.warn(
[3.283s] /usr/lib/python3/dist-packages/setuptools/command/install.py:34: SetuptoolsDeprecationWarning: setup.py install is deprecated. Use build and pip and other standards-based tools.
[3.283s]   warnings.warn(
[3.518s] Removing /home/andrey/Documents/workspace/install/examples_rclpy_minimal_publisher/lib/python3.10/site-packages/examples-rclpy-minimal-publisher.egg-link (link to .)
[3.556s] Invoked command in '/home/andrey/Documents/workspace/build/examples_rclpy_minimal_publisher' returned '0': PYTHONPATH=/home/andrey/Documents/workspace/build/examples_rclpy_minimal_publisher/prefix_override:/home/andrey/Documents/workspace/install/examples_rclpy_minimal_publisher/lib/python3.10/site-packages:${PYTHONPATH} /usr/bin/python3 setup.py develop --uninstall --editable --build-directory /home/andrey/Documents/workspace/build/examples_rclpy_minimal_publisher/build
[3.561s] Invoking command in '/home/andrey/Documents/workspace/src/examples/rclpy/topics/minimal_publisher': PYTHONPATH=/home/andrey/Documents/workspace/build/examples_rclpy_minimal_publisher/prefix_override:/home/andrey/Documents/workspace/install/examples_rclpy_minimal_publisher/lib/python3.10/site-packages:${PYTHONPATH} /usr/bin/python3 setup.py egg_info --egg-base ../../../../../build/examples_rclpy_minimal_publisher build --build-base /home/andrey/Documents/workspace/build/examples_rclpy_minimal_publisher/build install --record /home/andrey/Documents/workspace/build/examples_rclpy_minimal_publisher/install.log --single-version-externally-managed
[3.930s] running egg_info
[3.930s] /usr/lib/python3/dist-packages/setuptools/command/install.py:34: SetuptoolsDeprecationWarning: setup.py install is deprecated. Use build and pip and other standards-based tools.
[3.930s]   warnings.warn(
[3.930s] writing ../../../../../build/examples_rclpy_minimal_publisher/examples_rclpy_minimal_publisher.egg-info/PKG-INFO
[3.931s] writing dependency_links to ../../../../../build/examples_rclpy_minimal_publisher/examples_rclpy_minimal_publisher.egg-info/dependency_links.txt
[3.931s] writing entry points to ../../../../../build/examples_rclpy_minimal_publisher/examples_rclpy_minimal_publisher.egg-info/entry_points.txt
[3.931s] writing requirements to ../../../../../build/examples_rclpy_minimal_publisher/examples_rclpy_minimal_publisher.egg-info/requires.txt
[3.931s] writing top-level names to ../../../../../build/examples_rclpy_minimal_publisher/examples_rclpy_minimal_publisher.egg-info/top_level.txt
[3.931s] reading manifest file '../../../../../build/examples_rclpy_minimal_publisher/examples_rclpy_minimal_publisher.egg-info/SOURCES.txt'
[3.931s] writing manifest file '../../../../../build/examples_rclpy_minimal_publisher/examples_rclpy_minimal_publisher.egg-info/SOURCES.txt'
[3.931s] running build
[3.931s] running build_py
[3.932s] creating /home/andrey/Documents/workspace/build/examples_rclpy_minimal_publisher/build
[3.932s] creating /home/andrey/Documents/workspace/build/examples_rclpy_minimal_publisher/build/lib
[3.932s] creating /home/andrey/Documents/workspace/build/examples_rclpy_minimal_publisher/build/lib/examples_rclpy_minimal_publisher
[3.932s] copying examples_rclpy_minimal_publisher/publisher_old_school.py -> /home/andrey/Documents/workspace/build/examples_rclpy_minimal_publisher/build/lib/examples_rclpy_minimal_publisher
[3.932s] copying examples_rclpy_minimal_publisher/publisher_member_function.py -> /home/andrey/Documents/workspace/build/examples_rclpy_minimal_publisher/build/lib/examples_rclpy_minimal_publisher
[3.932s] copying examples_rclpy_minimal_publisher/__init__.py -> /home/andrey/Documents/workspace/build/examples_rclpy_minimal_publisher/build/lib/examples_rclpy_minimal_publisher
[3.932s] copying examples_rclpy_minimal_publisher/publisher_local_function.py -> /home/andrey/Documents/workspace/build/examples_rclpy_minimal_publisher/build/lib/examples_rclpy_minimal_publisher
[3.932s] running install
[3.932s] running install_lib
[3.933s] creating /home/andrey/Documents/workspace/install/examples_rclpy_minimal_publisher/lib/python3.10/site-packages/examples_rclpy_minimal_publisher
[3.933s] copying /home/andrey/Documents/workspace/build/examples_rclpy_minimal_publisher/build/lib/examples_rclpy_minimal_publisher/publisher_old_school.py -> /home/andrey/Documents/workspace/install/examples_rclpy_minimal_publisher/lib/python3.10/site-packages/examples_rclpy_minimal_publisher
[3.933s] copying /home/andrey/Documents/workspace/build/examples_rclpy_minimal_publisher/build/lib/examples_rclpy_minimal_publisher/publisher_member_function.py -> /home/andrey/Documents/workspace/install/examples_rclpy_minimal_publisher/lib/python3.10/site-packages/examples_rclpy_minimal_publisher
[3.933s] copying /home/andrey/Documents/workspace/build/examples_rclpy_minimal_publisher/build/lib/examples_rclpy_minimal_publisher/__init__.py -> /home/andrey/Documents/workspace/install/examples_rclpy_minimal_publisher/lib/python3.10/site-packages/examples_rclpy_minimal_publisher
[3.933s] copying /home/andrey/Documents/workspace/build/examples_rclpy_minimal_publisher/build/lib/examples_rclpy_minimal_publisher/publisher_local_function.py -> /home/andrey/Documents/workspace/install/examples_rclpy_minimal_publisher/lib/python3.10/site-packages/examples_rclpy_minimal_publisher
[3.933s] byte-compiling /home/andrey/Documents/workspace/install/examples_rclpy_minimal_publisher/lib/python3.10/site-packages/examples_rclpy_minimal_publisher/publisher_old_school.py to publisher_old_school.cpython-310.pyc
[3.933s] byte-compiling /home/andrey/Documents/workspace/install/examples_rclpy_minimal_publisher/lib/python3.10/site-packages/examples_rclpy_minimal_publisher/publisher_member_function.py to publisher_member_function.cpython-310.pyc
[3.933s] byte-compiling /home/andrey/Documents/workspace/install/examples_rclpy_minimal_publisher/lib/python3.10/site-packages/examples_rclpy_minimal_publisher/__init__.py to __init__.cpython-310.pyc
[3.934s] byte-compiling /home/andrey/Documents/workspace/install/examples_rclpy_minimal_publisher/lib/python3.10/site-packages/examples_rclpy_minimal_publisher/publisher_local_function.py to publisher_local_function.cpython-310.pyc
[3.934s] running install_data
[3.935s] running install_egg_info
[3.941s] Copying ../../../../../build/examples_rclpy_minimal_publisher/examples_rclpy_minimal_publisher.egg-info to /home/andrey/Documents/workspace/install/examples_rclpy_minimal_publisher/lib/python3.10/site-packages/examples_rclpy_minimal_publisher-0.18.0-py3.10.egg-info
[3.942s] running install_scripts
[3.963s] Installing publisher_local_function script to /home/andrey/Documents/workspace/install/examples_rclpy_minimal_publisher/lib/examples_rclpy_minimal_publisher
[3.963s] Installing publisher_member_function script to /home/andrey/Documents/workspace/install/examples_rclpy_minimal_publisher/lib/examples_rclpy_minimal_publisher
[3.963s] Installing publisher_old_school script to /home/andrey/Documents/workspace/install/examples_rclpy_minimal_publisher/lib/examples_rclpy_minimal_publisher
[3.964s] writing list of installed files to '/home/andrey/Documents/workspace/build/examples_rclpy_minimal_publisher/install.log'
[3.999s] Invoked command in '/home/andrey/Documents/workspace/src/examples/rclpy/topics/minimal_publisher' returned '0': PYTHONPATH=/home/andrey/Documents/workspace/build/examples_rclpy_minimal_publisher/prefix_override:/home/andrey/Documents/workspace/install/examples_rclpy_minimal_publisher/lib/python3.10/site-packages:${PYTHONPATH} /usr/bin/python3 setup.py egg_info --egg-base ../../../../../build/examples_rclpy_minimal_publisher build --build-base /home/andrey/Documents/workspace/build/examples_rclpy_minimal_publisher/build install --record /home/andrey/Documents/workspace/build/examples_rclpy_minimal_publisher/install.log --single-version-externally-managed
