[3.569s] Invoking command in '/home/andrey/Documents/workspace/build/examples_rclpy_minimal_action_client': PYTHONPATH=/home/andrey/Documents/workspace/build/examples_rclpy_minimal_action_client/prefix_override:/home/andrey/Documents/workspace/install/examples_rclpy_minimal_action_client/lib/python3.10/site-packages:${PYTHONPATH} /usr/bin/python3 setup.py develop --uninstall --editable --build-directory /home/andrey/Documents/workspace/build/examples_rclpy_minimal_action_client/build
[3.989s] running develop
[3.990s] /usr/lib/python3/dist-packages/setuptools/command/easy_install.py:158: EasyInstallDeprecationWarning: easy_install command is deprecated. Use build and pip and other standards-based tools.
[3.990s]   warnings.warn(
[3.992s] /usr/lib/python3/dist-packages/setuptools/command/install.py:34: SetuptoolsDeprecationWarning: setup.py install is deprecated. Use build and pip and other standards-based tools.
[3.993s]   warnings.warn(
[4.253s] Removing /home/andrey/Documents/workspace/install/examples_rclpy_minimal_action_client/lib/python3.10/site-packages/examples-rclpy-minimal-action-client.egg-link (link to .)
[4.317s] Invoked command in '/home/andrey/Documents/workspace/build/examples_rclpy_minimal_action_client' returned '0': PYTHONPATH=/home/andrey/Documents/workspace/build/examples_rclpy_minimal_action_client/prefix_override:/home/andrey/Documents/workspace/install/examples_rclpy_minimal_action_client/lib/python3.10/site-packages:${PYTHONPATH} /usr/bin/python3 setup.py develop --uninstall --editable --build-directory /home/andrey/Documents/workspace/build/examples_rclpy_minimal_action_client/build
[4.331s] Invoking command in '/home/andrey/Documents/workspace/src/examples/rclpy/actions/minimal_action_client': PYTHONPATH=/home/andrey/Documents/workspace/build/examples_rclpy_minimal_action_client/prefix_override:/home/andrey/Documents/workspace/install/examples_rclpy_minimal_action_client/lib/python3.10/site-packages:${PYTHONPATH} /usr/bin/python3 setup.py egg_info --egg-base ../../../../../build/examples_rclpy_minimal_action_client build --build-base /home/andrey/Documents/workspace/build/examples_rclpy_minimal_action_client/build install --record /home/andrey/Documents/workspace/build/examples_rclpy_minimal_action_client/install.log --single-version-externally-managed
[4.738s] running egg_info
[4.739s] writing ../../../../../build/examples_rclpy_minimal_action_client/examples_rclpy_minimal_action_client.egg-info/PKG-INFO
[4.740s] writing dependency_links to ../../../../../build/examples_rclpy_minimal_action_client/examples_rclpy_minimal_action_client.egg-info/dependency_links.txt
[4.740s] writing entry points to ../../../../../build/examples_rclpy_minimal_action_client/examples_rclpy_minimal_action_client.egg-info/entry_points.txt
[4.740s] writing requirements to ../../../../../build/examples_rclpy_minimal_action_client/examples_rclpy_minimal_action_client.egg-info/requires.txt
[4.740s] writing top-level names to ../../../../../build/examples_rclpy_minimal_action_client/examples_rclpy_minimal_action_client.egg-info/top_level.txt
[4.742s] reading manifest file '../../../../../build/examples_rclpy_minimal_action_client/examples_rclpy_minimal_action_client.egg-info/SOURCES.txt'
[4.744s] writing manifest file '../../../../../build/examples_rclpy_minimal_action_client/examples_rclpy_minimal_action_client.egg-info/SOURCES.txt'
[4.744s] running build
[4.745s] running build_py
[4.745s] creating /home/andrey/Documents/workspace/build/examples_rclpy_minimal_action_client/build
[4.745s] creating /home/andrey/Documents/workspace/build/examples_rclpy_minimal_action_client/build/lib
[4.745s] creating /home/andrey/Documents/workspace/build/examples_rclpy_minimal_action_client/build/lib/examples_rclpy_minimal_action_client
[4.745s] copying examples_rclpy_minimal_action_client/__init__.py -> /home/andrey/Documents/workspace/build/examples_rclpy_minimal_action_client/build/lib/examples_rclpy_minimal_action_client
[4.745s] copying examples_rclpy_minimal_action_client/client.py -> /home/andrey/Documents/workspace/build/examples_rclpy_minimal_action_client/build/lib/examples_rclpy_minimal_action_client
[4.746s] copying examples_rclpy_minimal_action_client/client_not_composable.py -> /home/andrey/Documents/workspace/build/examples_rclpy_minimal_action_client/build/lib/examples_rclpy_minimal_action_client
[4.746s] copying examples_rclpy_minimal_action_client/client_asyncio.py -> /home/andrey/Documents/workspace/build/examples_rclpy_minimal_action_client/build/lib/examples_rclpy_minimal_action_client
[4.746s] copying examples_rclpy_minimal_action_client/client_cancel.py -> /home/andrey/Documents/workspace/build/examples_rclpy_minimal_action_client/build/lib/examples_rclpy_minimal_action_client
[4.746s] running install
[4.747s] /usr/lib/python3/dist-packages/setuptools/command/install.py:34: SetuptoolsDeprecationWarning: setup.py install is deprecated. Use build and pip and other standards-based tools.
[4.747s]   warnings.warn(
[4.747s] running install_lib
[4.748s] creating /home/andrey/Documents/workspace/install/examples_rclpy_minimal_action_client/lib/python3.10/site-packages/examples_rclpy_minimal_action_client
[4.748s] copying /home/andrey/Documents/workspace/build/examples_rclpy_minimal_action_client/build/lib/examples_rclpy_minimal_action_client/__init__.py -> /home/andrey/Documents/workspace/install/examples_rclpy_minimal_action_client/lib/python3.10/site-packages/examples_rclpy_minimal_action_client
[4.748s] copying /home/andrey/Documents/workspace/build/examples_rclpy_minimal_action_client/build/lib/examples_rclpy_minimal_action_client/client.py -> /home/andrey/Documents/workspace/install/examples_rclpy_minimal_action_client/lib/python3.10/site-packages/examples_rclpy_minimal_action_client
[4.748s] copying /home/andrey/Documents/workspace/build/examples_rclpy_minimal_action_client/build/lib/examples_rclpy_minimal_action_client/client_not_composable.py -> /home/andrey/Documents/workspace/install/examples_rclpy_minimal_action_client/lib/python3.10/site-packages/examples_rclpy_minimal_action_client
[4.748s] copying /home/andrey/Documents/workspace/build/examples_rclpy_minimal_action_client/build/lib/examples_rclpy_minimal_action_client/client_asyncio.py -> /home/andrey/Documents/workspace/install/examples_rclpy_minimal_action_client/lib/python3.10/site-packages/examples_rclpy_minimal_action_client
[4.749s] copying /home/andrey/Documents/workspace/build/examples_rclpy_minimal_action_client/build/lib/examples_rclpy_minimal_action_client/client_cancel.py -> /home/andrey/Documents/workspace/install/examples_rclpy_minimal_action_client/lib/python3.10/site-packages/examples_rclpy_minimal_action_client
[4.749s] byte-compiling /home/andrey/Documents/workspace/install/examples_rclpy_minimal_action_client/lib/python3.10/site-packages/examples_rclpy_minimal_action_client/__init__.py to __init__.cpython-310.pyc
[4.750s] byte-compiling /home/andrey/Documents/workspace/install/examples_rclpy_minimal_action_client/lib/python3.10/site-packages/examples_rclpy_minimal_action_client/client.py to client.cpython-310.pyc
[4.750s] byte-compiling /home/andrey/Documents/workspace/install/examples_rclpy_minimal_action_client/lib/python3.10/site-packages/examples_rclpy_minimal_action_client/client_not_composable.py to client_not_composable.cpython-310.pyc
[4.751s] byte-compiling /home/andrey/Documents/workspace/install/examples_rclpy_minimal_action_client/lib/python3.10/site-packages/examples_rclpy_minimal_action_client/client_asyncio.py to client_asyncio.cpython-310.pyc
[4.752s] byte-compiling /home/andrey/Documents/workspace/install/examples_rclpy_minimal_action_client/lib/python3.10/site-packages/examples_rclpy_minimal_action_client/client_cancel.py to client_cancel.cpython-310.pyc
[4.752s] running install_data
[4.753s] running install_egg_info
[4.755s] Copying ../../../../../build/examples_rclpy_minimal_action_client/examples_rclpy_minimal_action_client.egg-info to /home/andrey/Documents/workspace/install/examples_rclpy_minimal_action_client/lib/python3.10/site-packages/examples_rclpy_minimal_action_client-0.18.0-py3.10.egg-info
[4.756s] running install_scripts
[4.782s] Installing client script to /home/andrey/Documents/workspace/install/examples_rclpy_minimal_action_client/lib/examples_rclpy_minimal_action_client
[4.782s] Installing client_asyncio script to /home/andrey/Documents/workspace/install/examples_rclpy_minimal_action_client/lib/examples_rclpy_minimal_action_client
[4.782s] Installing client_cancel script to /home/andrey/Documents/workspace/install/examples_rclpy_minimal_action_client/lib/examples_rclpy_minimal_action_client
[4.782s] Installing client_not_composable script to /home/andrey/Documents/workspace/install/examples_rclpy_minimal_action_client/lib/examples_rclpy_minimal_action_client
[4.783s] writing list of installed files to '/home/andrey/Documents/workspace/build/examples_rclpy_minimal_action_client/install.log'
[4.814s] Invoked command in '/home/andrey/Documents/workspace/src/examples/rclpy/actions/minimal_action_client' returned '0': PYTHONPATH=/home/andrey/Documents/workspace/build/examples_rclpy_minimal_action_client/prefix_override:/home/andrey/Documents/workspace/install/examples_rclpy_minimal_action_client/lib/python3.10/site-packages:${PYTHONPATH} /usr/bin/python3 setup.py egg_info --egg-base ../../../../../build/examples_rclpy_minimal_action_client build --build-base /home/andrey/Documents/workspace/build/examples_rclpy_minimal_action_client/build install --record /home/andrey/Documents/workspace/build/examples_rclpy_minimal_action_client/install.log --single-version-externally-managed
