[1.054s] Invoking command in '/home/andrey/Documents/workspace/build/turtlesim': CMAKE_PREFIX_PATH=/opt/ros/iron /usr/bin/cmake --build /home/andrey/Documents/workspace/build/turtlesim -- -j12 -l12
[1.153s] [  0%] Built target ament_cmake_python_copy_turtlesim
[1.154s] [  0%] Built target turtlesim__rosidl_generator_type_description
[1.189s] [35m[1mConsolidate compiler generated dependencies of target turtlesim__rosidl_generator_c[0m
[1.209s] [  1%] Built target turtlesim__cpp
[1.234s] [ 24%] Built target turtlesim__rosidl_generator_c
[1.258s] [35m[1mConsolidate compiler generated dependencies of target turtlesim__rosidl_typesupport_fastrtps_c[0m
[1.284s] [35m[1mConsolidate compiler generated dependencies of target turtlesim__rosidl_typesupport_cpp[0m
[1.295s] [35m[1mConsolidate compiler generated dependencies of target turtlesim__rosidl_typesupport_introspection_c[0m
[1.316s] [35m[1mConsolidate compiler generated dependencies of target turtlesim__rosidl_typesupport_fastrtps_cpp[0m
[1.325s] [35m[1mConsolidate compiler generated dependencies of target turtlesim__rosidl_typesupport_c[0m
[1.357s] [35m[1mConsolidate compiler generated dependencies of target turtlesim__rosidl_typesupport_introspection_cpp[0m
[1.385s] [ 33%] Built target turtlesim__rosidl_typesupport_introspection_c
[1.393s] [ 42%] Built target turtlesim__rosidl_typesupport_fastrtps_c
[1.405s] [ 50%] Built target turtlesim__rosidl_typesupport_cpp
[1.426s] [ 59%] Built target turtlesim__rosidl_typesupport_c
[1.437s] [ 67%] Built target turtlesim__rosidl_typesupport_fastrtps_cpp
[1.468s] [35m[1mConsolidate compiler generated dependencies of target turtlesim_node[0m
[1.468s] [ 75%] Built target turtlesim__rosidl_typesupport_introspection_cpp
[1.483s] [35m[1mConsolidate compiler generated dependencies of target draw_square[0m
[1.506s] [35m[1mConsolidate compiler generated dependencies of target turtle_teleop_key[0m
[1.521s] running egg_info
[1.525s] [ 76%] Built target draw_square
[1.525s] writing turtlesim.egg-info/PKG-INFO
[1.525s] writing dependency_links to turtlesim.egg-info/dependency_links.txt
[1.525s] writing top-level names to turtlesim.egg-info/top_level.txt
[1.526s] reading manifest file 'turtlesim.egg-info/SOURCES.txt'
[1.527s] writing manifest file 'turtlesim.egg-info/SOURCES.txt'
[1.535s] [35m[1mConsolidate compiler generated dependencies of target mimic[0m
[1.549s] [ 78%] Built target turtle_teleop_key
[1.550s] [ 84%] Built target turtlesim_node
[1.561s] [ 84%] Built target turtlesim
[1.572s] [ 86%] Built target mimic
[1.574s] [ 86%] Built target ament_cmake_python_build_turtlesim_egg
[1.591s] [ 86%] Built target turtlesim__py
[1.609s] [35m[1mConsolidate compiler generated dependencies of target turtlesim__rosidl_generator_py[0m
[1.644s] [ 94%] Built target turtlesim__rosidl_generator_py
[1.658s] [35m[1mConsolidate compiler generated dependencies of target turtlesim__rosidl_typesupport_introspection_c__pyext[0m
[1.658s] [35m[1mConsolidate compiler generated dependencies of target turtlesim__rosidl_typesupport_c__pyext[0m
[1.658s] [35m[1mConsolidate compiler generated dependencies of target turtlesim__rosidl_typesupport_fastrtps_c__pyext[0m
[1.678s] [ 96%] Built target turtlesim__rosidl_typesupport_introspection_c__pyext
[1.679s] [ 98%] Built target turtlesim__rosidl_typesupport_fastrtps_c__pyext
[1.679s] [100%] Built target turtlesim__rosidl_typesupport_c__pyext
[1.818s] Invoked command in '/home/andrey/Documents/workspace/build/turtlesim' returned '0': CMAKE_PREFIX_PATH=/opt/ros/iron /usr/bin/cmake --build /home/andrey/Documents/workspace/build/turtlesim -- -j12 -l12
[2.066s] Invoking command in '/home/andrey/Documents/workspace/build/turtlesim': CMAKE_PREFIX_PATH=/opt/ros/iron /usr/bin/cmake --install /home/andrey/Documents/workspace/build/turtlesim
[2.075s] -- Install configuration: ""
[2.075s] -- Up-to-date: /home/andrey/Documents/workspace/install/turtlesim/share/ament_index/resource_index/rosidl_interfaces/turtlesim
[2.076s] -- Up-to-date: /home/andrey/Documents/workspace/install/turtlesim/share/turtlesim/action/RotateAbsolute.json
[2.076s] -- Up-to-date: /home/andrey/Documents/workspace/install/turtlesim/share/turtlesim/msg/Color.json
[2.076s] -- Up-to-date: /home/andrey/Documents/workspace/install/turtlesim/share/turtlesim/msg/Pose.json
[2.076s] -- Up-to-date: /home/andrey/Documents/workspace/install/turtlesim/share/turtlesim/srv/Kill.json
[2.076s] -- Up-to-date: /home/andrey/Documents/workspace/install/turtlesim/share/turtlesim/srv/SetPen.json
[2.076s] -- Up-to-date: /home/andrey/Documents/workspace/install/turtlesim/share/turtlesim/srv/Spawn.json
[2.076s] -- Up-to-date: /home/andrey/Documents/workspace/install/turtlesim/share/turtlesim/srv/TeleportAbsolute.json
[2.076s] -- Up-to-date: /home/andrey/Documents/workspace/install/turtlesim/share/turtlesim/srv/TeleportRelative.json
[2.076s] -- Up-to-date: /home/andrey/Documents/workspace/install/turtlesim/include/turtlesim/turtlesim
[2.077s] -- Up-to-date: /home/andrey/Documents/workspace/install/turtlesim/include/turtlesim/turtlesim/srv
[2.077s] -- Up-to-date: /home/andrey/Documents/workspace/install/turtlesim/include/turtlesim/turtlesim/srv/kill.h
[2.077s] -- Up-to-date: /home/andrey/Documents/workspace/install/turtlesim/include/turtlesim/turtlesim/srv/detail
[2.077s] -- Installing: /home/andrey/Documents/workspace/install/turtlesim/include/turtlesim/turtlesim/srv/detail/kill__type_support.c
[2.077s] -- Up-to-date: /home/andrey/Documents/workspace/install/turtlesim/include/turtlesim/turtlesim/srv/detail/teleport_absolute__type_support.h
[2.077s] -- Up-to-date: /home/andrey/Documents/workspace/install/turtlesim/include/turtlesim/turtlesim/srv/detail/kill__description.c
[2.077s] -- Installing: /home/andrey/Documents/workspace/install/turtlesim/include/turtlesim/turtlesim/srv/detail/spawn__type_support.c
[2.077s] -- Installing: /home/andrey/Documents/workspace/install/turtlesim/include/turtlesim/turtlesim/srv/detail/teleport_absolute__type_support.c
[2.078s] -- Installing: /home/andrey/Documents/workspace/install/turtlesim/include/turtlesim/turtlesim/srv/detail/set_pen__type_support.c
[2.078s] -- Up-to-date: /home/andrey/Documents/workspace/install/turtlesim/include/turtlesim/turtlesim/srv/detail/kill__type_support.h
[2.078s] -- Up-to-date: /home/andrey/Documents/workspace/install/turtlesim/include/turtlesim/turtlesim/srv/detail/kill__functions.h
[2.078s] -- Up-to-date: /home/andrey/Documents/workspace/install/turtlesim/include/turtlesim/turtlesim/srv/detail/set_pen__description.c
[2.078s] -- Up-to-date: /home/andrey/Documents/workspace/install/turtlesim/include/turtlesim/turtlesim/srv/detail/teleport_absolute__description.c
[2.078s] -- Up-to-date: /home/andrey/Documents/workspace/install/turtlesim/include/turtlesim/turtlesim/srv/detail/teleport_absolute__struct.h
[2.078s] -- Up-to-date: /home/andrey/Documents/workspace/install/turtlesim/include/turtlesim/turtlesim/srv/detail/spawn__struct.h
[2.078s] -- Up-to-date: /home/andrey/Documents/workspace/install/turtlesim/include/turtlesim/turtlesim/srv/detail/spawn__description.c
[2.078s] -- Installing: /home/andrey/Documents/workspace/install/turtlesim/include/turtlesim/turtlesim/srv/detail/teleport_relative__type_support.c
[2.079s] -- Up-to-date: /home/andrey/Documents/workspace/install/turtlesim/include/turtlesim/turtlesim/srv/detail/spawn__type_support.h
[2.079s] -- Up-to-date: /home/andrey/Documents/workspace/install/turtlesim/include/turtlesim/turtlesim/srv/detail/kill__functions.c
[2.079s] -- Up-to-date: /home/andrey/Documents/workspace/install/turtlesim/include/turtlesim/turtlesim/srv/detail/spawn__functions.h
[2.079s] -- Up-to-date: /home/andrey/Documents/workspace/install/turtlesim/include/turtlesim/turtlesim/srv/detail/teleport_relative__functions.c
[2.079s] -- Up-to-date: /home/andrey/Documents/workspace/install/turtlesim/include/turtlesim/turtlesim/srv/detail/set_pen__functions.h
[2.079s] -- Up-to-date: /home/andrey/Documents/workspace/install/turtlesim/include/turtlesim/turtlesim/srv/detail/teleport_relative__type_support.h
[2.079s] -- Up-to-date: /home/andrey/Documents/workspace/install/turtlesim/include/turtlesim/turtlesim/srv/detail/set_pen__type_support.h
[2.080s] -- Up-to-date: /home/andrey/Documents/workspace/install/turtlesim/include/turtlesim/turtlesim/srv/detail/teleport_relative__struct.h
[2.080s] -- Up-to-date: /home/andrey/Documents/workspace/install/turtlesim/include/turtlesim/turtlesim/srv/detail/teleport_absolute__functions.h
[2.080s] -- Up-to-date: /home/andrey/Documents/workspace/install/turtlesim/include/turtlesim/turtlesim/srv/detail/spawn__functions.c
[2.080s] -- Up-to-date: /home/andrey/Documents/workspace/install/turtlesim/include/turtlesim/turtlesim/srv/detail/teleport_absolute__functions.c
[2.080s] -- Up-to-date: /home/andrey/Documents/workspace/install/turtlesim/include/turtlesim/turtlesim/srv/detail/teleport_relative__description.c
[2.080s] -- Up-to-date: /home/andrey/Documents/workspace/install/turtlesim/include/turtlesim/turtlesim/srv/detail/kill__struct.h
[2.080s] -- Up-to-date: /home/andrey/Documents/workspace/install/turtlesim/include/turtlesim/turtlesim/srv/detail/teleport_relative__functions.h
[2.080s] -- Up-to-date: /home/andrey/Documents/workspace/install/turtlesim/include/turtlesim/turtlesim/srv/detail/set_pen__functions.c
[2.080s] -- Up-to-date: /home/andrey/Documents/workspace/install/turtlesim/include/turtlesim/turtlesim/srv/detail/set_pen__struct.h
[2.080s] -- Up-to-date: /home/andrey/Documents/workspace/install/turtlesim/include/turtlesim/turtlesim/srv/spawn.h
[2.080s] -- Up-to-date: /home/andrey/Documents/workspace/install/turtlesim/include/turtlesim/turtlesim/srv/set_pen.h
[2.081s] -- Up-to-date: /home/andrey/Documents/workspace/install/turtlesim/include/turtlesim/turtlesim/srv/teleport_absolute.h
[2.081s] -- Up-to-date: /home/andrey/Documents/workspace/install/turtlesim/include/turtlesim/turtlesim/srv/teleport_relative.h
[2.081s] -- Up-to-date: /home/andrey/Documents/workspace/install/turtlesim/include/turtlesim/turtlesim/action
[2.081s] -- Up-to-date: /home/andrey/Documents/workspace/install/turtlesim/include/turtlesim/turtlesim/action/detail
[2.081s] -- Installing: /home/andrey/Documents/workspace/install/turtlesim/include/turtlesim/turtlesim/action/detail/rotate_absolute__type_support.c
[2.081s] -- Up-to-date: /home/andrey/Documents/workspace/install/turtlesim/include/turtlesim/turtlesim/action/detail/rotate_absolute__functions.h
[2.081s] -- Up-to-date: /home/andrey/Documents/workspace/install/turtlesim/include/turtlesim/turtlesim/action/detail/rotate_absolute__description.c
[2.081s] -- Up-to-date: /home/andrey/Documents/workspace/install/turtlesim/include/turtlesim/turtlesim/action/detail/rotate_absolute__functions.c
[2.082s] -- Up-to-date: /home/andrey/Documents/workspace/install/turtlesim/include/turtlesim/turtlesim/action/detail/rotate_absolute__struct.h
[2.082s] -- Up-to-date: /home/andrey/Documents/workspace/install/turtlesim/include/turtlesim/turtlesim/action/detail/rotate_absolute__type_support.h
[2.082s] -- Up-to-date: /home/andrey/Documents/workspace/install/turtlesim/include/turtlesim/turtlesim/action/rotate_absolute.h
[2.082s] -- Up-to-date: /home/andrey/Documents/workspace/install/turtlesim/include/turtlesim/turtlesim/msg
[2.082s] -- Up-to-date: /home/andrey/Documents/workspace/install/turtlesim/include/turtlesim/turtlesim/msg/rosidl_generator_c__visibility_control.h
[2.082s] -- Up-to-date: /home/andrey/Documents/workspace/install/turtlesim/include/turtlesim/turtlesim/msg/pose.h
[2.082s] -- Up-to-date: /home/andrey/Documents/workspace/install/turtlesim/include/turtlesim/turtlesim/msg/color.h
[2.083s] -- Up-to-date: /home/andrey/Documents/workspace/install/turtlesim/include/turtlesim/turtlesim/msg/detail
[2.083s] -- Up-to-date: /home/andrey/Documents/workspace/install/turtlesim/include/turtlesim/turtlesim/msg/detail/pose__functions.h
[2.083s] -- Installing: /home/andrey/Documents/workspace/install/turtlesim/include/turtlesim/turtlesim/msg/detail/pose__type_support.c
[2.083s] -- Up-to-date: /home/andrey/Documents/workspace/install/turtlesim/include/turtlesim/turtlesim/msg/detail/color__description.c
[2.083s] -- Installing: /home/andrey/Documents/workspace/install/turtlesim/include/turtlesim/turtlesim/msg/detail/color__type_support.c
[2.084s] -- Up-to-date: /home/andrey/Documents/workspace/install/turtlesim/include/turtlesim/turtlesim/msg/detail/pose__description.c
[2.084s] -- Up-to-date: /home/andrey/Documents/workspace/install/turtlesim/include/turtlesim/turtlesim/msg/detail/color__type_support.h
[2.084s] -- Up-to-date: /home/andrey/Documents/workspace/install/turtlesim/include/turtlesim/turtlesim/msg/detail/color__struct.h
[2.084s] -- Up-to-date: /home/andrey/Documents/workspace/install/turtlesim/include/turtlesim/turtlesim/msg/detail/color__functions.c
[2.084s] -- Up-to-date: /home/andrey/Documents/workspace/install/turtlesim/include/turtlesim/turtlesim/msg/detail/pose__functions.c
[2.084s] -- Up-to-date: /home/andrey/Documents/workspace/install/turtlesim/include/turtlesim/turtlesim/msg/detail/color__functions.h
[2.085s] -- Up-to-date: /home/andrey/Documents/workspace/install/turtlesim/include/turtlesim/turtlesim/msg/detail/pose__struct.h
[2.085s] -- Up-to-date: /home/andrey/Documents/workspace/install/turtlesim/include/turtlesim/turtlesim/msg/detail/pose__type_support.h
[2.085s] -- Up-to-date: /home/andrey/Documents/workspace/install/turtlesim/share/turtlesim/environment/library_path.sh
[2.085s] -- Up-to-date: /home/andrey/Documents/workspace/install/turtlesim/share/turtlesim/environment/library_path.dsv
[2.085s] -- Up-to-date: /home/andrey/Documents/workspace/install/turtlesim/lib/libturtlesim__rosidl_generator_c.so
[2.085s] -- Up-to-date: /home/andrey/Documents/workspace/install/turtlesim/include/turtlesim/turtlesim
[2.086s] -- Up-to-date: /home/andrey/Documents/workspace/install/turtlesim/include/turtlesim/turtlesim/srv
[2.086s] -- Up-to-date: /home/andrey/Documents/workspace/install/turtlesim/include/turtlesim/turtlesim/srv/detail
[2.086s] -- Up-to-date: /home/andrey/Documents/workspace/install/turtlesim/include/turtlesim/turtlesim/srv/detail/teleport_absolute__rosidl_typesupport_fastrtps_c.h
[2.086s] -- Up-to-date: /home/andrey/Documents/workspace/install/turtlesim/include/turtlesim/turtlesim/srv/detail/teleport_relative__rosidl_typesupport_fastrtps_c.h
[2.086s] -- Up-to-date: /home/andrey/Documents/workspace/install/turtlesim/include/turtlesim/turtlesim/srv/detail/set_pen__rosidl_typesupport_fastrtps_c.h
[2.086s] -- Up-to-date: /home/andrey/Documents/workspace/install/turtlesim/include/turtlesim/turtlesim/srv/detail/kill__rosidl_typesupport_fastrtps_c.h
[2.086s] -- Up-to-date: /home/andrey/Documents/workspace/install/turtlesim/include/turtlesim/turtlesim/srv/detail/spawn__rosidl_typesupport_fastrtps_c.h
[2.086s] -- Up-to-date: /home/andrey/Documents/workspace/install/turtlesim/include/turtlesim/turtlesim/action
[2.087s] -- Up-to-date: /home/andrey/Documents/workspace/install/turtlesim/include/turtlesim/turtlesim/action/detail
[2.087s] -- Up-to-date: /home/andrey/Documents/workspace/install/turtlesim/include/turtlesim/turtlesim/action/detail/rotate_absolute__rosidl_typesupport_fastrtps_c.h
[2.087s] -- Up-to-date: /home/andrey/Documents/workspace/install/turtlesim/include/turtlesim/turtlesim/msg
[2.087s] -- Up-to-date: /home/andrey/Documents/workspace/install/turtlesim/include/turtlesim/turtlesim/msg/detail
[2.087s] -- Up-to-date: /home/andrey/Documents/workspace/install/turtlesim/include/turtlesim/turtlesim/msg/detail/pose__rosidl_typesupport_fastrtps_c.h
[2.087s] -- Up-to-date: /home/andrey/Documents/workspace/install/turtlesim/include/turtlesim/turtlesim/msg/detail/color__rosidl_typesupport_fastrtps_c.h
[2.087s] -- Up-to-date: /home/andrey/Documents/workspace/install/turtlesim/include/turtlesim/turtlesim/msg/rosidl_typesupport_fastrtps_c__visibility_control.h
[2.088s] -- Up-to-date: /home/andrey/Documents/workspace/install/turtlesim/lib/libturtlesim__rosidl_typesupport_fastrtps_c.so
[2.088s] -- Up-to-date: /home/andrey/Documents/workspace/install/turtlesim/include/turtlesim/turtlesim
[2.088s] -- Up-to-date: /home/andrey/Documents/workspace/install/turtlesim/include/turtlesim/turtlesim/srv
[2.088s] -- Up-to-date: /home/andrey/Documents/workspace/install/turtlesim/include/turtlesim/turtlesim/srv/teleport_absolute.hpp
[2.088s] -- Up-to-date: /home/andrey/Documents/workspace/install/turtlesim/include/turtlesim/turtlesim/srv/detail
[2.088s] -- Up-to-date: /home/andrey/Documents/workspace/install/turtlesim/include/turtlesim/turtlesim/srv/detail/set_pen__traits.hpp
[2.088s] -- Up-to-date: /home/andrey/Documents/workspace/install/turtlesim/include/turtlesim/turtlesim/srv/detail/teleport_relative__traits.hpp
[2.088s] -- Up-to-date: /home/andrey/Documents/workspace/install/turtlesim/include/turtlesim/turtlesim/srv/detail/teleport_absolute__struct.hpp
[2.089s] -- Up-to-date: /home/andrey/Documents/workspace/install/turtlesim/include/turtlesim/turtlesim/srv/detail/teleport_absolute__traits.hpp
[2.089s] -- Up-to-date: /home/andrey/Documents/workspace/install/turtlesim/include/turtlesim/turtlesim/srv/detail/teleport_relative__builder.hpp
[2.089s] -- Up-to-date: /home/andrey/Documents/workspace/install/turtlesim/include/turtlesim/turtlesim/srv/detail/teleport_relative__struct.hpp
[2.089s] -- Up-to-date: /home/andrey/Documents/workspace/install/turtlesim/include/turtlesim/turtlesim/srv/detail/set_pen__builder.hpp
[2.089s] -- Up-to-date: /home/andrey/Documents/workspace/install/turtlesim/include/turtlesim/turtlesim/srv/detail/set_pen__struct.hpp
[2.089s] -- Up-to-date: /home/andrey/Documents/workspace/install/turtlesim/include/turtlesim/turtlesim/srv/detail/spawn__traits.hpp
[2.089s] -- Up-to-date: /home/andrey/Documents/workspace/install/turtlesim/include/turtlesim/turtlesim/srv/detail/kill__builder.hpp
[2.089s] -- Up-to-date: /home/andrey/Documents/workspace/install/turtlesim/include/turtlesim/turtlesim/srv/detail/spawn__struct.hpp
[2.089s] -- Up-to-date: /home/andrey/Documents/workspace/install/turtlesim/include/turtlesim/turtlesim/srv/detail/teleport_absolute__builder.hpp
[2.090s] -- Up-to-date: /home/andrey/Documents/workspace/install/turtlesim/include/turtlesim/turtlesim/srv/detail/kill__struct.hpp
[2.090s] -- Up-to-date: /home/andrey/Documents/workspace/install/turtlesim/include/turtlesim/turtlesim/srv/detail/kill__traits.hpp
[2.090s] -- Up-to-date: /home/andrey/Documents/workspace/install/turtlesim/include/turtlesim/turtlesim/srv/detail/spawn__builder.hpp
[2.090s] -- Up-to-date: /home/andrey/Documents/workspace/install/turtlesim/include/turtlesim/turtlesim/srv/kill.hpp
[2.090s] -- Up-to-date: /home/andrey/Documents/workspace/install/turtlesim/include/turtlesim/turtlesim/srv/teleport_relative.hpp
[2.090s] -- Up-to-date: /home/andrey/Documents/workspace/install/turtlesim/include/turtlesim/turtlesim/srv/set_pen.hpp
[2.091s] -- Up-to-date: /home/andrey/Documents/workspace/install/turtlesim/include/turtlesim/turtlesim/srv/spawn.hpp
[2.091s] -- Up-to-date: /home/andrey/Documents/workspace/install/turtlesim/include/turtlesim/turtlesim/action
[2.091s] -- Up-to-date: /home/andrey/Documents/workspace/install/turtlesim/include/turtlesim/turtlesim/action/detail
[2.091s] -- Up-to-date: /home/andrey/Documents/workspace/install/turtlesim/include/turtlesim/turtlesim/action/detail/rotate_absolute__struct.hpp
[2.091s] -- Up-to-date: /home/andrey/Documents/workspace/install/turtlesim/include/turtlesim/turtlesim/action/detail/rotate_absolute__builder.hpp
[2.092s] -- Up-to-date: /home/andrey/Documents/workspace/install/turtlesim/include/turtlesim/turtlesim/action/detail/rotate_absolute__traits.hpp
[2.092s] -- Up-to-date: /home/andrey/Documents/workspace/install/turtlesim/include/turtlesim/turtlesim/action/rotate_absolute.hpp
[2.092s] -- Up-to-date: /home/andrey/Documents/workspace/install/turtlesim/include/turtlesim/turtlesim/msg
[2.092s] -- Up-to-date: /home/andrey/Documents/workspace/install/turtlesim/include/turtlesim/turtlesim/msg/pose.hpp
[2.092s] -- Up-to-date: /home/andrey/Documents/workspace/install/turtlesim/include/turtlesim/turtlesim/msg/color.hpp
[2.092s] -- Up-to-date: /home/andrey/Documents/workspace/install/turtlesim/include/turtlesim/turtlesim/msg/detail
[2.092s] -- Up-to-date: /home/andrey/Documents/workspace/install/turtlesim/include/turtlesim/turtlesim/msg/detail/color__traits.hpp
[2.092s] -- Up-to-date: /home/andrey/Documents/workspace/install/turtlesim/include/turtlesim/turtlesim/msg/detail/color__struct.hpp
[2.092s] -- Up-to-date: /home/andrey/Documents/workspace/install/turtlesim/include/turtlesim/turtlesim/msg/detail/color__builder.hpp
[2.092s] -- Up-to-date: /home/andrey/Documents/workspace/install/turtlesim/include/turtlesim/turtlesim/msg/detail/pose__traits.hpp
[2.093s] -- Up-to-date: /home/andrey/Documents/workspace/install/turtlesim/include/turtlesim/turtlesim/msg/detail/pose__builder.hpp
[2.093s] -- Up-to-date: /home/andrey/Documents/workspace/install/turtlesim/include/turtlesim/turtlesim/msg/detail/pose__struct.hpp
[2.093s] -- Up-to-date: /home/andrey/Documents/workspace/install/turtlesim/include/turtlesim/turtlesim
[2.093s] -- Up-to-date: /home/andrey/Documents/workspace/install/turtlesim/include/turtlesim/turtlesim/srv
[2.093s] -- Up-to-date: /home/andrey/Documents/workspace/install/turtlesim/include/turtlesim/turtlesim/srv/detail
[2.093s] -- Up-to-date: /home/andrey/Documents/workspace/install/turtlesim/include/turtlesim/turtlesim/srv/detail/teleport_relative__rosidl_typesupport_fastrtps_cpp.hpp
[2.093s] -- Up-to-date: /home/andrey/Documents/workspace/install/turtlesim/include/turtlesim/turtlesim/srv/detail/dds_fastrtps
[2.093s] -- Up-to-date: /home/andrey/Documents/workspace/install/turtlesim/include/turtlesim/turtlesim/srv/detail/set_pen__rosidl_typesupport_fastrtps_cpp.hpp
[2.093s] -- Up-to-date: /home/andrey/Documents/workspace/install/turtlesim/include/turtlesim/turtlesim/srv/detail/teleport_absolute__rosidl_typesupport_fastrtps_cpp.hpp
[2.093s] -- Up-to-date: /home/andrey/Documents/workspace/install/turtlesim/include/turtlesim/turtlesim/srv/detail/kill__rosidl_typesupport_fastrtps_cpp.hpp
[2.093s] -- Up-to-date: /home/andrey/Documents/workspace/install/turtlesim/include/turtlesim/turtlesim/srv/detail/spawn__rosidl_typesupport_fastrtps_cpp.hpp
[2.094s] -- Up-to-date: /home/andrey/Documents/workspace/install/turtlesim/include/turtlesim/turtlesim/action
[2.094s] -- Up-to-date: /home/andrey/Documents/workspace/install/turtlesim/include/turtlesim/turtlesim/action/detail
[2.094s] -- Up-to-date: /home/andrey/Documents/workspace/install/turtlesim/include/turtlesim/turtlesim/action/detail/rotate_absolute__rosidl_typesupport_fastrtps_cpp.hpp
[2.094s] -- Up-to-date: /home/andrey/Documents/workspace/install/turtlesim/include/turtlesim/turtlesim/action/detail/dds_fastrtps
[2.094s] -- Up-to-date: /home/andrey/Documents/workspace/install/turtlesim/include/turtlesim/turtlesim/msg
[2.094s] -- Up-to-date: /home/andrey/Documents/workspace/install/turtlesim/include/turtlesim/turtlesim/msg/detail
[2.094s] -- Up-to-date: /home/andrey/Documents/workspace/install/turtlesim/include/turtlesim/turtlesim/msg/detail/dds_fastrtps
[2.094s] -- Up-to-date: /home/andrey/Documents/workspace/install/turtlesim/include/turtlesim/turtlesim/msg/detail/pose__rosidl_typesupport_fastrtps_cpp.hpp
[2.094s] -- Up-to-date: /home/andrey/Documents/workspace/install/turtlesim/include/turtlesim/turtlesim/msg/detail/color__rosidl_typesupport_fastrtps_cpp.hpp
[2.094s] -- Up-to-date: /home/andrey/Documents/workspace/install/turtlesim/include/turtlesim/turtlesim/msg/rosidl_typesupport_fastrtps_cpp__visibility_control.h
[2.094s] -- Up-to-date: /home/andrey/Documents/workspace/install/turtlesim/lib/libturtlesim__rosidl_typesupport_fastrtps_cpp.so
[2.094s] -- Up-to-date: /home/andrey/Documents/workspace/install/turtlesim/include/turtlesim/turtlesim
[2.095s] -- Up-to-date: /home/andrey/Documents/workspace/install/turtlesim/include/turtlesim/turtlesim/srv
[2.095s] -- Up-to-date: /home/andrey/Documents/workspace/install/turtlesim/include/turtlesim/turtlesim/srv/detail
[2.095s] -- Installing: /home/andrey/Documents/workspace/install/turtlesim/include/turtlesim/turtlesim/srv/detail/kill__type_support.c
[2.095s] -- Installing: /home/andrey/Documents/workspace/install/turtlesim/include/turtlesim/turtlesim/srv/detail/spawn__type_support.c
[2.095s] -- Installing: /home/andrey/Documents/workspace/install/turtlesim/include/turtlesim/turtlesim/srv/detail/teleport_absolute__type_support.c
[2.095s] -- Installing: /home/andrey/Documents/workspace/install/turtlesim/include/turtlesim/turtlesim/srv/detail/set_pen__type_support.c
[2.095s] -- Up-to-date: /home/andrey/Documents/workspace/install/turtlesim/include/turtlesim/turtlesim/srv/detail/set_pen__rosidl_typesupport_introspection_c.h
[2.095s] -- Up-to-date: /home/andrey/Documents/workspace/install/turtlesim/include/turtlesim/turtlesim/srv/detail/spawn__rosidl_typesupport_introspection_c.h
[2.095s] -- Installing: /home/andrey/Documents/workspace/install/turtlesim/include/turtlesim/turtlesim/srv/detail/teleport_relative__type_support.c
[2.095s] -- Up-to-date: /home/andrey/Documents/workspace/install/turtlesim/include/turtlesim/turtlesim/srv/detail/kill__rosidl_typesupport_introspection_c.h
[2.095s] -- Up-to-date: /home/andrey/Documents/workspace/install/turtlesim/include/turtlesim/turtlesim/srv/detail/teleport_absolute__rosidl_typesupport_introspection_c.h
[2.095s] -- Up-to-date: /home/andrey/Documents/workspace/install/turtlesim/include/turtlesim/turtlesim/srv/detail/teleport_relative__rosidl_typesupport_introspection_c.h
[2.096s] -- Up-to-date: /home/andrey/Documents/workspace/install/turtlesim/include/turtlesim/turtlesim/action
[2.096s] -- Up-to-date: /home/andrey/Documents/workspace/install/turtlesim/include/turtlesim/turtlesim/action/detail
[2.096s] -- Installing: /home/andrey/Documents/workspace/install/turtlesim/include/turtlesim/turtlesim/action/detail/rotate_absolute__type_support.c
[2.096s] -- Up-to-date: /home/andrey/Documents/workspace/install/turtlesim/include/turtlesim/turtlesim/action/detail/rotate_absolute__rosidl_typesupport_introspection_c.h
[2.096s] -- Up-to-date: /home/andrey/Documents/workspace/install/turtlesim/include/turtlesim/turtlesim/msg
[2.096s] -- Up-to-date: /home/andrey/Documents/workspace/install/turtlesim/include/turtlesim/turtlesim/msg/rosidl_typesupport_introspection_c__visibility_control.h
[2.096s] -- Up-to-date: /home/andrey/Documents/workspace/install/turtlesim/include/turtlesim/turtlesim/msg/detail
[2.096s] -- Installing: /home/andrey/Documents/workspace/install/turtlesim/include/turtlesim/turtlesim/msg/detail/pose__type_support.c
[2.096s] -- Installing: /home/andrey/Documents/workspace/install/turtlesim/include/turtlesim/turtlesim/msg/detail/color__type_support.c
[2.096s] -- Up-to-date: /home/andrey/Documents/workspace/install/turtlesim/include/turtlesim/turtlesim/msg/detail/color__rosidl_typesupport_introspection_c.h
[2.096s] -- Up-to-date: /home/andrey/Documents/workspace/install/turtlesim/include/turtlesim/turtlesim/msg/detail/pose__rosidl_typesupport_introspection_c.h
[2.096s] -- Up-to-date: /home/andrey/Documents/workspace/install/turtlesim/lib/libturtlesim__rosidl_typesupport_introspection_c.so
[2.096s] -- Up-to-date: /home/andrey/Documents/workspace/install/turtlesim/lib/libturtlesim__rosidl_typesupport_c.so
[2.097s] -- Up-to-date: /home/andrey/Documents/workspace/install/turtlesim/include/turtlesim/turtlesim
[2.097s] -- Up-to-date: /home/andrey/Documents/workspace/install/turtlesim/include/turtlesim/turtlesim/srv
[2.097s] -- Up-to-date: /home/andrey/Documents/workspace/install/turtlesim/include/turtlesim/turtlesim/srv/detail
[2.097s] -- Up-to-date: /home/andrey/Documents/workspace/install/turtlesim/include/turtlesim/turtlesim/srv/detail/teleport_relative__rosidl_typesupport_introspection_cpp.hpp
[2.097s] -- Up-to-date: /home/andrey/Documents/workspace/install/turtlesim/include/turtlesim/turtlesim/srv/detail/set_pen__type_support.cpp
[2.097s] -- Up-to-date: /home/andrey/Documents/workspace/install/turtlesim/include/turtlesim/turtlesim/srv/detail/spawn__rosidl_typesupport_introspection_cpp.hpp
[2.097s] -- Up-to-date: /home/andrey/Documents/workspace/install/turtlesim/include/turtlesim/turtlesim/srv/detail/teleport_absolute__type_support.cpp
[2.097s] -- Up-to-date: /home/andrey/Documents/workspace/install/turtlesim/include/turtlesim/turtlesim/srv/detail/teleport_absolute__rosidl_typesupport_introspection_cpp.hpp
[2.097s] -- Up-to-date: /home/andrey/Documents/workspace/install/turtlesim/include/turtlesim/turtlesim/srv/detail/teleport_relative__type_support.cpp
[2.097s] -- Up-to-date: /home/andrey/Documents/workspace/install/turtlesim/include/turtlesim/turtlesim/srv/detail/spawn__type_support.cpp
[2.097s] -- Up-to-date: /home/andrey/Documents/workspace/install/turtlesim/include/turtlesim/turtlesim/srv/detail/kill__type_support.cpp
[2.097s] -- Up-to-date: /home/andrey/Documents/workspace/install/turtlesim/include/turtlesim/turtlesim/srv/detail/kill__rosidl_typesupport_introspection_cpp.hpp
[2.097s] -- Up-to-date: /home/andrey/Documents/workspace/install/turtlesim/include/turtlesim/turtlesim/srv/detail/set_pen__rosidl_typesupport_introspection_cpp.hpp
[2.098s] -- Up-to-date: /home/andrey/Documents/workspace/install/turtlesim/include/turtlesim/turtlesim/action
[2.098s] -- Up-to-date: /home/andrey/Documents/workspace/install/turtlesim/include/turtlesim/turtlesim/action/detail
[2.098s] -- Up-to-date: /home/andrey/Documents/workspace/install/turtlesim/include/turtlesim/turtlesim/action/detail/rotate_absolute__rosidl_typesupport_introspection_cpp.hpp
[2.098s] -- Up-to-date: /home/andrey/Documents/workspace/install/turtlesim/include/turtlesim/turtlesim/action/detail/rotate_absolute__type_support.cpp
[2.098s] -- Up-to-date: /home/andrey/Documents/workspace/install/turtlesim/include/turtlesim/turtlesim/msg
[2.098s] -- Up-to-date: /home/andrey/Documents/workspace/install/turtlesim/include/turtlesim/turtlesim/msg/detail
[2.098s] -- Up-to-date: /home/andrey/Documents/workspace/install/turtlesim/include/turtlesim/turtlesim/msg/detail/pose__type_support.cpp
[2.098s] -- Up-to-date: /home/andrey/Documents/workspace/install/turtlesim/include/turtlesim/turtlesim/msg/detail/pose__rosidl_typesupport_introspection_cpp.hpp
[2.098s] -- Up-to-date: /home/andrey/Documents/workspace/install/turtlesim/include/turtlesim/turtlesim/msg/detail/color__type_support.cpp
[2.098s] -- Up-to-date: /home/andrey/Documents/workspace/install/turtlesim/include/turtlesim/turtlesim/msg/detail/color__rosidl_typesupport_introspection_cpp.hpp
[2.098s] -- Up-to-date: /home/andrey/Documents/workspace/install/turtlesim/lib/libturtlesim__rosidl_typesupport_introspection_cpp.so
[2.098s] -- Up-to-date: /home/andrey/Documents/workspace/install/turtlesim/lib/libturtlesim__rosidl_typesupport_cpp.so
[2.099s] -- Up-to-date: /home/andrey/Documents/workspace/install/turtlesim/share/turtlesim/environment/pythonpath.sh
[2.099s] -- Up-to-date: /home/andrey/Documents/workspace/install/turtlesim/share/turtlesim/environment/pythonpath.dsv
[2.099s] -- Up-to-date: /home/andrey/Documents/workspace/install/turtlesim/lib/python3.10/site-packages/turtlesim-1.6.1-py3.10.egg-info
[2.099s] -- Installing: /home/andrey/Documents/workspace/install/turtlesim/lib/python3.10/site-packages/turtlesim-1.6.1-py3.10.egg-info/dependency_links.txt
[2.099s] -- Installing: /home/andrey/Documents/workspace/install/turtlesim/lib/python3.10/site-packages/turtlesim-1.6.1-py3.10.egg-info/SOURCES.txt
[2.099s] -- Installing: /home/andrey/Documents/workspace/install/turtlesim/lib/python3.10/site-packages/turtlesim-1.6.1-py3.10.egg-info/top_level.txt
[2.099s] -- Installing: /home/andrey/Documents/workspace/install/turtlesim/lib/python3.10/site-packages/turtlesim-1.6.1-py3.10.egg-info/PKG-INFO
[2.099s] -- Up-to-date: /home/andrey/Documents/workspace/install/turtlesim/lib/python3.10/site-packages/turtlesim
[2.099s] -- Up-to-date: /home/andrey/Documents/workspace/install/turtlesim/lib/python3.10/site-packages/turtlesim/_turtlesim_s.ep.rosidl_typesupport_introspection_c.c
[2.099s] -- Up-to-date: /home/andrey/Documents/workspace/install/turtlesim/lib/python3.10/site-packages/turtlesim/srv
[2.099s] -- Up-to-date: /home/andrey/Documents/workspace/install/turtlesim/lib/python3.10/site-packages/turtlesim/srv/_teleport_relative.py
[2.099s] -- Up-to-date: /home/andrey/Documents/workspace/install/turtlesim/lib/python3.10/site-packages/turtlesim/srv/_set_pen.py
[2.100s] -- Up-to-date: /home/andrey/Documents/workspace/install/turtlesim/lib/python3.10/site-packages/turtlesim/srv/_set_pen_s.c
[2.100s] -- Up-to-date: /home/andrey/Documents/workspace/install/turtlesim/lib/python3.10/site-packages/turtlesim/srv/_kill.py
[2.100s] -- Up-to-date: /home/andrey/Documents/workspace/install/turtlesim/lib/python3.10/site-packages/turtlesim/srv/_teleport_absolute.py
[2.100s] -- Up-to-date: /home/andrey/Documents/workspace/install/turtlesim/lib/python3.10/site-packages/turtlesim/srv/_teleport_relative_s.c
[2.100s] -- Up-to-date: /home/andrey/Documents/workspace/install/turtlesim/lib/python3.10/site-packages/turtlesim/srv/__init__.py
[2.100s] -- Up-to-date: /home/andrey/Documents/workspace/install/turtlesim/lib/python3.10/site-packages/turtlesim/srv/_kill_s.c
[2.100s] -- Up-to-date: /home/andrey/Documents/workspace/install/turtlesim/lib/python3.10/site-packages/turtlesim/srv/_spawn_s.c
[2.100s] -- Up-to-date: /home/andrey/Documents/workspace/install/turtlesim/lib/python3.10/site-packages/turtlesim/srv/_spawn.py
[2.100s] -- Up-to-date: /home/andrey/Documents/workspace/install/turtlesim/lib/python3.10/site-packages/turtlesim/srv/_teleport_absolute_s.c
[2.100s] -- Up-to-date: /home/andrey/Documents/workspace/install/turtlesim/lib/python3.10/site-packages/turtlesim/libturtlesim__rosidl_generator_py.so
[2.100s] -- Up-to-date: /home/andrey/Documents/workspace/install/turtlesim/lib/python3.10/site-packages/turtlesim/_turtlesim_s.ep.rosidl_typesupport_c.c
[2.100s] -- Up-to-date: /home/andrey/Documents/workspace/install/turtlesim/lib/python3.10/site-packages/turtlesim/action
[2.101s] -- Up-to-date: /home/andrey/Documents/workspace/install/turtlesim/lib/python3.10/site-packages/turtlesim/action/_rotate_absolute_s.c
[2.101s] -- Up-to-date: /home/andrey/Documents/workspace/install/turtlesim/lib/python3.10/site-packages/turtlesim/action/_rotate_absolute.py
[2.101s] -- Up-to-date: /home/andrey/Documents/workspace/install/turtlesim/lib/python3.10/site-packages/turtlesim/action/__init__.py
[2.101s] -- Up-to-date: /home/andrey/Documents/workspace/install/turtlesim/lib/python3.10/site-packages/turtlesim/_turtlesim_s.ep.rosidl_typesupport_fastrtps_c.c
[2.101s] -- Up-to-date: /home/andrey/Documents/workspace/install/turtlesim/lib/python3.10/site-packages/turtlesim/turtlesim_s__rosidl_typesupport_c.cpython-310-x86_64-linux-gnu.so
[2.101s] -- Up-to-date: /home/andrey/Documents/workspace/install/turtlesim/lib/python3.10/site-packages/turtlesim/turtlesim_s__rosidl_typesupport_fastrtps_c.cpython-310-x86_64-linux-gnu.so
[2.102s] -- Up-to-date: /home/andrey/Documents/workspace/install/turtlesim/lib/python3.10/site-packages/turtlesim/__init__.py
[2.102s] -- Up-to-date: /home/andrey/Documents/workspace/install/turtlesim/lib/python3.10/site-packages/turtlesim/turtlesim_s__rosidl_typesupport_introspection_c.cpython-310-x86_64-linux-gnu.so
[2.102s] -- Up-to-date: /home/andrey/Documents/workspace/install/turtlesim/lib/python3.10/site-packages/turtlesim/msg
[2.102s] -- Up-to-date: /home/andrey/Documents/workspace/install/turtlesim/lib/python3.10/site-packages/turtlesim/msg/_pose_s.c
[2.103s] -- Up-to-date: /home/andrey/Documents/workspace/install/turtlesim/lib/python3.10/site-packages/turtlesim/msg/__init__.py
[2.103s] -- Up-to-date: /home/andrey/Documents/workspace/install/turtlesim/lib/python3.10/site-packages/turtlesim/msg/_color.py
[2.103s] -- Up-to-date: /home/andrey/Documents/workspace/install/turtlesim/lib/python3.10/site-packages/turtlesim/msg/_pose.py
[2.103s] -- Up-to-date: /home/andrey/Documents/workspace/install/turtlesim/lib/python3.10/site-packages/turtlesim/msg/_color_s.c
[2.125s] Listing '/home/andrey/Documents/workspace/install/turtlesim/lib/python3.10/site-packages/turtlesim'...
[2.126s] Listing '/home/andrey/Documents/workspace/install/turtlesim/lib/python3.10/site-packages/turtlesim/action'...
[2.126s] Listing '/home/andrey/Documents/workspace/install/turtlesim/lib/python3.10/site-packages/turtlesim/msg'...
[2.126s] Listing '/home/andrey/Documents/workspace/install/turtlesim/lib/python3.10/site-packages/turtlesim/srv'...
[2.130s] -- Up-to-date: /home/andrey/Documents/workspace/install/turtlesim/lib/python3.10/site-packages/turtlesim/turtlesim_s__rosidl_typesupport_fastrtps_c.cpython-310-x86_64-linux-gnu.so
[2.130s] -- Up-to-date: /home/andrey/Documents/workspace/install/turtlesim/lib/python3.10/site-packages/turtlesim/turtlesim_s__rosidl_typesupport_introspection_c.cpython-310-x86_64-linux-gnu.so
[2.130s] -- Up-to-date: /home/andrey/Documents/workspace/install/turtlesim/lib/python3.10/site-packages/turtlesim/turtlesim_s__rosidl_typesupport_c.cpython-310-x86_64-linux-gnu.so
[2.131s] -- Up-to-date: /home/andrey/Documents/workspace/install/turtlesim/lib/libturtlesim__rosidl_generator_py.so
[2.131s] -- Up-to-date: /home/andrey/Documents/workspace/install/turtlesim/share/turtlesim/action/RotateAbsolute.idl
[2.131s] -- Up-to-date: /home/andrey/Documents/workspace/install/turtlesim/share/turtlesim/msg/Color.idl
[2.131s] -- Up-to-date: /home/andrey/Documents/workspace/install/turtlesim/share/turtlesim/msg/Pose.idl
[2.132s] -- Up-to-date: /home/andrey/Documents/workspace/install/turtlesim/share/turtlesim/srv/Kill.idl
[2.132s] -- Up-to-date: /home/andrey/Documents/workspace/install/turtlesim/share/turtlesim/srv/SetPen.idl
[2.132s] -- Up-to-date: /home/andrey/Documents/workspace/install/turtlesim/share/turtlesim/srv/Spawn.idl
[2.132s] -- Up-to-date: /home/andrey/Documents/workspace/install/turtlesim/share/turtlesim/srv/TeleportAbsolute.idl
[2.132s] -- Up-to-date: /home/andrey/Documents/workspace/install/turtlesim/share/turtlesim/srv/TeleportRelative.idl
[2.133s] -- Up-to-date: /home/andrey/Documents/workspace/install/turtlesim/share/turtlesim/action/RotateAbsolute.action
[2.133s] -- Up-to-date: /home/andrey/Documents/workspace/install/turtlesim/share/turtlesim/msg/Color.msg
[2.133s] -- Up-to-date: /home/andrey/Documents/workspace/install/turtlesim/share/turtlesim/msg/Pose.msg
[2.133s] -- Up-to-date: /home/andrey/Documents/workspace/install/turtlesim/share/turtlesim/srv/Kill.srv
[2.133s] -- Up-to-date: /home/andrey/Documents/workspace/install/turtlesim/share/turtlesim/srv/Kill_Request.msg
[2.134s] -- Up-to-date: /home/andrey/Documents/workspace/install/turtlesim/share/turtlesim/srv/Kill_Response.msg
[2.134s] -- Up-to-date: /home/andrey/Documents/workspace/install/turtlesim/share/turtlesim/srv/SetPen.srv
[2.134s] -- Up-to-date: /home/andrey/Documents/workspace/install/turtlesim/share/turtlesim/srv/SetPen_Request.msg
[2.134s] -- Up-to-date: /home/andrey/Documents/workspace/install/turtlesim/share/turtlesim/srv/SetPen_Response.msg
[2.134s] -- Up-to-date: /home/andrey/Documents/workspace/install/turtlesim/share/turtlesim/srv/Spawn.srv
[2.135s] -- Up-to-date: /home/andrey/Documents/workspace/install/turtlesim/share/turtlesim/srv/Spawn_Request.msg
[2.135s] -- Up-to-date: /home/andrey/Documents/workspace/install/turtlesim/share/turtlesim/srv/Spawn_Response.msg
[2.135s] -- Up-to-date: /home/andrey/Documents/workspace/install/turtlesim/share/turtlesim/srv/TeleportAbsolute.srv
[2.135s] -- Up-to-date: /home/andrey/Documents/workspace/install/turtlesim/share/turtlesim/srv/TeleportAbsolute_Request.msg
[2.136s] -- Up-to-date: /home/andrey/Documents/workspace/install/turtlesim/share/turtlesim/srv/TeleportAbsolute_Response.msg
[2.136s] -- Up-to-date: /home/andrey/Documents/workspace/install/turtlesim/share/turtlesim/srv/TeleportRelative.srv
[2.136s] -- Up-to-date: /home/andrey/Documents/workspace/install/turtlesim/share/turtlesim/srv/TeleportRelative_Request.msg
[2.136s] -- Up-to-date: /home/andrey/Documents/workspace/install/turtlesim/share/turtlesim/srv/TeleportRelative_Response.msg
[2.136s] -- Up-to-date: /home/andrey/Documents/workspace/install/turtlesim/lib/turtlesim/turtlesim_node
[2.137s] -- Up-to-date: /home/andrey/Documents/workspace/install/turtlesim/lib/turtlesim/turtle_teleop_key
[2.137s] -- Up-to-date: /home/andrey/Documents/workspace/install/turtlesim/lib/turtlesim/draw_square
[2.137s] -- Up-to-date: /home/andrey/Documents/workspace/install/turtlesim/lib/turtlesim/mimic
[2.137s] -- Up-to-date: /home/andrey/Documents/workspace/install/turtlesim/share/turtlesim/images
[2.137s] -- Up-to-date: /home/andrey/Documents/workspace/install/turtlesim/share/turtlesim/images/humble.png
[2.138s] -- Up-to-date: /home/andrey/Documents/workspace/install/turtlesim/share/turtlesim/images/galactic.png
[2.138s] -- Up-to-date: /home/andrey/Documents/workspace/install/turtlesim/share/turtlesim/images/ardent.png
[2.138s] -- Up-to-date: /home/andrey/Documents/workspace/install/turtlesim/share/turtlesim/images/iron.png
[2.138s] -- Up-to-date: /home/andrey/Documents/workspace/install/turtlesim/share/turtlesim/images/eloquent.png
[2.139s] -- Up-to-date: /home/andrey/Documents/workspace/install/turtlesim/share/turtlesim/images/dashing.png
[2.139s] -- Up-to-date: /home/andrey/Documents/workspace/install/turtlesim/share/turtlesim/images/crystal.png
[2.139s] -- Up-to-date: /home/andrey/Documents/workspace/install/turtlesim/share/turtlesim/images/bouncy.png
[2.139s] -- Up-to-date: /home/andrey/Documents/workspace/install/turtlesim/share/turtlesim/images/rolling.png
[2.139s] -- Up-to-date: /home/andrey/Documents/workspace/install/turtlesim/share/turtlesim/images/foxy.png
[2.140s] -- Up-to-date: /home/andrey/Documents/workspace/install/turtlesim/share/turtlesim/launch
[2.140s] -- Up-to-date: /home/andrey/Documents/workspace/install/turtlesim/share/turtlesim/launch/multisim.launch.py
[2.140s] -- Up-to-date: /home/andrey/Documents/workspace/install/turtlesim/share/ament_index/resource_index/package_run_dependencies/turtlesim
[2.140s] -- Up-to-date: /home/andrey/Documents/workspace/install/turtlesim/share/ament_index/resource_index/parent_prefix_path/turtlesim
[2.141s] -- Up-to-date: /home/andrey/Documents/workspace/install/turtlesim/share/turtlesim/environment/ament_prefix_path.sh
[2.141s] -- Up-to-date: /home/andrey/Documents/workspace/install/turtlesim/share/turtlesim/environment/ament_prefix_path.dsv
[2.141s] -- Up-to-date: /home/andrey/Documents/workspace/install/turtlesim/share/turtlesim/environment/path.sh
[2.141s] -- Up-to-date: /home/andrey/Documents/workspace/install/turtlesim/share/turtlesim/environment/path.dsv
[2.141s] -- Up-to-date: /home/andrey/Documents/workspace/install/turtlesim/share/turtlesim/local_setup.bash
[2.142s] -- Up-to-date: /home/andrey/Documents/workspace/install/turtlesim/share/turtlesim/local_setup.sh
[2.142s] -- Up-to-date: /home/andrey/Documents/workspace/install/turtlesim/share/turtlesim/local_setup.zsh
[2.142s] -- Up-to-date: /home/andrey/Documents/workspace/install/turtlesim/share/turtlesim/local_setup.dsv
[2.142s] -- Installing: /home/andrey/Documents/workspace/install/turtlesim/share/turtlesim/package.dsv
[2.142s] -- Up-to-date: /home/andrey/Documents/workspace/install/turtlesim/share/ament_index/resource_index/packages/turtlesim
[2.142s] -- Up-to-date: /home/andrey/Documents/workspace/install/turtlesim/share/turtlesim/cmake/export_turtlesim__rosidl_generator_cExport.cmake
[2.142s] -- Up-to-date: /home/andrey/Documents/workspace/install/turtlesim/share/turtlesim/cmake/export_turtlesim__rosidl_generator_cExport-noconfig.cmake
[2.143s] -- Up-to-date: /home/andrey/Documents/workspace/install/turtlesim/share/turtlesim/cmake/export_turtlesim__rosidl_typesupport_fastrtps_cExport.cmake
[2.143s] -- Up-to-date: /home/andrey/Documents/workspace/install/turtlesim/share/turtlesim/cmake/export_turtlesim__rosidl_typesupport_fastrtps_cExport-noconfig.cmake
[2.143s] -- Up-to-date: /home/andrey/Documents/workspace/install/turtlesim/share/turtlesim/cmake/export_turtlesim__rosidl_generator_cppExport.cmake
[2.143s] -- Up-to-date: /home/andrey/Documents/workspace/install/turtlesim/share/turtlesim/cmake/export_turtlesim__rosidl_typesupport_fastrtps_cppExport.cmake
[2.143s] -- Up-to-date: /home/andrey/Documents/workspace/install/turtlesim/share/turtlesim/cmake/export_turtlesim__rosidl_typesupport_fastrtps_cppExport-noconfig.cmake
[2.144s] -- Up-to-date: /home/andrey/Documents/workspace/install/turtlesim/share/turtlesim/cmake/turtlesim__rosidl_typesupport_introspection_cExport.cmake
[2.144s] -- Up-to-date: /home/andrey/Documents/workspace/install/turtlesim/share/turtlesim/cmake/turtlesim__rosidl_typesupport_introspection_cExport-noconfig.cmake
[2.144s] -- Up-to-date: /home/andrey/Documents/workspace/install/turtlesim/share/turtlesim/cmake/turtlesim__rosidl_typesupport_cExport.cmake
[2.144s] -- Up-to-date: /home/andrey/Documents/workspace/install/turtlesim/share/turtlesim/cmake/turtlesim__rosidl_typesupport_cExport-noconfig.cmake
[2.145s] -- Up-to-date: /home/andrey/Documents/workspace/install/turtlesim/share/turtlesim/cmake/turtlesim__rosidl_typesupport_introspection_cppExport.cmake
[2.145s] -- Up-to-date: /home/andrey/Documents/workspace/install/turtlesim/share/turtlesim/cmake/turtlesim__rosidl_typesupport_introspection_cppExport-noconfig.cmake
[2.145s] -- Up-to-date: /home/andrey/Documents/workspace/install/turtlesim/share/turtlesim/cmake/turtlesim__rosidl_typesupport_cppExport.cmake
[2.145s] -- Up-to-date: /home/andrey/Documents/workspace/install/turtlesim/share/turtlesim/cmake/turtlesim__rosidl_typesupport_cppExport-noconfig.cmake
[2.145s] -- Up-to-date: /home/andrey/Documents/workspace/install/turtlesim/share/turtlesim/cmake/export_turtlesim__rosidl_generator_pyExport.cmake
[2.145s] -- Up-to-date: /home/andrey/Documents/workspace/install/turtlesim/share/turtlesim/cmake/export_turtlesim__rosidl_generator_pyExport-noconfig.cmake
[2.146s] -- Up-to-date: /home/andrey/Documents/workspace/install/turtlesim/share/turtlesim/cmake/rosidl_cmake-extras.cmake
[2.146s] -- Up-to-date: /home/andrey/Documents/workspace/install/turtlesim/share/turtlesim/cmake/ament_cmake_export_dependencies-extras.cmake
[2.146s] -- Up-to-date: /home/andrey/Documents/workspace/install/turtlesim/share/turtlesim/cmake/ament_cmake_export_include_directories-extras.cmake
[2.146s] -- Up-to-date: /home/andrey/Documents/workspace/install/turtlesim/share/turtlesim/cmake/ament_cmake_export_libraries-extras.cmake
[2.146s] -- Up-to-date: /home/andrey/Documents/workspace/install/turtlesim/share/turtlesim/cmake/ament_cmake_export_targets-extras.cmake
[2.147s] -- Up-to-date: /home/andrey/Documents/workspace/install/turtlesim/share/turtlesim/cmake/rosidl_cmake_export_typesupport_targets-extras.cmake
[2.147s] -- Up-to-date: /home/andrey/Documents/workspace/install/turtlesim/share/turtlesim/cmake/rosidl_cmake_export_typesupport_libraries-extras.cmake
[2.147s] -- Up-to-date: /home/andrey/Documents/workspace/install/turtlesim/share/turtlesim/cmake/turtlesimConfig.cmake
[2.147s] -- Up-to-date: /home/andrey/Documents/workspace/install/turtlesim/share/turtlesim/cmake/turtlesimConfig-version.cmake
[2.147s] -- Up-to-date: /home/andrey/Documents/workspace/install/turtlesim/share/turtlesim/package.xml
[2.222s] Invoked command in '/home/andrey/Documents/workspace/build/turtlesim' returned '0': CMAKE_PREFIX_PATH=/opt/ros/iron /usr/bin/cmake --install /home/andrey/Documents/workspace/build/turtlesim
