[0.422s] Invoking command in '/home/andrey/Documents/workspace/build/examples_rclcpp_cbg_executor': CMAKE_PREFIX_PATH=/opt/ros/iron /usr/bin/cmake --build /home/andrey/Documents/workspace/build/examples_rclcpp_cbg_executor -- -j12 -l12
[0.511s] [ 30%] Built target ping
[0.521s] [ 60%] Built target pong
[0.524s] [100%] Built target ping_pong
[0.555s] Invoked command in '/home/andrey/Documents/workspace/build/examples_rclcpp_cbg_executor' returned '0': CMAKE_PREFIX_PATH=/opt/ros/iron /usr/bin/cmake --build /home/andrey/Documents/workspace/build/examples_rclcpp_cbg_executor -- -j12 -l12
[0.962s] Invoking command in '/home/andrey/Documents/workspace/build/examples_rclcpp_cbg_executor': CMAKE_PREFIX_PATH=/opt/ros/iron /usr/bin/cmake --install /home/andrey/Documents/workspace/build/examples_rclcpp_cbg_executor
[1.024s] -- Install configuration: ""
[1.024s] -- Execute custom install script
[1.024s] -- Up-to-date symlink: /home/andrey/Documents/workspace/install/examples_rclcpp_cbg_executor/lib/examples_rclcpp_cbg_executor/ping
[1.025s] -- Up-to-date symlink: /home/andrey/Documents/workspace/install/examples_rclcpp_cbg_executor/lib/examples_rclcpp_cbg_executor/pong
[1.025s] -- Up-to-date symlink: /home/andrey/Documents/workspace/install/examples_rclcpp_cbg_executor/lib/examples_rclcpp_cbg_executor/ping_pong
[1.025s] -- Up-to-date symlink: /home/andrey/Documents/workspace/install/examples_rclcpp_cbg_executor/include/examples_rclcpp_cbg_executor/ping_node.hpp
[1.025s] -- Up-to-date symlink: /home/andrey/Documents/workspace/install/examples_rclcpp_cbg_executor/include/examples_rclcpp_cbg_executor/pong_node.hpp
[1.026s] -- Up-to-date symlink: /home/andrey/Documents/workspace/install/examples_rclcpp_cbg_executor/share/ament_index/resource_index/package_run_dependencies/examples_rclcpp_cbg_executor
[1.026s] -- Up-to-date symlink: /home/andrey/Documents/workspace/install/examples_rclcpp_cbg_executor/share/ament_index/resource_index/parent_prefix_path/examples_rclcpp_cbg_executor
[1.026s] -- Up-to-date symlink: /home/andrey/Documents/workspace/install/examples_rclcpp_cbg_executor/share/examples_rclcpp_cbg_executor/environment/ament_prefix_path.sh
[1.026s] -- Up-to-date symlink: /home/andrey/Documents/workspace/install/examples_rclcpp_cbg_executor/share/examples_rclcpp_cbg_executor/environment/ament_prefix_path.dsv
[1.026s] -- Up-to-date symlink: /home/andrey/Documents/workspace/install/examples_rclcpp_cbg_executor/share/examples_rclcpp_cbg_executor/environment/path.sh
[1.026s] -- Up-to-date symlink: /home/andrey/Documents/workspace/install/examples_rclcpp_cbg_executor/share/examples_rclcpp_cbg_executor/environment/path.dsv
[1.027s] -- Up-to-date symlink: /home/andrey/Documents/workspace/install/examples_rclcpp_cbg_executor/share/examples_rclcpp_cbg_executor/local_setup.bash
[1.027s] -- Up-to-date symlink: /home/andrey/Documents/workspace/install/examples_rclcpp_cbg_executor/share/examples_rclcpp_cbg_executor/local_setup.sh
[1.027s] -- Up-to-date symlink: /home/andrey/Documents/workspace/install/examples_rclcpp_cbg_executor/share/examples_rclcpp_cbg_executor/local_setup.zsh
[1.027s] -- Up-to-date symlink: /home/andrey/Documents/workspace/install/examples_rclcpp_cbg_executor/share/examples_rclcpp_cbg_executor/local_setup.dsv
[1.027s] -- Symlinking: /home/andrey/Documents/workspace/install/examples_rclcpp_cbg_executor/share/examples_rclcpp_cbg_executor/package.dsv
[1.027s] -- Up-to-date symlink: /home/andrey/Documents/workspace/install/examples_rclcpp_cbg_executor/share/ament_index/resource_index/packages/examples_rclcpp_cbg_executor
[1.028s] -- Up-to-date symlink: /home/andrey/Documents/workspace/install/examples_rclcpp_cbg_executor/share/examples_rclcpp_cbg_executor/cmake/ament_cmake_export_dependencies-extras.cmake
[1.028s] -- Up-to-date symlink: /home/andrey/Documents/workspace/install/examples_rclcpp_cbg_executor/share/examples_rclcpp_cbg_executor/cmake/examples_rclcpp_cbg_executorConfig.cmake
[1.028s] -- Up-to-date symlink: /home/andrey/Documents/workspace/install/examples_rclcpp_cbg_executor/share/examples_rclcpp_cbg_executor/cmake/examples_rclcpp_cbg_executorConfig-version.cmake
[1.028s] -- Up-to-date symlink: /home/andrey/Documents/workspace/install/examples_rclcpp_cbg_executor/share/examples_rclcpp_cbg_executor/package.xml
[1.499s] Invoked command in '/home/andrey/Documents/workspace/build/examples_rclcpp_cbg_executor' returned '0': CMAKE_PREFIX_PATH=/opt/ros/iron /usr/bin/cmake --install /home/andrey/Documents/workspace/build/examples_rclcpp_cbg_executor
