[2.492s] Invoking command in '/home/andrey/Documents/workspace/build/examples_rclpy_pointcloud_publisher': PYTHONPATH=/home/andrey/Documents/workspace/build/examples_rclpy_pointcloud_publisher/prefix_override:/home/andrey/Documents/workspace/install/examples_rclpy_pointcloud_publisher/lib/python3.10/site-packages:${PYTHONPATH} /usr/bin/python3 setup.py develop --uninstall --editable --build-directory /home/andrey/Documents/workspace/build/examples_rclpy_pointcloud_publisher/build
[2.919s] running develop
[2.921s] /usr/lib/python3/dist-packages/setuptools/command/easy_install.py:158: EasyInstallDeprecationWarning: easy_install command is deprecated. Use build and pip and other standards-based tools.
[2.922s]   warnings.warn(
[2.924s] /usr/lib/python3/dist-packages/setuptools/command/install.py:34: SetuptoolsDeprecationWarning: setup.py install is deprecated. Use build and pip and other standards-based tools.
[2.925s]   warnings.warn(
[3.155s] Removing /home/andrey/Documents/workspace/install/examples_rclpy_pointcloud_publisher/lib/python3.10/site-packages/examples-rclpy-pointcloud-publisher.egg-link (link to .)
[3.196s] Invoked command in '/home/andrey/Documents/workspace/build/examples_rclpy_pointcloud_publisher' returned '0': PYTHONPATH=/home/andrey/Documents/workspace/build/examples_rclpy_pointcloud_publisher/prefix_override:/home/andrey/Documents/workspace/install/examples_rclpy_pointcloud_publisher/lib/python3.10/site-packages:${PYTHONPATH} /usr/bin/python3 setup.py develop --uninstall --editable --build-directory /home/andrey/Documents/workspace/build/examples_rclpy_pointcloud_publisher/build
[3.198s] Invoking command in '/home/andrey/Documents/workspace/src/examples/rclpy/topics/pointcloud_publisher': PYTHONPATH=/home/andrey/Documents/workspace/build/examples_rclpy_pointcloud_publisher/prefix_override:/home/andrey/Documents/workspace/install/examples_rclpy_pointcloud_publisher/lib/python3.10/site-packages:${PYTHONPATH} /usr/bin/python3 setup.py egg_info --egg-base ../../../../../build/examples_rclpy_pointcloud_publisher build --build-base /home/andrey/Documents/workspace/build/examples_rclpy_pointcloud_publisher/build install --record /home/andrey/Documents/workspace/build/examples_rclpy_pointcloud_publisher/install.log --single-version-externally-managed
[3.568s] running egg_info
[3.569s] writing ../../../../../build/examples_rclpy_pointcloud_publisher/examples_rclpy_pointcloud_publisher.egg-info/PKG-INFO
[3.570s] writing dependency_links to ../../../../../build/examples_rclpy_pointcloud_publisher/examples_rclpy_pointcloud_publisher.egg-info/dependency_links.txt
[3.570s] writing entry points to ../../../../../build/examples_rclpy_pointcloud_publisher/examples_rclpy_pointcloud_publisher.egg-info/entry_points.txt
[3.570s] writing requirements to ../../../../../build/examples_rclpy_pointcloud_publisher/examples_rclpy_pointcloud_publisher.egg-info/requires.txt
[3.570s] writing top-level names to ../../../../../build/examples_rclpy_pointcloud_publisher/examples_rclpy_pointcloud_publisher.egg-info/top_level.txt
[3.572s] reading manifest file '../../../../../build/examples_rclpy_pointcloud_publisher/examples_rclpy_pointcloud_publisher.egg-info/SOURCES.txt'
[3.575s] writing manifest file '../../../../../build/examples_rclpy_pointcloud_publisher/examples_rclpy_pointcloud_publisher.egg-info/SOURCES.txt'
[3.575s] running build
[3.575s] running build_py
[3.575s] creating /home/andrey/Documents/workspace/build/examples_rclpy_pointcloud_publisher/build
[3.577s] creating /home/andrey/Documents/workspace/build/examples_rclpy_pointcloud_publisher/build/lib
[3.578s] creating /home/andrey/Documents/workspace/build/examples_rclpy_pointcloud_publisher/build/lib/examples_rclpy_pointcloud_publisher
[3.578s] copying examples_rclpy_pointcloud_publisher/__init__.py -> /home/andrey/Documents/workspace/build/examples_rclpy_pointcloud_publisher/build/lib/examples_rclpy_pointcloud_publisher
[3.581s] copying examples_rclpy_pointcloud_publisher/pointcloud_publisher.py -> /home/andrey/Documents/workspace/build/examples_rclpy_pointcloud_publisher/build/lib/examples_rclpy_pointcloud_publisher
[3.581s] running install
[3.581s] running install_lib
[3.582s] creating /home/andrey/Documents/workspace/install/examples_rclpy_pointcloud_publisher/lib/python3.10/site-packages/examples_rclpy_pointcloud_publisher
[3.582s] copying /home/andrey/Documents/workspace/build/examples_rclpy_pointcloud_publisher/build/lib/examples_rclpy_pointcloud_publisher/__init__.py -> /home/andrey/Documents/workspace/install/examples_rclpy_pointcloud_publisher/lib/python3.10/site-packages/examples_rclpy_pointcloud_publisher
[3.582s] copying /home/andrey/Documents/workspace/build/examples_rclpy_pointcloud_publisher/build/lib/examples_rclpy_pointcloud_publisher/pointcloud_publisher.py -> /home/andrey/Documents/workspace/install/examples_rclpy_pointcloud_publisher/lib/python3.10/site-packages/examples_rclpy_pointcloud_publisher
[3.582s] /usr/lib/python3/dist-packages/setuptools/command/install.py:34: SetuptoolsDeprecationWarning: setup.py install is deprecated. Use build and pip and other standards-based tools.
[3.582s]   warnings.warn(
[3.583s] byte-compiling /home/andrey/Documents/workspace/install/examples_rclpy_pointcloud_publisher/lib/python3.10/site-packages/examples_rclpy_pointcloud_publisher/__init__.py to __init__.cpython-310.pyc
[3.583s] byte-compiling /home/andrey/Documents/workspace/install/examples_rclpy_pointcloud_publisher/lib/python3.10/site-packages/examples_rclpy_pointcloud_publisher/pointcloud_publisher.py to pointcloud_publisher.cpython-310.pyc
[3.583s] running install_data
[3.584s] running install_egg_info
[3.584s] Copying ../../../../../build/examples_rclpy_pointcloud_publisher/examples_rclpy_pointcloud_publisher.egg-info to /home/andrey/Documents/workspace/install/examples_rclpy_pointcloud_publisher/lib/python3.10/site-packages/examples_rclpy_pointcloud_publisher-0.18.0-py3.10.egg-info
[3.585s] running install_scripts
[3.606s] Installing pointcloud_publisher script to /home/andrey/Documents/workspace/install/examples_rclpy_pointcloud_publisher/lib/examples_rclpy_pointcloud_publisher
[3.606s] writing list of installed files to '/home/andrey/Documents/workspace/build/examples_rclpy_pointcloud_publisher/install.log'
[3.810s] Invoked command in '/home/andrey/Documents/workspace/src/examples/rclpy/topics/pointcloud_publisher' returned '0': PYTHONPATH=/home/andrey/Documents/workspace/build/examples_rclpy_pointcloud_publisher/prefix_override:/home/andrey/Documents/workspace/install/examples_rclpy_pointcloud_publisher/lib/python3.10/site-packages:${PYTHONPATH} /usr/bin/python3 setup.py egg_info --egg-base ../../../../../build/examples_rclpy_pointcloud_publisher build --build-base /home/andrey/Documents/workspace/build/examples_rclpy_pointcloud_publisher/build install --record /home/andrey/Documents/workspace/build/examples_rclpy_pointcloud_publisher/install.log --single-version-externally-managed
