[2.310s] Invoking command in '/home/andrey/Documents/workspace/src/examples/rclpy/services/minimal_service': PYTHONPATH=/home/andrey/Documents/workspace/build/examples_rclpy_minimal_service/prefix_override:/home/andrey/Documents/workspace/install/examples_rclpy_minimal_service/lib/python3.10/site-packages:${PYTHONPATH} /usr/bin/python3 setup.py egg_info --egg-base ../../../../../build/examples_rclpy_minimal_service build --build-base /home/andrey/Documents/workspace/build/examples_rclpy_minimal_service/build install --record /home/andrey/Documents/workspace/build/examples_rclpy_minimal_service/install.log --single-version-externally-managed
[2.606s] running egg_info
[2.607s] writing ../../../../../build/examples_rclpy_minimal_service/examples_rclpy_minimal_service.egg-info/PKG-INFO
[2.607s] writing dependency_links to ../../../../../build/examples_rclpy_minimal_service/examples_rclpy_minimal_service.egg-info/dependency_links.txt
[2.608s] writing entry points to ../../../../../build/examples_rclpy_minimal_service/examples_rclpy_minimal_service.egg-info/entry_points.txt
[2.608s] writing requirements to ../../../../../build/examples_rclpy_minimal_service/examples_rclpy_minimal_service.egg-info/requires.txt
[2.608s] writing top-level names to ../../../../../build/examples_rclpy_minimal_service/examples_rclpy_minimal_service.egg-info/top_level.txt
[2.610s] reading manifest file '../../../../../build/examples_rclpy_minimal_service/examples_rclpy_minimal_service.egg-info/SOURCES.txt'
[2.612s] writing manifest file '../../../../../build/examples_rclpy_minimal_service/examples_rclpy_minimal_service.egg-info/SOURCES.txt'
[2.612s] running build
[2.612s] running build_py
[2.612s] running install
[2.613s] /usr/lib/python3/dist-packages/setuptools/command/install.py:34: SetuptoolsDeprecationWarning: setup.py install is deprecated. Use build and pip and other standards-based tools.
[2.613s]   warnings.warn(
[2.613s] running install_lib
[2.614s] running install_data
[2.615s] running install_egg_info
[2.616s] removing '/home/andrey/Documents/workspace/install/examples_rclpy_minimal_service/lib/python3.10/site-packages/examples_rclpy_minimal_service-0.18.0-py3.10.egg-info' (and everything under it)
[2.617s] Copying ../../../../../build/examples_rclpy_minimal_service/examples_rclpy_minimal_service.egg-info to /home/andrey/Documents/workspace/install/examples_rclpy_minimal_service/lib/python3.10/site-packages/examples_rclpy_minimal_service-0.18.0-py3.10.egg-info
[2.618s] running install_scripts
[2.642s] Installing service script to /home/andrey/Documents/workspace/install/examples_rclpy_minimal_service/lib/examples_rclpy_minimal_service
[2.642s] Installing service_member_function script to /home/andrey/Documents/workspace/install/examples_rclpy_minimal_service/lib/examples_rclpy_minimal_service
[2.642s] writing list of installed files to '/home/andrey/Documents/workspace/build/examples_rclpy_minimal_service/install.log'
[2.675s] Invoked command in '/home/andrey/Documents/workspace/src/examples/rclpy/services/minimal_service' returned '0': PYTHONPATH=/home/andrey/Documents/workspace/build/examples_rclpy_minimal_service/prefix_override:/home/andrey/Documents/workspace/install/examples_rclpy_minimal_service/lib/python3.10/site-packages:${PYTHONPATH} /usr/bin/python3 setup.py egg_info --egg-base ../../../../../build/examples_rclpy_minimal_service build --build-base /home/andrey/Documents/workspace/build/examples_rclpy_minimal_service/build install --record /home/andrey/Documents/workspace/build/examples_rclpy_minimal_service/install.log --single-version-externally-managed
