[0.215s] Invoking command in '/home/andrey/Documents/workspace/build/examples_rclcpp_minimal_service': CMAKE_PREFIX_PATH=/opt/ros/iron /usr/bin/cmake --build /home/andrey/Documents/workspace/build/examples_rclcpp_minimal_service -- -j12 -l12
[0.308s] [100%] Built target service_main
[0.337s] Invoked command in '/home/andrey/Documents/workspace/build/examples_rclcpp_minimal_service' returned '0': CMAKE_PREFIX_PATH=/opt/ros/iron /usr/bin/cmake --build /home/andrey/Documents/workspace/build/examples_rclcpp_minimal_service -- -j12 -l12
[0.444s] Invoking command in '/home/andrey/Documents/workspace/build/examples_rclcpp_minimal_service': CMAKE_PREFIX_PATH=/opt/ros/iron /usr/bin/cmake --install /home/andrey/Documents/workspace/build/examples_rclcpp_minimal_service
[0.460s] -- Install configuration: ""
[0.469s] -- Execute custom install script
[0.470s] -- Up-to-date symlink: /home/andrey/Documents/workspace/install/examples_rclcpp_minimal_service/lib/examples_rclcpp_minimal_service/service_main
[0.470s] -- Up-to-date symlink: /home/andrey/Documents/workspace/install/examples_rclcpp_minimal_service/share/ament_index/resource_index/package_run_dependencies/examples_rclcpp_minimal_service
[0.470s] -- Up-to-date symlink: /home/andrey/Documents/workspace/install/examples_rclcpp_minimal_service/share/ament_index/resource_index/parent_prefix_path/examples_rclcpp_minimal_service
[0.471s] -- Up-to-date symlink: /home/andrey/Documents/workspace/install/examples_rclcpp_minimal_service/share/examples_rclcpp_minimal_service/environment/ament_prefix_path.sh
[0.471s] -- Up-to-date symlink: /home/andrey/Documents/workspace/install/examples_rclcpp_minimal_service/share/examples_rclcpp_minimal_service/environment/ament_prefix_path.dsv
[0.471s] -- Up-to-date symlink: /home/andrey/Documents/workspace/install/examples_rclcpp_minimal_service/share/examples_rclcpp_minimal_service/environment/path.sh
[0.472s] -- Up-to-date symlink: /home/andrey/Documents/workspace/install/examples_rclcpp_minimal_service/share/examples_rclcpp_minimal_service/environment/path.dsv
[0.472s] -- Up-to-date symlink: /home/andrey/Documents/workspace/install/examples_rclcpp_minimal_service/share/examples_rclcpp_minimal_service/local_setup.bash
[0.473s] -- Up-to-date symlink: /home/andrey/Documents/workspace/install/examples_rclcpp_minimal_service/share/examples_rclcpp_minimal_service/local_setup.sh
[0.473s] -- Up-to-date symlink: /home/andrey/Documents/workspace/install/examples_rclcpp_minimal_service/share/examples_rclcpp_minimal_service/local_setup.zsh
[0.474s] -- Up-to-date symlink: /home/andrey/Documents/workspace/install/examples_rclcpp_minimal_service/share/examples_rclcpp_minimal_service/local_setup.dsv
[0.474s] -- Symlinking: /home/andrey/Documents/workspace/install/examples_rclcpp_minimal_service/share/examples_rclcpp_minimal_service/package.dsv
[0.477s] -- Up-to-date symlink: /home/andrey/Documents/workspace/install/examples_rclcpp_minimal_service/share/ament_index/resource_index/packages/examples_rclcpp_minimal_service
[0.477s] -- Up-to-date symlink: /home/andrey/Documents/workspace/install/examples_rclcpp_minimal_service/share/examples_rclcpp_minimal_service/cmake/examples_rclcpp_minimal_serviceConfig.cmake
[0.477s] -- Up-to-date symlink: /home/andrey/Documents/workspace/install/examples_rclcpp_minimal_service/share/examples_rclcpp_minimal_service/cmake/examples_rclcpp_minimal_serviceConfig-version.cmake
[0.478s] -- Up-to-date symlink: /home/andrey/Documents/workspace/install/examples_rclcpp_minimal_service/share/examples_rclcpp_minimal_service/package.xml
[0.481s] Invoked command in '/home/andrey/Documents/workspace/build/examples_rclcpp_minimal_service' returned '0': CMAKE_PREFIX_PATH=/opt/ros/iron /usr/bin/cmake --install /home/andrey/Documents/workspace/build/examples_rclcpp_minimal_service
