[  0%] Built target turtlesim__rosidl_generator_type_description
[  0%] Built target ament_cmake_python_copy_turtlesim
[  1%] Built target turtlesim__cpp
[ 24%] Built target turtlesim__rosidl_generator_c
[ 33%] Built target turtlesim__rosidl_typesupport_c
[ 41%] Built target turtlesim__rosidl_typesupport_cpp
[ 50%] Built target turtlesim__rosidl_typesupport_introspection_c
[ 59%] Built target turtlesim__rosidl_typesupport_fastrtps_c
[ 67%] Built target turtlesim__rosidl_typesupport_fastrtps_cpp
[ 75%] Built target turtlesim__rosidl_typesupport_introspection_cpp
[35m[1mConsolidate compiler generated dependencies of target turtlesim_node[0m
[ 75%] Built target turtlesim
[ 77%] Built target mimic
[ 79%] Built target turtle_teleop_key
[ 80%] Built target draw_square
[ 80%] Built target turtlesim__py
[ 86%] Built target turtlesim_node
[ 94%] Built target turtlesim__rosidl_generator_py
[ 97%] Built target turtlesim__rosidl_typesupport_c__pyext
[ 98%] Built target turtlesim__rosidl_typesupport_fastrtps_c__pyext
[100%] Built target turtlesim__rosidl_typesupport_introspection_c__pyext
running egg_info
writing turtlesim.egg-info/PKG-INFO
writing dependency_links to turtlesim.egg-info/dependency_links.txt
writing top-level names to turtlesim.egg-info/top_level.txt
reading manifest file 'turtlesim.egg-info/SOURCES.txt'
writing manifest file 'turtlesim.egg-info/SOURCES.txt'
[100%] Built target ament_cmake_python_build_turtlesim_egg
