[0.089s] Invoking command in '/home/andrey/Documents/workspace/build/turtlesim': CMAKE_PREFIX_PATH=/opt/ros/iron /usr/bin/cmake --build /home/andrey/Documents/workspace/build/turtlesim -- -j12 -l12
[0.135s] [  0%] Built target turtlesim__rosidl_generator_type_description
[0.148s] [  0%] Built target ament_cmake_python_copy_turtlesim
[0.152s] [  1%] Built target turtlesim__cpp
[0.157s] [ 24%] Built target turtlesim__rosidl_generator_c
[0.177s] [ 33%] Built target turtlesim__rosidl_typesupport_c
[0.178s] [ 41%] Built target turtlesim__rosidl_typesupport_cpp
[0.180s] [ 50%] Built target turtlesim__rosidl_typesupport_introspection_c
[0.182s] [ 59%] Built target turtlesim__rosidl_typesupport_fastrtps_c
[0.182s] [ 67%] Built target turtlesim__rosidl_typesupport_fastrtps_cpp
[0.182s] [ 75%] Built target turtlesim__rosidl_typesupport_introspection_cpp
[0.193s] [35m[1mConsolidate compiler generated dependencies of target turtlesim_node[0m
[0.200s] [ 75%] Built target turtlesim
[0.201s] [ 77%] Built target mimic
[0.201s] [ 79%] Built target turtle_teleop_key
[0.201s] [ 80%] Built target draw_square
[0.217s] [ 80%] Built target turtlesim__py
[0.239s] [ 86%] Built target turtlesim_node
[0.241s] [ 94%] Built target turtlesim__rosidl_generator_py
[0.261s] [ 97%] Built target turtlesim__rosidl_typesupport_c__pyext
[0.261s] [ 98%] Built target turtlesim__rosidl_typesupport_fastrtps_c__pyext
[0.261s] [100%] Built target turtlesim__rosidl_typesupport_introspection_c__pyext
[0.341s] running egg_info
[0.342s] writing turtlesim.egg-info/PKG-INFO
[0.342s] writing dependency_links to turtlesim.egg-info/dependency_links.txt
[0.342s] writing top-level names to turtlesim.egg-info/top_level.txt
[0.344s] reading manifest file 'turtlesim.egg-info/SOURCES.txt'
[0.344s] writing manifest file 'turtlesim.egg-info/SOURCES.txt'
[0.367s] [100%] Built target ament_cmake_python_build_turtlesim_egg
