[3.540s] Invoking command in '/home/andrey/Documents/workspace/build/examples_rclpy_guard_conditions': PYTHONPATH=/home/andrey/Documents/workspace/build/examples_rclpy_guard_conditions/prefix_override:/home/andrey/Documents/workspace/install/examples_rclpy_guard_conditions/lib/python3.10/site-packages:${PYTHONPATH} /usr/bin/python3 setup.py develop --uninstall --editable --build-directory /home/andrey/Documents/workspace/build/examples_rclpy_guard_conditions/build
[3.796s] running develop
[3.797s] /usr/lib/python3/dist-packages/setuptools/command/easy_install.py:158: EasyInstallDeprecationWarning: easy_install command is deprecated. Use build and pip and other standards-based tools.
[3.798s]   warnings.warn(
[3.800s] /usr/lib/python3/dist-packages/setuptools/command/install.py:34: SetuptoolsDeprecationWarning: setup.py install is deprecated. Use build and pip and other standards-based tools.
[3.800s]   warnings.warn(
[4.024s] Removing /home/andrey/Documents/workspace/install/examples_rclpy_guard_conditions/lib/python3.10/site-packages/examples-rclpy-guard-conditions.egg-link (link to .)
[4.074s] Invoked command in '/home/andrey/Documents/workspace/build/examples_rclpy_guard_conditions' returned '0': PYTHONPATH=/home/andrey/Documents/workspace/build/examples_rclpy_guard_conditions/prefix_override:/home/andrey/Documents/workspace/install/examples_rclpy_guard_conditions/lib/python3.10/site-packages:${PYTHONPATH} /usr/bin/python3 setup.py develop --uninstall --editable --build-directory /home/andrey/Documents/workspace/build/examples_rclpy_guard_conditions/build
[4.077s] Invoking command in '/home/andrey/Documents/workspace/src/examples/rclpy/guard_conditions': PYTHONPATH=/home/andrey/Documents/workspace/build/examples_rclpy_guard_conditions/prefix_override:/home/andrey/Documents/workspace/install/examples_rclpy_guard_conditions/lib/python3.10/site-packages:${PYTHONPATH} /usr/bin/python3 setup.py egg_info --egg-base ../../../../build/examples_rclpy_guard_conditions build --build-base /home/andrey/Documents/workspace/build/examples_rclpy_guard_conditions/build install --record /home/andrey/Documents/workspace/build/examples_rclpy_guard_conditions/install.log --single-version-externally-managed
[4.421s] running egg_info
[4.421s] writing ../../../../build/examples_rclpy_guard_conditions/examples_rclpy_guard_conditions.egg-info/PKG-INFO
[4.422s] writing dependency_links to ../../../../build/examples_rclpy_guard_conditions/examples_rclpy_guard_conditions.egg-info/dependency_links.txt
[4.422s] writing entry points to ../../../../build/examples_rclpy_guard_conditions/examples_rclpy_guard_conditions.egg-info/entry_points.txt
[4.422s] writing requirements to ../../../../build/examples_rclpy_guard_conditions/examples_rclpy_guard_conditions.egg-info/requires.txt
[4.422s] writing top-level names to ../../../../build/examples_rclpy_guard_conditions/examples_rclpy_guard_conditions.egg-info/top_level.txt
[4.425s] reading manifest file '../../../../build/examples_rclpy_guard_conditions/examples_rclpy_guard_conditions.egg-info/SOURCES.txt'
[4.431s] writing manifest file '../../../../build/examples_rclpy_guard_conditions/examples_rclpy_guard_conditions.egg-info/SOURCES.txt'
[4.431s] running build
[4.431s] running build_py
[4.431s] creating /home/andrey/Documents/workspace/build/examples_rclpy_guard_conditions/build
[4.432s] creating /home/andrey/Documents/workspace/build/examples_rclpy_guard_conditions/build/lib
[4.432s] creating /home/andrey/Documents/workspace/build/examples_rclpy_guard_conditions/build/lib/examples_rclpy_guard_conditions
[4.432s] copying examples_rclpy_guard_conditions/trigger_guard_condition.py -> /home/andrey/Documents/workspace/build/examples_rclpy_guard_conditions/build/lib/examples_rclpy_guard_conditions
[4.432s] copying examples_rclpy_guard_conditions/__init__.py -> /home/andrey/Documents/workspace/build/examples_rclpy_guard_conditions/build/lib/examples_rclpy_guard_conditions
[4.432s] running install
[4.432s] /usr/lib/python3/dist-packages/setuptools/command/install.py:34: SetuptoolsDeprecationWarning: setup.py install is deprecated. Use build and pip and other standards-based tools.
[4.432s]   warnings.warn(
[4.432s] running install_lib
[4.433s] creating /home/andrey/Documents/workspace/install/examples_rclpy_guard_conditions/lib/python3.10/site-packages/examples_rclpy_guard_conditions
[4.433s] copying /home/andrey/Documents/workspace/build/examples_rclpy_guard_conditions/build/lib/examples_rclpy_guard_conditions/trigger_guard_condition.py -> /home/andrey/Documents/workspace/install/examples_rclpy_guard_conditions/lib/python3.10/site-packages/examples_rclpy_guard_conditions
[4.434s] copying /home/andrey/Documents/workspace/build/examples_rclpy_guard_conditions/build/lib/examples_rclpy_guard_conditions/__init__.py -> /home/andrey/Documents/workspace/install/examples_rclpy_guard_conditions/lib/python3.10/site-packages/examples_rclpy_guard_conditions
[4.434s] byte-compiling /home/andrey/Documents/workspace/install/examples_rclpy_guard_conditions/lib/python3.10/site-packages/examples_rclpy_guard_conditions/trigger_guard_condition.py to trigger_guard_condition.cpython-310.pyc
[4.435s] byte-compiling /home/andrey/Documents/workspace/install/examples_rclpy_guard_conditions/lib/python3.10/site-packages/examples_rclpy_guard_conditions/__init__.py to __init__.cpython-310.pyc
[4.435s] running install_data
[4.435s] running install_egg_info
[4.437s] Copying ../../../../build/examples_rclpy_guard_conditions/examples_rclpy_guard_conditions.egg-info to /home/andrey/Documents/workspace/install/examples_rclpy_guard_conditions/lib/python3.10/site-packages/examples_rclpy_guard_conditions-0.18.0-py3.10.egg-info
[4.439s] running install_scripts
[4.466s] Installing trigger_guard_condition script to /home/andrey/Documents/workspace/install/examples_rclpy_guard_conditions/lib/examples_rclpy_guard_conditions
[4.467s] writing list of installed files to '/home/andrey/Documents/workspace/build/examples_rclpy_guard_conditions/install.log'
[4.508s] Invoked command in '/home/andrey/Documents/workspace/src/examples/rclpy/guard_conditions' returned '0': PYTHONPATH=/home/andrey/Documents/workspace/build/examples_rclpy_guard_conditions/prefix_override:/home/andrey/Documents/workspace/install/examples_rclpy_guard_conditions/lib/python3.10/site-packages:${PYTHONPATH} /usr/bin/python3 setup.py egg_info --egg-base ../../../../build/examples_rclpy_guard_conditions build --build-base /home/andrey/Documents/workspace/build/examples_rclpy_guard_conditions/build install --record /home/andrey/Documents/workspace/build/examples_rclpy_guard_conditions/install.log --single-version-externally-managed
