[2.961s] Invoking command in '/home/andrey/Documents/workspace/build/examples_rclpy_minimal_client': PYTHONPATH=/home/andrey/Documents/workspace/build/examples_rclpy_minimal_client/prefix_override:/home/andrey/Documents/workspace/install/examples_rclpy_minimal_client/lib/python3.10/site-packages:${PYTHONPATH} /usr/bin/python3 setup.py develop --uninstall --editable --build-directory /home/andrey/Documents/workspace/build/examples_rclpy_minimal_client/build
[3.309s] running develop
[3.309s] /usr/lib/python3/dist-packages/setuptools/command/easy_install.py:158: EasyInstallDeprecationWarning: easy_install command is deprecated. Use build and pip and other standards-based tools.
[3.309s]   warnings.warn(
[3.311s] /usr/lib/python3/dist-packages/setuptools/command/install.py:34: SetuptoolsDeprecationWarning: setup.py install is deprecated. Use build and pip and other standards-based tools.
[3.311s]   warnings.warn(
[3.649s] Removing /home/andrey/Documents/workspace/install/examples_rclpy_minimal_client/lib/python3.10/site-packages/examples-rclpy-minimal-client.egg-link (link to .)
[3.702s] Invoked command in '/home/andrey/Documents/workspace/build/examples_rclpy_minimal_client' returned '0': PYTHONPATH=/home/andrey/Documents/workspace/build/examples_rclpy_minimal_client/prefix_override:/home/andrey/Documents/workspace/install/examples_rclpy_minimal_client/lib/python3.10/site-packages:${PYTHONPATH} /usr/bin/python3 setup.py develop --uninstall --editable --build-directory /home/andrey/Documents/workspace/build/examples_rclpy_minimal_client/build
[3.703s] Invoking command in '/home/andrey/Documents/workspace/src/examples/rclpy/services/minimal_client': PYTHONPATH=/home/andrey/Documents/workspace/build/examples_rclpy_minimal_client/prefix_override:/home/andrey/Documents/workspace/install/examples_rclpy_minimal_client/lib/python3.10/site-packages:${PYTHONPATH} /usr/bin/python3 setup.py egg_info --egg-base ../../../../../build/examples_rclpy_minimal_client build --build-base /home/andrey/Documents/workspace/build/examples_rclpy_minimal_client/build install --record /home/andrey/Documents/workspace/build/examples_rclpy_minimal_client/install.log --single-version-externally-managed
[4.097s] running egg_info
[4.097s] writing ../../../../../build/examples_rclpy_minimal_client/examples_rclpy_minimal_client.egg-info/PKG-INFO
[4.097s] writing dependency_links to ../../../../../build/examples_rclpy_minimal_client/examples_rclpy_minimal_client.egg-info/dependency_links.txt
[4.097s] writing entry points to ../../../../../build/examples_rclpy_minimal_client/examples_rclpy_minimal_client.egg-info/entry_points.txt
[4.097s] writing requirements to ../../../../../build/examples_rclpy_minimal_client/examples_rclpy_minimal_client.egg-info/requires.txt
[4.097s] writing top-level names to ../../../../../build/examples_rclpy_minimal_client/examples_rclpy_minimal_client.egg-info/top_level.txt
[4.097s] reading manifest file '../../../../../build/examples_rclpy_minimal_client/examples_rclpy_minimal_client.egg-info/SOURCES.txt'
[4.097s] writing manifest file '../../../../../build/examples_rclpy_minimal_client/examples_rclpy_minimal_client.egg-info/SOURCES.txt'
[4.098s] running build
[4.098s] running build_py
[4.098s] creating /home/andrey/Documents/workspace/build/examples_rclpy_minimal_client/build
[4.098s] creating /home/andrey/Documents/workspace/build/examples_rclpy_minimal_client/build/lib
[4.098s] creating /home/andrey/Documents/workspace/build/examples_rclpy_minimal_client/build/lib/examples_rclpy_minimal_client
[4.098s] copying examples_rclpy_minimal_client/client_async.py -> /home/andrey/Documents/workspace/build/examples_rclpy_minimal_client/build/lib/examples_rclpy_minimal_client
[4.098s] copying examples_rclpy_minimal_client/client_async_member_function.py -> /home/andrey/Documents/workspace/build/examples_rclpy_minimal_client/build/lib/examples_rclpy_minimal_client
[4.098s] copying examples_rclpy_minimal_client/__init__.py -> /home/andrey/Documents/workspace/build/examples_rclpy_minimal_client/build/lib/examples_rclpy_minimal_client
[4.098s] copying examples_rclpy_minimal_client/client.py -> /home/andrey/Documents/workspace/build/examples_rclpy_minimal_client/build/lib/examples_rclpy_minimal_client
[4.098s] copying examples_rclpy_minimal_client/client_async_callback.py -> /home/andrey/Documents/workspace/build/examples_rclpy_minimal_client/build/lib/examples_rclpy_minimal_client
[4.099s] running install
[4.099s] /usr/lib/python3/dist-packages/setuptools/command/install.py:34: SetuptoolsDeprecationWarning: setup.py install is deprecated. Use build and pip and other standards-based tools.
[4.099s]   warnings.warn(
[4.099s] running install_lib
[4.099s] creating /home/andrey/Documents/workspace/install/examples_rclpy_minimal_client/lib/python3.10/site-packages/examples_rclpy_minimal_client
[4.099s] copying /home/andrey/Documents/workspace/build/examples_rclpy_minimal_client/build/lib/examples_rclpy_minimal_client/client_async.py -> /home/andrey/Documents/workspace/install/examples_rclpy_minimal_client/lib/python3.10/site-packages/examples_rclpy_minimal_client
[4.099s] copying /home/andrey/Documents/workspace/build/examples_rclpy_minimal_client/build/lib/examples_rclpy_minimal_client/client_async_member_function.py -> /home/andrey/Documents/workspace/install/examples_rclpy_minimal_client/lib/python3.10/site-packages/examples_rclpy_minimal_client
[4.099s] copying /home/andrey/Documents/workspace/build/examples_rclpy_minimal_client/build/lib/examples_rclpy_minimal_client/__init__.py -> /home/andrey/Documents/workspace/install/examples_rclpy_minimal_client/lib/python3.10/site-packages/examples_rclpy_minimal_client
[4.099s] copying /home/andrey/Documents/workspace/build/examples_rclpy_minimal_client/build/lib/examples_rclpy_minimal_client/client.py -> /home/andrey/Documents/workspace/install/examples_rclpy_minimal_client/lib/python3.10/site-packages/examples_rclpy_minimal_client
[4.100s] copying /home/andrey/Documents/workspace/build/examples_rclpy_minimal_client/build/lib/examples_rclpy_minimal_client/client_async_callback.py -> /home/andrey/Documents/workspace/install/examples_rclpy_minimal_client/lib/python3.10/site-packages/examples_rclpy_minimal_client
[4.100s] byte-compiling /home/andrey/Documents/workspace/install/examples_rclpy_minimal_client/lib/python3.10/site-packages/examples_rclpy_minimal_client/client_async.py to client_async.cpython-310.pyc
[4.100s] byte-compiling /home/andrey/Documents/workspace/install/examples_rclpy_minimal_client/lib/python3.10/site-packages/examples_rclpy_minimal_client/client_async_member_function.py to client_async_member_function.cpython-310.pyc
[4.100s] byte-compiling /home/andrey/Documents/workspace/install/examples_rclpy_minimal_client/lib/python3.10/site-packages/examples_rclpy_minimal_client/__init__.py to __init__.cpython-310.pyc
[4.101s] byte-compiling /home/andrey/Documents/workspace/install/examples_rclpy_minimal_client/lib/python3.10/site-packages/examples_rclpy_minimal_client/client.py to client.cpython-310.pyc
[4.101s] byte-compiling /home/andrey/Documents/workspace/install/examples_rclpy_minimal_client/lib/python3.10/site-packages/examples_rclpy_minimal_client/client_async_callback.py to client_async_callback.cpython-310.pyc
[4.102s] running install_data
[4.102s] running install_egg_info
[4.111s] Copying ../../../../../build/examples_rclpy_minimal_client/examples_rclpy_minimal_client.egg-info to /home/andrey/Documents/workspace/install/examples_rclpy_minimal_client/lib/python3.10/site-packages/examples_rclpy_minimal_client-0.18.0-py3.10.egg-info
[4.113s] running install_scripts
[4.152s] Installing client script to /home/andrey/Documents/workspace/install/examples_rclpy_minimal_client/lib/examples_rclpy_minimal_client
[4.152s] Installing client_async script to /home/andrey/Documents/workspace/install/examples_rclpy_minimal_client/lib/examples_rclpy_minimal_client
[4.152s] Installing client_async_callback script to /home/andrey/Documents/workspace/install/examples_rclpy_minimal_client/lib/examples_rclpy_minimal_client
[4.152s] Installing client_async_member_function script to /home/andrey/Documents/workspace/install/examples_rclpy_minimal_client/lib/examples_rclpy_minimal_client
[4.152s] writing list of installed files to '/home/andrey/Documents/workspace/build/examples_rclpy_minimal_client/install.log'
[4.381s] Invoked command in '/home/andrey/Documents/workspace/src/examples/rclpy/services/minimal_client' returned '0': PYTHONPATH=/home/andrey/Documents/workspace/build/examples_rclpy_minimal_client/prefix_override:/home/andrey/Documents/workspace/install/examples_rclpy_minimal_client/lib/python3.10/site-packages:${PYTHONPATH} /usr/bin/python3 setup.py egg_info --egg-base ../../../../../build/examples_rclpy_minimal_client build --build-base /home/andrey/Documents/workspace/build/examples_rclpy_minimal_client/build install --record /home/andrey/Documents/workspace/build/examples_rclpy_minimal_client/install.log --single-version-externally-managed
