[0.197s] Invoking command in '/home/andrey/Documents/workspace/build/examples_rclcpp_minimal_service': CMAKE_PREFIX_PATH=/opt/ros/iron /usr/bin/cmake /home/andrey/Documents/workspace/src/examples/rclcpp/services/minimal_service -DCMAKE_INSTALL_PREFIX=/home/andrey/Documents/workspace/install/examples_rclcpp_minimal_service
[0.267s] -- Found ament_cmake: 2.0.3 (/opt/ros/iron/share/ament_cmake/cmake)
[0.444s] -- Override CMake install command with custom implementation using symlinks instead of copying resources
[0.462s] -- Found example_interfaces: 0.10.2 (/opt/ros/iron/share/example_interfaces/cmake)
[0.513s] -- Found rosidl_generator_c: 4.0.1 (/opt/ros/iron/share/rosidl_generator_c/cmake)
[0.525s] -- Found rosidl_generator_cpp: 4.0.1 (/opt/ros/iron/share/rosidl_generator_cpp/cmake)
[0.542s] -- Using all available rosidl_typesupport_c: rosidl_typesupport_fastrtps_c;rosidl_typesupport_introspection_c
[0.563s] -- Using all available rosidl_typesupport_cpp: rosidl_typesupport_fastrtps_cpp;rosidl_typesupport_introspection_cpp
[0.907s] -- Found rclcpp: 21.0.4 (/opt/ros/iron/share/rclcpp/cmake)
[1.038s] -- Found rmw_implementation_cmake: 7.1.0 (/opt/ros/iron/share/rmw_implementation_cmake/cmake)
[1.040s] -- Found rmw_fastrtps_cpp: 7.1.2 (/opt/ros/iron/share/rmw_fastrtps_cpp/cmake)
[1.220s] -- Using RMW implementation 'rmw_fastrtps_cpp' as default
[1.455s] -- Found ament_lint_auto: 0.14.2 (/opt/ros/iron/share/ament_lint_auto/cmake)
[1.554s] -- Added test 'copyright' to check source files copyright and LICENSE
[1.557s] -- Added test 'cppcheck' to perform static code analysis on C / C++ code
[1.557s] -- Configured cppcheck include dirs: 
[1.557s] -- Configured cppcheck exclude dirs and/or files: 
[1.560s] -- Added test 'cpplint' to check C / C++ code against the Google style
[1.560s] -- Configured cpplint exclude dirs and/or files: 
[1.560s] -- Added test 'lint_cmake' to check CMake code style
[1.563s] -- Added test 'uncrustify' to check C / C++ code style
[1.563s] -- Configured uncrustify additional arguments: 
[1.563s] -- Added test 'xmllint' to check XML markup files
[1.600s] -- Configuring done
[1.649s] -- Generating done
[1.649s] -- Build files have been written to: /home/andrey/Documents/workspace/build/examples_rclcpp_minimal_service
[1.732s] Invoked command in '/home/andrey/Documents/workspace/build/examples_rclcpp_minimal_service' returned '0': CMAKE_PREFIX_PATH=/opt/ros/iron /usr/bin/cmake /home/andrey/Documents/workspace/src/examples/rclcpp/services/minimal_service -DCMAKE_INSTALL_PREFIX=/home/andrey/Documents/workspace/install/examples_rclcpp_minimal_service
[1.733s] Invoking command in '/home/andrey/Documents/workspace/build/examples_rclcpp_minimal_service': CMAKE_PREFIX_PATH=/opt/ros/iron /usr/bin/cmake --build /home/andrey/Documents/workspace/build/examples_rclcpp_minimal_service -- -j12 -l12
[1.783s] [35m[1mConsolidate compiler generated dependencies of target service_main[0m
[1.816s] [100%] Built target service_main
[1.969s] Invoked command in '/home/andrey/Documents/workspace/build/examples_rclcpp_minimal_service' returned '0': CMAKE_PREFIX_PATH=/opt/ros/iron /usr/bin/cmake --build /home/andrey/Documents/workspace/build/examples_rclcpp_minimal_service -- -j12 -l12
[2.262s] Invoking command in '/home/andrey/Documents/workspace/build/examples_rclcpp_minimal_service': CMAKE_PREFIX_PATH=/opt/ros/iron /usr/bin/cmake --install /home/andrey/Documents/workspace/build/examples_rclcpp_minimal_service
[2.607s] -- Install configuration: ""
[2.608s] -- Execute custom install script
[2.608s] -- Up-to-date symlink: /home/andrey/Documents/workspace/install/examples_rclcpp_minimal_service/lib/examples_rclcpp_minimal_service/service_main
[2.608s] -- Up-to-date symlink: /home/andrey/Documents/workspace/install/examples_rclcpp_minimal_service/share/ament_index/resource_index/package_run_dependencies/examples_rclcpp_minimal_service
[2.608s] -- Up-to-date symlink: /home/andrey/Documents/workspace/install/examples_rclcpp_minimal_service/share/ament_index/resource_index/parent_prefix_path/examples_rclcpp_minimal_service
[2.608s] -- Up-to-date symlink: /home/andrey/Documents/workspace/install/examples_rclcpp_minimal_service/share/examples_rclcpp_minimal_service/environment/ament_prefix_path.sh
[2.609s] -- Up-to-date symlink: /home/andrey/Documents/workspace/install/examples_rclcpp_minimal_service/share/examples_rclcpp_minimal_service/environment/ament_prefix_path.dsv
[2.609s] -- Up-to-date symlink: /home/andrey/Documents/workspace/install/examples_rclcpp_minimal_service/share/examples_rclcpp_minimal_service/environment/path.sh
[2.609s] -- Up-to-date symlink: /home/andrey/Documents/workspace/install/examples_rclcpp_minimal_service/share/examples_rclcpp_minimal_service/environment/path.dsv
[2.609s] -- Up-to-date symlink: /home/andrey/Documents/workspace/install/examples_rclcpp_minimal_service/share/examples_rclcpp_minimal_service/local_setup.bash
[2.609s] -- Up-to-date symlink: /home/andrey/Documents/workspace/install/examples_rclcpp_minimal_service/share/examples_rclcpp_minimal_service/local_setup.sh
[2.609s] -- Up-to-date symlink: /home/andrey/Documents/workspace/install/examples_rclcpp_minimal_service/share/examples_rclcpp_minimal_service/local_setup.zsh
[2.609s] -- Up-to-date symlink: /home/andrey/Documents/workspace/install/examples_rclcpp_minimal_service/share/examples_rclcpp_minimal_service/local_setup.dsv
[2.610s] -- Symlinking: /home/andrey/Documents/workspace/install/examples_rclcpp_minimal_service/share/examples_rclcpp_minimal_service/package.dsv
[2.610s] -- Up-to-date symlink: /home/andrey/Documents/workspace/install/examples_rclcpp_minimal_service/share/ament_index/resource_index/packages/examples_rclcpp_minimal_service
[2.610s] -- Up-to-date symlink: /home/andrey/Documents/workspace/install/examples_rclcpp_minimal_service/share/examples_rclcpp_minimal_service/cmake/examples_rclcpp_minimal_serviceConfig.cmake
[2.610s] -- Up-to-date symlink: /home/andrey/Documents/workspace/install/examples_rclcpp_minimal_service/share/examples_rclcpp_minimal_service/cmake/examples_rclcpp_minimal_serviceConfig-version.cmake
[2.610s] -- Up-to-date symlink: /home/andrey/Documents/workspace/install/examples_rclcpp_minimal_service/share/examples_rclcpp_minimal_service/package.xml
[2.957s] Invoked command in '/home/andrey/Documents/workspace/build/examples_rclcpp_minimal_service' returned '0': CMAKE_PREFIX_PATH=/opt/ros/iron /usr/bin/cmake --install /home/andrey/Documents/workspace/build/examples_rclcpp_minimal_service
