[0.230s] Invoking command in '/home/andrey/Documents/workspace/build/examples_rclcpp_minimal_publisher': CMAKE_PREFIX_PATH=/opt/ros/iron /usr/bin/cmake /home/andrey/Documents/workspace/src/examples/rclcpp/topics/minimal_publisher -DCMAKE_INSTALL_PREFIX=/home/andrey/Documents/workspace/install/examples_rclcpp_minimal_publisher
[0.287s] -- Found ament_cmake: 2.0.3 (/opt/ros/iron/share/ament_cmake/cmake)
[0.426s] -- Override CMake install command with custom implementation using symlinks instead of copying resources
[0.428s] -- Found rclcpp: 21.0.4 (/opt/ros/iron/share/rclcpp/cmake)
[0.467s] -- Found rosidl_generator_c: 4.0.1 (/opt/ros/iron/share/rosidl_generator_c/cmake)
[0.478s] -- Found rosidl_generator_cpp: 4.0.1 (/opt/ros/iron/share/rosidl_generator_cpp/cmake)
[0.495s] -- Using all available rosidl_typesupport_c: rosidl_typesupport_fastrtps_c;rosidl_typesupport_introspection_c
[0.519s] -- Using all available rosidl_typesupport_cpp: rosidl_typesupport_fastrtps_cpp;rosidl_typesupport_introspection_cpp
[0.773s] -- Found rmw_implementation_cmake: 7.1.0 (/opt/ros/iron/share/rmw_implementation_cmake/cmake)
[0.776s] -- Found rmw_fastrtps_cpp: 7.1.2 (/opt/ros/iron/share/rmw_fastrtps_cpp/cmake)
[0.995s] -- Using RMW implementation 'rmw_fastrtps_cpp' as default
[1.235s] -- Found std_msgs: 5.0.0 (/opt/ros/iron/share/std_msgs/cmake)
[1.282s] -- Found ament_lint_auto: 0.14.2 (/opt/ros/iron/share/ament_lint_auto/cmake)
[1.414s] -- Added test 'copyright' to check source files copyright and LICENSE
[1.415s] -- Added test 'cppcheck' to perform static code analysis on C / C++ code
[1.415s] -- Configured cppcheck include dirs: 
[1.416s] -- Configured cppcheck exclude dirs and/or files: 
[1.417s] -- Added test 'cpplint' to check C / C++ code against the Google style
[1.417s] -- Configured cpplint exclude dirs and/or files: 
[1.418s] -- Added test 'lint_cmake' to check CMake code style
[1.419s] -- Added test 'uncrustify' to check C / C++ code style
[1.419s] -- Configured uncrustify additional arguments: 
[1.420s] -- Added test 'xmllint' to check XML markup files
[1.422s] -- Configuring done
[1.468s] -- Generating done
[1.471s] -- Build files have been written to: /home/andrey/Documents/workspace/build/examples_rclcpp_minimal_publisher
[1.488s] Invoked command in '/home/andrey/Documents/workspace/build/examples_rclcpp_minimal_publisher' returned '0': CMAKE_PREFIX_PATH=/opt/ros/iron /usr/bin/cmake /home/andrey/Documents/workspace/src/examples/rclcpp/topics/minimal_publisher -DCMAKE_INSTALL_PREFIX=/home/andrey/Documents/workspace/install/examples_rclcpp_minimal_publisher
[1.489s] Invoking command in '/home/andrey/Documents/workspace/build/examples_rclcpp_minimal_publisher': CMAKE_PREFIX_PATH=/opt/ros/iron /usr/bin/cmake --build /home/andrey/Documents/workspace/build/examples_rclcpp_minimal_publisher -- -j12 -l12
[1.624s] [35m[1mConsolidate compiler generated dependencies of target publisher_member_function[0m
[1.624s] [35m[1mConsolidate compiler generated dependencies of target publisher_lambda[0m
[1.636s] [35m[1mConsolidate compiler generated dependencies of target publisher_member_function_with_type_adapter[0m
[1.649s] [35m[1mConsolidate compiler generated dependencies of target publisher_member_function_with_unique_network_flow_endpoints[0m
[1.649s] [35m[1mConsolidate compiler generated dependencies of target publisher_wait_for_all_acked[0m
[1.658s] [35m[1mConsolidate compiler generated dependencies of target publisher_not_composable[0m
[1.668s] [ 16%] Built target publisher_member_function
[1.693s] [ 33%] Built target publisher_lambda
[1.705s] [ 50%] Built target publisher_member_function_with_unique_network_flow_endpoints
[1.706s] [ 66%] Built target publisher_member_function_with_type_adapter
[1.706s] [ 83%] Built target publisher_not_composable
[1.708s] [100%] Built target publisher_wait_for_all_acked
[1.835s] Invoked command in '/home/andrey/Documents/workspace/build/examples_rclcpp_minimal_publisher' returned '0': CMAKE_PREFIX_PATH=/opt/ros/iron /usr/bin/cmake --build /home/andrey/Documents/workspace/build/examples_rclcpp_minimal_publisher -- -j12 -l12
[2.062s] Invoking command in '/home/andrey/Documents/workspace/build/examples_rclcpp_minimal_publisher': CMAKE_PREFIX_PATH=/opt/ros/iron /usr/bin/cmake --install /home/andrey/Documents/workspace/build/examples_rclcpp_minimal_publisher
[2.154s] -- Install configuration: ""
[2.154s] -- Execute custom install script
[2.154s] -- Up-to-date symlink: /home/andrey/Documents/workspace/install/examples_rclcpp_minimal_publisher/lib/examples_rclcpp_minimal_publisher/publisher_lambda
[2.154s] -- Up-to-date symlink: /home/andrey/Documents/workspace/install/examples_rclcpp_minimal_publisher/lib/examples_rclcpp_minimal_publisher/publisher_member_function
[2.154s] -- Up-to-date symlink: /home/andrey/Documents/workspace/install/examples_rclcpp_minimal_publisher/lib/examples_rclcpp_minimal_publisher/publisher_member_function_with_type_adapter
[2.154s] -- Up-to-date symlink: /home/andrey/Documents/workspace/install/examples_rclcpp_minimal_publisher/lib/examples_rclcpp_minimal_publisher/publisher_member_function_with_unique_network_flow_endpoints
[2.154s] -- Up-to-date symlink: /home/andrey/Documents/workspace/install/examples_rclcpp_minimal_publisher/lib/examples_rclcpp_minimal_publisher/publisher_wait_for_all_acked
[2.154s] -- Up-to-date symlink: /home/andrey/Documents/workspace/install/examples_rclcpp_minimal_publisher/lib/examples_rclcpp_minimal_publisher/publisher_not_composable
[2.154s] -- Up-to-date symlink: /home/andrey/Documents/workspace/install/examples_rclcpp_minimal_publisher/share/ament_index/resource_index/package_run_dependencies/examples_rclcpp_minimal_publisher
[2.155s] -- Up-to-date symlink: /home/andrey/Documents/workspace/install/examples_rclcpp_minimal_publisher/share/ament_index/resource_index/parent_prefix_path/examples_rclcpp_minimal_publisher
[2.155s] -- Up-to-date symlink: /home/andrey/Documents/workspace/install/examples_rclcpp_minimal_publisher/share/examples_rclcpp_minimal_publisher/environment/ament_prefix_path.sh
[2.156s] -- Up-to-date symlink: /home/andrey/Documents/workspace/install/examples_rclcpp_minimal_publisher/share/examples_rclcpp_minimal_publisher/environment/ament_prefix_path.dsv
[2.156s] -- Up-to-date symlink: /home/andrey/Documents/workspace/install/examples_rclcpp_minimal_publisher/share/examples_rclcpp_minimal_publisher/environment/path.sh
[2.156s] -- Up-to-date symlink: /home/andrey/Documents/workspace/install/examples_rclcpp_minimal_publisher/share/examples_rclcpp_minimal_publisher/environment/path.dsv
[2.156s] -- Up-to-date symlink: /home/andrey/Documents/workspace/install/examples_rclcpp_minimal_publisher/share/examples_rclcpp_minimal_publisher/local_setup.bash
[2.156s] -- Up-to-date symlink: /home/andrey/Documents/workspace/install/examples_rclcpp_minimal_publisher/share/examples_rclcpp_minimal_publisher/local_setup.sh
[2.156s] -- Up-to-date symlink: /home/andrey/Documents/workspace/install/examples_rclcpp_minimal_publisher/share/examples_rclcpp_minimal_publisher/local_setup.zsh
[2.156s] -- Up-to-date symlink: /home/andrey/Documents/workspace/install/examples_rclcpp_minimal_publisher/share/examples_rclcpp_minimal_publisher/local_setup.dsv
[2.156s] -- Symlinking: /home/andrey/Documents/workspace/install/examples_rclcpp_minimal_publisher/share/examples_rclcpp_minimal_publisher/package.dsv
[2.156s] -- Up-to-date symlink: /home/andrey/Documents/workspace/install/examples_rclcpp_minimal_publisher/share/ament_index/resource_index/packages/examples_rclcpp_minimal_publisher
[2.156s] -- Up-to-date symlink: /home/andrey/Documents/workspace/install/examples_rclcpp_minimal_publisher/share/examples_rclcpp_minimal_publisher/cmake/examples_rclcpp_minimal_publisherConfig.cmake
[2.156s] -- Up-to-date symlink: /home/andrey/Documents/workspace/install/examples_rclcpp_minimal_publisher/share/examples_rclcpp_minimal_publisher/cmake/examples_rclcpp_minimal_publisherConfig-version.cmake
[2.157s] -- Up-to-date symlink: /home/andrey/Documents/workspace/install/examples_rclcpp_minimal_publisher/share/examples_rclcpp_minimal_publisher/package.xml
[2.300s] Invoked command in '/home/andrey/Documents/workspace/build/examples_rclcpp_minimal_publisher' returned '0': CMAKE_PREFIX_PATH=/opt/ros/iron /usr/bin/cmake --install /home/andrey/Documents/workspace/build/examples_rclcpp_minimal_publisher
