[2.954s] Invoking command in '/home/andrey/Documents/workspace/build/examples_rclpy_minimal_service': PYTHONPATH=/home/andrey/Documents/workspace/build/examples_rclpy_minimal_service/prefix_override:/home/andrey/Documents/workspace/install/examples_rclpy_minimal_service/lib/python3.10/site-packages:${PYTHONPATH} /usr/bin/python3 setup.py develop --editable --build-directory /home/andrey/Documents/workspace/build/examples_rclpy_minimal_service/build --no-deps install_data
[3.197s] running develop
[3.197s] /usr/lib/python3/dist-packages/setuptools/command/easy_install.py:158: EasyInstallDeprecationWarning: easy_install command is deprecated. Use build and pip and other standards-based tools.
[3.197s]   warnings.warn(
[3.198s] /usr/lib/python3/dist-packages/setuptools/command/install.py:34: SetuptoolsDeprecationWarning: setup.py install is deprecated. Use build and pip and other standards-based tools.
[3.198s]   warnings.warn(
[3.398s] running egg_info
[3.398s] creating examples_rclpy_minimal_service.egg-info
[3.398s] writing examples_rclpy_minimal_service.egg-info/PKG-INFO
[3.398s] writing dependency_links to examples_rclpy_minimal_service.egg-info/dependency_links.txt
[3.399s] writing entry points to examples_rclpy_minimal_service.egg-info/entry_points.txt
[3.399s] writing requirements to examples_rclpy_minimal_service.egg-info/requires.txt
[3.399s] writing top-level names to examples_rclpy_minimal_service.egg-info/top_level.txt
[3.399s] writing manifest file 'examples_rclpy_minimal_service.egg-info/SOURCES.txt'
[3.400s] reading manifest file 'examples_rclpy_minimal_service.egg-info/SOURCES.txt'
[3.401s] writing manifest file 'examples_rclpy_minimal_service.egg-info/SOURCES.txt'
[3.402s] running build_ext
[3.402s] Creating /home/andrey/Documents/workspace/install/examples_rclpy_minimal_service/lib/python3.10/site-packages/examples-rclpy-minimal-service.egg-link (link to .)
[3.403s] Installing service script to /home/andrey/Documents/workspace/install/examples_rclpy_minimal_service/lib/examples_rclpy_minimal_service
[3.403s] Installing service_member_function script to /home/andrey/Documents/workspace/install/examples_rclpy_minimal_service/lib/examples_rclpy_minimal_service
[3.403s] 
[3.403s] Installed /home/andrey/Documents/workspace/build/examples_rclpy_minimal_service
[3.404s] running install_data
[3.404s] creating /home/andrey/Documents/workspace/install/examples_rclpy_minimal_service/share/ament_index
[3.404s] creating /home/andrey/Documents/workspace/install/examples_rclpy_minimal_service/share/ament_index/resource_index
[3.404s] creating /home/andrey/Documents/workspace/install/examples_rclpy_minimal_service/share/ament_index/resource_index/packages
[3.404s] copying resource/examples_rclpy_minimal_service -> /home/andrey/Documents/workspace/install/examples_rclpy_minimal_service/share/ament_index/resource_index/packages
[3.404s] copying package.xml -> /home/andrey/Documents/workspace/install/examples_rclpy_minimal_service/share/examples_rclpy_minimal_service
[3.734s] Invoked command in '/home/andrey/Documents/workspace/build/examples_rclpy_minimal_service' returned '0': PYTHONPATH=/home/andrey/Documents/workspace/build/examples_rclpy_minimal_service/prefix_override:/home/andrey/Documents/workspace/install/examples_rclpy_minimal_service/lib/python3.10/site-packages:${PYTHONPATH} /usr/bin/python3 setup.py develop --editable --build-directory /home/andrey/Documents/workspace/build/examples_rclpy_minimal_service/build --no-deps install_data
