[8.373s] Invoking command in '/home/andrey/Documents/workspace/build/examples_rclpy_minimal_action_server': PYTHONPATH=/home/andrey/Documents/workspace/build/examples_rclpy_minimal_action_server/prefix_override:/home/andrey/Documents/workspace/install/examples_rclpy_minimal_action_server/lib/python3.10/site-packages:${PYTHONPATH} /usr/bin/python3 setup.py develop --editable --build-directory /home/andrey/Documents/workspace/build/examples_rclpy_minimal_action_server/build --no-deps install_data
[8.683s] running develop
[8.684s] /usr/lib/python3/dist-packages/setuptools/command/easy_install.py:158: EasyInstallDeprecationWarning: easy_install command is deprecated. Use build and pip and other standards-based tools.
[8.685s]   warnings.warn(
[8.697s] /usr/lib/python3/dist-packages/setuptools/command/install.py:34: SetuptoolsDeprecationWarning: setup.py install is deprecated. Use build and pip and other standards-based tools.
[8.697s]   warnings.warn(
[8.917s] running egg_info
[8.917s] creating examples_rclpy_minimal_action_server.egg-info
[8.917s] writing examples_rclpy_minimal_action_server.egg-info/PKG-INFO
[8.918s] writing dependency_links to examples_rclpy_minimal_action_server.egg-info/dependency_links.txt
[8.918s] writing entry points to examples_rclpy_minimal_action_server.egg-info/entry_points.txt
[8.918s] writing requirements to examples_rclpy_minimal_action_server.egg-info/requires.txt
[8.918s] writing top-level names to examples_rclpy_minimal_action_server.egg-info/top_level.txt
[8.919s] writing manifest file 'examples_rclpy_minimal_action_server.egg-info/SOURCES.txt'
[8.921s] reading manifest file 'examples_rclpy_minimal_action_server.egg-info/SOURCES.txt'
[8.922s] writing manifest file 'examples_rclpy_minimal_action_server.egg-info/SOURCES.txt'
[8.923s] running build_ext
[8.924s] Creating /home/andrey/Documents/workspace/install/examples_rclpy_minimal_action_server/lib/python3.10/site-packages/examples-rclpy-minimal-action-server.egg-link (link to .)
[8.925s] Installing server script to /home/andrey/Documents/workspace/install/examples_rclpy_minimal_action_server/lib/examples_rclpy_minimal_action_server
[8.925s] Installing server_defer script to /home/andrey/Documents/workspace/install/examples_rclpy_minimal_action_server/lib/examples_rclpy_minimal_action_server
[8.925s] Installing server_not_composable script to /home/andrey/Documents/workspace/install/examples_rclpy_minimal_action_server/lib/examples_rclpy_minimal_action_server
[8.925s] Installing server_queue_goals script to /home/andrey/Documents/workspace/install/examples_rclpy_minimal_action_server/lib/examples_rclpy_minimal_action_server
[8.925s] Installing server_single_goal script to /home/andrey/Documents/workspace/install/examples_rclpy_minimal_action_server/lib/examples_rclpy_minimal_action_server
[8.926s] 
[8.926s] Installed /home/andrey/Documents/workspace/build/examples_rclpy_minimal_action_server
[8.926s] running install_data
[8.926s] creating /home/andrey/Documents/workspace/install/examples_rclpy_minimal_action_server/share/ament_index
[8.926s] creating /home/andrey/Documents/workspace/install/examples_rclpy_minimal_action_server/share/ament_index/resource_index
[8.926s] creating /home/andrey/Documents/workspace/install/examples_rclpy_minimal_action_server/share/ament_index/resource_index/packages
[8.926s] copying resource/examples_rclpy_minimal_action_server -> /home/andrey/Documents/workspace/install/examples_rclpy_minimal_action_server/share/ament_index/resource_index/packages
[8.926s] copying package.xml -> /home/andrey/Documents/workspace/install/examples_rclpy_minimal_action_server/share/examples_rclpy_minimal_action_server
[9.483s] Invoked command in '/home/andrey/Documents/workspace/build/examples_rclpy_minimal_action_server' returned '0': PYTHONPATH=/home/andrey/Documents/workspace/build/examples_rclpy_minimal_action_server/prefix_override:/home/andrey/Documents/workspace/install/examples_rclpy_minimal_action_server/lib/python3.10/site-packages:${PYTHONPATH} /usr/bin/python3 setup.py develop --editable --build-directory /home/andrey/Documents/workspace/build/examples_rclpy_minimal_action_server/build --no-deps install_data
