[0.282s] Invoking command in '/home/andrey/Documents/workspace/build/examples_rclcpp_minimal_composition': CMAKE_PREFIX_PATH=/opt/ros/iron /usr/bin/cmake --build /home/andrey/Documents/workspace/build/examples_rclcpp_minimal_composition -- -j12 -l12
[0.384s] [ 33%] Built target composition_nodes
[0.433s] [ 55%] Built target composition_publisher
[0.462s] [ 77%] Built target composition_subscriber
[0.463s] [100%] Built target composition_composed
[0.483s] Invoked command in '/home/andrey/Documents/workspace/build/examples_rclcpp_minimal_composition' returned '0': CMAKE_PREFIX_PATH=/opt/ros/iron /usr/bin/cmake --build /home/andrey/Documents/workspace/build/examples_rclcpp_minimal_composition -- -j12 -l12
[0.813s] Invoking command in '/home/andrey/Documents/workspace/build/examples_rclcpp_minimal_composition': CMAKE_PREFIX_PATH=/opt/ros/iron /usr/bin/cmake --install /home/andrey/Documents/workspace/build/examples_rclcpp_minimal_composition
[0.879s] -- Install configuration: ""
[0.879s] -- Execute custom install script
[0.880s] -- Up-to-date symlink: /home/andrey/Documents/workspace/install/examples_rclcpp_minimal_composition/share/examples_rclcpp_minimal_composition/environment/library_path.sh
[0.880s] -- Up-to-date symlink: /home/andrey/Documents/workspace/install/examples_rclcpp_minimal_composition/share/examples_rclcpp_minimal_composition/environment/library_path.dsv
[0.880s] -- Up-to-date symlink: /home/andrey/Documents/workspace/install/examples_rclcpp_minimal_composition/lib/libcomposition_nodes.so
[0.880s] -- Up-to-date symlink: /home/andrey/Documents/workspace/install/examples_rclcpp_minimal_composition/lib/examples_rclcpp_minimal_composition/composition_publisher
[0.881s] -- Up-to-date symlink: /home/andrey/Documents/workspace/install/examples_rclcpp_minimal_composition/lib/examples_rclcpp_minimal_composition/composition_subscriber
[0.881s] -- Up-to-date symlink: /home/andrey/Documents/workspace/install/examples_rclcpp_minimal_composition/lib/examples_rclcpp_minimal_composition/composition_composed
[0.881s] -- Up-to-date symlink: /home/andrey/Documents/workspace/install/examples_rclcpp_minimal_composition/share/ament_index/resource_index/package_run_dependencies/examples_rclcpp_minimal_composition
[0.881s] -- Up-to-date symlink: /home/andrey/Documents/workspace/install/examples_rclcpp_minimal_composition/share/ament_index/resource_index/parent_prefix_path/examples_rclcpp_minimal_composition
[0.881s] -- Up-to-date symlink: /home/andrey/Documents/workspace/install/examples_rclcpp_minimal_composition/share/examples_rclcpp_minimal_composition/environment/ament_prefix_path.sh
[0.882s] -- Up-to-date symlink: /home/andrey/Documents/workspace/install/examples_rclcpp_minimal_composition/share/examples_rclcpp_minimal_composition/environment/ament_prefix_path.dsv
[0.882s] -- Up-to-date symlink: /home/andrey/Documents/workspace/install/examples_rclcpp_minimal_composition/share/examples_rclcpp_minimal_composition/environment/path.sh
[0.882s] -- Up-to-date symlink: /home/andrey/Documents/workspace/install/examples_rclcpp_minimal_composition/share/examples_rclcpp_minimal_composition/environment/path.dsv
[0.882s] -- Up-to-date symlink: /home/andrey/Documents/workspace/install/examples_rclcpp_minimal_composition/share/examples_rclcpp_minimal_composition/local_setup.bash
[0.883s] -- Up-to-date symlink: /home/andrey/Documents/workspace/install/examples_rclcpp_minimal_composition/share/examples_rclcpp_minimal_composition/local_setup.sh
[0.883s] -- Up-to-date symlink: /home/andrey/Documents/workspace/install/examples_rclcpp_minimal_composition/share/examples_rclcpp_minimal_composition/local_setup.zsh
[0.883s] -- Up-to-date symlink: /home/andrey/Documents/workspace/install/examples_rclcpp_minimal_composition/share/examples_rclcpp_minimal_composition/local_setup.dsv
[0.884s] -- Symlinking: /home/andrey/Documents/workspace/install/examples_rclcpp_minimal_composition/share/examples_rclcpp_minimal_composition/package.dsv
[0.884s] -- Up-to-date symlink: /home/andrey/Documents/workspace/install/examples_rclcpp_minimal_composition/share/ament_index/resource_index/packages/examples_rclcpp_minimal_composition
[0.884s] -- Up-to-date symlink: /home/andrey/Documents/workspace/install/examples_rclcpp_minimal_composition/share/examples_rclcpp_minimal_composition/cmake/examples_rclcpp_minimal_compositionConfig.cmake
[0.885s] -- Up-to-date symlink: /home/andrey/Documents/workspace/install/examples_rclcpp_minimal_composition/share/examples_rclcpp_minimal_composition/cmake/examples_rclcpp_minimal_compositionConfig-version.cmake
[0.885s] -- Up-to-date symlink: /home/andrey/Documents/workspace/install/examples_rclcpp_minimal_composition/share/examples_rclcpp_minimal_composition/package.xml
[1.296s] Invoked command in '/home/andrey/Documents/workspace/build/examples_rclcpp_minimal_composition' returned '0': CMAKE_PREFIX_PATH=/opt/ros/iron /usr/bin/cmake --install /home/andrey/Documents/workspace/build/examples_rclcpp_minimal_composition
