[0.316s] Invoking command in '/home/andrey/Documents/workspace/build/examples_rclcpp_minimal_client': CMAKE_PREFIX_PATH=/opt/ros/iron /usr/bin/cmake --build /home/andrey/Documents/workspace/build/examples_rclcpp_minimal_client -- -j12 -l12
[0.435s] [100%] Built target client_main
[0.467s] Invoked command in '/home/andrey/Documents/workspace/build/examples_rclcpp_minimal_client' returned '0': CMAKE_PREFIX_PATH=/opt/ros/iron /usr/bin/cmake --build /home/andrey/Documents/workspace/build/examples_rclcpp_minimal_client -- -j12 -l12
[0.569s] Invoking command in '/home/andrey/Documents/workspace/build/examples_rclcpp_minimal_client': CMAKE_PREFIX_PATH=/opt/ros/iron /usr/bin/cmake --install /home/andrey/Documents/workspace/build/examples_rclcpp_minimal_client
[0.589s] -- Install configuration: ""
[0.589s] -- Execute custom install script
[0.589s] -- Up-to-date symlink: /home/andrey/Documents/workspace/install/examples_rclcpp_minimal_client/lib/examples_rclcpp_minimal_client/client_main
[0.590s] -- Up-to-date symlink: /home/andrey/Documents/workspace/install/examples_rclcpp_minimal_client/share/ament_index/resource_index/package_run_dependencies/examples_rclcpp_minimal_client
[0.591s] -- Up-to-date symlink: /home/andrey/Documents/workspace/install/examples_rclcpp_minimal_client/share/ament_index/resource_index/parent_prefix_path/examples_rclcpp_minimal_client
[0.592s] -- Up-to-date symlink: /home/andrey/Documents/workspace/install/examples_rclcpp_minimal_client/share/examples_rclcpp_minimal_client/environment/ament_prefix_path.sh
[0.592s] -- Up-to-date symlink: /home/andrey/Documents/workspace/install/examples_rclcpp_minimal_client/share/examples_rclcpp_minimal_client/environment/ament_prefix_path.dsv
[0.592s] -- Up-to-date symlink: /home/andrey/Documents/workspace/install/examples_rclcpp_minimal_client/share/examples_rclcpp_minimal_client/environment/path.sh
[0.592s] -- Up-to-date symlink: /home/andrey/Documents/workspace/install/examples_rclcpp_minimal_client/share/examples_rclcpp_minimal_client/environment/path.dsv
[0.593s] -- Up-to-date symlink: /home/andrey/Documents/workspace/install/examples_rclcpp_minimal_client/share/examples_rclcpp_minimal_client/local_setup.bash
[0.593s] -- Up-to-date symlink: /home/andrey/Documents/workspace/install/examples_rclcpp_minimal_client/share/examples_rclcpp_minimal_client/local_setup.sh
[0.594s] -- Up-to-date symlink: /home/andrey/Documents/workspace/install/examples_rclcpp_minimal_client/share/examples_rclcpp_minimal_client/local_setup.zsh
[0.594s] -- Up-to-date symlink: /home/andrey/Documents/workspace/install/examples_rclcpp_minimal_client/share/examples_rclcpp_minimal_client/local_setup.dsv
[0.594s] -- Symlinking: /home/andrey/Documents/workspace/install/examples_rclcpp_minimal_client/share/examples_rclcpp_minimal_client/package.dsv
[0.598s] -- Up-to-date symlink: /home/andrey/Documents/workspace/install/examples_rclcpp_minimal_client/share/ament_index/resource_index/packages/examples_rclcpp_minimal_client
[0.598s] -- Up-to-date symlink: /home/andrey/Documents/workspace/install/examples_rclcpp_minimal_client/share/examples_rclcpp_minimal_client/cmake/examples_rclcpp_minimal_clientConfig.cmake
[0.598s] -- Up-to-date symlink: /home/andrey/Documents/workspace/install/examples_rclcpp_minimal_client/share/examples_rclcpp_minimal_client/cmake/examples_rclcpp_minimal_clientConfig-version.cmake
[0.598s] -- Up-to-date symlink: /home/andrey/Documents/workspace/install/examples_rclcpp_minimal_client/share/examples_rclcpp_minimal_client/package.xml
[0.756s] Invoked command in '/home/andrey/Documents/workspace/build/examples_rclcpp_minimal_client' returned '0': CMAKE_PREFIX_PATH=/opt/ros/iron /usr/bin/cmake --install /home/andrey/Documents/workspace/build/examples_rclcpp_minimal_client
