[0.092s] Invoking command in '/home/andrey/Documents/workspace/build/examples_rclcpp_wait_set': CMAKE_PREFIX_PATH=/opt/ros/iron /usr/bin/cmake --build /home/andrey/Documents/workspace/build/examples_rclcpp_wait_set -- -j12 -l12
[0.283s] [ 12%] Built target talker
[0.284s] [ 16%] Built target wait_set_talker
[0.285s] [ 25%] Built target wait_set
[0.286s] [ 41%] Built target wait_set_listener
[0.297s] [ 41%] Built target thread_safe_wait_set
[0.304s] [ 50%] Built target listener
[0.304s] [ 58%] Built target static_wait_set
[0.307s] [ 66%] Built target wait_set_topics_and_timer
[0.307s] [ 75%] Built target wait_set_random_order
[0.332s] [ 83%] Built target wait_set_topics_with_different_rates
[0.334s] [ 91%] Built target executor_random_order
[0.339s] [100%] Built target wait_set_composed
[0.577s] Invoked command in '/home/andrey/Documents/workspace/build/examples_rclcpp_wait_set' returned '0': CMAKE_PREFIX_PATH=/opt/ros/iron /usr/bin/cmake --build /home/andrey/Documents/workspace/build/examples_rclcpp_wait_set -- -j12 -l12
[1.070s] Invoking command in '/home/andrey/Documents/workspace/build/examples_rclcpp_wait_set': CMAKE_PREFIX_PATH=/opt/ros/iron /usr/bin/cmake --install /home/andrey/Documents/workspace/build/examples_rclcpp_wait_set
[1.384s] -- Install configuration: ""
[1.384s] -- Execute custom install script
[1.384s] -- Up-to-date symlink: /home/andrey/Documents/workspace/install/examples_rclcpp_wait_set/lib/examples_rclcpp_wait_set/wait_set_talker
[1.385s] -- Up-to-date symlink: /home/andrey/Documents/workspace/install/examples_rclcpp_wait_set/lib/examples_rclcpp_wait_set/wait_set_listener
[1.385s] -- Up-to-date symlink: /home/andrey/Documents/workspace/install/examples_rclcpp_wait_set/lib/libtalker.so
[1.385s] -- Up-to-date symlink: /home/andrey/Documents/workspace/install/examples_rclcpp_wait_set/lib/liblistener.so
[1.385s] -- Up-to-date symlink: /home/andrey/Documents/workspace/install/examples_rclcpp_wait_set/lib/examples_rclcpp_wait_set/wait_set
[1.385s] -- Up-to-date symlink: /home/andrey/Documents/workspace/install/examples_rclcpp_wait_set/lib/examples_rclcpp_wait_set/static_wait_set
[1.385s] -- Up-to-date symlink: /home/andrey/Documents/workspace/install/examples_rclcpp_wait_set/lib/examples_rclcpp_wait_set/thread_safe_wait_set
[1.386s] -- Up-to-date symlink: /home/andrey/Documents/workspace/install/examples_rclcpp_wait_set/lib/examples_rclcpp_wait_set/wait_set_topics_and_timer
[1.386s] -- Up-to-date symlink: /home/andrey/Documents/workspace/install/examples_rclcpp_wait_set/lib/examples_rclcpp_wait_set/wait_set_random_order
[1.386s] -- Up-to-date symlink: /home/andrey/Documents/workspace/install/examples_rclcpp_wait_set/lib/examples_rclcpp_wait_set/executor_random_order
[1.386s] -- Up-to-date symlink: /home/andrey/Documents/workspace/install/examples_rclcpp_wait_set/lib/examples_rclcpp_wait_set/wait_set_topics_with_different_rates
[1.386s] -- Up-to-date symlink: /home/andrey/Documents/workspace/install/examples_rclcpp_wait_set/lib/examples_rclcpp_wait_set/wait_set_composed
[1.386s] -- Up-to-date symlink: /home/andrey/Documents/workspace/install/examples_rclcpp_wait_set/share/ament_index/resource_index/package_run_dependencies/examples_rclcpp_wait_set
[1.386s] -- Up-to-date symlink: /home/andrey/Documents/workspace/install/examples_rclcpp_wait_set/share/ament_index/resource_index/parent_prefix_path/examples_rclcpp_wait_set
[1.386s] -- Up-to-date symlink: /home/andrey/Documents/workspace/install/examples_rclcpp_wait_set/share/examples_rclcpp_wait_set/environment/ament_prefix_path.sh
[1.386s] -- Up-to-date symlink: /home/andrey/Documents/workspace/install/examples_rclcpp_wait_set/share/examples_rclcpp_wait_set/environment/ament_prefix_path.dsv
[1.386s] -- Up-to-date symlink: /home/andrey/Documents/workspace/install/examples_rclcpp_wait_set/share/examples_rclcpp_wait_set/environment/path.sh
[1.386s] -- Up-to-date symlink: /home/andrey/Documents/workspace/install/examples_rclcpp_wait_set/share/examples_rclcpp_wait_set/environment/path.dsv
[1.386s] -- Up-to-date symlink: /home/andrey/Documents/workspace/install/examples_rclcpp_wait_set/share/examples_rclcpp_wait_set/local_setup.bash
[1.387s] -- Up-to-date symlink: /home/andrey/Documents/workspace/install/examples_rclcpp_wait_set/share/examples_rclcpp_wait_set/local_setup.sh
[1.387s] -- Up-to-date symlink: /home/andrey/Documents/workspace/install/examples_rclcpp_wait_set/share/examples_rclcpp_wait_set/local_setup.zsh
[1.387s] -- Up-to-date symlink: /home/andrey/Documents/workspace/install/examples_rclcpp_wait_set/share/examples_rclcpp_wait_set/local_setup.dsv
[1.387s] -- Symlinking: /home/andrey/Documents/workspace/install/examples_rclcpp_wait_set/share/examples_rclcpp_wait_set/package.dsv
[1.387s] -- Up-to-date symlink: /home/andrey/Documents/workspace/install/examples_rclcpp_wait_set/share/ament_index/resource_index/packages/examples_rclcpp_wait_set
[1.387s] -- Up-to-date symlink: /home/andrey/Documents/workspace/install/examples_rclcpp_wait_set/share/ament_index/resource_index/rclcpp_components/examples_rclcpp_wait_set
[1.387s] -- Up-to-date symlink: /home/andrey/Documents/workspace/install/examples_rclcpp_wait_set/share/examples_rclcpp_wait_set/cmake/examples_rclcpp_wait_setConfig.cmake
[1.387s] -- Up-to-date symlink: /home/andrey/Documents/workspace/install/examples_rclcpp_wait_set/share/examples_rclcpp_wait_set/cmake/examples_rclcpp_wait_setConfig-version.cmake
[1.387s] -- Up-to-date symlink: /home/andrey/Documents/workspace/install/examples_rclcpp_wait_set/share/examples_rclcpp_wait_set/package.xml
[1.713s] Invoked command in '/home/andrey/Documents/workspace/build/examples_rclcpp_wait_set' returned '0': CMAKE_PREFIX_PATH=/opt/ros/iron /usr/bin/cmake --install /home/andrey/Documents/workspace/build/examples_rclcpp_wait_set
