[8.644s] Invoking command in '/home/andrey/Documents/workspace/build/examples_rclpy_minimal_action_client': PYTHONPATH=/home/andrey/Documents/workspace/build/examples_rclpy_minimal_action_client/prefix_override:/home/andrey/Documents/workspace/install/examples_rclpy_minimal_action_client/lib/python3.10/site-packages:${PYTHONPATH} /usr/bin/python3 setup.py develop --editable --build-directory /home/andrey/Documents/workspace/build/examples_rclpy_minimal_action_client/build --no-deps install_data
[8.955s] running develop
[8.956s] /usr/lib/python3/dist-packages/setuptools/command/easy_install.py:158: EasyInstallDeprecationWarning: easy_install command is deprecated. Use build and pip and other standards-based tools.
[8.956s]   warnings.warn(
[8.957s] /usr/lib/python3/dist-packages/setuptools/command/install.py:34: SetuptoolsDeprecationWarning: setup.py install is deprecated. Use build and pip and other standards-based tools.
[8.957s]   warnings.warn(
[9.173s] running egg_info
[9.173s] creating examples_rclpy_minimal_action_client.egg-info
[9.173s] writing examples_rclpy_minimal_action_client.egg-info/PKG-INFO
[9.174s] writing dependency_links to examples_rclpy_minimal_action_client.egg-info/dependency_links.txt
[9.174s] writing entry points to examples_rclpy_minimal_action_client.egg-info/entry_points.txt
[9.174s] writing requirements to examples_rclpy_minimal_action_client.egg-info/requires.txt
[9.174s] writing top-level names to examples_rclpy_minimal_action_client.egg-info/top_level.txt
[9.174s] writing manifest file 'examples_rclpy_minimal_action_client.egg-info/SOURCES.txt'
[9.178s] reading manifest file 'examples_rclpy_minimal_action_client.egg-info/SOURCES.txt'
[9.180s] writing manifest file 'examples_rclpy_minimal_action_client.egg-info/SOURCES.txt'
[9.181s] running build_ext
[9.181s] Creating /home/andrey/Documents/workspace/install/examples_rclpy_minimal_action_client/lib/python3.10/site-packages/examples-rclpy-minimal-action-client.egg-link (link to .)
[9.182s] Installing client script to /home/andrey/Documents/workspace/install/examples_rclpy_minimal_action_client/lib/examples_rclpy_minimal_action_client
[9.183s] Installing client_asyncio script to /home/andrey/Documents/workspace/install/examples_rclpy_minimal_action_client/lib/examples_rclpy_minimal_action_client
[9.183s] Installing client_cancel script to /home/andrey/Documents/workspace/install/examples_rclpy_minimal_action_client/lib/examples_rclpy_minimal_action_client
[9.183s] Installing client_not_composable script to /home/andrey/Documents/workspace/install/examples_rclpy_minimal_action_client/lib/examples_rclpy_minimal_action_client
[9.183s] 
[9.183s] Installed /home/andrey/Documents/workspace/build/examples_rclpy_minimal_action_client
[9.183s] running install_data
[9.184s] creating /home/andrey/Documents/workspace/install/examples_rclpy_minimal_action_client/share/ament_index
[9.184s] creating /home/andrey/Documents/workspace/install/examples_rclpy_minimal_action_client/share/ament_index/resource_index
[9.184s] creating /home/andrey/Documents/workspace/install/examples_rclpy_minimal_action_client/share/ament_index/resource_index/packages
[9.184s] copying resource/examples_rclpy_minimal_action_client -> /home/andrey/Documents/workspace/install/examples_rclpy_minimal_action_client/share/ament_index/resource_index/packages
[9.184s] copying package.xml -> /home/andrey/Documents/workspace/install/examples_rclpy_minimal_action_client/share/examples_rclpy_minimal_action_client
[9.702s] Invoked command in '/home/andrey/Documents/workspace/build/examples_rclpy_minimal_action_client' returned '0': PYTHONPATH=/home/andrey/Documents/workspace/build/examples_rclpy_minimal_action_client/prefix_override:/home/andrey/Documents/workspace/install/examples_rclpy_minimal_action_client/lib/python3.10/site-packages:${PYTHONPATH} /usr/bin/python3 setup.py develop --editable --build-directory /home/andrey/Documents/workspace/build/examples_rclpy_minimal_action_client/build --no-deps install_data
