[0.727s] DEBUG:colcon:Command line arguments: ['/usr/bin/colcon', 'build']
[0.727s] DEBUG:colcon:Parsed command line arguments: Namespace(log_base=None, log_level=None, verb_name='build', build_base='build', install_base='install', merge_install=False, symlink_install=False, test_result_base=None, continue_on_error=False, executor='parallel', parallel_workers=12, event_handlers=None, ignore_user_meta=False, metas=['./colcon.meta'], base_paths=['.'], packages_ignore=None, packages_ignore_regex=None, paths=None, packages_up_to=None, packages_up_to_regex=None, packages_above=None, packages_above_and_dependencies=None, packages_above_depth=None, packages_select_by_dep=None, packages_skip_by_dep=None, packages_skip_up_to=None, packages_select_build_failed=False, packages_skip_build_finished=False, packages_select_test_failures=False, packages_skip_test_passed=False, packages_select=None, packages_skip=None, packages_select_regex=None, packages_skip_regex=None, packages_start=None, packages_end=None, allow_overriding=[], cmake_args=None, cmake_target=None, cmake_target_skip_unavailable=False, cmake_clean_cache=False, cmake_clean_first=False, cmake_force_configure=False, ament_cmake_args=None, catkin_cmake_args=None, catkin_skip_building_tests=False, verb_parser=<colcon_defaults.argument_parser.defaults.DefaultArgumentsDecorator object at 0x7fa20915a9e0>, verb_extension=<colcon_core.verb.build.BuildVerb object at 0x7fa20941e440>, main=<bound method BuildVerb.main of <colcon_core.verb.build.BuildVerb object at 0x7fa20941e440>>)
[0.761s] Level 1:colcon.colcon_core.package_discovery:discover_packages(colcon_meta) check parameters
[0.761s] Level 1:colcon.colcon_core.package_discovery:discover_packages(recursive) check parameters
[0.761s] Level 1:colcon.colcon_core.package_discovery:discover_packages(ignore) check parameters
[0.761s] Level 1:colcon.colcon_core.package_discovery:discover_packages(path) check parameters
[0.761s] Level 1:colcon.colcon_core.package_discovery:discover_packages(colcon_meta) discover
[0.761s] Level 1:colcon.colcon_core.package_discovery:discover_packages(recursive) discover
[0.761s] INFO:colcon.colcon_core.package_discovery:Crawling recursively for packages in '/home/andrey/Documents/workspace'
[0.761s] Level 1:colcon.colcon_core.package_identification:_identify(.) by extensions ['ignore', 'ignore_ament_install']
[0.761s] Level 1:colcon.colcon_core.package_identification:_identify(.) by extension 'ignore'
[0.762s] Level 1:colcon.colcon_core.package_identification:_identify(.) by extension 'ignore_ament_install'
[0.762s] Level 1:colcon.colcon_core.package_identification:_identify(.) by extensions ['colcon_pkg']
[0.762s] Level 1:colcon.colcon_core.package_identification:_identify(.) by extension 'colcon_pkg'
[0.762s] Level 1:colcon.colcon_core.package_identification:_identify(.) by extensions ['colcon_meta']
[0.762s] Level 1:colcon.colcon_core.package_identification:_identify(.) by extension 'colcon_meta'
[0.762s] Level 1:colcon.colcon_core.package_identification:_identify(.) by extensions ['ros']
[0.762s] Level 1:colcon.colcon_core.package_identification:_identify(.) by extension 'ros'
[0.769s] Level 1:colcon.colcon_core.package_identification:_identify(.) by extensions ['cmake', 'python']
[0.769s] Level 1:colcon.colcon_core.package_identification:_identify(.) by extension 'cmake'
[0.769s] Level 1:colcon.colcon_core.package_identification:_identify(.) by extension 'python'
[0.769s] Level 1:colcon.colcon_core.package_identification:_identify(.) by extensions ['python_setup_py']
[0.769s] Level 1:colcon.colcon_core.package_identification:_identify(.) by extension 'python_setup_py'
[0.769s] Level 1:colcon.colcon_core.package_identification:_identify(build) by extensions ['ignore', 'ignore_ament_install']
[0.770s] Level 1:colcon.colcon_core.package_identification:_identify(build) by extension 'ignore'
[0.770s] Level 1:colcon.colcon_core.package_identification:_identify(build) ignored
[0.770s] Level 1:colcon.colcon_core.package_identification:_identify(install) by extensions ['ignore', 'ignore_ament_install']
[0.770s] Level 1:colcon.colcon_core.package_identification:_identify(install) by extension 'ignore'
[0.770s] Level 1:colcon.colcon_core.package_identification:_identify(install) ignored
[0.770s] Level 1:colcon.colcon_core.package_identification:_identify(log) by extensions ['ignore', 'ignore_ament_install']
[0.770s] Level 1:colcon.colcon_core.package_identification:_identify(log) by extension 'ignore'
[0.770s] Level 1:colcon.colcon_core.package_identification:_identify(log) ignored
[0.770s] Level 1:colcon.colcon_core.package_identification:_identify(src) by extensions ['ignore', 'ignore_ament_install']
[0.770s] Level 1:colcon.colcon_core.package_identification:_identify(src) by extension 'ignore'
[0.770s] Level 1:colcon.colcon_core.package_identification:_identify(src) by extension 'ignore_ament_install'
[0.770s] Level 1:colcon.colcon_core.package_identification:_identify(src) by extensions ['colcon_pkg']
[0.770s] Level 1:colcon.colcon_core.package_identification:_identify(src) by extension 'colcon_pkg'
[0.770s] Level 1:colcon.colcon_core.package_identification:_identify(src) by extensions ['colcon_meta']
[0.770s] Level 1:colcon.colcon_core.package_identification:_identify(src) by extension 'colcon_meta'
[0.770s] Level 1:colcon.colcon_core.package_identification:_identify(src) by extensions ['ros']
[0.770s] Level 1:colcon.colcon_core.package_identification:_identify(src) by extension 'ros'
[0.770s] Level 1:colcon.colcon_core.package_identification:_identify(src) by extensions ['cmake', 'python']
[0.770s] Level 1:colcon.colcon_core.package_identification:_identify(src) by extension 'cmake'
[0.770s] Level 1:colcon.colcon_core.package_identification:_identify(src) by extension 'python'
[0.770s] Level 1:colcon.colcon_core.package_identification:_identify(src) by extensions ['python_setup_py']
[0.771s] Level 1:colcon.colcon_core.package_identification:_identify(src) by extension 'python_setup_py'
[0.771s] Level 1:colcon.colcon_core.package_identification:_identify(src/examples) by extensions ['ignore', 'ignore_ament_install']
[0.771s] Level 1:colcon.colcon_core.package_identification:_identify(src/examples) by extension 'ignore'
[0.771s] Level 1:colcon.colcon_core.package_identification:_identify(src/examples) ignored
[0.771s] Level 1:colcon.colcon_core.package_identification:_identify(src/my_cpp_package) by extensions ['ignore', 'ignore_ament_install']
[0.771s] Level 1:colcon.colcon_core.package_identification:_identify(src/my_cpp_package) by extension 'ignore'
[0.771s] Level 1:colcon.colcon_core.package_identification:_identify(src/my_cpp_package) by extension 'ignore_ament_install'
[0.771s] Level 1:colcon.colcon_core.package_identification:_identify(src/my_cpp_package) by extensions ['colcon_pkg']
[0.771s] Level 1:colcon.colcon_core.package_identification:_identify(src/my_cpp_package) by extension 'colcon_pkg'
[0.771s] Level 1:colcon.colcon_core.package_identification:_identify(src/my_cpp_package) by extensions ['colcon_meta']
[0.771s] Level 1:colcon.colcon_core.package_identification:_identify(src/my_cpp_package) by extension 'colcon_meta'
[0.771s] Level 1:colcon.colcon_core.package_identification:_identify(src/my_cpp_package) by extensions ['ros']
[0.771s] Level 1:colcon.colcon_core.package_identification:_identify(src/my_cpp_package) by extension 'ros'
[0.773s] DEBUG:colcon.colcon_core.package_identification:Package 'src/my_cpp_package' with type 'ros.ament_cmake' and name 'my_cpp_package'
[0.773s] Level 1:colcon.colcon_core.package_identification:_identify(src/my_package) by extensions ['ignore', 'ignore_ament_install']
[0.773s] Level 1:colcon.colcon_core.package_identification:_identify(src/my_package) by extension 'ignore'
[0.773s] Level 1:colcon.colcon_core.package_identification:_identify(src/my_package) by extension 'ignore_ament_install'
[0.773s] Level 1:colcon.colcon_core.package_identification:_identify(src/my_package) by extensions ['colcon_pkg']
[0.773s] Level 1:colcon.colcon_core.package_identification:_identify(src/my_package) by extension 'colcon_pkg'
[0.773s] Level 1:colcon.colcon_core.package_identification:_identify(src/my_package) by extensions ['colcon_meta']
[0.773s] Level 1:colcon.colcon_core.package_identification:_identify(src/my_package) by extension 'colcon_meta'
[0.773s] Level 1:colcon.colcon_core.package_identification:_identify(src/my_package) by extensions ['ros']
[0.773s] Level 1:colcon.colcon_core.package_identification:_identify(src/my_package) by extension 'ros'
[0.773s] DEBUG:colcon.colcon_core.package_identification:Package 'src/my_package' with type 'ros.ament_python' and name 'my_package'
[0.773s] Level 1:colcon.colcon_core.package_identification:_identify(src/ros_tutorials) by extensions ['ignore', 'ignore_ament_install']
[0.773s] Level 1:colcon.colcon_core.package_identification:_identify(src/ros_tutorials) by extension 'ignore'
[0.774s] Level 1:colcon.colcon_core.package_identification:_identify(src/ros_tutorials) by extension 'ignore_ament_install'
[0.774s] Level 1:colcon.colcon_core.package_identification:_identify(src/ros_tutorials) by extensions ['colcon_pkg']
[0.774s] Level 1:colcon.colcon_core.package_identification:_identify(src/ros_tutorials) by extension 'colcon_pkg'
[0.774s] Level 1:colcon.colcon_core.package_identification:_identify(src/ros_tutorials) by extensions ['colcon_meta']
[0.774s] Level 1:colcon.colcon_core.package_identification:_identify(src/ros_tutorials) by extension 'colcon_meta'
[0.774s] Level 1:colcon.colcon_core.package_identification:_identify(src/ros_tutorials) by extensions ['ros']
[0.774s] Level 1:colcon.colcon_core.package_identification:_identify(src/ros_tutorials) by extension 'ros'
[0.774s] Level 1:colcon.colcon_core.package_identification:_identify(src/ros_tutorials) by extensions ['cmake', 'python']
[0.774s] Level 1:colcon.colcon_core.package_identification:_identify(src/ros_tutorials) by extension 'cmake'
[0.774s] Level 1:colcon.colcon_core.package_identification:_identify(src/ros_tutorials) by extension 'python'
[0.774s] Level 1:colcon.colcon_core.package_identification:_identify(src/ros_tutorials) by extensions ['python_setup_py']
[0.774s] Level 1:colcon.colcon_core.package_identification:_identify(src/ros_tutorials) by extension 'python_setup_py'
[0.774s] Level 1:colcon.colcon_core.package_identification:_identify(src/ros_tutorials/ros_tutorials) by extensions ['ignore', 'ignore_ament_install']
[0.774s] Level 1:colcon.colcon_core.package_identification:_identify(src/ros_tutorials/ros_tutorials) by extension 'ignore'
[0.774s] Level 1:colcon.colcon_core.package_identification:_identify(src/ros_tutorials/ros_tutorials) ignored
[0.774s] Level 1:colcon.colcon_core.package_identification:_identify(src/ros_tutorials/roscpp_tutorials) by extensions ['ignore', 'ignore_ament_install']
[0.775s] Level 1:colcon.colcon_core.package_identification:_identify(src/ros_tutorials/roscpp_tutorials) by extension 'ignore'
[0.775s] Level 1:colcon.colcon_core.package_identification:_identify(src/ros_tutorials/roscpp_tutorials) ignored
[0.775s] Level 1:colcon.colcon_core.package_identification:_identify(src/ros_tutorials/rospy_tutorials) by extensions ['ignore', 'ignore_ament_install']
[0.775s] Level 1:colcon.colcon_core.package_identification:_identify(src/ros_tutorials/rospy_tutorials) by extension 'ignore'
[0.775s] Level 1:colcon.colcon_core.package_identification:_identify(src/ros_tutorials/rospy_tutorials) ignored
[0.775s] Level 1:colcon.colcon_core.package_identification:_identify(src/ros_tutorials/turtlesim) by extensions ['ignore', 'ignore_ament_install']
[0.775s] Level 1:colcon.colcon_core.package_identification:_identify(src/ros_tutorials/turtlesim) by extension 'ignore'
[0.775s] Level 1:colcon.colcon_core.package_identification:_identify(src/ros_tutorials/turtlesim) by extension 'ignore_ament_install'
[0.775s] Level 1:colcon.colcon_core.package_identification:_identify(src/ros_tutorials/turtlesim) by extensions ['colcon_pkg']
[0.775s] Level 1:colcon.colcon_core.package_identification:_identify(src/ros_tutorials/turtlesim) by extension 'colcon_pkg'
[0.775s] Level 1:colcon.colcon_core.package_identification:_identify(src/ros_tutorials/turtlesim) by extensions ['colcon_meta']
[0.775s] Level 1:colcon.colcon_core.package_identification:_identify(src/ros_tutorials/turtlesim) by extension 'colcon_meta'
[0.775s] Level 1:colcon.colcon_core.package_identification:_identify(src/ros_tutorials/turtlesim) by extensions ['ros']
[0.775s] Level 1:colcon.colcon_core.package_identification:_identify(src/ros_tutorials/turtlesim) by extension 'ros'
[0.776s] DEBUG:colcon.colcon_core.package_identification:Package 'src/ros_tutorials/turtlesim' with type 'ros.ament_cmake' and name 'turtlesim'
[0.776s] Level 1:colcon.colcon_core.package_discovery:discover_packages(recursive) using defaults
[0.776s] Level 1:colcon.colcon_core.package_discovery:discover_packages(ignore) discover
[0.776s] Level 1:colcon.colcon_core.package_discovery:discover_packages(ignore) using defaults
[0.776s] Level 1:colcon.colcon_core.package_discovery:discover_packages(path) discover
[0.776s] Level 1:colcon.colcon_core.package_discovery:discover_packages(path) using defaults
[0.843s] Level 1:colcon.colcon_core.package_discovery:discover_packages(prefix_path) check parameters
[0.843s] Level 1:colcon.colcon_core.package_discovery:discover_packages(prefix_path) discover
[0.866s] DEBUG:colcon.colcon_installed_package_information.package_discovery:Found 349 installed packages in /opt/ros/iron
[0.867s] Level 1:colcon.colcon_core.package_discovery:discover_packages(prefix_path) using defaults
[0.926s] WARNING:colcon.colcon_core.package_selection:Some selected packages are already built in one or more underlay workspaces:
	'turtlesim' is in: /opt/ros/iron
If a package in a merged underlay workspace is overridden and it installs headers, then all packages in the overlay must sort their include directories by workspace order. Failure to do so may result in build failures or undefined behavior at run time.
If the overridden package is used by another package in any underlay, then the overriding package in the overlay must be API and ABI compatible or undefined behavior at run time may occur.

If you understand the risks and want to override a package anyways, add the following to the command line:
	--allow-overriding turtlesim

This may be promoted to an error in a future release of colcon-override-check.
[0.937s] Level 5:colcon.colcon_core.verb:set package 'my_cpp_package' build argument 'cmake_args' from command line to 'None'
[0.937s] Level 5:colcon.colcon_core.verb:set package 'my_cpp_package' build argument 'cmake_target' from command line to 'None'
[0.937s] Level 5:colcon.colcon_core.verb:set package 'my_cpp_package' build argument 'cmake_target_skip_unavailable' from command line to 'False'
[0.937s] Level 5:colcon.colcon_core.verb:set package 'my_cpp_package' build argument 'cmake_clean_cache' from command line to 'False'
[0.937s] Level 5:colcon.colcon_core.verb:set package 'my_cpp_package' build argument 'cmake_clean_first' from command line to 'False'
[0.937s] Level 5:colcon.colcon_core.verb:set package 'my_cpp_package' build argument 'cmake_force_configure' from command line to 'False'
[0.937s] Level 5:colcon.colcon_core.verb:set package 'my_cpp_package' build argument 'ament_cmake_args' from command line to 'None'
[0.937s] Level 5:colcon.colcon_core.verb:set package 'my_cpp_package' build argument 'catkin_cmake_args' from command line to 'None'
[0.937s] Level 5:colcon.colcon_core.verb:set package 'my_cpp_package' build argument 'catkin_skip_building_tests' from command line to 'False'
[0.937s] DEBUG:colcon.colcon_core.verb:Building package 'my_cpp_package' with the following arguments: {'ament_cmake_args': None, 'build_base': '/home/andrey/Documents/workspace/build/my_cpp_package', 'catkin_cmake_args': None, 'catkin_skip_building_tests': False, 'cmake_args': None, 'cmake_clean_cache': False, 'cmake_clean_first': False, 'cmake_force_configure': False, 'cmake_target': None, 'cmake_target_skip_unavailable': False, 'install_base': '/home/andrey/Documents/workspace/install/my_cpp_package', 'merge_install': False, 'path': '/home/andrey/Documents/workspace/src/my_cpp_package', 'symlink_install': False, 'test_result_base': None}
[0.948s] Level 5:colcon.colcon_core.verb:set package 'my_package' build argument 'cmake_args' from command line to 'None'
[0.949s] Level 5:colcon.colcon_core.verb:set package 'my_package' build argument 'cmake_target' from command line to 'None'
[0.949s] Level 5:colcon.colcon_core.verb:set package 'my_package' build argument 'cmake_target_skip_unavailable' from command line to 'False'
[0.949s] Level 5:colcon.colcon_core.verb:set package 'my_package' build argument 'cmake_clean_cache' from command line to 'False'
[0.949s] Level 5:colcon.colcon_core.verb:set package 'my_package' build argument 'cmake_clean_first' from command line to 'False'
[0.949s] Level 5:colcon.colcon_core.verb:set package 'my_package' build argument 'cmake_force_configure' from command line to 'False'
[0.949s] Level 5:colcon.colcon_core.verb:set package 'my_package' build argument 'ament_cmake_args' from command line to 'None'
[0.949s] Level 5:colcon.colcon_core.verb:set package 'my_package' build argument 'catkin_cmake_args' from command line to 'None'
[0.949s] Level 5:colcon.colcon_core.verb:set package 'my_package' build argument 'catkin_skip_building_tests' from command line to 'False'
[0.949s] DEBUG:colcon.colcon_core.verb:Building package 'my_package' with the following arguments: {'ament_cmake_args': None, 'build_base': '/home/andrey/Documents/workspace/build/my_package', 'catkin_cmake_args': None, 'catkin_skip_building_tests': False, 'cmake_args': None, 'cmake_clean_cache': False, 'cmake_clean_first': False, 'cmake_force_configure': False, 'cmake_target': None, 'cmake_target_skip_unavailable': False, 'install_base': '/home/andrey/Documents/workspace/install/my_package', 'merge_install': False, 'path': '/home/andrey/Documents/workspace/src/my_package', 'symlink_install': False, 'test_result_base': None}
[0.959s] Level 5:colcon.colcon_core.verb:set package 'turtlesim' build argument 'cmake_args' from command line to 'None'
[0.960s] Level 5:colcon.colcon_core.verb:set package 'turtlesim' build argument 'cmake_target' from command line to 'None'
[0.960s] Level 5:colcon.colcon_core.verb:set package 'turtlesim' build argument 'cmake_target_skip_unavailable' from command line to 'False'
[0.960s] Level 5:colcon.colcon_core.verb:set package 'turtlesim' build argument 'cmake_clean_cache' from command line to 'False'
[0.960s] Level 5:colcon.colcon_core.verb:set package 'turtlesim' build argument 'cmake_clean_first' from command line to 'False'
[0.960s] Level 5:colcon.colcon_core.verb:set package 'turtlesim' build argument 'cmake_force_configure' from command line to 'False'
[0.960s] Level 5:colcon.colcon_core.verb:set package 'turtlesim' build argument 'ament_cmake_args' from command line to 'None'
[0.960s] Level 5:colcon.colcon_core.verb:set package 'turtlesim' build argument 'catkin_cmake_args' from command line to 'None'
[0.960s] Level 5:colcon.colcon_core.verb:set package 'turtlesim' build argument 'catkin_skip_building_tests' from command line to 'False'
[0.960s] DEBUG:colcon.colcon_core.verb:Building package 'turtlesim' with the following arguments: {'ament_cmake_args': None, 'build_base': '/home/andrey/Documents/workspace/build/turtlesim', 'catkin_cmake_args': None, 'catkin_skip_building_tests': False, 'cmake_args': None, 'cmake_clean_cache': False, 'cmake_clean_first': False, 'cmake_force_configure': False, 'cmake_target': None, 'cmake_target_skip_unavailable': False, 'install_base': '/home/andrey/Documents/workspace/install/turtlesim', 'merge_install': False, 'path': '/home/andrey/Documents/workspace/src/ros_tutorials/turtlesim', 'symlink_install': False, 'test_result_base': None}
[0.970s] INFO:colcon.colcon_core.executor:Executing jobs using 'parallel' executor
[0.982s] DEBUG:colcon.colcon_parallel_executor.executor.parallel:run_until_complete
[0.982s] INFO:colcon.colcon_ros.task.ament_cmake.build:Building ROS package in '/home/andrey/Documents/workspace/src/my_cpp_package' with build type 'ament_cmake'
[0.982s] INFO:colcon.colcon_cmake.task.cmake.build:Building CMake package in '/home/andrey/Documents/workspace/src/my_cpp_package'
[0.994s] INFO:colcon.colcon_core.plugin_system:Skipping extension 'colcon_core.shell.bat': Not used on non-Windows systems
[0.994s] INFO:colcon.colcon_core.shell:Skip shell extension 'powershell' for command environment: Not usable outside of PowerShell
[0.994s] DEBUG:colcon.colcon_core.shell:Skip shell extension 'dsv' for command environment
[1.019s] INFO:colcon.colcon_ros.task.ament_python.build:Building ROS package in '/home/andrey/Documents/workspace/src/my_package' with build type 'ament_python'
[1.019s] Level 1:colcon.colcon_core.shell:create_environment_hook('my_package', 'ament_prefix_path')
[1.030s] INFO:colcon.colcon_core.shell:Creating environment hook '/home/andrey/Documents/workspace/install/my_package/share/my_package/hook/ament_prefix_path.ps1'
[1.030s] INFO:colcon.colcon_core.shell:Creating environment descriptor '/home/andrey/Documents/workspace/install/my_package/share/my_package/hook/ament_prefix_path.dsv'
[1.031s] INFO:colcon.colcon_core.shell:Creating environment hook '/home/andrey/Documents/workspace/install/my_package/share/my_package/hook/ament_prefix_path.sh'
[1.042s] INFO:colcon.colcon_core.shell:Skip shell extension 'powershell' for command environment: Not usable outside of PowerShell
[1.042s] DEBUG:colcon.colcon_core.shell:Skip shell extension 'dsv' for command environment
[1.066s] INFO:colcon.colcon_ros.task.ament_cmake.build:Building ROS package in '/home/andrey/Documents/workspace/src/ros_tutorials/turtlesim' with build type 'ament_cmake'
[1.066s] INFO:colcon.colcon_cmake.task.cmake.build:Building CMake package in '/home/andrey/Documents/workspace/src/ros_tutorials/turtlesim'
[1.077s] INFO:colcon.colcon_core.shell:Skip shell extension 'powershell' for command environment: Not usable outside of PowerShell
[1.077s] DEBUG:colcon.colcon_core.shell:Skip shell extension 'dsv' for command environment
[1.105s] DEBUG:colcon.colcon_core.event_handler.log_command:Invoking command in '/home/andrey/Documents/workspace/build/my_cpp_package': CMAKE_PREFIX_PATH=/opt/ros/iron /usr/bin/cmake --build /home/andrey/Documents/workspace/build/my_cpp_package -- -j12 -l12
[1.284s] INFO:colcon.colcon_core.task.python.build:Building Python package in '/home/andrey/Documents/workspace/src/my_package'
[1.299s] INFO:colcon.colcon_core.shell:Skip shell extension 'powershell' for command environment: Not usable outside of PowerShell
[1.299s] DEBUG:colcon.colcon_core.shell:Skip shell extension 'dsv' for command environment
[1.332s] DEBUG:colcon.colcon_core.event_handler.log_command:Invoking command in '/home/andrey/Documents/workspace/build/turtlesim': CMAKE_PREFIX_PATH=/opt/ros/iron /usr/bin/cmake --build /home/andrey/Documents/workspace/build/turtlesim -- -j12 -l12
[1.332s] DEBUG:colcon.colcon_core.event_handler.log_command:Invoked command in '/home/andrey/Documents/workspace/build/my_cpp_package' returned '0': CMAKE_PREFIX_PATH=/opt/ros/iron /usr/bin/cmake --build /home/andrey/Documents/workspace/build/my_cpp_package -- -j12 -l12
[1.359s] DEBUG:colcon.colcon_core.event_handler.log_command:Invoking command in '/home/andrey/Documents/workspace/build/my_cpp_package': CMAKE_PREFIX_PATH=/opt/ros/iron /usr/bin/cmake --install /home/andrey/Documents/workspace/build/my_cpp_package
[1.367s] Level 1:colcon.colcon_core.environment:create_environment_scripts_only(my_cpp_package)
[1.367s] DEBUG:colcon.colcon_core.event_handler.log_command:Invoked command in '/home/andrey/Documents/workspace/build/my_cpp_package' returned '0': CMAKE_PREFIX_PATH=/opt/ros/iron /usr/bin/cmake --install /home/andrey/Documents/workspace/build/my_cpp_package
[1.381s] Level 1:colcon.colcon_core.environment:checking '/home/andrey/Documents/workspace/install/my_cpp_package' for CMake module files
[1.381s] Level 1:colcon.colcon_core.environment:checking '/home/andrey/Documents/workspace/install/my_cpp_package' for CMake config files
[1.381s] Level 1:colcon.colcon_core.shell:create_environment_hook('my_cpp_package', 'cmake_prefix_path')
[1.394s] INFO:colcon.colcon_core.shell:Creating environment hook '/home/andrey/Documents/workspace/install/my_cpp_package/share/my_cpp_package/hook/cmake_prefix_path.ps1'
[1.395s] INFO:colcon.colcon_core.shell:Creating environment descriptor '/home/andrey/Documents/workspace/install/my_cpp_package/share/my_cpp_package/hook/cmake_prefix_path.dsv'
[1.395s] INFO:colcon.colcon_core.shell:Creating environment hook '/home/andrey/Documents/workspace/install/my_cpp_package/share/my_cpp_package/hook/cmake_prefix_path.sh'
[1.396s] Level 1:colcon.colcon_core.environment:checking '/home/andrey/Documents/workspace/install/my_cpp_package/lib'
[1.396s] Level 1:colcon.colcon_core.environment:checking '/home/andrey/Documents/workspace/install/my_cpp_package/bin'
[1.396s] Level 1:colcon.colcon_core.environment:checking '/home/andrey/Documents/workspace/install/my_cpp_package/lib/pkgconfig/my_cpp_package.pc'
[1.396s] Level 1:colcon.colcon_core.environment:checking '/home/andrey/Documents/workspace/install/my_cpp_package/lib/python3.10/site-packages'
[1.397s] Level 1:colcon.colcon_core.environment:checking '/home/andrey/Documents/workspace/install/my_cpp_package/bin'
[1.410s] INFO:colcon.colcon_core.shell:Creating package script '/home/andrey/Documents/workspace/install/my_cpp_package/share/my_cpp_package/package.ps1'
[1.411s] INFO:colcon.colcon_core.shell:Creating package descriptor '/home/andrey/Documents/workspace/install/my_cpp_package/share/my_cpp_package/package.dsv'
[1.412s] INFO:colcon.colcon_core.shell:Creating package script '/home/andrey/Documents/workspace/install/my_cpp_package/share/my_cpp_package/package.sh'
[1.412s] INFO:colcon.colcon_core.shell:Creating package script '/home/andrey/Documents/workspace/install/my_cpp_package/share/my_cpp_package/package.bash'
[1.413s] INFO:colcon.colcon_core.shell:Creating package script '/home/andrey/Documents/workspace/install/my_cpp_package/share/my_cpp_package/package.zsh'
[1.413s] Level 1:colcon.colcon_core.environment:create_file_with_runtime_dependencies(/home/andrey/Documents/workspace/install/my_cpp_package/share/colcon-core/packages/my_cpp_package)
[1.462s] Level 1:colcon.colcon_core.environment:create_environment_scripts_only(my_cpp_package)
[1.475s] Level 1:colcon.colcon_core.environment:checking '/home/andrey/Documents/workspace/install/my_cpp_package' for CMake module files
[1.476s] Level 1:colcon.colcon_core.environment:checking '/home/andrey/Documents/workspace/install/my_cpp_package' for CMake config files
[1.476s] Level 1:colcon.colcon_core.shell:create_environment_hook('my_cpp_package', 'cmake_prefix_path')
[1.491s] INFO:colcon.colcon_core.shell:Creating environment hook '/home/andrey/Documents/workspace/install/my_cpp_package/share/my_cpp_package/hook/cmake_prefix_path.ps1'
[1.491s] INFO:colcon.colcon_core.shell:Creating environment descriptor '/home/andrey/Documents/workspace/install/my_cpp_package/share/my_cpp_package/hook/cmake_prefix_path.dsv'
[1.491s] INFO:colcon.colcon_core.shell:Creating environment hook '/home/andrey/Documents/workspace/install/my_cpp_package/share/my_cpp_package/hook/cmake_prefix_path.sh'
[1.492s] Level 1:colcon.colcon_core.environment:checking '/home/andrey/Documents/workspace/install/my_cpp_package/lib'
[1.492s] Level 1:colcon.colcon_core.environment:checking '/home/andrey/Documents/workspace/install/my_cpp_package/bin'
[1.492s] Level 1:colcon.colcon_core.environment:checking '/home/andrey/Documents/workspace/install/my_cpp_package/lib/pkgconfig/my_cpp_package.pc'
[1.492s] Level 1:colcon.colcon_core.environment:checking '/home/andrey/Documents/workspace/install/my_cpp_package/lib/python3.10/site-packages'
[1.492s] Level 1:colcon.colcon_core.environment:checking '/home/andrey/Documents/workspace/install/my_cpp_package/bin'
[1.504s] INFO:colcon.colcon_core.shell:Creating package script '/home/andrey/Documents/workspace/install/my_cpp_package/share/my_cpp_package/package.ps1'
[1.505s] INFO:colcon.colcon_core.shell:Creating package descriptor '/home/andrey/Documents/workspace/install/my_cpp_package/share/my_cpp_package/package.dsv'
[1.505s] INFO:colcon.colcon_core.shell:Creating package script '/home/andrey/Documents/workspace/install/my_cpp_package/share/my_cpp_package/package.sh'
[1.506s] INFO:colcon.colcon_core.shell:Creating package script '/home/andrey/Documents/workspace/install/my_cpp_package/share/my_cpp_package/package.bash'
[1.506s] INFO:colcon.colcon_core.shell:Creating package script '/home/andrey/Documents/workspace/install/my_cpp_package/share/my_cpp_package/package.zsh'
[1.506s] Level 1:colcon.colcon_core.environment:create_file_with_runtime_dependencies(/home/andrey/Documents/workspace/install/my_cpp_package/share/colcon-core/packages/my_cpp_package)
[1.594s] DEBUG:colcon.colcon_core.event_handler.log_command:Invoking command in '/home/andrey/Documents/workspace/src/my_package': PYTHONPATH=/home/andrey/Documents/workspace/build/my_package/prefix_override:/home/andrey/Documents/workspace/install/my_package/lib/python3.10/site-packages:${PYTHONPATH} /usr/bin/python3 setup.py egg_info --egg-base ../../build/my_package build --build-base /home/andrey/Documents/workspace/build/my_package/build install --record /home/andrey/Documents/workspace/build/my_package/install.log --single-version-externally-managed
[1.840s] DEBUG:colcon.colcon_core.event_handler.log_command:Invoked command in '/home/andrey/Documents/workspace/src/my_package' returned '0': PYTHONPATH=/home/andrey/Documents/workspace/build/my_package/prefix_override:/home/andrey/Documents/workspace/install/my_package/lib/python3.10/site-packages:${PYTHONPATH} /usr/bin/python3 setup.py egg_info --egg-base ../../build/my_package build --build-base /home/andrey/Documents/workspace/build/my_package/build install --record /home/andrey/Documents/workspace/build/my_package/install.log --single-version-externally-managed
[1.853s] Level 1:colcon.colcon_core.environment:checking '/home/andrey/Documents/workspace/install/my_package' for CMake module files
[1.854s] Level 1:colcon.colcon_core.environment:checking '/home/andrey/Documents/workspace/install/my_package' for CMake config files
[1.854s] Level 1:colcon.colcon_core.environment:checking '/home/andrey/Documents/workspace/install/my_package/lib'
[1.854s] Level 1:colcon.colcon_core.environment:checking '/home/andrey/Documents/workspace/install/my_package/bin'
[1.855s] Level 1:colcon.colcon_core.environment:checking '/home/andrey/Documents/workspace/install/my_package/lib/pkgconfig/my_package.pc'
[1.855s] Level 1:colcon.colcon_core.environment:checking '/home/andrey/Documents/workspace/install/my_package/lib/python3.10/site-packages'
[1.855s] Level 1:colcon.colcon_core.shell:create_environment_hook('my_package', 'pythonpath')
[1.868s] INFO:colcon.colcon_core.shell:Creating environment hook '/home/andrey/Documents/workspace/install/my_package/share/my_package/hook/pythonpath.ps1'
[1.868s] INFO:colcon.colcon_core.shell:Creating environment descriptor '/home/andrey/Documents/workspace/install/my_package/share/my_package/hook/pythonpath.dsv'
[1.869s] INFO:colcon.colcon_core.shell:Creating environment hook '/home/andrey/Documents/workspace/install/my_package/share/my_package/hook/pythonpath.sh'
[1.869s] Level 1:colcon.colcon_core.environment:checking '/home/andrey/Documents/workspace/install/my_package/bin'
[1.869s] Level 1:colcon.colcon_core.environment:create_environment_scripts_only(my_package)
[1.882s] INFO:colcon.colcon_core.shell:Creating package script '/home/andrey/Documents/workspace/install/my_package/share/my_package/package.ps1'
[1.883s] INFO:colcon.colcon_core.shell:Creating package descriptor '/home/andrey/Documents/workspace/install/my_package/share/my_package/package.dsv'
[1.883s] INFO:colcon.colcon_core.shell:Creating package script '/home/andrey/Documents/workspace/install/my_package/share/my_package/package.sh'
[1.883s] INFO:colcon.colcon_core.shell:Creating package script '/home/andrey/Documents/workspace/install/my_package/share/my_package/package.bash'
[1.883s] INFO:colcon.colcon_core.shell:Creating package script '/home/andrey/Documents/workspace/install/my_package/share/my_package/package.zsh'
[1.884s] Level 1:colcon.colcon_core.environment:create_file_with_runtime_dependencies(/home/andrey/Documents/workspace/install/my_package/share/colcon-core/packages/my_package)
[6.445s] DEBUG:colcon.colcon_core.event_handler.log_command:Invoked command in '/home/andrey/Documents/workspace/build/turtlesim' returned '0': CMAKE_PREFIX_PATH=/opt/ros/iron /usr/bin/cmake --build /home/andrey/Documents/workspace/build/turtlesim -- -j12 -l12
[6.659s] DEBUG:colcon.colcon_core.event_handler.log_command:Invoking command in '/home/andrey/Documents/workspace/build/turtlesim': CMAKE_PREFIX_PATH=/opt/ros/iron /usr/bin/cmake --install /home/andrey/Documents/workspace/build/turtlesim
[6.742s] Level 1:colcon.colcon_core.environment:create_environment_scripts_only(turtlesim)
[6.742s] DEBUG:colcon.colcon_core.event_handler.log_command:Invoked command in '/home/andrey/Documents/workspace/build/turtlesim' returned '0': CMAKE_PREFIX_PATH=/opt/ros/iron /usr/bin/cmake --install /home/andrey/Documents/workspace/build/turtlesim
[6.754s] Level 1:colcon.colcon_core.environment:checking '/home/andrey/Documents/workspace/install/turtlesim' for CMake module files
[6.755s] Level 1:colcon.colcon_core.environment:checking '/home/andrey/Documents/workspace/install/turtlesim' for CMake config files
[6.755s] Level 1:colcon.colcon_core.shell:create_environment_hook('turtlesim', 'cmake_prefix_path')
[6.766s] INFO:colcon.colcon_core.shell:Creating environment hook '/home/andrey/Documents/workspace/install/turtlesim/share/turtlesim/hook/cmake_prefix_path.ps1'
[6.767s] INFO:colcon.colcon_core.shell:Creating environment descriptor '/home/andrey/Documents/workspace/install/turtlesim/share/turtlesim/hook/cmake_prefix_path.dsv'
[6.767s] INFO:colcon.colcon_core.shell:Creating environment hook '/home/andrey/Documents/workspace/install/turtlesim/share/turtlesim/hook/cmake_prefix_path.sh'
[6.767s] Level 1:colcon.colcon_core.environment:checking '/home/andrey/Documents/workspace/install/turtlesim/lib'
[6.767s] Level 1:colcon.colcon_core.shell:create_environment_hook('turtlesim', 'ld_library_path_lib')
[6.778s] INFO:colcon.colcon_core.shell:Creating environment hook '/home/andrey/Documents/workspace/install/turtlesim/share/turtlesim/hook/ld_library_path_lib.ps1'
[6.778s] INFO:colcon.colcon_core.shell:Creating environment descriptor '/home/andrey/Documents/workspace/install/turtlesim/share/turtlesim/hook/ld_library_path_lib.dsv'
[6.779s] INFO:colcon.colcon_core.shell:Creating environment hook '/home/andrey/Documents/workspace/install/turtlesim/share/turtlesim/hook/ld_library_path_lib.sh'
[6.779s] Level 1:colcon.colcon_core.environment:checking '/home/andrey/Documents/workspace/install/turtlesim/bin'
[6.779s] Level 1:colcon.colcon_core.environment:checking '/home/andrey/Documents/workspace/install/turtlesim/lib/pkgconfig/turtlesim.pc'
[6.779s] Level 1:colcon.colcon_core.environment:checking '/home/andrey/Documents/workspace/install/turtlesim/lib/python3.10/site-packages'
[6.779s] Level 1:colcon.colcon_core.shell:create_environment_hook('turtlesim', 'pythonpath')
[6.790s] INFO:colcon.colcon_core.shell:Creating environment hook '/home/andrey/Documents/workspace/install/turtlesim/share/turtlesim/hook/pythonpath.ps1'
[6.790s] INFO:colcon.colcon_core.shell:Creating environment descriptor '/home/andrey/Documents/workspace/install/turtlesim/share/turtlesim/hook/pythonpath.dsv'
[6.790s] INFO:colcon.colcon_core.shell:Creating environment hook '/home/andrey/Documents/workspace/install/turtlesim/share/turtlesim/hook/pythonpath.sh'
[6.791s] Level 1:colcon.colcon_core.environment:checking '/home/andrey/Documents/workspace/install/turtlesim/bin'
[6.802s] INFO:colcon.colcon_core.shell:Creating package script '/home/andrey/Documents/workspace/install/turtlesim/share/turtlesim/package.ps1'
[6.802s] INFO:colcon.colcon_core.shell:Creating package descriptor '/home/andrey/Documents/workspace/install/turtlesim/share/turtlesim/package.dsv'
[6.803s] INFO:colcon.colcon_core.shell:Creating package script '/home/andrey/Documents/workspace/install/turtlesim/share/turtlesim/package.sh'
[6.803s] INFO:colcon.colcon_core.shell:Creating package script '/home/andrey/Documents/workspace/install/turtlesim/share/turtlesim/package.bash'
[6.803s] INFO:colcon.colcon_core.shell:Creating package script '/home/andrey/Documents/workspace/install/turtlesim/share/turtlesim/package.zsh'
[6.804s] Level 1:colcon.colcon_core.environment:create_file_with_runtime_dependencies(/home/andrey/Documents/workspace/install/turtlesim/share/colcon-core/packages/turtlesim)
[7.032s] Level 1:colcon.colcon_core.environment:create_environment_scripts_only(turtlesim)
[7.043s] Level 1:colcon.colcon_core.environment:checking '/home/andrey/Documents/workspace/install/turtlesim' for CMake module files
[7.043s] Level 1:colcon.colcon_core.environment:checking '/home/andrey/Documents/workspace/install/turtlesim' for CMake config files
[7.044s] Level 1:colcon.colcon_core.shell:create_environment_hook('turtlesim', 'cmake_prefix_path')
[7.055s] INFO:colcon.colcon_core.shell:Creating environment hook '/home/andrey/Documents/workspace/install/turtlesim/share/turtlesim/hook/cmake_prefix_path.ps1'
[7.056s] INFO:colcon.colcon_core.shell:Creating environment descriptor '/home/andrey/Documents/workspace/install/turtlesim/share/turtlesim/hook/cmake_prefix_path.dsv'
[7.056s] INFO:colcon.colcon_core.shell:Creating environment hook '/home/andrey/Documents/workspace/install/turtlesim/share/turtlesim/hook/cmake_prefix_path.sh'
[7.056s] Level 1:colcon.colcon_core.environment:checking '/home/andrey/Documents/workspace/install/turtlesim/lib'
[7.056s] Level 1:colcon.colcon_core.shell:create_environment_hook('turtlesim', 'ld_library_path_lib')
[7.068s] INFO:colcon.colcon_core.shell:Creating environment hook '/home/andrey/Documents/workspace/install/turtlesim/share/turtlesim/hook/ld_library_path_lib.ps1'
[7.068s] INFO:colcon.colcon_core.shell:Creating environment descriptor '/home/andrey/Documents/workspace/install/turtlesim/share/turtlesim/hook/ld_library_path_lib.dsv'
[7.068s] INFO:colcon.colcon_core.shell:Creating environment hook '/home/andrey/Documents/workspace/install/turtlesim/share/turtlesim/hook/ld_library_path_lib.sh'
[7.069s] Level 1:colcon.colcon_core.environment:checking '/home/andrey/Documents/workspace/install/turtlesim/bin'
[7.069s] Level 1:colcon.colcon_core.environment:checking '/home/andrey/Documents/workspace/install/turtlesim/lib/pkgconfig/turtlesim.pc'
[7.069s] Level 1:colcon.colcon_core.environment:checking '/home/andrey/Documents/workspace/install/turtlesim/lib/python3.10/site-packages'
[7.069s] Level 1:colcon.colcon_core.shell:create_environment_hook('turtlesim', 'pythonpath')
[7.080s] INFO:colcon.colcon_core.shell:Creating environment hook '/home/andrey/Documents/workspace/install/turtlesim/share/turtlesim/hook/pythonpath.ps1'
[7.080s] INFO:colcon.colcon_core.shell:Creating environment descriptor '/home/andrey/Documents/workspace/install/turtlesim/share/turtlesim/hook/pythonpath.dsv'
[7.080s] INFO:colcon.colcon_core.shell:Creating environment hook '/home/andrey/Documents/workspace/install/turtlesim/share/turtlesim/hook/pythonpath.sh'
[7.080s] Level 1:colcon.colcon_core.environment:checking '/home/andrey/Documents/workspace/install/turtlesim/bin'
[7.092s] INFO:colcon.colcon_core.shell:Creating package script '/home/andrey/Documents/workspace/install/turtlesim/share/turtlesim/package.ps1'
[7.092s] INFO:colcon.colcon_core.shell:Creating package descriptor '/home/andrey/Documents/workspace/install/turtlesim/share/turtlesim/package.dsv'
[7.093s] INFO:colcon.colcon_core.shell:Creating package script '/home/andrey/Documents/workspace/install/turtlesim/share/turtlesim/package.sh'
[7.093s] INFO:colcon.colcon_core.shell:Creating package script '/home/andrey/Documents/workspace/install/turtlesim/share/turtlesim/package.bash'
[7.093s] INFO:colcon.colcon_core.shell:Creating package script '/home/andrey/Documents/workspace/install/turtlesim/share/turtlesim/package.zsh'
[7.093s] Level 1:colcon.colcon_core.environment:create_file_with_runtime_dependencies(/home/andrey/Documents/workspace/install/turtlesim/share/colcon-core/packages/turtlesim)
[7.094s] DEBUG:colcon.colcon_parallel_executor.executor.parallel:closing loop
[7.094s] DEBUG:colcon.colcon_parallel_executor.executor.parallel:loop closed
[7.094s] DEBUG:colcon.colcon_parallel_executor.executor.parallel:run_until_complete finished with '0'
[7.094s] DEBUG:colcon.colcon_core.event_reactor:joining thread
[7.110s] INFO:colcon.colcon_core.plugin_system:Skipping extension 'colcon_notification.desktop_notification.terminal_notifier': Not used on non-Darwin systems
[7.110s] INFO:colcon.colcon_core.plugin_system:Skipping extension 'colcon_notification.desktop_notification.win32': Not used on non-Windows systems
[7.110s] INFO:colcon.colcon_notification.desktop_notification:Sending desktop notification using 'notify2'
[7.120s] DEBUG:colcon.colcon_core.event_reactor:joined thread
[7.136s] INFO:colcon.colcon_core.shell:Creating prefix script '/home/andrey/Documents/workspace/install/local_setup.ps1'
[7.137s] INFO:colcon.colcon_core.shell:Creating prefix util module '/home/andrey/Documents/workspace/install/_local_setup_util_ps1.py'
[7.138s] INFO:colcon.colcon_core.shell:Creating prefix chain script '/home/andrey/Documents/workspace/install/setup.ps1'
[7.151s] INFO:colcon.colcon_core.shell:Creating prefix script '/home/andrey/Documents/workspace/install/local_setup.sh'
[7.152s] INFO:colcon.colcon_core.shell:Creating prefix util module '/home/andrey/Documents/workspace/install/_local_setup_util_sh.py'
[7.152s] INFO:colcon.colcon_core.shell:Creating prefix chain script '/home/andrey/Documents/workspace/install/setup.sh'
[7.165s] INFO:colcon.colcon_core.shell:Creating prefix script '/home/andrey/Documents/workspace/install/local_setup.bash'
[7.165s] INFO:colcon.colcon_core.shell:Creating prefix chain script '/home/andrey/Documents/workspace/install/setup.bash'
[7.177s] INFO:colcon.colcon_core.shell:Creating prefix script '/home/andrey/Documents/workspace/install/local_setup.zsh'
[7.177s] INFO:colcon.colcon_core.shell:Creating prefix chain script '/home/andrey/Documents/workspace/install/setup.zsh'
