[3.197s] Invoking command in '/home/andrey/Documents/workspace/build/examples_rclpy_executors': PYTHONPATH=/home/andrey/Documents/workspace/build/examples_rclpy_executors/prefix_override:/home/andrey/Documents/workspace/install/examples_rclpy_executors/lib/python3.10/site-packages:${PYTHONPATH} /usr/bin/python3 setup.py develop --uninstall --editable --build-directory /home/andrey/Documents/workspace/build/examples_rclpy_executors/build
[3.902s] running develop
[3.902s] Removing /home/andrey/Documents/workspace/install/examples_rclpy_executors/lib/python3.10/site-packages/examples-rclpy-executors.egg-link (link to .)
[3.902s] /usr/lib/python3/dist-packages/setuptools/command/easy_install.py:158: EasyInstallDeprecationWarning: easy_install command is deprecated. Use build and pip and other standards-based tools.
[3.902s]   warnings.warn(
[3.903s] /usr/lib/python3/dist-packages/setuptools/command/install.py:34: SetuptoolsDeprecationWarning: setup.py install is deprecated. Use build and pip and other standards-based tools.
[3.903s]   warnings.warn(
[4.043s] Invoked command in '/home/andrey/Documents/workspace/build/examples_rclpy_executors' returned '0': PYTHONPATH=/home/andrey/Documents/workspace/build/examples_rclpy_executors/prefix_override:/home/andrey/Documents/workspace/install/examples_rclpy_executors/lib/python3.10/site-packages:${PYTHONPATH} /usr/bin/python3 setup.py develop --uninstall --editable --build-directory /home/andrey/Documents/workspace/build/examples_rclpy_executors/build
[4.045s] Invoking command in '/home/andrey/Documents/workspace/src/examples/rclpy/executors': PYTHONPATH=/home/andrey/Documents/workspace/build/examples_rclpy_executors/prefix_override:/home/andrey/Documents/workspace/install/examples_rclpy_executors/lib/python3.10/site-packages:${PYTHONPATH} /usr/bin/python3 setup.py egg_info --egg-base ../../../../build/examples_rclpy_executors build --build-base /home/andrey/Documents/workspace/build/examples_rclpy_executors/build install --record /home/andrey/Documents/workspace/build/examples_rclpy_executors/install.log --single-version-externally-managed
[4.360s] running egg_info
[4.361s] writing ../../../../build/examples_rclpy_executors/examples_rclpy_executors.egg-info/PKG-INFO
[4.362s] writing dependency_links to ../../../../build/examples_rclpy_executors/examples_rclpy_executors.egg-info/dependency_links.txt
[4.363s] writing entry points to ../../../../build/examples_rclpy_executors/examples_rclpy_executors.egg-info/entry_points.txt
[4.363s] writing requirements to ../../../../build/examples_rclpy_executors/examples_rclpy_executors.egg-info/requires.txt
[4.363s] writing top-level names to ../../../../build/examples_rclpy_executors/examples_rclpy_executors.egg-info/top_level.txt
[4.365s] reading manifest file '../../../../build/examples_rclpy_executors/examples_rclpy_executors.egg-info/SOURCES.txt'
[4.366s] writing manifest file '../../../../build/examples_rclpy_executors/examples_rclpy_executors.egg-info/SOURCES.txt'
[4.367s] running build
[4.367s] running build_py
[4.367s] creating /home/andrey/Documents/workspace/build/examples_rclpy_executors/build
[4.367s] creating /home/andrey/Documents/workspace/build/examples_rclpy_executors/build/lib
[4.367s] creating /home/andrey/Documents/workspace/build/examples_rclpy_executors/build/lib/examples_rclpy_executors
[4.367s] copying examples_rclpy_executors/listener.py -> /home/andrey/Documents/workspace/build/examples_rclpy_executors/build/lib/examples_rclpy_executors
[4.367s] copying examples_rclpy_executors/talker.py -> /home/andrey/Documents/workspace/build/examples_rclpy_executors/build/lib/examples_rclpy_executors
[4.368s] copying examples_rclpy_executors/callback_group.py -> /home/andrey/Documents/workspace/build/examples_rclpy_executors/build/lib/examples_rclpy_executors
[4.371s] /usr/lib/python3/dist-packages/setuptools/command/install.py:34: SetuptoolsDeprecationWarning: setup.py install is deprecated. Use build and pip and other standards-based tools.
[4.371s]   warnings.warn(
[4.371s] copying examples_rclpy_executors/__init__.py -> /home/andrey/Documents/workspace/build/examples_rclpy_executors/build/lib/examples_rclpy_executors
[4.371s] copying examples_rclpy_executors/custom_executor.py -> /home/andrey/Documents/workspace/build/examples_rclpy_executors/build/lib/examples_rclpy_executors
[4.371s] copying examples_rclpy_executors/custom_callback_group.py -> /home/andrey/Documents/workspace/build/examples_rclpy_executors/build/lib/examples_rclpy_executors
[4.372s] copying examples_rclpy_executors/composed.py -> /home/andrey/Documents/workspace/build/examples_rclpy_executors/build/lib/examples_rclpy_executors
[4.372s] running install
[4.372s] running install_lib
[4.372s] creating /home/andrey/Documents/workspace/install/examples_rclpy_executors/lib/python3.10/site-packages/examples_rclpy_executors
[4.372s] copying /home/andrey/Documents/workspace/build/examples_rclpy_executors/build/lib/examples_rclpy_executors/listener.py -> /home/andrey/Documents/workspace/install/examples_rclpy_executors/lib/python3.10/site-packages/examples_rclpy_executors
[4.372s] copying /home/andrey/Documents/workspace/build/examples_rclpy_executors/build/lib/examples_rclpy_executors/talker.py -> /home/andrey/Documents/workspace/install/examples_rclpy_executors/lib/python3.10/site-packages/examples_rclpy_executors
[4.372s] copying /home/andrey/Documents/workspace/build/examples_rclpy_executors/build/lib/examples_rclpy_executors/callback_group.py -> /home/andrey/Documents/workspace/install/examples_rclpy_executors/lib/python3.10/site-packages/examples_rclpy_executors
[4.372s] copying /home/andrey/Documents/workspace/build/examples_rclpy_executors/build/lib/examples_rclpy_executors/__init__.py -> /home/andrey/Documents/workspace/install/examples_rclpy_executors/lib/python3.10/site-packages/examples_rclpy_executors
[4.372s] copying /home/andrey/Documents/workspace/build/examples_rclpy_executors/build/lib/examples_rclpy_executors/custom_executor.py -> /home/andrey/Documents/workspace/install/examples_rclpy_executors/lib/python3.10/site-packages/examples_rclpy_executors
[4.373s] copying /home/andrey/Documents/workspace/build/examples_rclpy_executors/build/lib/examples_rclpy_executors/custom_callback_group.py -> /home/andrey/Documents/workspace/install/examples_rclpy_executors/lib/python3.10/site-packages/examples_rclpy_executors
[4.373s] copying /home/andrey/Documents/workspace/build/examples_rclpy_executors/build/lib/examples_rclpy_executors/composed.py -> /home/andrey/Documents/workspace/install/examples_rclpy_executors/lib/python3.10/site-packages/examples_rclpy_executors
[4.373s] byte-compiling /home/andrey/Documents/workspace/install/examples_rclpy_executors/lib/python3.10/site-packages/examples_rclpy_executors/listener.py to listener.cpython-310.pyc
[4.373s] byte-compiling /home/andrey/Documents/workspace/install/examples_rclpy_executors/lib/python3.10/site-packages/examples_rclpy_executors/talker.py to talker.cpython-310.pyc
[4.373s] byte-compiling /home/andrey/Documents/workspace/install/examples_rclpy_executors/lib/python3.10/site-packages/examples_rclpy_executors/callback_group.py to callback_group.cpython-310.pyc
[4.374s] byte-compiling /home/andrey/Documents/workspace/install/examples_rclpy_executors/lib/python3.10/site-packages/examples_rclpy_executors/__init__.py to __init__.cpython-310.pyc
[4.374s] byte-compiling /home/andrey/Documents/workspace/install/examples_rclpy_executors/lib/python3.10/site-packages/examples_rclpy_executors/custom_executor.py to custom_executor.cpython-310.pyc
[4.374s] byte-compiling /home/andrey/Documents/workspace/install/examples_rclpy_executors/lib/python3.10/site-packages/examples_rclpy_executors/custom_callback_group.py to custom_callback_group.cpython-310.pyc
[4.375s] byte-compiling /home/andrey/Documents/workspace/install/examples_rclpy_executors/lib/python3.10/site-packages/examples_rclpy_executors/composed.py to composed.cpython-310.pyc
[4.376s] running install_data
[4.376s] running install_egg_info
[4.381s] Copying ../../../../build/examples_rclpy_executors/examples_rclpy_executors.egg-info to /home/andrey/Documents/workspace/install/examples_rclpy_executors/lib/python3.10/site-packages/examples_rclpy_executors-0.18.0-py3.10.egg-info
[4.381s] running install_scripts
[4.408s] Installing callback_group script to /home/andrey/Documents/workspace/install/examples_rclpy_executors/lib/examples_rclpy_executors
[4.408s] Installing composed script to /home/andrey/Documents/workspace/install/examples_rclpy_executors/lib/examples_rclpy_executors
[4.408s] Installing custom_callback_group script to /home/andrey/Documents/workspace/install/examples_rclpy_executors/lib/examples_rclpy_executors
[4.408s] Installing custom_executor script to /home/andrey/Documents/workspace/install/examples_rclpy_executors/lib/examples_rclpy_executors
[4.408s] Installing listener script to /home/andrey/Documents/workspace/install/examples_rclpy_executors/lib/examples_rclpy_executors
[4.409s] Installing talker script to /home/andrey/Documents/workspace/install/examples_rclpy_executors/lib/examples_rclpy_executors
[4.409s] writing list of installed files to '/home/andrey/Documents/workspace/build/examples_rclpy_executors/install.log'
[4.468s] Invoked command in '/home/andrey/Documents/workspace/src/examples/rclpy/executors' returned '0': PYTHONPATH=/home/andrey/Documents/workspace/build/examples_rclpy_executors/prefix_override:/home/andrey/Documents/workspace/install/examples_rclpy_executors/lib/python3.10/site-packages:${PYTHONPATH} /usr/bin/python3 setup.py egg_info --egg-base ../../../../build/examples_rclpy_executors build --build-base /home/andrey/Documents/workspace/build/examples_rclpy_executors/build install --record /home/andrey/Documents/workspace/build/examples_rclpy_executors/install.log --single-version-externally-managed
