[3.580s] Invoking command in '/home/andrey/Documents/workspace/src/examples/rclpy/guard_conditions': PYTHONPATH=/home/andrey/Documents/workspace/build/examples_rclpy_guard_conditions/prefix_override:/home/andrey/Documents/workspace/install/examples_rclpy_guard_conditions/lib/python3.10/site-packages:${PYTHONPATH} /usr/bin/python3 setup.py egg_info --egg-base ../../../../build/examples_rclpy_guard_conditions build --build-base /home/andrey/Documents/workspace/build/examples_rclpy_guard_conditions/build install --record /home/andrey/Documents/workspace/build/examples_rclpy_guard_conditions/install.log --single-version-externally-managed
[3.903s] running egg_info
[3.904s] writing ../../../../build/examples_rclpy_guard_conditions/examples_rclpy_guard_conditions.egg-info/PKG-INFO
[3.904s] writing dependency_links to ../../../../build/examples_rclpy_guard_conditions/examples_rclpy_guard_conditions.egg-info/dependency_links.txt
[3.905s] writing entry points to ../../../../build/examples_rclpy_guard_conditions/examples_rclpy_guard_conditions.egg-info/entry_points.txt
[3.905s] writing requirements to ../../../../build/examples_rclpy_guard_conditions/examples_rclpy_guard_conditions.egg-info/requires.txt
[3.905s] writing top-level names to ../../../../build/examples_rclpy_guard_conditions/examples_rclpy_guard_conditions.egg-info/top_level.txt
[3.907s] reading manifest file '../../../../build/examples_rclpy_guard_conditions/examples_rclpy_guard_conditions.egg-info/SOURCES.txt'
[3.918s] writing manifest file '../../../../build/examples_rclpy_guard_conditions/examples_rclpy_guard_conditions.egg-info/SOURCES.txt'
[3.918s] running build
[3.918s] running build_py
[3.919s] running install
[3.919s] /usr/lib/python3/dist-packages/setuptools/command/install.py:34: SetuptoolsDeprecationWarning: setup.py install is deprecated. Use build and pip and other standards-based tools.
[3.919s]   warnings.warn(
[3.919s] running install_lib
[3.921s] running install_data
[3.921s] running install_egg_info
[3.923s] removing '/home/andrey/Documents/workspace/install/examples_rclpy_guard_conditions/lib/python3.10/site-packages/examples_rclpy_guard_conditions-0.18.0-py3.10.egg-info' (and everything under it)
[3.925s] Copying ../../../../build/examples_rclpy_guard_conditions/examples_rclpy_guard_conditions.egg-info to /home/andrey/Documents/workspace/install/examples_rclpy_guard_conditions/lib/python3.10/site-packages/examples_rclpy_guard_conditions-0.18.0-py3.10.egg-info
[3.928s] running install_scripts
[3.965s] Installing trigger_guard_condition script to /home/andrey/Documents/workspace/install/examples_rclpy_guard_conditions/lib/examples_rclpy_guard_conditions
[3.967s] writing list of installed files to '/home/andrey/Documents/workspace/build/examples_rclpy_guard_conditions/install.log'
[4.151s] Invoked command in '/home/andrey/Documents/workspace/src/examples/rclpy/guard_conditions' returned '0': PYTHONPATH=/home/andrey/Documents/workspace/build/examples_rclpy_guard_conditions/prefix_override:/home/andrey/Documents/workspace/install/examples_rclpy_guard_conditions/lib/python3.10/site-packages:${PYTHONPATH} /usr/bin/python3 setup.py egg_info --egg-base ../../../../build/examples_rclpy_guard_conditions build --build-base /home/andrey/Documents/workspace/build/examples_rclpy_guard_conditions/build install --record /home/andrey/Documents/workspace/build/examples_rclpy_guard_conditions/install.log --single-version-externally-managed
