[0.266s] Invoking command in '/home/andrey/Documents/workspace/build/turtlesim': CMAKE_PREFIX_PATH=/opt/ros/iron /usr/bin/cmake --build /home/andrey/Documents/workspace/build/turtlesim -- -j12 -l12
[0.310s] [  0%] Built target turtlesim__rosidl_generator_type_description
[0.329s] [  0%] Built target ament_cmake_python_copy_turtlesim
[0.330s] [  1%] Built target turtlesim__cpp
[0.337s] [ 24%] Built target turtlesim__rosidl_generator_c
[0.364s] [ 33%] Built target turtlesim__rosidl_typesupport_c
[0.366s] [ 42%] Built target turtlesim__rosidl_typesupport_introspection_c
[0.367s] [ 53%] Built target turtlesim__rosidl_typesupport_fastrtps_c
[0.367s] [ 59%] Built target turtlesim__rosidl_typesupport_cpp
[0.368s] [ 74%] Built target turtlesim__rosidl_typesupport_introspection_cpp
[0.368s] [ 75%] Built target turtlesim__rosidl_typesupport_fastrtps_cpp
[0.382s] [35m[1mConsolidate compiler generated dependencies of target turtlesim_node[0m
[0.391s] [ 75%] Built target turtlesim
[0.395s] [ 76%] Built target draw_square
[0.398s] [ 79%] Built target mimic
[0.399s] [ 80%] Built target turtle_teleop_key
[0.417s] [ 80%] Built target turtlesim__py
[0.428s] [ 81%] [32mBuilding CXX object CMakeFiles/turtlesim_node.dir/src/turtlesim.cpp.o[0m
[0.441s] [ 89%] Built target turtlesim__rosidl_generator_py
[0.464s] [ 92%] Built target turtlesim__rosidl_typesupport_fastrtps_c__pyext
[0.464s] [ 93%] Built target turtlesim__rosidl_typesupport_introspection_c__pyext
[0.466s] [ 95%] Built target turtlesim__rosidl_typesupport_c__pyext
[0.563s] running egg_info
[0.563s] writing turtlesim.egg-info/PKG-INFO
[0.563s] writing dependency_links to turtlesim.egg-info/dependency_links.txt
[0.564s] writing top-level names to turtlesim.egg-info/top_level.txt
[0.565s] reading manifest file 'turtlesim.egg-info/SOURCES.txt'
[0.566s] writing manifest file 'turtlesim.egg-info/SOURCES.txt'
[0.586s] [ 95%] Built target ament_cmake_python_build_turtlesim_egg
[3.928s] [ 96%] [32m[1mLinking CXX executable turtlesim_node[0m
[5.367s] [100%] Built target turtlesim_node
[5.379s] Invoked command in '/home/andrey/Documents/workspace/build/turtlesim' returned '0': CMAKE_PREFIX_PATH=/opt/ros/iron /usr/bin/cmake --build /home/andrey/Documents/workspace/build/turtlesim -- -j12 -l12
[5.593s] Invoking command in '/home/andrey/Documents/workspace/build/turtlesim': CMAKE_PREFIX_PATH=/opt/ros/iron /usr/bin/cmake --install /home/andrey/Documents/workspace/build/turtlesim
[5.601s] -- Install configuration: ""
[5.601s] -- Up-to-date: /home/andrey/Documents/workspace/install/turtlesim/share/ament_index/resource_index/rosidl_interfaces/turtlesim
[5.601s] -- Up-to-date: /home/andrey/Documents/workspace/install/turtlesim/share/turtlesim/action/RotateAbsolute.json
[5.601s] -- Up-to-date: /home/andrey/Documents/workspace/install/turtlesim/share/turtlesim/msg/Color.json
[5.601s] -- Up-to-date: /home/andrey/Documents/workspace/install/turtlesim/share/turtlesim/msg/Pose.json
[5.601s] -- Up-to-date: /home/andrey/Documents/workspace/install/turtlesim/share/turtlesim/srv/Kill.json
[5.601s] -- Up-to-date: /home/andrey/Documents/workspace/install/turtlesim/share/turtlesim/srv/SetPen.json
[5.601s] -- Up-to-date: /home/andrey/Documents/workspace/install/turtlesim/share/turtlesim/srv/Spawn.json
[5.602s] -- Up-to-date: /home/andrey/Documents/workspace/install/turtlesim/share/turtlesim/srv/TeleportAbsolute.json
[5.602s] -- Up-to-date: /home/andrey/Documents/workspace/install/turtlesim/share/turtlesim/srv/TeleportRelative.json
[5.602s] -- Up-to-date: /home/andrey/Documents/workspace/install/turtlesim/include/turtlesim/turtlesim
[5.602s] -- Up-to-date: /home/andrey/Documents/workspace/install/turtlesim/include/turtlesim/turtlesim/srv
[5.602s] -- Up-to-date: /home/andrey/Documents/workspace/install/turtlesim/include/turtlesim/turtlesim/srv/kill.h
[5.602s] -- Up-to-date: /home/andrey/Documents/workspace/install/turtlesim/include/turtlesim/turtlesim/srv/detail
[5.602s] -- Installing: /home/andrey/Documents/workspace/install/turtlesim/include/turtlesim/turtlesim/srv/detail/kill__type_support.c
[5.602s] -- Up-to-date: /home/andrey/Documents/workspace/install/turtlesim/include/turtlesim/turtlesim/srv/detail/teleport_absolute__type_support.h
[5.602s] -- Up-to-date: /home/andrey/Documents/workspace/install/turtlesim/include/turtlesim/turtlesim/srv/detail/kill__description.c
[5.602s] -- Installing: /home/andrey/Documents/workspace/install/turtlesim/include/turtlesim/turtlesim/srv/detail/spawn__type_support.c
[5.603s] -- Installing: /home/andrey/Documents/workspace/install/turtlesim/include/turtlesim/turtlesim/srv/detail/teleport_absolute__type_support.c
[5.603s] -- Installing: /home/andrey/Documents/workspace/install/turtlesim/include/turtlesim/turtlesim/srv/detail/set_pen__type_support.c
[5.603s] -- Up-to-date: /home/andrey/Documents/workspace/install/turtlesim/include/turtlesim/turtlesim/srv/detail/kill__type_support.h
[5.603s] -- Up-to-date: /home/andrey/Documents/workspace/install/turtlesim/include/turtlesim/turtlesim/srv/detail/kill__functions.h
[5.603s] -- Up-to-date: /home/andrey/Documents/workspace/install/turtlesim/include/turtlesim/turtlesim/srv/detail/set_pen__description.c
[5.603s] -- Up-to-date: /home/andrey/Documents/workspace/install/turtlesim/include/turtlesim/turtlesim/srv/detail/teleport_absolute__description.c
[5.603s] -- Up-to-date: /home/andrey/Documents/workspace/install/turtlesim/include/turtlesim/turtlesim/srv/detail/teleport_absolute__struct.h
[5.603s] -- Up-to-date: /home/andrey/Documents/workspace/install/turtlesim/include/turtlesim/turtlesim/srv/detail/spawn__struct.h
[5.603s] -- Up-to-date: /home/andrey/Documents/workspace/install/turtlesim/include/turtlesim/turtlesim/srv/detail/spawn__description.c
[5.603s] -- Installing: /home/andrey/Documents/workspace/install/turtlesim/include/turtlesim/turtlesim/srv/detail/teleport_relative__type_support.c
[5.603s] -- Up-to-date: /home/andrey/Documents/workspace/install/turtlesim/include/turtlesim/turtlesim/srv/detail/spawn__type_support.h
[5.604s] -- Up-to-date: /home/andrey/Documents/workspace/install/turtlesim/include/turtlesim/turtlesim/srv/detail/kill__functions.c
[5.604s] -- Up-to-date: /home/andrey/Documents/workspace/install/turtlesim/include/turtlesim/turtlesim/srv/detail/spawn__functions.h
[5.604s] -- Up-to-date: /home/andrey/Documents/workspace/install/turtlesim/include/turtlesim/turtlesim/srv/detail/teleport_relative__functions.c
[5.604s] -- Up-to-date: /home/andrey/Documents/workspace/install/turtlesim/include/turtlesim/turtlesim/srv/detail/set_pen__functions.h
[5.604s] -- Up-to-date: /home/andrey/Documents/workspace/install/turtlesim/include/turtlesim/turtlesim/srv/detail/teleport_relative__type_support.h
[5.604s] -- Up-to-date: /home/andrey/Documents/workspace/install/turtlesim/include/turtlesim/turtlesim/srv/detail/set_pen__type_support.h
[5.604s] -- Up-to-date: /home/andrey/Documents/workspace/install/turtlesim/include/turtlesim/turtlesim/srv/detail/teleport_relative__struct.h
[5.604s] -- Up-to-date: /home/andrey/Documents/workspace/install/turtlesim/include/turtlesim/turtlesim/srv/detail/teleport_absolute__functions.h
[5.604s] -- Up-to-date: /home/andrey/Documents/workspace/install/turtlesim/include/turtlesim/turtlesim/srv/detail/spawn__functions.c
[5.604s] -- Up-to-date: /home/andrey/Documents/workspace/install/turtlesim/include/turtlesim/turtlesim/srv/detail/teleport_absolute__functions.c
[5.604s] -- Up-to-date: /home/andrey/Documents/workspace/install/turtlesim/include/turtlesim/turtlesim/srv/detail/teleport_relative__description.c
[5.605s] -- Up-to-date: /home/andrey/Documents/workspace/install/turtlesim/include/turtlesim/turtlesim/srv/detail/kill__struct.h
[5.605s] -- Up-to-date: /home/andrey/Documents/workspace/install/turtlesim/include/turtlesim/turtlesim/srv/detail/teleport_relative__functions.h
[5.605s] -- Up-to-date: /home/andrey/Documents/workspace/install/turtlesim/include/turtlesim/turtlesim/srv/detail/set_pen__functions.c
[5.605s] -- Up-to-date: /home/andrey/Documents/workspace/install/turtlesim/include/turtlesim/turtlesim/srv/detail/set_pen__struct.h
[5.605s] -- Up-to-date: /home/andrey/Documents/workspace/install/turtlesim/include/turtlesim/turtlesim/srv/spawn.h
[5.605s] -- Up-to-date: /home/andrey/Documents/workspace/install/turtlesim/include/turtlesim/turtlesim/srv/set_pen.h
[5.605s] -- Up-to-date: /home/andrey/Documents/workspace/install/turtlesim/include/turtlesim/turtlesim/srv/teleport_absolute.h
[5.605s] -- Up-to-date: /home/andrey/Documents/workspace/install/turtlesim/include/turtlesim/turtlesim/srv/teleport_relative.h
[5.605s] -- Up-to-date: /home/andrey/Documents/workspace/install/turtlesim/include/turtlesim/turtlesim/action
[5.605s] -- Up-to-date: /home/andrey/Documents/workspace/install/turtlesim/include/turtlesim/turtlesim/action/detail
[5.606s] -- Installing: /home/andrey/Documents/workspace/install/turtlesim/include/turtlesim/turtlesim/action/detail/rotate_absolute__type_support.c
[5.606s] -- Up-to-date: /home/andrey/Documents/workspace/install/turtlesim/include/turtlesim/turtlesim/action/detail/rotate_absolute__functions.h
[5.606s] -- Up-to-date: /home/andrey/Documents/workspace/install/turtlesim/include/turtlesim/turtlesim/action/detail/rotate_absolute__description.c
[5.606s] -- Up-to-date: /home/andrey/Documents/workspace/install/turtlesim/include/turtlesim/turtlesim/action/detail/rotate_absolute__functions.c
[5.606s] -- Up-to-date: /home/andrey/Documents/workspace/install/turtlesim/include/turtlesim/turtlesim/action/detail/rotate_absolute__struct.h
[5.606s] -- Up-to-date: /home/andrey/Documents/workspace/install/turtlesim/include/turtlesim/turtlesim/action/detail/rotate_absolute__type_support.h
[5.606s] -- Up-to-date: /home/andrey/Documents/workspace/install/turtlesim/include/turtlesim/turtlesim/action/rotate_absolute.h
[5.606s] -- Up-to-date: /home/andrey/Documents/workspace/install/turtlesim/include/turtlesim/turtlesim/msg
[5.606s] -- Up-to-date: /home/andrey/Documents/workspace/install/turtlesim/include/turtlesim/turtlesim/msg/rosidl_generator_c__visibility_control.h
[5.606s] -- Up-to-date: /home/andrey/Documents/workspace/install/turtlesim/include/turtlesim/turtlesim/msg/pose.h
[5.607s] -- Up-to-date: /home/andrey/Documents/workspace/install/turtlesim/include/turtlesim/turtlesim/msg/color.h
[5.607s] -- Up-to-date: /home/andrey/Documents/workspace/install/turtlesim/include/turtlesim/turtlesim/msg/detail
[5.607s] -- Up-to-date: /home/andrey/Documents/workspace/install/turtlesim/include/turtlesim/turtlesim/msg/detail/pose__functions.h
[5.607s] -- Installing: /home/andrey/Documents/workspace/install/turtlesim/include/turtlesim/turtlesim/msg/detail/pose__type_support.c
[5.607s] -- Up-to-date: /home/andrey/Documents/workspace/install/turtlesim/include/turtlesim/turtlesim/msg/detail/color__description.c
[5.607s] -- Installing: /home/andrey/Documents/workspace/install/turtlesim/include/turtlesim/turtlesim/msg/detail/color__type_support.c
[5.607s] -- Up-to-date: /home/andrey/Documents/workspace/install/turtlesim/include/turtlesim/turtlesim/msg/detail/pose__description.c
[5.607s] -- Up-to-date: /home/andrey/Documents/workspace/install/turtlesim/include/turtlesim/turtlesim/msg/detail/color__type_support.h
[5.607s] -- Up-to-date: /home/andrey/Documents/workspace/install/turtlesim/include/turtlesim/turtlesim/msg/detail/color__struct.h
[5.608s] -- Up-to-date: /home/andrey/Documents/workspace/install/turtlesim/include/turtlesim/turtlesim/msg/detail/color__functions.c
[5.608s] -- Up-to-date: /home/andrey/Documents/workspace/install/turtlesim/include/turtlesim/turtlesim/msg/detail/pose__functions.c
[5.608s] -- Up-to-date: /home/andrey/Documents/workspace/install/turtlesim/include/turtlesim/turtlesim/msg/detail/color__functions.h
[5.608s] -- Up-to-date: /home/andrey/Documents/workspace/install/turtlesim/include/turtlesim/turtlesim/msg/detail/pose__struct.h
[5.608s] -- Up-to-date: /home/andrey/Documents/workspace/install/turtlesim/include/turtlesim/turtlesim/msg/detail/pose__type_support.h
[5.608s] -- Up-to-date: /home/andrey/Documents/workspace/install/turtlesim/share/turtlesim/environment/library_path.sh
[5.608s] -- Up-to-date: /home/andrey/Documents/workspace/install/turtlesim/share/turtlesim/environment/library_path.dsv
[5.608s] -- Up-to-date: /home/andrey/Documents/workspace/install/turtlesim/lib/libturtlesim__rosidl_generator_c.so
[5.608s] -- Up-to-date: /home/andrey/Documents/workspace/install/turtlesim/include/turtlesim/turtlesim
[5.609s] -- Up-to-date: /home/andrey/Documents/workspace/install/turtlesim/include/turtlesim/turtlesim/srv
[5.609s] -- Up-to-date: /home/andrey/Documents/workspace/install/turtlesim/include/turtlesim/turtlesim/srv/detail
[5.609s] -- Up-to-date: /home/andrey/Documents/workspace/install/turtlesim/include/turtlesim/turtlesim/srv/detail/teleport_absolute__rosidl_typesupport_fastrtps_c.h
[5.609s] -- Up-to-date: /home/andrey/Documents/workspace/install/turtlesim/include/turtlesim/turtlesim/srv/detail/teleport_relative__rosidl_typesupport_fastrtps_c.h
[5.609s] -- Up-to-date: /home/andrey/Documents/workspace/install/turtlesim/include/turtlesim/turtlesim/srv/detail/set_pen__rosidl_typesupport_fastrtps_c.h
[5.609s] -- Up-to-date: /home/andrey/Documents/workspace/install/turtlesim/include/turtlesim/turtlesim/srv/detail/kill__rosidl_typesupport_fastrtps_c.h
[5.609s] -- Up-to-date: /home/andrey/Documents/workspace/install/turtlesim/include/turtlesim/turtlesim/srv/detail/spawn__rosidl_typesupport_fastrtps_c.h
[5.609s] -- Up-to-date: /home/andrey/Documents/workspace/install/turtlesim/include/turtlesim/turtlesim/action
[5.609s] -- Up-to-date: /home/andrey/Documents/workspace/install/turtlesim/include/turtlesim/turtlesim/action/detail
[5.609s] -- Up-to-date: /home/andrey/Documents/workspace/install/turtlesim/include/turtlesim/turtlesim/action/detail/rotate_absolute__rosidl_typesupport_fastrtps_c.h
[5.609s] -- Up-to-date: /home/andrey/Documents/workspace/install/turtlesim/include/turtlesim/turtlesim/msg
[5.610s] -- Up-to-date: /home/andrey/Documents/workspace/install/turtlesim/include/turtlesim/turtlesim/msg/detail
[5.610s] -- Up-to-date: /home/andrey/Documents/workspace/install/turtlesim/include/turtlesim/turtlesim/msg/detail/pose__rosidl_typesupport_fastrtps_c.h
[5.610s] -- Up-to-date: /home/andrey/Documents/workspace/install/turtlesim/include/turtlesim/turtlesim/msg/detail/color__rosidl_typesupport_fastrtps_c.h
[5.610s] -- Up-to-date: /home/andrey/Documents/workspace/install/turtlesim/include/turtlesim/turtlesim/msg/rosidl_typesupport_fastrtps_c__visibility_control.h
[5.610s] -- Up-to-date: /home/andrey/Documents/workspace/install/turtlesim/lib/libturtlesim__rosidl_typesupport_fastrtps_c.so
[5.610s] -- Up-to-date: /home/andrey/Documents/workspace/install/turtlesim/include/turtlesim/turtlesim
[5.610s] -- Up-to-date: /home/andrey/Documents/workspace/install/turtlesim/include/turtlesim/turtlesim/srv
[5.610s] -- Up-to-date: /home/andrey/Documents/workspace/install/turtlesim/include/turtlesim/turtlesim/srv/teleport_absolute.hpp
[5.610s] -- Up-to-date: /home/andrey/Documents/workspace/install/turtlesim/include/turtlesim/turtlesim/srv/detail
[5.610s] -- Up-to-date: /home/andrey/Documents/workspace/install/turtlesim/include/turtlesim/turtlesim/srv/detail/set_pen__traits.hpp
[5.610s] -- Up-to-date: /home/andrey/Documents/workspace/install/turtlesim/include/turtlesim/turtlesim/srv/detail/teleport_relative__traits.hpp
[5.610s] -- Up-to-date: /home/andrey/Documents/workspace/install/turtlesim/include/turtlesim/turtlesim/srv/detail/teleport_absolute__struct.hpp
[5.611s] -- Up-to-date: /home/andrey/Documents/workspace/install/turtlesim/include/turtlesim/turtlesim/srv/detail/teleport_absolute__traits.hpp
[5.611s] -- Up-to-date: /home/andrey/Documents/workspace/install/turtlesim/include/turtlesim/turtlesim/srv/detail/teleport_relative__builder.hpp
[5.611s] -- Up-to-date: /home/andrey/Documents/workspace/install/turtlesim/include/turtlesim/turtlesim/srv/detail/teleport_relative__struct.hpp
[5.611s] -- Up-to-date: /home/andrey/Documents/workspace/install/turtlesim/include/turtlesim/turtlesim/srv/detail/set_pen__builder.hpp
[5.611s] -- Up-to-date: /home/andrey/Documents/workspace/install/turtlesim/include/turtlesim/turtlesim/srv/detail/set_pen__struct.hpp
[5.611s] -- Up-to-date: /home/andrey/Documents/workspace/install/turtlesim/include/turtlesim/turtlesim/srv/detail/spawn__traits.hpp
[5.611s] -- Up-to-date: /home/andrey/Documents/workspace/install/turtlesim/include/turtlesim/turtlesim/srv/detail/kill__builder.hpp
[5.611s] -- Up-to-date: /home/andrey/Documents/workspace/install/turtlesim/include/turtlesim/turtlesim/srv/detail/spawn__struct.hpp
[5.611s] -- Up-to-date: /home/andrey/Documents/workspace/install/turtlesim/include/turtlesim/turtlesim/srv/detail/teleport_absolute__builder.hpp
[5.611s] -- Up-to-date: /home/andrey/Documents/workspace/install/turtlesim/include/turtlesim/turtlesim/srv/detail/kill__struct.hpp
[5.611s] -- Up-to-date: /home/andrey/Documents/workspace/install/turtlesim/include/turtlesim/turtlesim/srv/detail/kill__traits.hpp
[5.612s] -- Up-to-date: /home/andrey/Documents/workspace/install/turtlesim/include/turtlesim/turtlesim/srv/detail/spawn__builder.hpp
[5.612s] -- Up-to-date: /home/andrey/Documents/workspace/install/turtlesim/include/turtlesim/turtlesim/srv/kill.hpp
[5.612s] -- Up-to-date: /home/andrey/Documents/workspace/install/turtlesim/include/turtlesim/turtlesim/srv/teleport_relative.hpp
[5.612s] -- Up-to-date: /home/andrey/Documents/workspace/install/turtlesim/include/turtlesim/turtlesim/srv/set_pen.hpp
[5.612s] -- Up-to-date: /home/andrey/Documents/workspace/install/turtlesim/include/turtlesim/turtlesim/srv/spawn.hpp
[5.612s] -- Up-to-date: /home/andrey/Documents/workspace/install/turtlesim/include/turtlesim/turtlesim/action
[5.612s] -- Up-to-date: /home/andrey/Documents/workspace/install/turtlesim/include/turtlesim/turtlesim/action/detail
[5.612s] -- Up-to-date: /home/andrey/Documents/workspace/install/turtlesim/include/turtlesim/turtlesim/action/detail/rotate_absolute__struct.hpp
[5.612s] -- Up-to-date: /home/andrey/Documents/workspace/install/turtlesim/include/turtlesim/turtlesim/action/detail/rotate_absolute__builder.hpp
[5.612s] -- Up-to-date: /home/andrey/Documents/workspace/install/turtlesim/include/turtlesim/turtlesim/action/detail/rotate_absolute__traits.hpp
[5.612s] -- Up-to-date: /home/andrey/Documents/workspace/install/turtlesim/include/turtlesim/turtlesim/action/rotate_absolute.hpp
[5.613s] -- Up-to-date: /home/andrey/Documents/workspace/install/turtlesim/include/turtlesim/turtlesim/msg
[5.613s] -- Up-to-date: /home/andrey/Documents/workspace/install/turtlesim/include/turtlesim/turtlesim/msg/pose.hpp
[5.613s] -- Up-to-date: /home/andrey/Documents/workspace/install/turtlesim/include/turtlesim/turtlesim/msg/color.hpp
[5.613s] -- Up-to-date: /home/andrey/Documents/workspace/install/turtlesim/include/turtlesim/turtlesim/msg/detail
[5.613s] -- Up-to-date: /home/andrey/Documents/workspace/install/turtlesim/include/turtlesim/turtlesim/msg/detail/color__traits.hpp
[5.613s] -- Up-to-date: /home/andrey/Documents/workspace/install/turtlesim/include/turtlesim/turtlesim/msg/detail/color__struct.hpp
[5.613s] -- Up-to-date: /home/andrey/Documents/workspace/install/turtlesim/include/turtlesim/turtlesim/msg/detail/color__builder.hpp
[5.613s] -- Up-to-date: /home/andrey/Documents/workspace/install/turtlesim/include/turtlesim/turtlesim/msg/detail/pose__traits.hpp
[5.613s] -- Up-to-date: /home/andrey/Documents/workspace/install/turtlesim/include/turtlesim/turtlesim/msg/detail/pose__builder.hpp
[5.614s] -- Up-to-date: /home/andrey/Documents/workspace/install/turtlesim/include/turtlesim/turtlesim/msg/detail/pose__struct.hpp
[5.614s] -- Up-to-date: /home/andrey/Documents/workspace/install/turtlesim/include/turtlesim/turtlesim
[5.614s] -- Up-to-date: /home/andrey/Documents/workspace/install/turtlesim/include/turtlesim/turtlesim/srv
[5.614s] -- Up-to-date: /home/andrey/Documents/workspace/install/turtlesim/include/turtlesim/turtlesim/srv/detail
[5.614s] -- Up-to-date: /home/andrey/Documents/workspace/install/turtlesim/include/turtlesim/turtlesim/srv/detail/teleport_relative__rosidl_typesupport_fastrtps_cpp.hpp
[5.614s] -- Up-to-date: /home/andrey/Documents/workspace/install/turtlesim/include/turtlesim/turtlesim/srv/detail/dds_fastrtps
[5.614s] -- Up-to-date: /home/andrey/Documents/workspace/install/turtlesim/include/turtlesim/turtlesim/srv/detail/set_pen__rosidl_typesupport_fastrtps_cpp.hpp
[5.614s] -- Up-to-date: /home/andrey/Documents/workspace/install/turtlesim/include/turtlesim/turtlesim/srv/detail/teleport_absolute__rosidl_typesupport_fastrtps_cpp.hpp
[5.614s] -- Up-to-date: /home/andrey/Documents/workspace/install/turtlesim/include/turtlesim/turtlesim/srv/detail/kill__rosidl_typesupport_fastrtps_cpp.hpp
[5.614s] -- Up-to-date: /home/andrey/Documents/workspace/install/turtlesim/include/turtlesim/turtlesim/srv/detail/spawn__rosidl_typesupport_fastrtps_cpp.hpp
[5.614s] -- Up-to-date: /home/andrey/Documents/workspace/install/turtlesim/include/turtlesim/turtlesim/action
[5.614s] -- Up-to-date: /home/andrey/Documents/workspace/install/turtlesim/include/turtlesim/turtlesim/action/detail
[5.615s] -- Up-to-date: /home/andrey/Documents/workspace/install/turtlesim/include/turtlesim/turtlesim/action/detail/rotate_absolute__rosidl_typesupport_fastrtps_cpp.hpp
[5.615s] -- Up-to-date: /home/andrey/Documents/workspace/install/turtlesim/include/turtlesim/turtlesim/action/detail/dds_fastrtps
[5.615s] -- Up-to-date: /home/andrey/Documents/workspace/install/turtlesim/include/turtlesim/turtlesim/msg
[5.615s] -- Up-to-date: /home/andrey/Documents/workspace/install/turtlesim/include/turtlesim/turtlesim/msg/detail
[5.615s] -- Up-to-date: /home/andrey/Documents/workspace/install/turtlesim/include/turtlesim/turtlesim/msg/detail/dds_fastrtps
[5.615s] -- Up-to-date: /home/andrey/Documents/workspace/install/turtlesim/include/turtlesim/turtlesim/msg/detail/pose__rosidl_typesupport_fastrtps_cpp.hpp
[5.615s] -- Up-to-date: /home/andrey/Documents/workspace/install/turtlesim/include/turtlesim/turtlesim/msg/detail/color__rosidl_typesupport_fastrtps_cpp.hpp
[5.615s] -- Up-to-date: /home/andrey/Documents/workspace/install/turtlesim/include/turtlesim/turtlesim/msg/rosidl_typesupport_fastrtps_cpp__visibility_control.h
[5.615s] -- Up-to-date: /home/andrey/Documents/workspace/install/turtlesim/lib/libturtlesim__rosidl_typesupport_fastrtps_cpp.so
[5.615s] -- Up-to-date: /home/andrey/Documents/workspace/install/turtlesim/include/turtlesim/turtlesim
[5.615s] -- Up-to-date: /home/andrey/Documents/workspace/install/turtlesim/include/turtlesim/turtlesim/srv
[5.615s] -- Up-to-date: /home/andrey/Documents/workspace/install/turtlesim/include/turtlesim/turtlesim/srv/detail
[5.616s] -- Installing: /home/andrey/Documents/workspace/install/turtlesim/include/turtlesim/turtlesim/srv/detail/kill__type_support.c
[5.616s] -- Installing: /home/andrey/Documents/workspace/install/turtlesim/include/turtlesim/turtlesim/srv/detail/spawn__type_support.c
[5.616s] -- Installing: /home/andrey/Documents/workspace/install/turtlesim/include/turtlesim/turtlesim/srv/detail/teleport_absolute__type_support.c
[5.616s] -- Installing: /home/andrey/Documents/workspace/install/turtlesim/include/turtlesim/turtlesim/srv/detail/set_pen__type_support.c
[5.616s] -- Up-to-date: /home/andrey/Documents/workspace/install/turtlesim/include/turtlesim/turtlesim/srv/detail/set_pen__rosidl_typesupport_introspection_c.h
[5.616s] -- Up-to-date: /home/andrey/Documents/workspace/install/turtlesim/include/turtlesim/turtlesim/srv/detail/spawn__rosidl_typesupport_introspection_c.h
[5.616s] -- Installing: /home/andrey/Documents/workspace/install/turtlesim/include/turtlesim/turtlesim/srv/detail/teleport_relative__type_support.c
[5.616s] -- Up-to-date: /home/andrey/Documents/workspace/install/turtlesim/include/turtlesim/turtlesim/srv/detail/kill__rosidl_typesupport_introspection_c.h
[5.616s] -- Up-to-date: /home/andrey/Documents/workspace/install/turtlesim/include/turtlesim/turtlesim/srv/detail/teleport_absolute__rosidl_typesupport_introspection_c.h
[5.616s] -- Up-to-date: /home/andrey/Documents/workspace/install/turtlesim/include/turtlesim/turtlesim/srv/detail/teleport_relative__rosidl_typesupport_introspection_c.h
[5.617s] -- Up-to-date: /home/andrey/Documents/workspace/install/turtlesim/include/turtlesim/turtlesim/action
[5.617s] -- Up-to-date: /home/andrey/Documents/workspace/install/turtlesim/include/turtlesim/turtlesim/action/detail
[5.617s] -- Installing: /home/andrey/Documents/workspace/install/turtlesim/include/turtlesim/turtlesim/action/detail/rotate_absolute__type_support.c
[5.617s] -- Up-to-date: /home/andrey/Documents/workspace/install/turtlesim/include/turtlesim/turtlesim/action/detail/rotate_absolute__rosidl_typesupport_introspection_c.h
[5.617s] -- Up-to-date: /home/andrey/Documents/workspace/install/turtlesim/include/turtlesim/turtlesim/msg
[5.617s] -- Up-to-date: /home/andrey/Documents/workspace/install/turtlesim/include/turtlesim/turtlesim/msg/rosidl_typesupport_introspection_c__visibility_control.h
[5.617s] -- Up-to-date: /home/andrey/Documents/workspace/install/turtlesim/include/turtlesim/turtlesim/msg/detail
[5.617s] -- Installing: /home/andrey/Documents/workspace/install/turtlesim/include/turtlesim/turtlesim/msg/detail/pose__type_support.c
[5.617s] -- Installing: /home/andrey/Documents/workspace/install/turtlesim/include/turtlesim/turtlesim/msg/detail/color__type_support.c
[5.617s] -- Up-to-date: /home/andrey/Documents/workspace/install/turtlesim/include/turtlesim/turtlesim/msg/detail/color__rosidl_typesupport_introspection_c.h
[5.617s] -- Up-to-date: /home/andrey/Documents/workspace/install/turtlesim/include/turtlesim/turtlesim/msg/detail/pose__rosidl_typesupport_introspection_c.h
[5.617s] -- Up-to-date: /home/andrey/Documents/workspace/install/turtlesim/lib/libturtlesim__rosidl_typesupport_introspection_c.so
[5.618s] -- Up-to-date: /home/andrey/Documents/workspace/install/turtlesim/lib/libturtlesim__rosidl_typesupport_c.so
[5.618s] -- Up-to-date: /home/andrey/Documents/workspace/install/turtlesim/include/turtlesim/turtlesim
[5.618s] -- Up-to-date: /home/andrey/Documents/workspace/install/turtlesim/include/turtlesim/turtlesim/srv
[5.618s] -- Up-to-date: /home/andrey/Documents/workspace/install/turtlesim/include/turtlesim/turtlesim/srv/detail
[5.618s] -- Up-to-date: /home/andrey/Documents/workspace/install/turtlesim/include/turtlesim/turtlesim/srv/detail/teleport_relative__rosidl_typesupport_introspection_cpp.hpp
[5.618s] -- Up-to-date: /home/andrey/Documents/workspace/install/turtlesim/include/turtlesim/turtlesim/srv/detail/set_pen__type_support.cpp
[5.618s] -- Up-to-date: /home/andrey/Documents/workspace/install/turtlesim/include/turtlesim/turtlesim/srv/detail/spawn__rosidl_typesupport_introspection_cpp.hpp
[5.618s] -- Up-to-date: /home/andrey/Documents/workspace/install/turtlesim/include/turtlesim/turtlesim/srv/detail/teleport_absolute__type_support.cpp
[5.618s] -- Up-to-date: /home/andrey/Documents/workspace/install/turtlesim/include/turtlesim/turtlesim/srv/detail/teleport_absolute__rosidl_typesupport_introspection_cpp.hpp
[5.618s] -- Up-to-date: /home/andrey/Documents/workspace/install/turtlesim/include/turtlesim/turtlesim/srv/detail/teleport_relative__type_support.cpp
[5.618s] -- Up-to-date: /home/andrey/Documents/workspace/install/turtlesim/include/turtlesim/turtlesim/srv/detail/spawn__type_support.cpp
[5.619s] -- Up-to-date: /home/andrey/Documents/workspace/install/turtlesim/include/turtlesim/turtlesim/srv/detail/kill__type_support.cpp
[5.619s] -- Up-to-date: /home/andrey/Documents/workspace/install/turtlesim/include/turtlesim/turtlesim/srv/detail/kill__rosidl_typesupport_introspection_cpp.hpp
[5.619s] -- Up-to-date: /home/andrey/Documents/workspace/install/turtlesim/include/turtlesim/turtlesim/srv/detail/set_pen__rosidl_typesupport_introspection_cpp.hpp
[5.619s] -- Up-to-date: /home/andrey/Documents/workspace/install/turtlesim/include/turtlesim/turtlesim/action
[5.619s] -- Up-to-date: /home/andrey/Documents/workspace/install/turtlesim/include/turtlesim/turtlesim/action/detail
[5.619s] -- Up-to-date: /home/andrey/Documents/workspace/install/turtlesim/include/turtlesim/turtlesim/action/detail/rotate_absolute__rosidl_typesupport_introspection_cpp.hpp
[5.619s] -- Up-to-date: /home/andrey/Documents/workspace/install/turtlesim/include/turtlesim/turtlesim/action/detail/rotate_absolute__type_support.cpp
[5.619s] -- Up-to-date: /home/andrey/Documents/workspace/install/turtlesim/include/turtlesim/turtlesim/msg
[5.619s] -- Up-to-date: /home/andrey/Documents/workspace/install/turtlesim/include/turtlesim/turtlesim/msg/detail
[5.619s] -- Up-to-date: /home/andrey/Documents/workspace/install/turtlesim/include/turtlesim/turtlesim/msg/detail/pose__type_support.cpp
[5.619s] -- Up-to-date: /home/andrey/Documents/workspace/install/turtlesim/include/turtlesim/turtlesim/msg/detail/pose__rosidl_typesupport_introspection_cpp.hpp
[5.619s] -- Up-to-date: /home/andrey/Documents/workspace/install/turtlesim/include/turtlesim/turtlesim/msg/detail/color__type_support.cpp
[5.619s] -- Up-to-date: /home/andrey/Documents/workspace/install/turtlesim/include/turtlesim/turtlesim/msg/detail/color__rosidl_typesupport_introspection_cpp.hpp
[5.620s] -- Up-to-date: /home/andrey/Documents/workspace/install/turtlesim/lib/libturtlesim__rosidl_typesupport_introspection_cpp.so
[5.620s] -- Up-to-date: /home/andrey/Documents/workspace/install/turtlesim/lib/libturtlesim__rosidl_typesupport_cpp.so
[5.620s] -- Up-to-date: /home/andrey/Documents/workspace/install/turtlesim/share/turtlesim/environment/pythonpath.sh
[5.620s] -- Up-to-date: /home/andrey/Documents/workspace/install/turtlesim/share/turtlesim/environment/pythonpath.dsv
[5.620s] -- Up-to-date: /home/andrey/Documents/workspace/install/turtlesim/lib/python3.10/site-packages/turtlesim-1.6.1-py3.10.egg-info
[5.620s] -- Installing: /home/andrey/Documents/workspace/install/turtlesim/lib/python3.10/site-packages/turtlesim-1.6.1-py3.10.egg-info/dependency_links.txt
[5.620s] -- Installing: /home/andrey/Documents/workspace/install/turtlesim/lib/python3.10/site-packages/turtlesim-1.6.1-py3.10.egg-info/SOURCES.txt
[5.620s] -- Installing: /home/andrey/Documents/workspace/install/turtlesim/lib/python3.10/site-packages/turtlesim-1.6.1-py3.10.egg-info/top_level.txt
[5.620s] -- Installing: /home/andrey/Documents/workspace/install/turtlesim/lib/python3.10/site-packages/turtlesim-1.6.1-py3.10.egg-info/PKG-INFO
[5.620s] -- Up-to-date: /home/andrey/Documents/workspace/install/turtlesim/lib/python3.10/site-packages/turtlesim
[5.620s] -- Up-to-date: /home/andrey/Documents/workspace/install/turtlesim/lib/python3.10/site-packages/turtlesim/_turtlesim_s.ep.rosidl_typesupport_introspection_c.c
[5.620s] -- Up-to-date: /home/andrey/Documents/workspace/install/turtlesim/lib/python3.10/site-packages/turtlesim/srv
[5.620s] -- Up-to-date: /home/andrey/Documents/workspace/install/turtlesim/lib/python3.10/site-packages/turtlesim/srv/_teleport_relative.py
[5.621s] -- Up-to-date: /home/andrey/Documents/workspace/install/turtlesim/lib/python3.10/site-packages/turtlesim/srv/_set_pen.py
[5.621s] -- Up-to-date: /home/andrey/Documents/workspace/install/turtlesim/lib/python3.10/site-packages/turtlesim/srv/_set_pen_s.c
[5.621s] -- Up-to-date: /home/andrey/Documents/workspace/install/turtlesim/lib/python3.10/site-packages/turtlesim/srv/_kill.py
[5.621s] -- Up-to-date: /home/andrey/Documents/workspace/install/turtlesim/lib/python3.10/site-packages/turtlesim/srv/_teleport_absolute.py
[5.621s] -- Up-to-date: /home/andrey/Documents/workspace/install/turtlesim/lib/python3.10/site-packages/turtlesim/srv/_teleport_relative_s.c
[5.621s] -- Up-to-date: /home/andrey/Documents/workspace/install/turtlesim/lib/python3.10/site-packages/turtlesim/srv/__init__.py
[5.621s] -- Up-to-date: /home/andrey/Documents/workspace/install/turtlesim/lib/python3.10/site-packages/turtlesim/srv/_kill_s.c
[5.621s] -- Up-to-date: /home/andrey/Documents/workspace/install/turtlesim/lib/python3.10/site-packages/turtlesim/srv/_spawn_s.c
[5.621s] -- Up-to-date: /home/andrey/Documents/workspace/install/turtlesim/lib/python3.10/site-packages/turtlesim/srv/_spawn.py
[5.621s] -- Up-to-date: /home/andrey/Documents/workspace/install/turtlesim/lib/python3.10/site-packages/turtlesim/srv/_teleport_absolute_s.c
[5.621s] -- Up-to-date: /home/andrey/Documents/workspace/install/turtlesim/lib/python3.10/site-packages/turtlesim/libturtlesim__rosidl_generator_py.so
[5.621s] -- Up-to-date: /home/andrey/Documents/workspace/install/turtlesim/lib/python3.10/site-packages/turtlesim/_turtlesim_s.ep.rosidl_typesupport_c.c
[5.621s] -- Up-to-date: /home/andrey/Documents/workspace/install/turtlesim/lib/python3.10/site-packages/turtlesim/action
[5.622s] -- Up-to-date: /home/andrey/Documents/workspace/install/turtlesim/lib/python3.10/site-packages/turtlesim/action/_rotate_absolute_s.c
[5.622s] -- Up-to-date: /home/andrey/Documents/workspace/install/turtlesim/lib/python3.10/site-packages/turtlesim/action/_rotate_absolute.py
[5.622s] -- Up-to-date: /home/andrey/Documents/workspace/install/turtlesim/lib/python3.10/site-packages/turtlesim/action/__init__.py
[5.622s] -- Up-to-date: /home/andrey/Documents/workspace/install/turtlesim/lib/python3.10/site-packages/turtlesim/_turtlesim_s.ep.rosidl_typesupport_fastrtps_c.c
[5.622s] -- Up-to-date: /home/andrey/Documents/workspace/install/turtlesim/lib/python3.10/site-packages/turtlesim/turtlesim_s__rosidl_typesupport_c.cpython-310-x86_64-linux-gnu.so
[5.622s] -- Up-to-date: /home/andrey/Documents/workspace/install/turtlesim/lib/python3.10/site-packages/turtlesim/turtlesim_s__rosidl_typesupport_fastrtps_c.cpython-310-x86_64-linux-gnu.so
[5.622s] -- Up-to-date: /home/andrey/Documents/workspace/install/turtlesim/lib/python3.10/site-packages/turtlesim/__init__.py
[5.622s] -- Up-to-date: /home/andrey/Documents/workspace/install/turtlesim/lib/python3.10/site-packages/turtlesim/turtlesim_s__rosidl_typesupport_introspection_c.cpython-310-x86_64-linux-gnu.so
[5.622s] -- Up-to-date: /home/andrey/Documents/workspace/install/turtlesim/lib/python3.10/site-packages/turtlesim/msg
[5.622s] -- Up-to-date: /home/andrey/Documents/workspace/install/turtlesim/lib/python3.10/site-packages/turtlesim/msg/_pose_s.c
[5.622s] -- Up-to-date: /home/andrey/Documents/workspace/install/turtlesim/lib/python3.10/site-packages/turtlesim/msg/__init__.py
[5.622s] -- Up-to-date: /home/andrey/Documents/workspace/install/turtlesim/lib/python3.10/site-packages/turtlesim/msg/_color.py
[5.622s] -- Up-to-date: /home/andrey/Documents/workspace/install/turtlesim/lib/python3.10/site-packages/turtlesim/msg/_pose.py
[5.623s] -- Up-to-date: /home/andrey/Documents/workspace/install/turtlesim/lib/python3.10/site-packages/turtlesim/msg/_color_s.c
[5.640s] Listing '/home/andrey/Documents/workspace/install/turtlesim/lib/python3.10/site-packages/turtlesim'...
[5.640s] Listing '/home/andrey/Documents/workspace/install/turtlesim/lib/python3.10/site-packages/turtlesim/action'...
[5.640s] Listing '/home/andrey/Documents/workspace/install/turtlesim/lib/python3.10/site-packages/turtlesim/msg'...
[5.640s] Listing '/home/andrey/Documents/workspace/install/turtlesim/lib/python3.10/site-packages/turtlesim/srv'...
[5.643s] -- Up-to-date: /home/andrey/Documents/workspace/install/turtlesim/lib/python3.10/site-packages/turtlesim/turtlesim_s__rosidl_typesupport_fastrtps_c.cpython-310-x86_64-linux-gnu.so
[5.644s] -- Up-to-date: /home/andrey/Documents/workspace/install/turtlesim/lib/python3.10/site-packages/turtlesim/turtlesim_s__rosidl_typesupport_introspection_c.cpython-310-x86_64-linux-gnu.so
[5.644s] -- Up-to-date: /home/andrey/Documents/workspace/install/turtlesim/lib/python3.10/site-packages/turtlesim/turtlesim_s__rosidl_typesupport_c.cpython-310-x86_64-linux-gnu.so
[5.644s] -- Up-to-date: /home/andrey/Documents/workspace/install/turtlesim/lib/libturtlesim__rosidl_generator_py.so
[5.645s] -- Up-to-date: /home/andrey/Documents/workspace/install/turtlesim/share/turtlesim/action/RotateAbsolute.idl
[5.645s] -- Up-to-date: /home/andrey/Documents/workspace/install/turtlesim/share/turtlesim/msg/Color.idl
[5.645s] -- Up-to-date: /home/andrey/Documents/workspace/install/turtlesim/share/turtlesim/msg/Pose.idl
[5.645s] -- Up-to-date: /home/andrey/Documents/workspace/install/turtlesim/share/turtlesim/srv/Kill.idl
[5.645s] -- Up-to-date: /home/andrey/Documents/workspace/install/turtlesim/share/turtlesim/srv/SetPen.idl
[5.645s] -- Up-to-date: /home/andrey/Documents/workspace/install/turtlesim/share/turtlesim/srv/Spawn.idl
[5.645s] -- Up-to-date: /home/andrey/Documents/workspace/install/turtlesim/share/turtlesim/srv/TeleportAbsolute.idl
[5.645s] -- Up-to-date: /home/andrey/Documents/workspace/install/turtlesim/share/turtlesim/srv/TeleportRelative.idl
[5.645s] -- Up-to-date: /home/andrey/Documents/workspace/install/turtlesim/share/turtlesim/action/RotateAbsolute.action
[5.645s] -- Up-to-date: /home/andrey/Documents/workspace/install/turtlesim/share/turtlesim/msg/Color.msg
[5.645s] -- Up-to-date: /home/andrey/Documents/workspace/install/turtlesim/share/turtlesim/msg/Pose.msg
[5.646s] -- Up-to-date: /home/andrey/Documents/workspace/install/turtlesim/share/turtlesim/srv/Kill.srv
[5.646s] -- Up-to-date: /home/andrey/Documents/workspace/install/turtlesim/share/turtlesim/srv/Kill_Request.msg
[5.646s] -- Up-to-date: /home/andrey/Documents/workspace/install/turtlesim/share/turtlesim/srv/Kill_Response.msg
[5.646s] -- Up-to-date: /home/andrey/Documents/workspace/install/turtlesim/share/turtlesim/srv/SetPen.srv
[5.646s] -- Up-to-date: /home/andrey/Documents/workspace/install/turtlesim/share/turtlesim/srv/SetPen_Request.msg
[5.646s] -- Up-to-date: /home/andrey/Documents/workspace/install/turtlesim/share/turtlesim/srv/SetPen_Response.msg
[5.646s] -- Up-to-date: /home/andrey/Documents/workspace/install/turtlesim/share/turtlesim/srv/Spawn.srv
[5.646s] -- Up-to-date: /home/andrey/Documents/workspace/install/turtlesim/share/turtlesim/srv/Spawn_Request.msg
[5.646s] -- Up-to-date: /home/andrey/Documents/workspace/install/turtlesim/share/turtlesim/srv/Spawn_Response.msg
[5.646s] -- Up-to-date: /home/andrey/Documents/workspace/install/turtlesim/share/turtlesim/srv/TeleportAbsolute.srv
[5.646s] -- Up-to-date: /home/andrey/Documents/workspace/install/turtlesim/share/turtlesim/srv/TeleportAbsolute_Request.msg
[5.646s] -- Up-to-date: /home/andrey/Documents/workspace/install/turtlesim/share/turtlesim/srv/TeleportAbsolute_Response.msg
[5.646s] -- Up-to-date: /home/andrey/Documents/workspace/install/turtlesim/share/turtlesim/srv/TeleportRelative.srv
[5.646s] -- Up-to-date: /home/andrey/Documents/workspace/install/turtlesim/share/turtlesim/srv/TeleportRelative_Request.msg
[5.647s] -- Up-to-date: /home/andrey/Documents/workspace/install/turtlesim/share/turtlesim/srv/TeleportRelative_Response.msg
[5.647s] -- Installing: /home/andrey/Documents/workspace/install/turtlesim/lib/turtlesim/turtlesim_node
[5.669s] -- Set runtime path of "/home/andrey/Documents/workspace/install/turtlesim/lib/turtlesim/turtlesim_node" to ""
[5.670s] -- Up-to-date: /home/andrey/Documents/workspace/install/turtlesim/lib/turtlesim/turtle_teleop_key
[5.670s] -- Up-to-date: /home/andrey/Documents/workspace/install/turtlesim/lib/turtlesim/draw_square
[5.670s] -- Up-to-date: /home/andrey/Documents/workspace/install/turtlesim/lib/turtlesim/mimic
[5.670s] -- Up-to-date: /home/andrey/Documents/workspace/install/turtlesim/share/turtlesim/images
[5.671s] -- Up-to-date: /home/andrey/Documents/workspace/install/turtlesim/share/turtlesim/images/humble.png
[5.671s] -- Up-to-date: /home/andrey/Documents/workspace/install/turtlesim/share/turtlesim/images/galactic.png
[5.671s] -- Up-to-date: /home/andrey/Documents/workspace/install/turtlesim/share/turtlesim/images/ardent.png
[5.671s] -- Up-to-date: /home/andrey/Documents/workspace/install/turtlesim/share/turtlesim/images/iron.png
[5.671s] -- Up-to-date: /home/andrey/Documents/workspace/install/turtlesim/share/turtlesim/images/eloquent.png
[5.671s] -- Up-to-date: /home/andrey/Documents/workspace/install/turtlesim/share/turtlesim/images/dashing.png
[5.671s] -- Up-to-date: /home/andrey/Documents/workspace/install/turtlesim/share/turtlesim/images/crystal.png
[5.671s] -- Up-to-date: /home/andrey/Documents/workspace/install/turtlesim/share/turtlesim/images/bouncy.png
[5.671s] -- Up-to-date: /home/andrey/Documents/workspace/install/turtlesim/share/turtlesim/images/rolling.png
[5.671s] -- Up-to-date: /home/andrey/Documents/workspace/install/turtlesim/share/turtlesim/images/foxy.png
[5.671s] -- Up-to-date: /home/andrey/Documents/workspace/install/turtlesim/share/turtlesim/launch
[5.672s] -- Up-to-date: /home/andrey/Documents/workspace/install/turtlesim/share/turtlesim/launch/multisim.launch.py
[5.672s] -- Up-to-date: /home/andrey/Documents/workspace/install/turtlesim/share/ament_index/resource_index/package_run_dependencies/turtlesim
[5.672s] -- Up-to-date: /home/andrey/Documents/workspace/install/turtlesim/share/ament_index/resource_index/parent_prefix_path/turtlesim
[5.672s] -- Up-to-date: /home/andrey/Documents/workspace/install/turtlesim/share/turtlesim/environment/ament_prefix_path.sh
[5.672s] -- Up-to-date: /home/andrey/Documents/workspace/install/turtlesim/share/turtlesim/environment/ament_prefix_path.dsv
[5.672s] -- Up-to-date: /home/andrey/Documents/workspace/install/turtlesim/share/turtlesim/environment/path.sh
[5.672s] -- Up-to-date: /home/andrey/Documents/workspace/install/turtlesim/share/turtlesim/environment/path.dsv
[5.672s] -- Up-to-date: /home/andrey/Documents/workspace/install/turtlesim/share/turtlesim/local_setup.bash
[5.672s] -- Up-to-date: /home/andrey/Documents/workspace/install/turtlesim/share/turtlesim/local_setup.sh
[5.672s] -- Up-to-date: /home/andrey/Documents/workspace/install/turtlesim/share/turtlesim/local_setup.zsh
[5.672s] -- Up-to-date: /home/andrey/Documents/workspace/install/turtlesim/share/turtlesim/local_setup.dsv
[5.672s] -- Installing: /home/andrey/Documents/workspace/install/turtlesim/share/turtlesim/package.dsv
[5.672s] -- Up-to-date: /home/andrey/Documents/workspace/install/turtlesim/share/ament_index/resource_index/packages/turtlesim
[5.673s] -- Up-to-date: /home/andrey/Documents/workspace/install/turtlesim/share/turtlesim/cmake/export_turtlesim__rosidl_generator_cExport.cmake
[5.673s] -- Up-to-date: /home/andrey/Documents/workspace/install/turtlesim/share/turtlesim/cmake/export_turtlesim__rosidl_generator_cExport-noconfig.cmake
[5.673s] -- Up-to-date: /home/andrey/Documents/workspace/install/turtlesim/share/turtlesim/cmake/export_turtlesim__rosidl_typesupport_fastrtps_cExport.cmake
[5.673s] -- Up-to-date: /home/andrey/Documents/workspace/install/turtlesim/share/turtlesim/cmake/export_turtlesim__rosidl_typesupport_fastrtps_cExport-noconfig.cmake
[5.673s] -- Up-to-date: /home/andrey/Documents/workspace/install/turtlesim/share/turtlesim/cmake/export_turtlesim__rosidl_generator_cppExport.cmake
[5.673s] -- Up-to-date: /home/andrey/Documents/workspace/install/turtlesim/share/turtlesim/cmake/export_turtlesim__rosidl_typesupport_fastrtps_cppExport.cmake
[5.673s] -- Up-to-date: /home/andrey/Documents/workspace/install/turtlesim/share/turtlesim/cmake/export_turtlesim__rosidl_typesupport_fastrtps_cppExport-noconfig.cmake
[5.673s] -- Up-to-date: /home/andrey/Documents/workspace/install/turtlesim/share/turtlesim/cmake/turtlesim__rosidl_typesupport_introspection_cExport.cmake
[5.673s] -- Up-to-date: /home/andrey/Documents/workspace/install/turtlesim/share/turtlesim/cmake/turtlesim__rosidl_typesupport_introspection_cExport-noconfig.cmake
[5.673s] -- Up-to-date: /home/andrey/Documents/workspace/install/turtlesim/share/turtlesim/cmake/turtlesim__rosidl_typesupport_cExport.cmake
[5.673s] -- Up-to-date: /home/andrey/Documents/workspace/install/turtlesim/share/turtlesim/cmake/turtlesim__rosidl_typesupport_cExport-noconfig.cmake
[5.674s] -- Up-to-date: /home/andrey/Documents/workspace/install/turtlesim/share/turtlesim/cmake/turtlesim__rosidl_typesupport_introspection_cppExport.cmake
[5.674s] -- Up-to-date: /home/andrey/Documents/workspace/install/turtlesim/share/turtlesim/cmake/turtlesim__rosidl_typesupport_introspection_cppExport-noconfig.cmake
[5.674s] -- Up-to-date: /home/andrey/Documents/workspace/install/turtlesim/share/turtlesim/cmake/turtlesim__rosidl_typesupport_cppExport.cmake
[5.674s] -- Up-to-date: /home/andrey/Documents/workspace/install/turtlesim/share/turtlesim/cmake/turtlesim__rosidl_typesupport_cppExport-noconfig.cmake
[5.674s] -- Up-to-date: /home/andrey/Documents/workspace/install/turtlesim/share/turtlesim/cmake/export_turtlesim__rosidl_generator_pyExport.cmake
[5.675s] -- Up-to-date: /home/andrey/Documents/workspace/install/turtlesim/share/turtlesim/cmake/export_turtlesim__rosidl_generator_pyExport-noconfig.cmake
[5.675s] -- Up-to-date: /home/andrey/Documents/workspace/install/turtlesim/share/turtlesim/cmake/rosidl_cmake-extras.cmake
[5.675s] -- Up-to-date: /home/andrey/Documents/workspace/install/turtlesim/share/turtlesim/cmake/ament_cmake_export_dependencies-extras.cmake
[5.675s] -- Up-to-date: /home/andrey/Documents/workspace/install/turtlesim/share/turtlesim/cmake/ament_cmake_export_include_directories-extras.cmake
[5.675s] -- Up-to-date: /home/andrey/Documents/workspace/install/turtlesim/share/turtlesim/cmake/ament_cmake_export_libraries-extras.cmake
[5.675s] -- Up-to-date: /home/andrey/Documents/workspace/install/turtlesim/share/turtlesim/cmake/ament_cmake_export_targets-extras.cmake
[5.675s] -- Up-to-date: /home/andrey/Documents/workspace/install/turtlesim/share/turtlesim/cmake/rosidl_cmake_export_typesupport_targets-extras.cmake
[5.675s] -- Up-to-date: /home/andrey/Documents/workspace/install/turtlesim/share/turtlesim/cmake/rosidl_cmake_export_typesupport_libraries-extras.cmake
[5.675s] -- Up-to-date: /home/andrey/Documents/workspace/install/turtlesim/share/turtlesim/cmake/turtlesimConfig.cmake
[5.675s] -- Up-to-date: /home/andrey/Documents/workspace/install/turtlesim/share/turtlesim/cmake/turtlesimConfig-version.cmake
[5.675s] -- Up-to-date: /home/andrey/Documents/workspace/install/turtlesim/share/turtlesim/package.xml
[5.677s] Invoked command in '/home/andrey/Documents/workspace/build/turtlesim' returned '0': CMAKE_PREFIX_PATH=/opt/ros/iron /usr/bin/cmake --install /home/andrey/Documents/workspace/build/turtlesim
