[0.436s] Invoking command in '/home/andrey/Documents/workspace/build/examples_rclcpp_async_client': CMAKE_PREFIX_PATH=/opt/ros/iron /usr/bin/cmake /home/andrey/Documents/workspace/src/examples/rclcpp/services/async_client -DCMAKE_INSTALL_PREFIX=/home/andrey/Documents/workspace/install/examples_rclcpp_async_client
[0.458s] -- Found ament_cmake: 2.0.3 (/opt/ros/iron/share/ament_cmake/cmake)
[0.628s] -- Override CMake install command with custom implementation using symlinks instead of copying resources
[0.664s] -- Found example_interfaces: 0.10.2 (/opt/ros/iron/share/example_interfaces/cmake)
[0.684s] -- Found rosidl_generator_c: 4.0.1 (/opt/ros/iron/share/rosidl_generator_c/cmake)
[0.695s] -- Found rosidl_generator_cpp: 4.0.1 (/opt/ros/iron/share/rosidl_generator_cpp/cmake)
[0.715s] -- Using all available rosidl_typesupport_c: rosidl_typesupport_fastrtps_c;rosidl_typesupport_introspection_c
[0.738s] -- Using all available rosidl_typesupport_cpp: rosidl_typesupport_fastrtps_cpp;rosidl_typesupport_introspection_cpp
[1.130s] -- Found rclcpp: 21.0.4 (/opt/ros/iron/share/rclcpp/cmake)
[1.274s] -- Found rmw_implementation_cmake: 7.1.0 (/opt/ros/iron/share/rmw_implementation_cmake/cmake)
[1.276s] -- Found rmw_fastrtps_cpp: 7.1.2 (/opt/ros/iron/share/rmw_fastrtps_cpp/cmake)
[1.488s] -- Using RMW implementation 'rmw_fastrtps_cpp' as default
[1.729s] -- Found ament_lint_auto: 0.14.2 (/opt/ros/iron/share/ament_lint_auto/cmake)
[1.823s] -- Added test 'copyright' to check source files copyright and LICENSE
[1.825s] -- Added test 'cppcheck' to perform static code analysis on C / C++ code
[1.825s] -- Configured cppcheck include dirs: 
[1.825s] -- Configured cppcheck exclude dirs and/or files: 
[1.826s] -- Added test 'cpplint' to check C / C++ code against the Google style
[1.826s] -- Configured cpplint exclude dirs and/or files: 
[1.827s] -- Added test 'lint_cmake' to check CMake code style
[1.828s] -- Added test 'uncrustify' to check C / C++ code style
[1.828s] -- Configured uncrustify additional arguments: 
[1.828s] -- Added test 'xmllint' to check XML markup files
[1.830s] -- Configuring done
[1.854s] -- Generating done
[1.865s] -- Build files have been written to: /home/andrey/Documents/workspace/build/examples_rclcpp_async_client
[1.874s] Invoked command in '/home/andrey/Documents/workspace/build/examples_rclcpp_async_client' returned '0': CMAKE_PREFIX_PATH=/opt/ros/iron /usr/bin/cmake /home/andrey/Documents/workspace/src/examples/rclcpp/services/async_client -DCMAKE_INSTALL_PREFIX=/home/andrey/Documents/workspace/install/examples_rclcpp_async_client
[1.882s] Invoking command in '/home/andrey/Documents/workspace/build/examples_rclcpp_async_client': CMAKE_PREFIX_PATH=/opt/ros/iron /usr/bin/cmake --build /home/andrey/Documents/workspace/build/examples_rclcpp_async_client -- -j12 -l12
[1.941s] [35m[1mConsolidate compiler generated dependencies of target client_main[0m
[1.986s] [100%] Built target client_main
[2.048s] Invoked command in '/home/andrey/Documents/workspace/build/examples_rclcpp_async_client' returned '0': CMAKE_PREFIX_PATH=/opt/ros/iron /usr/bin/cmake --build /home/andrey/Documents/workspace/build/examples_rclcpp_async_client -- -j12 -l12
[2.277s] Invoking command in '/home/andrey/Documents/workspace/build/examples_rclcpp_async_client': CMAKE_PREFIX_PATH=/opt/ros/iron /usr/bin/cmake --install /home/andrey/Documents/workspace/build/examples_rclcpp_async_client
[2.369s] -- Install configuration: ""
[2.369s] -- Execute custom install script
[2.369s] -- Up-to-date symlink: /home/andrey/Documents/workspace/install/examples_rclcpp_async_client/lib/examples_rclcpp_async_client/client_main
[2.369s] -- Up-to-date symlink: /home/andrey/Documents/workspace/install/examples_rclcpp_async_client/share/ament_index/resource_index/package_run_dependencies/examples_rclcpp_async_client
[2.369s] -- Up-to-date symlink: /home/andrey/Documents/workspace/install/examples_rclcpp_async_client/share/ament_index/resource_index/parent_prefix_path/examples_rclcpp_async_client
[2.369s] -- Up-to-date symlink: /home/andrey/Documents/workspace/install/examples_rclcpp_async_client/share/examples_rclcpp_async_client/environment/ament_prefix_path.sh
[2.369s] -- Up-to-date symlink: /home/andrey/Documents/workspace/install/examples_rclcpp_async_client/share/examples_rclcpp_async_client/environment/ament_prefix_path.dsv
[2.369s] -- Up-to-date symlink: /home/andrey/Documents/workspace/install/examples_rclcpp_async_client/share/examples_rclcpp_async_client/environment/path.sh
[2.369s] -- Up-to-date symlink: /home/andrey/Documents/workspace/install/examples_rclcpp_async_client/share/examples_rclcpp_async_client/environment/path.dsv
[2.369s] -- Up-to-date symlink: /home/andrey/Documents/workspace/install/examples_rclcpp_async_client/share/examples_rclcpp_async_client/local_setup.bash
[2.369s] -- Up-to-date symlink: /home/andrey/Documents/workspace/install/examples_rclcpp_async_client/share/examples_rclcpp_async_client/local_setup.sh
[2.370s] -- Up-to-date symlink: /home/andrey/Documents/workspace/install/examples_rclcpp_async_client/share/examples_rclcpp_async_client/local_setup.zsh
[2.370s] -- Up-to-date symlink: /home/andrey/Documents/workspace/install/examples_rclcpp_async_client/share/examples_rclcpp_async_client/local_setup.dsv
[2.370s] -- Symlinking: /home/andrey/Documents/workspace/install/examples_rclcpp_async_client/share/examples_rclcpp_async_client/package.dsv
[2.370s] -- Up-to-date symlink: /home/andrey/Documents/workspace/install/examples_rclcpp_async_client/share/ament_index/resource_index/packages/examples_rclcpp_async_client
[2.370s] -- Up-to-date symlink: /home/andrey/Documents/workspace/install/examples_rclcpp_async_client/share/examples_rclcpp_async_client/cmake/examples_rclcpp_async_clientConfig.cmake
[2.370s] -- Up-to-date symlink: /home/andrey/Documents/workspace/install/examples_rclcpp_async_client/share/examples_rclcpp_async_client/cmake/examples_rclcpp_async_clientConfig-version.cmake
[2.370s] -- Up-to-date symlink: /home/andrey/Documents/workspace/install/examples_rclcpp_async_client/share/examples_rclcpp_async_client/package.xml
[2.573s] Invoked command in '/home/andrey/Documents/workspace/build/examples_rclcpp_async_client' returned '0': CMAKE_PREFIX_PATH=/opt/ros/iron /usr/bin/cmake --install /home/andrey/Documents/workspace/build/examples_rclcpp_async_client
