[2.024s] Invoking command in '/home/andrey/Documents/workspace/src/examples/rclpy/topics/pointcloud_publisher': PYTHONPATH=/home/andrey/Documents/workspace/build/examples_rclpy_pointcloud_publisher/prefix_override:/home/andrey/Documents/workspace/install/examples_rclpy_pointcloud_publisher/lib/python3.10/site-packages:${PYTHONPATH} /usr/bin/python3 setup.py egg_info --egg-base ../../../../../build/examples_rclpy_pointcloud_publisher build --build-base /home/andrey/Documents/workspace/build/examples_rclpy_pointcloud_publisher/build install --record /home/andrey/Documents/workspace/build/examples_rclpy_pointcloud_publisher/install.log --single-version-externally-managed
[2.266s] running egg_info
[2.267s] writing ../../../../../build/examples_rclpy_pointcloud_publisher/examples_rclpy_pointcloud_publisher.egg-info/PKG-INFO
[2.267s] writing dependency_links to ../../../../../build/examples_rclpy_pointcloud_publisher/examples_rclpy_pointcloud_publisher.egg-info/dependency_links.txt
[2.268s] writing entry points to ../../../../../build/examples_rclpy_pointcloud_publisher/examples_rclpy_pointcloud_publisher.egg-info/entry_points.txt
[2.268s] writing requirements to ../../../../../build/examples_rclpy_pointcloud_publisher/examples_rclpy_pointcloud_publisher.egg-info/requires.txt
[2.268s] writing top-level names to ../../../../../build/examples_rclpy_pointcloud_publisher/examples_rclpy_pointcloud_publisher.egg-info/top_level.txt
[2.270s] reading manifest file '../../../../../build/examples_rclpy_pointcloud_publisher/examples_rclpy_pointcloud_publisher.egg-info/SOURCES.txt'
[2.272s] writing manifest file '../../../../../build/examples_rclpy_pointcloud_publisher/examples_rclpy_pointcloud_publisher.egg-info/SOURCES.txt'
[2.272s] running build
[2.273s] running build_py
[2.273s] running install
[2.273s] /usr/lib/python3/dist-packages/setuptools/command/install.py:34: SetuptoolsDeprecationWarning: setup.py install is deprecated. Use build and pip and other standards-based tools.
[2.273s]   warnings.warn(
[2.274s] running install_lib
[2.275s] running install_data
[2.275s] running install_egg_info
[2.276s] removing '/home/andrey/Documents/workspace/install/examples_rclpy_pointcloud_publisher/lib/python3.10/site-packages/examples_rclpy_pointcloud_publisher-0.18.0-py3.10.egg-info' (and everything under it)
[2.277s] Copying ../../../../../build/examples_rclpy_pointcloud_publisher/examples_rclpy_pointcloud_publisher.egg-info to /home/andrey/Documents/workspace/install/examples_rclpy_pointcloud_publisher/lib/python3.10/site-packages/examples_rclpy_pointcloud_publisher-0.18.0-py3.10.egg-info
[2.277s] running install_scripts
[2.294s] Installing pointcloud_publisher script to /home/andrey/Documents/workspace/install/examples_rclpy_pointcloud_publisher/lib/examples_rclpy_pointcloud_publisher
[2.294s] writing list of installed files to '/home/andrey/Documents/workspace/build/examples_rclpy_pointcloud_publisher/install.log'
[2.319s] Invoked command in '/home/andrey/Documents/workspace/src/examples/rclpy/topics/pointcloud_publisher' returned '0': PYTHONPATH=/home/andrey/Documents/workspace/build/examples_rclpy_pointcloud_publisher/prefix_override:/home/andrey/Documents/workspace/install/examples_rclpy_pointcloud_publisher/lib/python3.10/site-packages:${PYTHONPATH} /usr/bin/python3 setup.py egg_info --egg-base ../../../../../build/examples_rclpy_pointcloud_publisher build --build-base /home/andrey/Documents/workspace/build/examples_rclpy_pointcloud_publisher/build install --record /home/andrey/Documents/workspace/build/examples_rclpy_pointcloud_publisher/install.log --single-version-externally-managed
