[0.387s] Invoking command in '/home/andrey/Documents/workspace/build/examples_rclcpp_minimal_action_client': CMAKE_PREFIX_PATH=/opt/ros/iron /usr/bin/cmake --build /home/andrey/Documents/workspace/build/examples_rclcpp_minimal_action_client -- -j12 -l12
[0.461s] [ 25%] Built target action_client_not_composable
[0.481s] [ 50%] Built target action_client_not_composable_with_cancel
[0.482s] [ 75%] Built target action_client_not_composable_with_feedback
[0.512s] [100%] Built target action_client_member_functions
[0.556s] Invoked command in '/home/andrey/Documents/workspace/build/examples_rclcpp_minimal_action_client' returned '0': CMAKE_PREFIX_PATH=/opt/ros/iron /usr/bin/cmake --build /home/andrey/Documents/workspace/build/examples_rclcpp_minimal_action_client -- -j12 -l12
[0.785s] Invoking command in '/home/andrey/Documents/workspace/build/examples_rclcpp_minimal_action_client': CMAKE_PREFIX_PATH=/opt/ros/iron /usr/bin/cmake --install /home/andrey/Documents/workspace/build/examples_rclcpp_minimal_action_client
[0.916s] -- Install configuration: ""
[0.917s] -- Execute custom install script
[0.917s] -- Up-to-date symlink: /home/andrey/Documents/workspace/install/examples_rclcpp_minimal_action_client/lib/examples_rclcpp_minimal_action_client/action_client_member_functions
[0.918s] -- Up-to-date symlink: /home/andrey/Documents/workspace/install/examples_rclcpp_minimal_action_client/lib/examples_rclcpp_minimal_action_client/action_client_not_composable
[0.919s] -- Up-to-date symlink: /home/andrey/Documents/workspace/install/examples_rclcpp_minimal_action_client/lib/examples_rclcpp_minimal_action_client/action_client_not_composable_with_cancel
[0.920s] -- Up-to-date symlink: /home/andrey/Documents/workspace/install/examples_rclcpp_minimal_action_client/lib/examples_rclcpp_minimal_action_client/action_client_not_composable_with_feedback
[0.921s] -- Up-to-date symlink: /home/andrey/Documents/workspace/install/examples_rclcpp_minimal_action_client/share/ament_index/resource_index/package_run_dependencies/examples_rclcpp_minimal_action_client
[0.921s] -- Up-to-date symlink: /home/andrey/Documents/workspace/install/examples_rclcpp_minimal_action_client/share/ament_index/resource_index/parent_prefix_path/examples_rclcpp_minimal_action_client
[0.921s] -- Up-to-date symlink: /home/andrey/Documents/workspace/install/examples_rclcpp_minimal_action_client/share/examples_rclcpp_minimal_action_client/environment/ament_prefix_path.sh
[0.922s] -- Up-to-date symlink: /home/andrey/Documents/workspace/install/examples_rclcpp_minimal_action_client/share/examples_rclcpp_minimal_action_client/environment/ament_prefix_path.dsv
[0.922s] -- Up-to-date symlink: /home/andrey/Documents/workspace/install/examples_rclcpp_minimal_action_client/share/examples_rclcpp_minimal_action_client/environment/path.sh
[0.922s] -- Up-to-date symlink: /home/andrey/Documents/workspace/install/examples_rclcpp_minimal_action_client/share/examples_rclcpp_minimal_action_client/environment/path.dsv
[0.922s] -- Up-to-date symlink: /home/andrey/Documents/workspace/install/examples_rclcpp_minimal_action_client/share/examples_rclcpp_minimal_action_client/local_setup.bash
[0.923s] -- Up-to-date symlink: /home/andrey/Documents/workspace/install/examples_rclcpp_minimal_action_client/share/examples_rclcpp_minimal_action_client/local_setup.sh
[0.923s] -- Up-to-date symlink: /home/andrey/Documents/workspace/install/examples_rclcpp_minimal_action_client/share/examples_rclcpp_minimal_action_client/local_setup.zsh
[0.923s] -- Up-to-date symlink: /home/andrey/Documents/workspace/install/examples_rclcpp_minimal_action_client/share/examples_rclcpp_minimal_action_client/local_setup.dsv
[0.923s] -- Symlinking: /home/andrey/Documents/workspace/install/examples_rclcpp_minimal_action_client/share/examples_rclcpp_minimal_action_client/package.dsv
[0.923s] -- Up-to-date symlink: /home/andrey/Documents/workspace/install/examples_rclcpp_minimal_action_client/share/ament_index/resource_index/packages/examples_rclcpp_minimal_action_client
[0.924s] -- Up-to-date symlink: /home/andrey/Documents/workspace/install/examples_rclcpp_minimal_action_client/share/examples_rclcpp_minimal_action_client/cmake/examples_rclcpp_minimal_action_clientConfig.cmake
[0.924s] -- Up-to-date symlink: /home/andrey/Documents/workspace/install/examples_rclcpp_minimal_action_client/share/examples_rclcpp_minimal_action_client/cmake/examples_rclcpp_minimal_action_clientConfig-version.cmake
[0.924s] -- Up-to-date symlink: /home/andrey/Documents/workspace/install/examples_rclcpp_minimal_action_client/share/examples_rclcpp_minimal_action_client/package.xml
[1.062s] Invoked command in '/home/andrey/Documents/workspace/build/examples_rclcpp_minimal_action_client' returned '0': CMAKE_PREFIX_PATH=/opt/ros/iron /usr/bin/cmake --install /home/andrey/Documents/workspace/build/examples_rclcpp_minimal_action_client
